Defining Conda Paths
Sourcing Conda
Finished!
Num events after cut = 3298/10000
1.3 mm size, 2.4 pitch-------------------
Coverage = 28.865494349853595
Mean and std 45644.06670709521 595.1003664309661
Eres err 0.039841625805910476
  Fit was valid = True
 Emu       = 45643.92625337838 +-10.38302288485433 
 E sigma   = 587.6685043485169 +-7.732038611851041 
 chi2    = 0.5217839563324319 
 Eres(FWHM)     (%) =3.0256402079713665
 Eres (FWHM) Qbb (%) =0.39076735205279806 
data event_id
2.0       45269.0
3.0       45936.0
14.0      45744.0
15.0      46222.0
16.0      45181.0
           ...   
9987.0    45255.0
9988.0    45796.0
9990.0    45994.0
9993.0    46808.0
9998.0    44897.0
Name: charge, Length: 3298, dtype: float64
plot_range (42036.0, 48070.0)
data in range event_id
2.0       45269.0
3.0       45936.0
14.0      45744.0
15.0      46222.0
16.0      45181.0
           ...   
9987.0    45255.0
9988.0    45796.0
9990.0    45994.0
9993.0    46808.0
9998.0    44897.0
Name: charge, Length: 3297, dtype: float64
y [4.43649025e-12 8.34136145e-12 1.55153942e-11 2.85507256e-11
 5.19756526e-11 9.36076228e-11 1.66782679e-10 2.93980915e-10
 5.12643901e-10 8.84384079e-10 1.50936578e-09 2.54845253e-09
 4.25683740e-09 7.03438345e-09 1.14998845e-08 1.85989910e-08
 2.97586861e-08 4.71049541e-08 7.37645812e-08 1.14276687e-07
 1.75144243e-07 2.65559936e-07 3.98343475e-07 5.91127718e-07
 8.67827492e-07 1.26041612e-06 1.81101879e-06 2.57430754e-06
 3.62014833e-06 5.03640638e-06 6.93176179e-06 9.43832565e-06
 1.27137817e-05 1.69427150e-05 2.23367368e-05 2.91329800e-05
 3.75905395e-05 4.79844665e-05 6.05970171e-05 7.57059975e-05
 9.35702501e-05 1.14412574e-04 1.38400669e-04 1.65626981e-04
 1.96088645e-04 2.29668942e-04 2.66121864e-04 3.05061435e-04
 3.45957320e-04 3.88138036e-04 4.30802632e-04 4.73041187e-04
 5.13863804e-04 5.52237079e-04 5.87126338e-04 6.17541326e-04
 6.42582588e-04 6.61485525e-04 6.73659131e-04 6.78716676e-04
 6.76496110e-04 6.67068681e-04 6.50735144e-04 6.28009824e-04
 5.99593722e-04 5.66338622e-04 5.29204767e-04 4.89215016e-04
 4.47408544e-04 4.04796951e-04 3.62325296e-04 3.20840026e-04
 2.81065082e-04 2.43586777e-04 2.08847359e-04 1.77146563e-04
 1.48650008e-04 1.23402969e-04 1.01347898e-04 8.23440726e-05
 6.61878701e-05 5.26323707e-05 4.14052988e-05 3.22245883e-05
 2.48111730e-05 1.88988631e-05 1.42413948e-05 1.06169027e-05
 7.83017758e-06 5.71312663e-06 4.12386608e-06 2.94485367e-06
 2.08042158e-06 1.45401017e-06 1.00533778e-06 6.87677833e-07
 4.65357279e-07 3.11541899e-07 2.06335938e-07 1.35195350e-07]
amp 3298
max data 48070.0
original y [  3.39854572   6.10660978  10.51944755  17.37286343  27.50651622
  41.75278824  60.7604647   84.77004246 113.38338666 145.39255187
 178.73952671 210.6612992  238.03160394 257.85181813 267.78822901
 266.62353267 254.50199075 232.90005945 204.33074814 171.86346402
 138.58591932 107.13721759  79.40490486  56.42089958  38.43424843
  25.10050677  15.71564814   9.43339053   5.42861499   2.99499415]
A 0.004265377940255318
