Defining Conda Paths
Sourcing Conda
Finished!
Num events after cut = 3448/10000
1.3 mm size, 3.5 pitch-------------------
Coverage = 13.56793128395485
Mean and std 26757.686194895592 396.8470020772224
Eres err 0.045083459010355514
  Fit was valid = True
 Emu       = 26756.167168834483 +-6.844950377877012 
 E sigma   = 393.51763536410124 +-5.1275688133005755 
 chi2    = 1.2150239425323583 
 Eres(FWHM)     (%) =3.4562739770246447
 Eres (FWHM) Qbb (%) =0.4463845457938518 
data event_id
4.0       26575.0
12.0      26971.0
14.0      27139.0
18.0      25993.0
19.0      26704.0
           ...   
9994.0    27142.0
9995.0    26300.0
9996.0    26791.0
9998.0    26123.0
9999.0    26606.0
Name: charge, Length: 3448, dtype: float64
plot_range (25162.0, 28191.0)
data in range event_id
4.0       26575.0
12.0      26971.0
14.0      27139.0
18.0      25993.0
19.0      26704.0
           ...   
9994.0    27142.0
9995.0    26300.0
9996.0    26791.0
9998.0    26123.0
9999.0    26606.0
Name: charge, Length: 3447, dtype: float64
y [2.76890085e-07 3.78254918e-07 5.13613499e-07 6.93207008e-07
 9.29959701e-07 1.24005224e-06 1.64357870e-06 2.16528814e-06
 2.83540798e-06 3.69054144e-06 4.77462518e-06 6.13992621e-06
 7.84804868e-06 9.97091223e-06 1.25916536e-05 1.58053934e-05
 1.97198008e-05 2.44553794e-05 3.01453933e-05 3.69353462e-05
 4.49819276e-05 5.44513460e-05 6.55169763e-05 7.83562676e-05
 9.31468784e-05 1.10062035e-04 1.29265146e-04 1.50903743e-04
 1.75102865e-04 2.01958046e-04 2.31528116e-04 2.63828061e-04
 2.98822230e-04 3.36418203e-04 3.76461650e-04 4.18732494e-04
 4.62942717e-04 5.08736054e-04 5.55689828e-04 6.03319060e-04
 6.51082937e-04 6.98393600e-04 7.44627132e-04 7.89136500e-04
 8.31266111e-04 8.70367545e-04 9.05815964e-04 9.37026603e-04
 9.63470764e-04 9.84690685e-04 1.00031271e-03 1.01005824e-03
 1.01375197e-03 1.01132717e-03 1.00282767e-03 9.88406542e-04
 9.68321519e-04 9.42927331e-04 9.12665289e-04 8.78050536e-04
 8.39657478e-04 7.98103980e-04 7.54034926e-04 7.08105743e-04
 6.60966488e-04 6.13247001e-04 5.65543604e-04 5.18407678e-04
 4.72336411e-04 4.27765833e-04 3.85066228e-04 3.44539832e-04
 3.06420709e-04 2.70876580e-04 2.38012338e-04 2.07874948e-04
 1.80459398e-04 1.55715386e-04 1.33554404e-04 1.13856957e-04
 9.64796237e-05 8.12617736e-05 6.80317531e-05 5.66124170e-05
 4.68259288e-05 3.84977876e-05 3.14600794e-05 2.55539785e-05
 2.06315522e-05 1.65569353e-05 1.32069541e-05 1.04712868e-05
 8.25224495e-06 6.46426028e-06 5.03315411e-06 3.89525856e-06
 2.99644990e-06 2.29114419e-06 1.74129555e-06 1.31542845e-06]
amp 3448
max data 28191.0
original y [  3.1543513    4.86872411   7.33884855  10.80309854  15.53017688
  21.80279235  29.89203538  40.02271154  52.33174088  66.82385225
  83.33078754 101.48155579 120.69142065 140.17589394 158.99296985
 176.11249153 190.50661183 201.25079161 207.62172442 209.17782481
 205.80984407 197.75355385 185.56245202 170.04488023 152.17547668
 132.99442415 113.50888254  94.60931876  77.00973603  61.21600819
  47.5217068   36.02688446  26.67282622  19.28497216  13.61684988
   9.38948851   6.32287903   4.1581051    2.67044541]
A 0.006369799087432889
