Defining Conda Paths
Sourcing Conda
Finished!
Num events after cut = 3449/10000
1.3 mm size, 3.5 pitch-------------------
Coverage = 13.56793128395485
Mean and std 18788.72629747753 301.8539878598595
Eres err 0.04872154770531614
  Fit was valid = True
 Emu       = 18789.84019743199 +-5.226034970692959 
 E sigma   = 301.63411320147935 +-3.890625513405397 
 chi2    = 0.6618206291845414 
 Eres(FWHM)     (%) =3.7724651118658996
 Eres (FWHM) Qbb (%) =0.4872212494372533 
data event_id
4.0       18699.0
12.0      18858.0
14.0      19098.0
18.0      18285.0
19.0      18666.0
           ...   
9994.0    19004.0
9995.0    18517.0
9996.0    18793.0
9998.0    18628.0
9999.0    18745.0
Name: charge, Length: 3449, dtype: float64
plot_range (17758.0, 19833.0)
data in range event_id
4.0       18699.0
12.0      18858.0
14.0      19098.0
18.0      18285.0
19.0      18666.0
           ...   
9994.0    19004.0
9995.0    18517.0
9996.0    18793.0
9998.0    18628.0
9999.0    18745.0
Name: charge, Length: 3448, dtype: float64
y [3.80495829e-06 4.81431464e-06 6.06208587e-06 7.59648602e-06
 9.47341245e-06 1.17571807e-05 1.45212160e-05 1.78486685e-05
 2.18329140e-05 2.65778980e-05 3.21982746e-05 3.88192924e-05
 4.65763739e-05 5.56143388e-05 6.60862222e-05 7.81516441e-05
 9.19746950e-05 1.07721313e-04 1.25556143e-04 1.45638882e-04
 1.68120143e-04 1.93136880e-04 2.20807446e-04 2.51226394e-04
 2.84459117e-04 3.20536504e-04 3.59449744e-04 4.01145482e-04
 4.45521510e-04 4.92423185e-04 5.41640778e-04 5.92907929e-04
 6.45901373e-04 7.00242075e-04 7.55497864e-04 8.11187638e-04
 8.66787124e-04 9.21736156e-04 9.75447366e-04 1.02731612e-03
 1.07673147e-03 1.12308792e-03 1.16579759e-03 1.20430251e-03
 1.23808675e-03 1.26668785e-03 1.28970735e-03 1.30682006e-03
 1.31778165e-03 1.32243447e-03 1.32071136e-03 1.31263720e-03
 1.29832837e-03 1.27798993e-03 1.25191073e-03 1.22045658e-03
 1.18406175e-03 1.14321895e-03 1.09846828e-03 1.05038539e-03
 9.99569207e-04 9.46629663e-04 8.92175708e-04 8.36803954e-04
 7.81088237e-04 7.25570331e-04 6.70752004e-04 6.17088548e-04
 5.64983857e-04 5.14787076e-04 4.66790788e-04 4.21230648e-04
 3.78286369e-04 3.38083882e-04 3.00698517e-04 2.66158996e-04
 2.34452063e-04 2.05527534e-04 1.79303599e-04 1.55672195e-04
 1.34504290e-04 1.15654961e-04 9.89681476e-05 8.42809964e-05
 7.14277427e-05 6.02430893e-05 5.05650671e-05 4.22373814e-05
 3.51112611e-05 2.90468415e-05 2.39141223e-05 1.95935451e-05
 1.59762424e-05 1.29640085e-05 1.04690438e-05 8.41352076e-06
 6.72901612e-06 5.35585008e-06 4.24236762e-06 3.34419221e-06]
amp 3449
max data 19833.0
original y [  2.500453     3.71138931   5.40546955   7.72519469  10.83339397
  14.90729125  20.12852873  26.66885824  34.67176173  44.23097287
  55.36766008  68.00877367  81.96959952  96.9437418  112.50344969
 128.11234953 143.1512842  156.95624367 168.86554277 178.27177135
 184.67291947 187.71671513 187.2327312  183.24819048 175.98542968
 165.84135085 153.35150272 139.1433135  123.88414908 108.23014461
  92.78116706  78.04597654  64.41993804  52.17580787  41.46647874
  32.33733518  24.74516732  18.58042558  13.68989178   9.89745347
   7.02143724   4.88773513   3.33863087   2.23773287]
A 0.00831016176527976
