Defining Conda Paths
Sourcing Conda
Finished!
Num events after cut = 3299/10000
1.3 mm size, 2.4 pitch-------------------
Coverage = 28.865494349853595
Mean and std 44404.36556532283 583.4994728160993
Eres err 0.04068333971290245
  Fit was valid = True
 Emu       = 44403.414546035296 +-10.226147302279214 
 E sigma   = 577.4670090367387 +-7.68078978818937 
 chi2    = 0.562089592830202 
 Eres(FWHM)     (%) =3.056178190597066
 Eres (FWHM) Qbb (%) =0.39471139225170854 
data event_id
2.0       43954.0
3.0       44676.0
14.0      44464.0
15.0      45012.0
16.0      43881.0
           ...   
9987.0    43930.0
9988.0    44486.0
9990.0    44819.0
9993.0    45498.0
9998.0    43732.0
Name: charge, Length: 3299, dtype: float64
plot_range (40876.0, 46700.0)
data in range event_id
2.0       43954.0
3.0       44676.0
14.0      44464.0
15.0      45012.0
16.0      43881.0
           ...   
9987.0    43930.0
9988.0    44486.0
9990.0    44819.0
9993.0    45498.0
9998.0    43732.0
Name: charge, Length: 3298, dtype: float64
y [5.45753160e-12 1.01157245e-11 1.85562653e-11 3.36881375e-11
 6.05279933e-11 1.07628775e-10 1.89405840e-10 3.29876351e-10
 5.68593439e-10 9.69941081e-10 1.63750152e-09 2.73596738e-09
 4.52410801e-09 7.40368381e-09 1.19910057e-08 1.92201246e-08
 3.04894534e-08 4.78669686e-08 7.43729584e-08 1.14363394e-07
 1.74041118e-07 2.62125660e-07 3.90714977e-07 5.76372733e-07
 8.41471946e-07 1.21581838e-06 1.73856372e-06 2.46039802e-06
 3.44598174e-06 4.77654003e-06 6.55249531e-06 8.89596085e-06
 1.19528606e-05 1.58943837e-05 2.09174326e-05 2.72436887e-05
 3.51169095e-05 4.47980918e-05 5.65582012e-05 7.06682780e-05
 8.73868885e-05 1.06945100e-04 1.29529399e-04 1.55263245e-04
 1.84188205e-04 2.16245868e-04 2.51261916e-04 2.88933809e-04
 3.28823545e-04 3.70356778e-04 4.12829321e-04 4.55421594e-04
 4.97221101e-04 5.37252357e-04 5.74513125e-04 6.08015187e-04
 6.36827409e-04 6.60118515e-04 6.77196847e-04 6.87544462e-04
 6.90843214e-04 6.86991004e-04 6.76107031e-04 6.58525658e-04
 6.34779359e-04 6.05571934e-04 5.71743886e-04 5.34232329e-04
 4.94028097e-04 4.52132765e-04 4.09518154e-04 3.67090532e-04
 3.25661227e-04 2.85924766e-04 2.48445045e-04 2.13649437e-04
 1.81830199e-04 1.53152158e-04 1.27665360e-04 1.05321219e-04
 8.59907077e-05 6.94832331e-05 5.55650053e-05 4.39759823e-05
 3.44447142e-05 2.67006890e-05 2.04840204e-05 1.55525203e-05
 1.16863584e-05 8.69061421e-06 6.39609035e-06 4.65877305e-06
 3.35831452e-06 2.39587429e-06 1.69160723e-06 1.18202833e-06
 8.17427203e-07 5.59452390e-07 3.78939631e-07 2.54021087e-07]
amp 3299
max data 46700.0
original y [  3.09384037   5.53202272   9.49730019  15.65476431  24.775536
  37.6469452   54.92455947  76.93670455 103.47388027 133.61587135
 165.65918423 197.19829064 225.38288366 247.32548747 260.58353647
 263.60596364 256.03164475 238.76035641 213.77698531 183.77644052
 151.68718101 120.20930398  91.46552725  66.82007508  46.86910213
  31.56432205  20.40969221  12.67087487   7.55278125   4.32252355]
A 0.004340729834613855
