Defining Conda Paths
Sourcing Conda
Finished!
Num events after cut = 3448/10000
1.3 mm size, 3.5 pitch-------------------
Coverage = 13.56793128395485
Mean and std 23377.620069605568 344.2949512053832
Eres err 0.04601271966197217
  Fit was valid = True
 Emu       = 23376.183367292837 +-6.022865810057488 
 E sigma   = 345.3819657102049 +-4.572249042970596 
 chi2    = 1.0219205817087895 
 Eres(FWHM)     (%) =3.472113504014566
 Eres (FWHM) Qbb (%) =0.4484302516921649 
data event_id
4.0       23217.0
12.0      23711.0
14.0      23581.0
18.0      22681.0
19.0      23358.0
           ...   
9994.0    23760.0
9995.0    23078.0
9996.0    23387.0
9998.0    22975.0
9999.0    23248.0
Name: charge, Length: 3448, dtype: float64
plot_range (22146.0, 24633.0)
data in range event_id
4.0       23217.0
12.0      23711.0
14.0      23581.0
18.0      22681.0
19.0      23358.0
           ...   
9994.0    23760.0
9995.0    23078.0
9996.0    23387.0
9998.0    22975.0
9999.0    23248.0
Name: charge, Length: 3447, dtype: float64
y [2.03133263e-06 2.62508509e-06 3.37449017e-06 4.31494629e-06
 5.48839127e-06 6.94411939e-06 8.73960363e-06 1.09412952e-05
 1.36253662e-05 1.68783532e-05 2.07976566e-05 2.54918397e-05
 3.10806718e-05 3.76948535e-05 4.54753622e-05 5.45723577e-05
 6.51435933e-05 7.73522851e-05 9.13644047e-05 1.07345379e-04
 1.25456198e-04 1.45848959e-04 1.68661900e-04 1.94014008e-04
 2.21999313e-04 2.52681017e-04 2.86085631e-04 3.22197317e-04
 3.60952651e-04 4.02236055e-04 4.45876108e-04 4.91642988e-04
 5.39247252e-04 5.88340135e-04 6.38515515e-04 6.89313647e-04
 7.40226694e-04 7.90706033e-04 8.40171229e-04 8.88020521e-04
 9.33642564e-04 9.76429128e-04 1.01578841e-03 1.05115855e-03
 1.08202088e-03 1.10791259e-03 1.12843825e-03 1.14327984e-03
 1.15220495e-03 1.15507283e-03 1.15183811e-03 1.14255197e-03
 1.12736080e-03 1.10650234e-03 1.08029953e-03 1.04915217e-03
 1.01352676e-03 9.73944931e-04 9.30970730e-04 8.85197331e-04
 8.37233522e-04 7.87690422e-04 7.37168832e-04 6.86247552e-04
 6.35472989e-04 5.85350274e-04 5.36336064e-04 4.88833115e-04
 4.43186660e-04 3.99682548e-04 3.58547033e-04 3.19948093e-04
 2.83998053e-04 2.50757333e-04 2.20239070e-04 1.92414383e-04
 1.67218045e-04 1.44554360e-04 1.24303024e-04 1.06324815e-04
 9.04669648e-05 7.65680961e-05 6.44626449e-05 5.39847179e-05
 4.49713573e-05 3.72652122e-05 3.07166356e-05 2.51852424e-05
 2.05409757e-05 1.66647363e-05 1.34486369e-05 1.07959417e-05
 8.62075376e-06 6.84750554e-06 5.41030797e-06 4.25220336e-06
 3.32436353e-06 2.58526720e-06 1.99988400e-06 1.53888660e-06]
amp 3448
max data 24633.0
original y [  2.81198403   4.23397376   6.24419036   9.01979708  12.76174492
  17.68544582  24.00571383  31.9158119   41.56136753  53.01105181
  66.22709012  81.03965539  97.12972466 114.02481848 131.11104578
 147.66304956 162.89098335 176.00091142 186.2625089  193.07615436
 196.03088095 194.94540503 189.88653711 181.16237512 169.29124432
 154.95073776 138.91382171 121.98036558 104.91245786  88.38058109
  72.92548121  58.93786701  46.6554288   36.17450657  27.47234341
  20.43532068  14.88880589  10.62504892   7.42667927   5.08453287
   3.40957391]
A 0.0072575540227662145
