Defining Conda Paths
Sourcing Conda
Finished!
Num events after cut = 3326/10000
3.0 mm size, 5.5 pitch-------------------
Coverage = 29.28886475043297
Mean and std 69202.60974143115 1013.8766456077548
Eres err 0.0435485949382452
  Fit was valid = True
 Emu       = 69202.08112226578 +-17.739182005639396 
 E sigma   = 996.582623574327 +-12.80999738922596 
 chi2    = 1.2458858556155237 
 Eres(FWHM)     (%) =3.3842467270050633
 Eres (FWHM) Qbb (%) =0.437082085543739 
data event_id
2.0       69409.0
6.0       69536.0
7.0       69025.0
9.0       68021.0
11.0      70197.0
           ...   
9971.0    67240.0
9975.0    69426.0
9977.0    68857.0
9985.0    69018.0
9986.0    69499.0
Name: charge, Length: 3326, dtype: float64
plot_range (65797.0, 72889.0)
data in range event_id
2.0       69409.0
6.0       69536.0
7.0       69025.0
9.0       68021.0
11.0      70197.0
           ...   
9971.0    67240.0
9975.0    69426.0
9977.0    68857.0
9985.0    69018.0
9986.0    69499.0
Name: charge, Length: 3325, dtype: float64
y [1.16780296e-06 1.48905853e-06 1.88890430e-06 2.38376881e-06
 2.99277660e-06 3.73800998e-06 4.64475278e-06 5.74170322e-06
 7.06114075e-06 8.63903008e-06 1.05150440e-05 1.27324856e-05
 1.53380900e-05 1.83816867e-05 2.19157041e-05 2.59945011e-05
 3.06735142e-05 3.60082134e-05 4.20528664e-05 4.88591180e-05
 5.64744009e-05 6.49402015e-05 7.42902162e-05 8.45484406e-05
 9.57272477e-05 1.07825513e-04 1.20826858e-04 1.34698086e-04
 1.49387877e-04 1.64825832e-04 1.80921920e-04 1.97566401e-04
 2.14630274e-04 2.31966282e-04 2.49410501e-04 2.66784502e-04
 2.83898076e-04 3.00552463e-04 3.16544028e-04 3.31668286e-04
 3.45724184e-04 3.58518494e-04 3.69870212e-04 3.79614803e-04
 3.87608162e-04 3.93730155e-04 3.97887624e-04 4.00016749e-04
 4.00084669e-04 3.98090336e-04 3.94064533e-04 3.88069092e-04
 3.80195305e-04 3.70561618e-04 3.59310666e-04 3.46605760e-04
 3.32626948e-04 3.17566788e-04 3.01625957e-04 2.85008846e-04
 2.67919273e-04 2.50556436e-04 2.33111210e-04 2.15762888e-04
 1.98676419e-04 1.82000210e-04 1.65864501e-04 1.50380317e-04
 1.35638986e-04 1.21712186e-04 1.08652464e-04 9.64941728e-05
 8.52547501e-05 7.49362704e-05 6.55271913e-05 5.70042219e-05
 4.93342444e-05 4.24762268e-05 3.63830724e-05 3.10033626e-05
 2.62829567e-05 2.21664237e-05 1.85982906e-05 1.55240996e-05
 1.28912729e-05 1.06497931e-05 8.75270985e-06 7.15648694e-06
 5.82120943e-06 4.71066864e-06 3.79234533e-06 3.03731048e-06
 2.42006199e-06 1.91831438e-06 1.51275663e-06 1.18679125e-06
 9.26265738e-07 7.19205256e-07 5.55553766e-07 4.26928678e-07]
amp 3326
max data 72889.0
original y [  2.62872774   3.94231263   5.7937413    8.34391211  11.77559679
  16.28541072  22.07074989  29.31150017  38.14710523  48.65054527
  60.80179782  74.4642318   89.36790764 105.10371098 121.13149979
 136.8039769  151.40594718 164.2062678  174.51755099 181.75696969
 185.50072904 185.52513318 181.82871399 174.63237728 164.35754627
 151.5853098  137.00208172 121.33882936 105.31131093  89.56798852
  74.65058358  60.96999748  48.79796721  38.27276762  29.41579498
  22.15510922  16.35195881  11.82682737   8.38241802   5.82201011
   3.96259037   2.64294417]
A 0.002515223740948611
