Defining Conda Paths
Sourcing Conda
Finished!
Num events after cut = 3325/10000
3.0 mm size, 5.5 pitch-------------------
Coverage = 29.28886475043297
Mean and std 65446.0845112782 832.395704275882
Eres err 0.03846232265468644
  Fit was valid = True
 Emu       = 65434.426335138305 +-14.525680049955636 
 E sigma   = 821.3336143382638 +-10.701042670495418 
 chi2    = 1.049235147092943 
 Eres(FWHM)     (%) =2.9497224959370314
 Eres (FWHM) Qbb (%) =0.38096243102239746 
data event_id
2.0       65744.0
6.0       65697.0
7.0       65526.0
9.0       64740.0
11.0      66457.0
           ...   
9971.0    63885.0
9975.0    65759.0
9977.0    65395.0
9985.0    65237.0
9986.0    65744.0
Name: charge, Length: 3325, dtype: float64
plot_range (62497.0, 68321.0)
data in range event_id
2.0       65744.0
6.0       65697.0
7.0       65526.0
9.0       64740.0
11.0      66457.0
           ...   
9971.0    63885.0
9975.0    65759.0
9977.0    65395.0
9985.0    65237.0
9986.0    65744.0
Name: charge, Length: 3324, dtype: float64
y [8.10815994e-07 1.04485940e-06 1.33956993e-06 1.70861774e-06
 2.16818544e-06 2.73728441e-06 3.43807552e-06 4.29618415e-06
 5.34099724e-06 6.60592755e-06 8.12862799e-06 9.95113638e-06
 1.21199296e-05 1.46858640e-05 1.77039795e-05 2.12331428e-05
 2.53355101e-05 3.00757879e-05 3.55202784e-05 4.17356996e-05
 4.87877762e-05 5.67396087e-05 6.56498349e-05 7.55706100e-05
 8.65454432e-05 9.86069380e-05 1.11774498e-04 1.26052067e-04
 1.41425982e-04 1.57863026e-04 1.75308766e-04 1.93686267e-04
 2.12895270e-04 2.32811906e-04 2.53289011e-04 2.74157101e-04
 2.95226023e-04 3.16287307e-04 3.37117175e-04 3.57480192e-04
 3.77133467e-04 3.95831319e-04 4.13330280e-04 4.29394304e-04
 4.43800027e-04 4.56341912e-04 4.66837118e-04 4.75129930e-04
 4.81095603e-04 4.84643480e-04 4.85719288e-04 4.84306517e-04
 4.80426843e-04 4.74139574e-04 4.65540140e-04 4.54757688e-04
 4.41951849e-04 4.27308812e-04 4.11036823e-04 3.93361273e-04
 3.74519521e-04 3.54755638e-04 3.34315214e-04 3.13440394e-04
 2.92365266e-04 2.71311734e-04 2.50485946e-04 2.30075377e-04
 2.10246564e-04 1.91143556e-04 1.72887025e-04 1.55574041e-04
 1.39278426e-04 1.24051654e-04 1.09924185e-04 9.69071756e-05
 8.49944579e-05 7.41647041e-05 6.43836979e-05 5.56066272e-05
 4.77803337e-05 4.08454601e-05 3.47384466e-05 2.93933431e-05
 2.47434107e-05 2.07224991e-05 1.72661967e-05 1.43127547e-05
 1.18037978e-05 9.68483622e-06 7.90559914e-06 6.42021078e-06
 5.18723318e-06 4.16959857e-06 3.33445382e-06 2.65293835e-06
 2.09991442e-06 1.65366686e-06 1.29558657e-06 1.00984993e-06]
amp 3325
max data 68321.0
original y [  2.47769991   3.72091145   5.47665353   7.90035311  11.1697394
  15.47764504  21.01996686  27.97850306  36.49910585  46.66650529
  58.47815149  71.82031341  86.45025108 101.98834046 117.92342765
 133.63338408 148.42092769 161.5625206  172.36591995 180.23016743
 184.70084136 185.51351936 182.61967192 176.1914603  166.60477905
 154.40286621 140.24538016 124.84957639 108.93084821  93.14938688
  78.06824547  64.12599849  51.62489305  40.73329032  31.49960611
  23.87404768  17.73422825  12.9111175    9.21256737   6.44262454
   4.41580891   2.96635431   1.95299477]
A 0.0030519002642434806
