Defining Conda Paths
Sourcing Conda
Finished!
Num events after cut = 3449/10000
1.3 mm size, 3.5 pitch-------------------
Coverage = 13.56793128395485
Mean and std 19511.876775877066 302.25596470922517
Eres err 0.04618454674165671
  Fit was valid = True
 Emu       = 19512.248314980145 +-5.203007634563157 
 E sigma   = 299.57657219043665 +-3.8301441973458097 
 chi2    = 0.907660614820944 
 Eres(FWHM)     (%) =3.608015505353323
 Eres (FWHM) Qbb (%) =0.4659822610361406 
data event_id
4.0       19527.0
12.0      19675.0
14.0      19944.0
18.0      18982.0
19.0      19471.0
           ...   
9994.0    19747.0
9995.0    19322.0
9996.0    19616.0
9998.0    19356.0
9999.0    19524.0
Name: charge, Length: 3449, dtype: float64
plot_range (18398.0, 20494.0)
data in range event_id
4.0       19527.0
12.0      19675.0
14.0      19944.0
18.0      18982.0
19.0      19471.0
           ...   
9994.0    19747.0
9995.0    19322.0
9996.0    19616.0
9998.0    19356.0
9999.0    19524.0
Name: charge, Length: 3448, dtype: float64
y [1.31942220e-06 1.71181694e-06 2.20984468e-06 2.83855342e-06
 3.62796668e-06 4.61381738e-06 5.83832686e-06 7.35101492e-06
 9.20952215e-06 1.14804202e-05 1.42399795e-05 1.75748586e-05
 2.15826718e-05 2.63723888e-05 3.20645114e-05 3.87909733e-05
 4.66947034e-05 5.59287946e-05 6.66552240e-05 7.90430734e-05
 9.32662120e-05 1.09500412e-04 1.27919885e-04 1.48693253e-04
 1.71978976e-04 1.97920304e-04 2.26639829e-04 2.58233755e-04
 2.92766030e-04 3.30262488e-04 3.70705226e-04 4.14027380e-04
 4.60108557e-04 5.08771121e-04 5.59777563e-04 6.12829153e-04
 6.67566048e-04 7.23569010e-04 7.80362820e-04 8.37421438e-04
 8.94174899e-04 9.50017855e-04 1.00431964e-03 1.05643562e-03
 1.10571961e-03 1.15153696e-03 1.19327803e-03 1.23037161e-03
 1.26229788e-03 1.28860050e-03 1.30889749e-03 1.32289041e-03
 1.33037169e-03 1.33122975e-03 1.32545177e-03 1.31312400e-03
 1.29442962e-03 1.26964422e-03 1.23912902e-03 1.20332216e-03
 1.16272816e-03 1.11790620e-03 1.06945726e-03 1.01801082e-03
 9.64211365e-04 9.08705161e-04 8.52127609e-04 7.95091614e-04
 7.38177159e-04 6.81922354e-04 6.26816103e-04 5.73292496e-04
 5.21726941e-04 4.72434020e-04 4.25666975e-04 3.81618698e-04
 3.40424044e-04 3.02163291e-04 2.66866508e-04 2.34518623e-04
 2.05064977e-04 1.78417128e-04 1.54458741e-04 1.33051364e-04
 1.14039962e-04 9.72580799e-05 8.25325403e-05 6.96876192e-05
 5.85486569e-05 4.89450910e-05 4.07129187e-05 3.36966113e-05
 2.77505193e-05 2.27398132e-05 1.85410176e-05 1.50421922e-05
 1.21428210e-05 9.75346543e-06 7.79523474e-06 6.19912424e-06]
amp 3449
max data 20494.0
original y [  2.46014619   3.68104688   5.40104779   7.77107191  10.96427884
  15.16964624  20.58102835  27.38135432  35.72226734  45.70033084
  57.33184374  70.5291597   85.0820112  100.64750694 116.75205483
 132.80740188 148.14133876 162.04158635 173.80927336 182.81660448
 188.56217087 190.71714519 189.15644429 183.97075166 175.4577923
 164.09402772 150.4905142  135.33861066 119.35223012 103.2132847
  87.52596288  72.78375065  59.35102214  47.45895929  37.21383734
  28.61455103  21.57573771  15.95293546  11.566762     8.22392663
   5.73380464   3.92015097   2.62820314]
A 0.008367237318669804
