Defining Conda Paths
Sourcing Conda
Finished!
Num events after cut = 3448/10000
1.3 mm size, 3.5 pitch-------------------
Coverage = 13.56793128395485
Mean and std 21441.13892111369 312.22413181102274
Eres err 0.04313924003039389
  Fit was valid = True
 Emu       = 21443.88497646081 +-5.397290647042179 
 E sigma   = 310.23195291570056 +-3.932201340088439 
 chi2    = 0.8709772558059515 
 Eres(FWHM)     (%) =3.3997808240072973
 Eres (FWHM) Qbb (%) =0.43908834456161616 
data event_id
4.0       21474.0
12.0      21592.0
14.0      21741.0
18.0      20799.0
19.0      21381.0
           ...   
9994.0    21903.0
9995.0    21279.0
9996.0    21483.0
9998.0    21182.0
9999.0    21256.0
Name: charge, Length: 3448, dtype: float64
plot_range (20380.0, 22459.0)
data in range event_id
4.0       21474.0
12.0      21592.0
14.0      21741.0
18.0      20799.0
19.0      21381.0
           ...   
9994.0    21903.0
9995.0    21279.0
9996.0    21483.0
9998.0    21182.0
9999.0    21256.0
Name: charge, Length: 3447, dtype: float64
y [3.59351284e-06 4.52209025e-06 5.66460022e-06 7.06332710e-06
 8.76716919e-06 1.08322699e-05 1.33226178e-05 1.63105905e-05
 1.98774107e-05 2.41134835e-05 2.91185746e-05 3.50017924e-05
 4.18813307e-05 4.98839316e-05 5.91440270e-05 6.98025235e-05
 8.20051958e-05 9.59006678e-05 1.11637964e-04 1.29363631e-04
 1.49218443e-04 1.71333712e-04 1.95827266e-04 2.22799140e-04
 2.52327088e-04 2.84461997e-04 3.19223349e-04 3.56594843e-04
 3.96520352e-04 4.38900344e-04 4.83588957e-04 5.30391852e-04
 5.79065015e-04 6.29314626e-04 6.80798105e-04 7.33126412e-04
 7.85867644e-04 8.38551935e-04 8.90677615e-04 9.41718549e-04
 9.91132521e-04 1.03837050e-03 1.08288659e-03 1.12414833e-03
 1.16164728e-03 1.19490934e-03 1.22350471e-03 1.24705714e-03
 1.26525212e-03 1.27784391e-03 1.28466105e-03 1.28561023e-03
 1.28067845e-03 1.26993325e-03 1.25352126e-03 1.23166479e-03
 1.20465688e-03 1.17285472e-03 1.13667180e-03 1.09656901e-03
 1.05304485e-03 1.00662516e-03 9.57852653e-04 9.07276472e-04
 8.55442071e-04 8.02881733e-04 7.50105869e-04 6.97595330e-04
 6.45794855e-04 5.95107757e-04 5.45891908e-04 4.98457020e-04
 4.53063204e-04 4.09920731e-04 3.69190899e-04 3.30987892e-04
 2.95381465e-04 2.62400338e-04 2.32036098e-04 2.04247492e-04
 1.78964926e-04 1.56095051e-04 1.35525294e-04 1.17128234e-04
 1.00765728e-04 8.62927115e-05 7.35606229e-05 6.24204212e-05
 5.27251722e-05 4.43322051e-05 3.71048496e-05 3.09137743e-05
 2.56379563e-05 2.11653175e-05 1.73930678e-05 1.42277952e-05
 1.15853467e-05 9.39053812e-06 7.57673224e-06 6.08531991e-06]
amp 3448
max data 22459.0
original y [  2.28320781   3.36475171   4.87033761   6.92410386   9.66866563
  13.26074646  17.86355386  23.63557749  30.71588509  39.2065215
  49.15322894  60.52631792  73.20401796  86.96090387 101.46391914
 116.2780349  130.88268501 144.69888015 157.12547598 167.58166637
 175.55162942 180.62659167 182.53954824 181.18853673 176.64564138
 169.15062089 159.08994385 146.96378308 133.34489054 118.8340497
 104.01689316  89.42631194  75.5136086   62.63017006  51.01999589
  40.82213454  32.08111559  24.76290984  18.77380717  13.97981716
  10.22466509   7.34505672   5.18250439   3.59155619   2.44469179]
A 0.008079852030303685
