Defining Conda Paths
Sourcing Conda
Finished!
Num events after cut = 3326/10000
3.0 mm size, 5.5 pitch-------------------
Coverage = 29.28886475043297
Mean and std 67167.6295850872 887.0389155937632
Eres err 0.03875474822526921
  Fit was valid = True
 Emu       = 67175.1159943783 +-15.308636212804734 
 E sigma   = 861.6384624168993 +-11.068490452754043 
 chi2    = 1.4592515864117346 
 Eres(FWHM)     (%) =3.0142864016031883
 Eres (FWHM) Qbb (%) =0.389300985748396 
data event_id
2.0       67387.0
6.0       67451.0
7.0       67266.0
9.0       66419.0
11.0      68217.0
           ...   
9971.0    65376.0
9975.0    67612.0
9977.0    66919.0
9985.0    66829.0
9986.0    67252.0
Name: charge, Length: 3326, dtype: float64
plot_range (64127.0, 70402.0)
data in range event_id
2.0       67387.0
6.0       67451.0
7.0       67266.0
9.0       66419.0
11.0      68217.0
           ...   
9971.0    65376.0
9975.0    67612.0
9977.0    66919.0
9985.0    66829.0
9986.0    67252.0
Name: charge, Length: 3325, dtype: float64
y [8.87360472e-07 1.14800062e-06 1.47718211e-06 1.89049628e-06
 2.40639819e-06 3.04655504e-06 3.83619292e-06 4.80442838e-06
 5.98456904e-06 7.41436416e-06 9.13618358e-06 1.11971010e-05
 1.36488559e-05 1.65476670e-05 1.99538716e-05 2.39313636e-05
 2.85468105e-05 3.38686286e-05 3.99657075e-05 4.69058783e-05
 5.47541338e-05 6.35706170e-05 7.34084095e-05 8.43111621e-05
 9.63106270e-05 1.09424159e-04 1.23652272e-04 1.38976336e-04
 1.55356520e-04 1.72730085e-04 1.91010114e-04 2.10084791e-04
 2.29817310e-04 2.50046473e-04 2.70588044e-04 2.91236865e-04
 3.11769743e-04 3.31949070e-04 3.51527108e-04 3.70250846e-04
 3.87867304e-04 4.04129131e-04 4.18800330e-04 4.31661930e-04
 4.42517402e-04 4.51197654e-04 4.57565410e-04 4.61518817e-04
 4.62994160e-04 4.61967568e-04 4.58455656e-04 4.52515079e-04
 4.44241012e-04 4.33764612e-04 4.21249559e-04 4.06887806e-04
 3.90894683e-04 3.73503543e-04 3.54960119e-04 3.35516800e-04
 3.15426992e-04 2.94939752e-04 2.74294842e-04 2.53718330e-04
 2.33418848e-04 2.13584569e-04 1.94380948e-04 1.75949240e-04
 1.58405759e-04 1.41841858e-04 1.26324541e-04 1.11897639e-04
 9.85834444e-05 8.63847194e-05 7.52869563e-05 6.52608049e-05
 5.62645677e-05 4.82466785e-05 4.11480943e-05 3.49045391e-05
 2.94485531e-05 2.47113169e-05 2.06242275e-05 1.71202210e-05
 1.41348406e-05 1.16070629e-05 9.47989728e-06 7.70078150e-06
 6.22179709e-06 4.99973239e-06 3.99601905e-06 3.17656841e-06
 2.51153220e-06 1.97500937e-06 1.54471884e-06 1.20165446e-06
 9.29735970e-07 7.15466886e-07 5.47607410e-07 4.16868393e-07]
amp 3326
max data 70402.0
original y [  1.93783204   2.9801372    4.48686446   6.61357384   9.54368347
  13.482872    18.64813311  25.25078439  33.47348661  43.44237826
  55.19665999  68.65917319  83.61244127  99.68499764 116.35237866
 132.95580193 148.73935223 162.90373509 174.67178668 183.35849998
 188.4368764  189.59082224 186.74771125 180.08594948 170.01644712
 157.14067238 142.19124018 125.96318736 109.24485815  92.7566239
  77.1037366   62.74692998  49.99149249  38.99296752  29.77577249
  22.26006106  16.29206858  11.67381138   8.18909065   5.62399919
   3.78130218   2.48899535]
A 0.002909141576154688
