Defining Conda Paths
Sourcing Conda
Finished!
Num events after cut = 3323/10000
3.0 mm size, 5.5 pitch-------------------
Coverage = 29.28886475043297
Mean and std 82351.0078242552 1182.9028772098732
Eres err 0.0406949427181313
  Fit was valid = True
 Emu       = 82352.50936906059 +-20.343430706928025 
 E sigma   = 1149.3497669728674 +-14.245364650313197 
 chi2    = 1.3729795248827192 
 Eres(FWHM)     (%) =3.2797688535292884
 Eres (FWHM) Qbb (%) =0.42358856378967386 
data event_id
2.0       82711.0
6.0       82887.0
7.0       82535.0
9.0       81102.0
11.0      83863.0
           ...   
9971.0    80181.0
9975.0    82769.0
9977.0    81763.0
9985.0    82235.0
9986.0    82699.0
Name: charge, Length: 3323, dtype: float64
plot_range (78145.0, 86823.0)
data in range event_id
2.0       82711.0
6.0       82887.0
7.0       82535.0
9.0       81102.0
11.0      83863.0
           ...   
9971.0    80181.0
9975.0    82769.0
9977.0    81763.0
9985.0    82235.0
9986.0    82699.0
Name: charge, Length: 3322, dtype: float64
y [4.26982794e-07 5.62858818e-07 7.37670616e-07 9.61168225e-07
 1.24511721e-06 1.60359604e-06 2.05330577e-06 2.61388327e-06
 3.30820687e-06 4.16268014e-06 5.20747667e-06 6.47672615e-06
 8.00861924e-06 9.84540687e-06 1.20332683e-05 1.46220223e-05
 1.76646565e-05 2.12166523e-05 2.53350889e-05 3.00775124e-05
 3.55005685e-05 4.16584025e-05 4.86008456e-05 5.63714167e-05
 6.50051827e-05 7.45265346e-05 8.49469484e-05 9.62628126e-05
 1.08453412e-04 1.21479167e-04 1.35280220e-04 1.49775475e-04
 1.64862174e-04 1.80416082e-04 1.96292354e-04 2.12327101e-04
 2.28339679e-04 2.44135678e-04 2.59510556e-04 2.74253839e-04
 2.88153774e-04 3.01002304e-04 3.12600189e-04 3.22762124e-04
 3.31321639e-04 3.38135641e-04 3.43088378e-04 3.46094721e-04
 3.47102590e-04 3.46094456e-04 3.43087852e-04 3.38134862e-04
 3.31320622e-04 3.22760885e-04 3.12598750e-04 3.01000687e-04
 2.88152005e-04 2.74251945e-04 2.59508565e-04 2.44133617e-04
 2.28337576e-04 2.12324983e-04 1.96290245e-04 1.80414006e-04
 1.64860150e-04 1.49773522e-04 1.35278352e-04 1.21477396e-04
 1.08451748e-04 9.62612613e-05 8.49455143e-05 7.45252193e-05
 6.50039855e-05 5.63703352e-05 4.85998759e-05 4.16575394e-05
 3.54998057e-05 3.00768431e-05 2.53345056e-05 2.12161476e-05
 1.76642227e-05 1.46216521e-05 1.20329544e-05 9.84514244e-06
 8.00839800e-06 6.47654225e-06 5.20732481e-06 4.16255556e-06
 3.30810533e-06 2.61380102e-06 2.05323959e-06 1.60354313e-06
 1.24507517e-06 9.61135033e-07 7.37644577e-07 5.62838517e-07
 4.26967066e-07 3.22017040e-07 2.41455577e-07 1.79998770e-07]
amp 3323
max data 86823.0
original y [  2.31131516   3.58444568   5.43352356   8.05077749  11.65979219
  16.50594958  22.83951807  30.89086537  40.83851402  52.77235861
  66.65608411  82.2943094   99.31081164 117.14397992 135.06416439
 152.2148467  167.67588631 180.54311202 190.0150302  195.47521677
 196.55865387 193.1920952  185.60225705 174.29056245 159.97834773
 143.5308511  125.8711009  107.89554639  90.40193452  74.03697174
  59.26745618  46.37465002  35.46841002  26.5154812   19.37554928
  13.83901725   9.66169216   6.59322442   4.39783811   2.86732774
   1.82730966]
A 0.0021809098906705343
