Defining Conda Paths
Sourcing Conda
Finished!
Num events after cut = 3449/10000
1.3 mm size, 3.5 pitch-------------------
Coverage = 13.56793128395485
Mean and std 19137.827486227892 301.2201409473693
Eres err 0.048510643074758164
  Fit was valid = True
 Emu       = 19138.11526140587 +-5.219215700354962 
 E sigma   = 299.6728742031417 +-3.945977086787481 
 chi2    = 1.093563194736639 
 Eres(FWHM)     (%) =3.6797314926697267
 Eres (FWHM) Qbb (%) =0.475244521099201 
data event_id
4.0       19059.0
12.0      19198.0
14.0      19458.0
18.0      18595.0
19.0      18976.0
           ...   
9994.0    19324.0
9995.0    18917.0
9996.0    19193.0
9998.0    18978.0
9999.0    19155.0
Name: charge, Length: 3449, dtype: float64
plot_range (18083.0, 20143.0)
data in range event_id
4.0       19059.0
12.0      19198.0
14.0      19458.0
18.0      18595.0
19.0      18976.0
           ...   
9994.0    19324.0
9995.0    18917.0
9996.0    19193.0
9998.0    18978.0
9999.0    19155.0
Name: charge, Length: 3448, dtype: float64
y [2.70620410e-06 3.44737387e-06 4.37041154e-06 5.51394456e-06
 6.92322694e-06 8.65089124e-06 1.07576955e-05 1.33132398e-05
 1.63966217e-05 2.00969942e-05 2.45139869e-05 2.97579428e-05
 3.59499236e-05 4.32214319e-05 5.17137987e-05 6.15771866e-05
 7.29691616e-05 8.60527952e-05 1.00994266e-04 1.17959947e-04
 1.37112967e-04 1.58609283e-04 1.82593278e-04 2.09192968e-04
 2.38514886e-04 2.70638769e-04 3.05612167e-04 3.43445147e-04
 3.84105246e-04 4.27512882e-04 4.73537399e-04 5.21993956e-04
 5.72641445e-04 6.25181604e-04 6.79259492e-04 7.34465420e-04
 7.90338434e-04 8.46371368e-04 9.02017443e-04 9.56698340e-04
 1.00981360e-03 1.06075118e-03 1.10889888e-03 1.15365639e-03
 1.19444765e-03 1.23073308e-03 1.26202146e-03 1.28788095e-03
 1.30794900e-03 1.32194081e-03 1.32965608e-03 1.33098374e-03
 1.32590463e-03 1.31449197e-03 1.29690958e-03 1.27340799e-03
 1.24431849e-03 1.21004536e-03 1.17105653e-03 1.12787295e-03
 1.08105704e-03 1.03120059e-03 9.78912353e-04 9.24805866e-04
 8.69487723e-04 8.13546619e-04 7.57543449e-04 7.02002665e-04
 6.47405055e-04 5.94182044e-04 5.42711560e-04 4.93315469e-04
 4.46258505e-04 4.01748617e-04 3.59938570e-04 3.20928654e-04
 2.84770314e-04 2.51470501e-04 2.20996548e-04 1.93281392e-04
 1.68228941e-04 1.45719439e-04 1.25614675e-04 1.07762928e-04
 9.20035312e-05 7.81710098e-05 6.60987215e-05 5.56219882e-05
 4.65807063e-05 3.88214491e-05 3.21990847e-05 2.65779465e-05
 2.18325987e-05 1.78482463e-05 1.45208414e-05 1.17569352e-05
 9.47332815e-06 7.59656307e-06 6.06230562e-06 4.81464884e-06]
amp 3449
max data 20143.0
original y [  2.77181221   4.09209279   5.92813743   8.42717814  11.75539444
  16.09101199  21.61327758  28.48715146  36.84414973  46.76050288
  58.2345774   71.16620444  85.34101427 100.42293658 115.95758297
 131.38824519 146.08478671 159.38395153 170.63782607 179.26567874
 184.80346533 186.94514545 185.57069485 180.75724625 172.77191999
 162.0472716  149.14249613 134.69522876 119.36970967 103.80712987
  88.58319699  74.17655119  60.94990665  49.144008    38.88295134
  30.18832321  22.99904914  17.19380083  12.61319246   9.07965348
   6.41364099   4.44560773   3.02376999]
A 0.00836454844735734
