Defining Conda Paths
Sourcing Conda
Finished!
Num events after cut = 3299/10000
1.3 mm size, 2.4 pitch-------------------
Coverage = 28.865494349853595
Mean and std 43341.65807820552 577.2462190670152
Eres err 0.040579689790789776
  Fit was valid = True
 Emu       = 43337.90407789415 +-10.049268517559875 
 E sigma   = 566.8721293064128 +-7.477190939124138 
 chi2    = 1.015855777059127 
 Eres(FWHM)     (%) =3.0738669352253574
 Eres (FWHM) Qbb (%) =0.3969959282257231 
data event_id
2.0       42982.0
3.0       43572.0
14.0      43294.0
15.0      43782.0
16.0      42837.0
           ...   
9987.0    42778.0
9988.0    43298.0
9990.0    43799.0
9993.0    44472.0
9998.0    42652.0
Name: charge, Length: 3299, dtype: float64
plot_range (40024.0, 45602.0)
data in range event_id
2.0       42982.0
3.0       43572.0
14.0      43294.0
15.0      43782.0
16.0      42837.0
           ...   
9987.0    42778.0
9988.0    43298.0
9990.0    43799.0
9993.0    44472.0
9998.0    42652.0
Name: charge, Length: 3298, dtype: float64
y [2.66930766e-11 4.74897579e-11 8.36586495e-11 1.45925542e-10
 2.52035287e-10 4.31023507e-10 7.29877764e-10 1.22379558e-09
 2.03178243e-09 3.34006632e-09 5.43678990e-09 8.76273307e-09
 1.39844756e-08 2.20984777e-08 3.45770631e-08 5.35702185e-08
 8.21804100e-08 1.24831089e-07 1.87752958e-07 2.79614949e-07
 4.12328692e-07 6.02055179e-07 8.70439535e-07 1.24609310e-06
 1.76633040e-06 2.47915093e-06 3.44543104e-06 4.74125952e-06
 6.46031158e-06 8.71611139e-06 1.16439853e-05 1.54024603e-05
 2.01738190e-05 2.61634921e-05 3.35979572e-05 4.27208224e-05
 5.37868249e-05 6.70535511e-05 8.27708144e-05 1.01167786e-04
 1.22438170e-04 1.46723943e-04 1.74098375e-04 2.04549310e-04
 2.37963796e-04 2.74115334e-04 3.12654974e-04 3.53107487e-04
 3.94873583e-04 4.37238912e-04 4.79390144e-04 5.20437962e-04
 5.59446299e-04 5.95466610e-04 6.27575518e-04 6.54913803e-04
 6.76724445e-04 6.92387401e-04 7.01448869e-04 7.03643133e-04
 6.98905500e-04 6.87375476e-04 6.69389938e-04 6.45466783e-04
 6.16280158e-04 5.82628929e-04 5.45400428e-04 5.05531795e-04
 4.63971225e-04 4.21641345e-04 3.79406619e-04 3.38046300e-04
 2.98233924e-04 2.60523839e-04 2.25344761e-04 1.92999878e-04
 1.63672672e-04 1.37437385e-04 1.14272877e-04 9.40786363e-05
 7.66917126e-05 6.19035320e-05 4.94757052e-05 3.91541795e-05
 3.06813054e-05 2.38055988e-05 1.82891684e-05 1.39129228e-05
 1.04797848e-05 7.81620472e-06 5.77230216e-06 4.22096507e-06
 3.05621590e-06 2.19111855e-06 1.55545442e-06 1.09334765e-06
 7.60972270e-07 5.24431728e-07 3.57864531e-07 2.41800907e-07]
amp 3299
max data 45602.0
original y [  2.91360341   5.14960131   8.75581501  14.32185755  22.53626412
  34.11491549  49.68055939  69.59987448  93.80159804 121.61630931
 151.68869111 182.00963962 210.09483573 233.30076695 249.22795694
 256.12805402 253.21961497 240.8337455  220.35207146 193.95310506
 164.23137829 133.78127794 104.836942    79.03385218  57.31809632
  39.9898861   26.84036257  17.33031237  10.76475636   6.43253001
   3.69776441]
A 0.004421858378710459
