Defining Conda Paths
Sourcing Conda
Finished!
Num events after cut = 3297/10000
1.3 mm size, 2.4 pitch-------------------
Coverage = 28.865494349853595
Mean and std 49797.0949347892 673.1623965716943
Eres err 0.03976620399212381
  Fit was valid = True
 Emu       = 49794.66272729364 +-11.577607328173496 
 E sigma   = 654.423529164226 +-8.418557370183692 
 chi2    = 1.1306743187887773 
 Eres(FWHM)     (%) =3.0884741643063167
 Eres (FWHM) Qbb (%) =0.3988824804382951 
data event_id
2.0       49368.0
3.0       50322.0
14.0      49997.0
15.0      50723.0
16.0      49190.0
           ...   
9987.0    49525.0
9988.0    50059.0
9990.0    50157.0
9993.0    51267.0
9998.0    48917.0
Name: charge, Length: 3297, dtype: float64
plot_range (45741.0, 52808.0)
data in range event_id
2.0       49368.0
3.0       50322.0
14.0      49997.0
15.0      50723.0
16.0      49190.0
           ...   
9987.0    49525.0
9988.0    50059.0
9990.0    50157.0
9993.0    51267.0
9998.0    48917.0
Name: charge, Length: 3296, dtype: float64
y [2.84045252e-12 5.54932658e-12 1.07133601e-11 2.04382539e-11
 3.85296041e-11 7.17757883e-11 1.32127758e-10 2.40349281e-10
 4.32040301e-10 7.67429272e-10 1.34705438e-09 2.33649345e-09
 4.00476167e-09 6.78299429e-09 1.13526931e-08 1.87762565e-08
 3.06868134e-08 4.95595374e-08 7.90925112e-08 1.24731502e-07
 1.94379120e-07 2.99333786e-07 4.55506454e-07 6.84961244e-07
 1.01781801e-06 1.49453791e-06 2.16858478e-06 3.10941398e-06
 4.40568411e-06 6.16851795e-06 8.53455693e-06 1.16684668e-05
 1.57644666e-05 2.10463812e-05 2.77656762e-05 3.61969306e-05
 4.66302673e-05 5.93603884e-05 7.46720770e-05 9.28223155e-05
 1.14019527e-04 1.38400844e-04 1.66008724e-04 1.96768580e-04
 2.30469396e-04 2.66749394e-04 3.05088818e-04 3.44811552e-04
 3.85096875e-04 4.25001878e-04 4.63494273e-04 4.99494333e-04
 5.31923805e-04 5.59758835e-04 5.82083323e-04 5.98138868e-04
 6.07367517e-04 6.09443946e-04 6.04294501e-04 5.92101533e-04
 5.73292682e-04 5.48515974e-04 5.18602767e-04 4.84521495e-04
 4.47325789e-04 4.08100844e-04 3.67911801e-04 3.27757481e-04
 2.88532126e-04 2.50996929e-04 2.15762174e-04 1.83279917e-04
 1.53846322e-04 1.27612150e-04 1.04599498e-04 8.47227117e-05
 6.78114080e-05 5.36337724e-05 4.19185833e-05 3.23748315e-05
 2.47081999e-05 1.86340547e-05 1.38869315e-05 1.02267559e-05
 7.44221400e-06 5.35179030e-06 3.80302071e-06 2.67049004e-06
 1.85304473e-06 1.27061364e-06 8.60941792e-07 5.76456761e-07
 3.81410244e-07 2.49373694e-07 1.61117083e-07 1.02864428e-07
 6.48965344e-08 4.04585641e-08 2.49248237e-08 1.51735218e-08]
amp 3297
max data 52808.0
original y [  2.58206256   4.88765775   8.83032748  15.22631559  25.05848665
  39.36015921  59.00663501  84.42806695 115.29615865 150.27433861
 186.93766229 221.94776935 251.50507722 272.00990821 280.77904079
 276.621953   260.10613472 233.42993144 199.94220837 163.45357424
 127.53410944  94.97302718  67.50193199  45.79036657  29.64654119
  18.319598    10.80437978   6.08171044   3.26733474]
A 0.0038302844609396187
