Defining Conda Paths
Sourcing Conda
Finished!
Num events after cut = 3442/10000
1.3 mm size, 3.5 pitch-------------------
Coverage = 13.56793128395485
Mean and std 37520.215281812896 449.8388172423736
Eres err 0.03556043763016557
  Fit was valid = True
 Emu       = 37516.11233014043 +-7.738245350733898 
 E sigma   = 445.0576022515939 +-5.672875643445824 
 chi2    = 0.9326599019882829 
 Eres(FWHM)     (%) =2.7878298158601624
 Eres (FWHM) Qbb (%) =0.3600536746726843 
data event_id
4.0       37620.0
12.0      37695.0
14.0      37942.0
18.0      36624.0
19.0      37340.0
           ...   
9994.0    37999.0
9995.0    36938.0
9996.0    37763.0
9998.0    36816.0
9999.0    37399.0
Name: charge, Length: 3442, dtype: float64
plot_range (35878.0, 38925.0)
data in range event_id
4.0       37620.0
12.0      37695.0
14.0      37942.0
18.0      36624.0
19.0      37340.0
           ...   
9994.0    37999.0
9995.0    36938.0
9996.0    37763.0
9998.0    36816.0
9999.0    37399.0
Name: charge, Length: 3441, dtype: float64
y [1.02499176e-06 1.31894078e-06 1.68909184e-06 2.15280296e-06
 2.73072739e-06 3.44727127e-06 4.33107418e-06 5.41550340e-06
 6.73914951e-06 8.34630783e-06 1.02874267e-05 1.26195003e-05
 1.54063802e-05 1.87189770e-05 2.26353211e-05 2.72404487e-05
 3.26260805e-05 3.88900586e-05 4.61355115e-05 5.44697184e-05
 6.40026520e-05 7.48451834e-05 8.71069471e-05 1.00893869e-04
 1.16305381e-04 1.33431353e-04 1.52348794e-04 1.73118388e-04
 1.95780947e-04 2.20353878e-04 2.46827771e-04 2.75163226e-04
 3.05288055e-04 3.37094977e-04 3.70439933e-04 4.05141155e-04
 4.40979068e-04 4.77697135e-04 5.15003696e-04 5.52574837e-04
 5.90058283e-04 6.27078291e-04 6.63241464e-04 6.98143374e-04
 7.31375858e-04 7.62534801e-04 7.91228215e-04 8.17084385e-04
 8.39759846e-04 8.58946959e-04 8.74380848e-04 8.85845484e-04
 8.93178709e-04 8.96276063e-04 8.95093248e-04 8.89647194e-04
 8.80015646e-04 8.66335324e-04 8.48798688e-04 8.27649440e-04
 8.03176881e-04 7.75709342e-04 7.45606855e-04 7.13253335e-04
 6.79048476e-04 6.43399612e-04 6.06713779e-04 5.69390178e-04
 5.31813223e-04 4.94346360e-04 4.57326743e-04 4.21060890e-04
 3.85821352e-04 3.51844415e-04 3.19328817e-04 2.88435434e-04
 2.59287846e-04 2.31973703e-04 2.06546767e-04 1.83029500e-04
 1.61416094e-04 1.41675784e-04 1.23756342e-04 1.07587632e-04
 9.30851244e-05 8.01532740e-05 6.86887002e-05 5.85831039e-05
 4.97258833e-05 4.20064212e-05 3.53160325e-05 2.95495711e-05
 2.46067073e-05 2.03928945e-05 1.68200503e-05 1.38069820e-05
 1.12795889e-05 9.17087632e-06 7.42081233e-06 5.97606220e-06]
amp 3442
max data 38925.0
original y [  2.56211238   3.78982548   5.50171092   7.83851587  10.96042603
  15.04106361  20.2575621   26.7764704   34.73577539  44.22401671
  55.2582201   67.76307683  81.55429942  96.32923786 111.66752897
 127.04372134 141.85251037 155.44557516 167.17726701 176.45484887
 182.78792033 185.83131717 185.41626885 181.56590078 174.49310011
 164.58101916 152.34870078 138.40611595 123.40402543 107.98436795
  92.73634465  78.16216408  64.65478855  52.48827922  41.81975587
  32.70078439  25.09529851  18.90096947  13.97118727  10.13538071
   7.21612982   5.04227035   3.45784432   2.32724584]
A 0.005632143484235974
