Defining Conda Paths
Sourcing Conda
Finished!
Num events after cut = 3326/10000
3.0 mm size, 5.5 pitch-------------------
Coverage = 29.28886475043297
Mean and std 66509.5778713169 859.0568324683192
Eres err 0.038765063967802244
  Fit was valid = True
 Emu       = 66508.76988962547 +-14.965335754567617 
 E sigma   = 847.4214062783054 +-10.961980164644505 
 chi2    = 0.994862579921825 
 Eres(FWHM)     (%) =2.9942521987083954
 Eres (FWHM) Qbb (%) =0.3867135292507394 
data event_id
2.0       66667.0
6.0       66771.0
7.0       66634.0
9.0       65795.0
11.0      67513.0
           ...   
9971.0    64808.0
9975.0    66964.0
9977.0    66271.0
9985.0    66221.0
9986.0    66564.0
Name: charge, Length: 3326, dtype: float64
plot_range (63535.0, 69618.0)
data in range event_id
2.0       66667.0
6.0       66771.0
7.0       66634.0
9.0       65795.0
11.0      67513.0
           ...   
9971.0    64808.0
9975.0    66964.0
9977.0    66271.0
9985.0    66221.0
9986.0    66564.0
Name: charge, Length: 3325, dtype: float64
y [9.97141122e-07 1.28268010e-06 1.64133356e-06 2.08925817e-06
 2.64547786e-06 3.33221426e-06 4.17521141e-06 5.20404194e-06
 6.45237900e-06 7.95821586e-06 9.76401247e-06 1.19167465e-05
 1.44678448e-05 1.74729705e-05 2.09916421e-05 2.50866601e-05
 2.98233238e-05 3.52684202e-05 4.14889777e-05 4.85507815e-05
 5.65166591e-05 6.54445524e-05 7.53854075e-05 8.63809223e-05
 9.84612061e-05 1.11642417e-04 1.25924453e-04 1.41288782e-04
 1.57696500e-04 1.75086714e-04 1.93375342e-04 2.12454415e-04
 2.32191967e-04 2.52432569e-04 2.72998554e-04 2.93691970e-04
 3.14297236e-04 3.34584498e-04 3.54313609e-04 3.73238656e-04
 3.91112921e-04 4.07694147e-04 4.22749939e-04 4.36063157e-04
 4.47437109e-04 4.56700378e-04 4.63711115e-04 4.68360656e-04
 4.70576321e-04 4.70323304e-04 4.67605587e-04 4.62465830e-04
 4.54984260e-04 4.45276586e-04 4.33491026e-04 4.19804536e-04
 4.04418401e-04 3.87553312e-04 3.69444124e-04 3.50334444e-04
 3.30471245e-04 3.10099653e-04 2.89458061e-04 2.68773707e-04
 2.48258815e-04 2.28107382e-04 2.08492658e-04 1.89565350e-04
 1.71452536e-04 1.54257267e-04 1.38058808e-04 1.22913438e-04
 1.08855752e-04 9.59003430e-05 8.40438045e-05 7.32669329e-05
 6.35370554e-05 5.48103935e-05 4.70343906e-05 4.01499388e-05
 3.40934553e-05 2.87987683e-05 2.41987857e-05 2.02269312e-05
 1.68183422e-05 1.39108331e-05 1.14456341e-05 9.36792359e-06
 7.62717282e-06 6.17732710e-06 4.97684797e-06 3.98864069e-06
 3.17989091e-06 2.52183281e-06 1.98946877e-06 1.56125817e-06
 1.21879058e-06 9.46455537e-07 7.31119066e-07 5.61814271e-07]
amp 3326
max data 69618.0
original y [  2.04758876   3.12057466   4.65881242   6.81341237   9.76119364
  13.69903533  18.83327498  25.36357765  33.46139031  43.24403945
  54.74662255  67.89490928  82.4832751   98.16199702 114.43784667
 130.69072683 146.20717072 160.22909389 172.01363924 180.89776264
 186.35983216 188.07030531 185.92464135 180.05387774 170.81138318
 158.73764897 144.50799717 128.870236   112.58023986  96.34307846
  80.76583226  66.32597303  53.35662991  42.04767202  32.45968678
  24.54683466  18.18425336  13.19605917   9.38084236   6.53263248
   4.45639233   2.97801865   1.94948641]
A 0.0029579477885029815
