Defining Conda Paths
Sourcing Conda
Finished!
Num events after cut = 3449/10000
1.3 mm size, 3.5 pitch-------------------
Coverage = 13.56793128395485
Mean and std 20860.580168164684 307.49973025444
Eres err 0.046160891100598365
  Fit was valid = True
 Emu       = 20859.616611233858 +-5.379261424795719 
 E sigma   = 307.9148974221965 +-4.093189176918139 
 chi2    = 0.913409963872623 
 Eres(FWHM)     (%) =3.4689036832655398
 Eres (FWHM) Qbb (%) =0.4480156970629144 
data event_id
4.0       20919.0
12.0      21037.0
14.0      21176.0
18.0      20244.0
19.0      20876.0
           ...   
9994.0    21278.0
9995.0    20694.0
9996.0    20888.0
9998.0    20662.0
9999.0    20786.0
Name: charge, Length: 3449, dtype: float64
plot_range (19734.0, 21894.0)
data in range event_id
4.0       20919.0
12.0      21037.0
14.0      21176.0
18.0      20244.0
19.0      20876.0
           ...   
9994.0    21278.0
9995.0    20694.0
9996.0    20888.0
9998.0    20662.0
9999.0    20786.0
Name: charge, Length: 3448, dtype: float64
y [1.62418854e-06 2.09913735e-06 2.69938450e-06 3.45388699e-06
 4.39714693e-06 5.56997585e-06 7.02029121e-06 8.80392679e-06
 1.09854335e-05 1.36388406e-05 1.68483428e-05 2.07088702e-05
 2.53264956e-05 3.08186264e-05 3.73139251e-05 4.49519020e-05
 5.38821218e-05 6.42629691e-05 7.62599235e-05 9.00433042e-05
 1.05785456e-04 1.23657363e-04 1.43824701e-04 1.66443354e-04
 1.91654455e-04 2.19579028e-04 2.50312350e-04 2.83918164e-04
 3.20422909e-04 3.59810158e-04 4.02015466e-04 4.46921844e-04
 4.94356085e-04 5.44086144e-04 5.95819795e-04 6.49204722e-04
 7.03830192e-04 7.59230412e-04 8.14889607e-04 8.70248819e-04
 9.24714327e-04 9.77667572e-04 1.02847636e-03 1.07650710e-03
 1.12113772e-03 1.16177094e-03 1.19784751e-03 1.22885896e-03
 1.25435951e-03 1.27397672e-03 1.28742055e-03 1.29449049e-03
 1.29508052e-03 1.28918178e-03 1.27688277e-03 1.25836716e-03
 1.23390920e-03 1.20386700e-03 1.16867378e-03 1.12882747e-03
 1.08487904e-03 1.03741983e-03 9.87068416e-04 9.34457266e-04
 8.80219763e-04 8.24977807e-04 7.69330404e-04 7.13843497e-04
 6.59041250e-04 6.05398959e-04 5.53337650e-04 5.03220417e-04
 4.55350445e-04 4.09970642e-04 3.67264736e-04 3.27359677e-04
 2.90329133e-04 2.56197879e-04 2.24946854e-04 1.96518662e-04
 1.70823318e-04 1.47744046e-04 1.27142955e-04 1.08866459e-04
 9.27503106e-05 7.86241798e-05 6.63157009e-05 5.56539611e-05
 4.64724187e-05 3.86112581e-05 3.19192082e-05 2.62548625e-05
 2.14875482e-05 1.74978006e-05 1.41774962e-05 1.14297070e-05
 9.16832790e-06 7.31753244e-06 5.81110410e-06 4.59168550e-06]
amp 3449
max data 21894.0
original y [  2.99018801   4.4375871    6.45723775   9.21293811  12.88845978
  17.67890564  23.77722819  31.35584898  40.54407464  51.40291072
  63.89980333  77.88661355  93.08455178 109.07968943 125.33191169
 141.19877396 155.97380891 168.93666653 179.41041608 186.81978881
 190.74343117 190.95357559 187.43793439 180.40088956 170.24381791
 157.52718644 142.91939617 127.1388619  110.89627455  94.84339345
  79.53324505  65.39458846  52.72133636  41.67566126  32.30204957
  24.54873679  18.29277995  13.36539386   9.57492328   6.72574403
   4.63230191   3.12827461]
A 0.008140652808993665
