Defining Conda Paths
Sourcing Conda
Finished!
Num events after cut = 3448/10000
1.3 mm size, 3.5 pitch-------------------
Coverage = 13.56793128395485
Mean and std 22176.700406032483 320.10711733099663
Eres err 0.04430338412734079
  Fit was valid = True
 Emu       = 22175.16875990008 +-5.545579984254534 
 E sigma   = 317.9772420385725 +-4.176395872690275 
 chi2    = 0.9855083358754163 
 Eres(FWHM)     (%) =3.3697444510181596
 Eres (FWHM) Qbb (%) =0.43520908822858867 
data event_id
4.0       22098.0
12.0      22412.0
14.0      22453.0
18.0      21451.0
19.0      22113.0
           ...   
9994.0    22587.0
9995.0    21971.0
9996.0    22211.0
9998.0    21838.0
9999.0    21964.0
Name: charge, Length: 3448, dtype: float64
plot_range (21072.0, 23247.0)
data in range event_id
4.0       22098.0
12.0      22412.0
14.0      22453.0
18.0      21451.0
19.0      22113.0
           ...   
9994.0    22587.0
9995.0    21971.0
9996.0    22211.0
9998.0    21838.0
9999.0    21964.0
Name: charge, Length: 3447, dtype: float64
y [3.05401901e-06 3.87201421e-06 4.88572426e-06 6.13546901e-06
 7.66819918e-06 9.53818644e-06 1.18076925e-05 1.45475904e-05
 1.78379071e-05 2.17682509e-05 2.64380839e-05 3.19567955e-05
 3.84435312e-05 4.60267306e-05 5.48433260e-05 6.50375610e-05
 7.67593895e-05 9.01624246e-05 1.05401418e-04 1.22629267e-04
 1.41993549e-04 1.63632626e-04 1.87671355e-04 2.14216482e-04
 2.43351810e-04 2.75133253e-04 3.09583915e-04 3.46689347e-04
 3.86393143e-04 4.28593054e-04 4.73137804e-04 5.19824776e-04
 5.68398737e-04 6.18551746e-04 6.69924367e-04 7.22108265e-04
 7.74650242e-04 8.27057702e-04 8.78805494e-04 9.29344045e-04
 9.78108609e-04 1.02452945e-03 1.06804270e-03 1.10810162e-03
 1.14418794e-03 1.17582299e-03 1.20257821e-03 1.22408484e-03
 1.24004234e-03 1.25022538e-03 1.25448915e-03 1.25277280e-03
 1.24510083e-03 1.23158258e-03 1.21240956e-03 1.18785102e-03
 1.15824757e-03 1.12400341e-03 1.08557707e-03 1.04347127e-03
 9.98221999e-04 9.50387205e-04 9.00535483e-04 8.49234994e-04
 7.97042975e-04 7.44496051e-04 6.92101615e-04 6.40330415e-04
 5.89610492e-04 5.40322533e-04 4.92796665e-04 4.47310656e-04
 4.04089469e-04 3.63306045e-04 3.25083196e-04 2.89496435e-04
 2.56577592e-04 2.26319009e-04 1.98678167e-04 1.73582548e-04
 1.50934590e-04 1.30616579e-04 1.12495366e-04 9.64268020e-05
 8.22598095e-05 6.98400335e-05 5.90130394e-05 4.96270352e-05
 4.15351212e-05 3.45970794e-05 2.86807298e-05 2.36628887e-05
 1.94299699e-05 1.58782743e-05 1.29140147e-05 1.04531229e-05
 8.42088310e-06 6.75143399e-06 5.38717666e-06 4.27812247e-06]
amp 3448
max data 23247.0
original y [  2.12928606   3.17573718   4.64865522   6.67855279   9.41693627
  13.0319421   17.7003109   23.59526666  30.87031972  39.63963138
  49.95630739  61.79072539  75.01161229  89.37292035 104.50946882
 119.9437365  135.105102   149.36132848 162.06037075 172.57891361
 180.37272884 185.02323199 186.27470851 184.05760402 178.49492734
 169.89094605 158.70362014 145.50424855 130.92927337 115.62988219
 100.22490448  85.26159663  71.18746264  58.33454412  46.91593168
  37.03284901  28.68970918  21.81410553  16.27874484  11.92275623
   8.57047032   6.04651157   4.18675322   2.8452608 ]
A 0.007883043008238092
