Defining Conda Paths
Sourcing Conda
Finished!
Num events after cut = 3301/10000
1.3 mm size, 2.4 pitch-------------------
Coverage = 28.865494349853595
Mean and std 40738.71796425326 563.9829456001447
Eres err 0.042902429601673835
  Fit was valid = True
 Emu       = 40740.49071181434 +-9.848254593556854 
 E sigma   = 555.4752375965368 +-7.431031175255186 
 chi2    = 0.8790473392267413 
 Eres(FWHM)     (%) =3.204101829763474
 Eres (FWHM) Qbb (%) =0.41381601963958525 
data event_id
2.0       40405.0
3.0       40993.0
14.0      40843.0
15.0      41192.0
16.0      40452.0
           ...   
9987.0    40234.0
9988.0    40862.0
9990.0    41083.0
9993.0    41728.0
9998.0    40219.0
Name: charge, Length: 3301, dtype: float64
plot_range (37606.0, 42878.0)
data in range event_id
2.0       40405.0
3.0       40993.0
14.0      40843.0
15.0      41192.0
16.0      40452.0
           ...   
9987.0    40234.0
9988.0    40862.0
9990.0    41083.0
9993.0    41728.0
9998.0    40219.0
Name: charge, Length: 3300, dtype: float64
y [8.74531736e-11 1.49528028e-10 2.53325054e-10 4.25247913e-10
 7.07318055e-10 1.16572418e-09 1.90364242e-09 3.08023216e-09
 4.93844287e-09 7.84521998e-09 1.23489128e-08 1.92602017e-08
 2.97646955e-08 4.55775069e-08 6.91525491e-08 1.03961929e-07
 1.54863466e-07 2.28576788e-07 3.34290307e-07 4.84422102e-07
 6.95556836e-07 9.89577482e-07 1.39500413e-06 1.94854163e-06
 2.69682269e-06 3.69831249e-06 5.02531538e-06 6.76599307e-06
 9.02626920e-06 1.19314582e-05 1.56274195e-05 2.02810076e-05
 2.60795619e-05 3.32291753e-05 4.19514852e-05 5.24787675e-05
 6.50471721e-05 7.98880317e-05 9.72172943e-05 1.17223274e-04
 1.40053082e-04 1.65798272e-04 1.94480400e-04 2.26037338e-04
 2.60311310e-04 2.97039632e-04 3.35849161e-04 3.76255315e-04
 4.17666388e-04 4.59393575e-04 5.00666826e-04 5.40656242e-04
 5.78498364e-04 6.13326254e-04 6.44302007e-04 6.70649986e-04
 6.91688991e-04 7.06861477e-04 7.15758102e-04 7.18136066e-04
 7.13930131e-04 7.03255589e-04 6.86403012e-04 6.63825110e-04
 6.36116528e-04 6.03987833e-04 5.68235299e-04 5.29708247e-04
 4.89275836e-04 4.47795070e-04 4.06081642e-04 3.64884917e-04
 3.24868030e-04 2.86593638e-04 2.50515513e-04 2.16975756e-04
 1.86207129e-04 1.58339731e-04 1.33411114e-04 1.11378824e-04
 9.21343870e-05 7.55178090e-05 6.13317730e-05 4.93548873e-05
 3.93534959e-05 3.10917365e-05 2.43396958e-05 1.88796449e-05
 1.45104541e-05 1.10503668e-05 8.33836485e-06 6.23438473e-06
 4.61864744e-06 3.39034999e-06 2.46594145e-06 1.77717214e-06
 1.26906755e-06 8.97942422e-07 6.29536257e-07 4.37322189e-07]
amp 3301
max data 42878.0
original y [  3.79566772   6.45284417  10.58195526  16.7391121   25.54175102
  37.59418457  53.3755575   73.09975677  96.56976896 123.06036691
 151.26796753 179.36078269 205.14444526 226.3308666  240.86825336
 247.2675315  244.85353358 233.88232975 215.49648935 191.52908787
 164.20297983 135.79353078 108.32504543  83.35476508  61.8705158
  44.29847689  30.59465812  20.3823459   13.09828644   8.11944889
   4.85501274   2.80030895]
A 0.004512583288999215
