Defining Conda Paths
Sourcing Conda
Finished!
Num events after cut = 3299/10000
1.3 mm size, 2.4 pitch-------------------
Coverage = 28.865494349853595
Mean and std 42396.54986359503 571.0485233756776
Eres err 0.0410416695662513
  Fit was valid = True
 Emu       = 42394.97456521519 +-9.928350738742397 
 E sigma   = 560.6343337821024 +-7.397655960813653 
 chi2    = 0.8753254143128499 
 Eres(FWHM)     (%) =3.1076576832503484
 Eres (FWHM) Qbb (%) =0.40136006943948044 
data event_id
2.0       42156.0
3.0       42767.0
14.0      42419.0
15.0      42809.0
16.0      41948.0
           ...   
9987.0    41868.0
9988.0    42367.0
9990.0    42756.0
9993.0    43401.0
9998.0    41784.0
Name: charge, Length: 3299, dtype: float64
plot_range (39142.0, 44706.0)
data in range event_id
2.0       42156.0
3.0       42767.0
14.0      42419.0
15.0      42809.0
16.0      41948.0
           ...   
9987.0    41868.0
9988.0    42367.0
9990.0    42756.0
9993.0    43401.0
9998.0    41784.0
Name: charge, Length: 3298, dtype: float64
y [3.47997174e-11 6.19451857e-11 1.09162873e-10 1.90448657e-10
 3.28939803e-10 5.62458520e-10 9.52138505e-10 1.59567821e-09
 2.64743959e-09 4.34852889e-09 7.07121786e-09 1.13836526e-08
 1.81428123e-08 2.86261629e-08 4.47154110e-08 6.91491542e-08
 1.05864920e-07 1.60454845e-07 2.40762672e-07 3.57652306e-07
 5.25979069e-07 7.65793106e-07 1.10379901e-06 1.57508540e-06
 2.22512169e-06 3.11199570e-06 4.30883402e-06 5.90630813e-06
 8.01508241e-06 1.07680098e-05 1.43218278e-05 1.88580600e-05
 2.45827880e-05 3.17249404e-05 4.05327483e-05 5.12680556e-05
 6.41982512e-05 7.95857122e-05 9.76748097e-05 1.18676737e-04
 1.42752650e-04 1.69995850e-04 2.00413981e-04 2.33912413e-04
 2.70280105e-04 3.09179327e-04 3.50140521e-04 3.92563446e-04
 4.35725421e-04 4.78797084e-04 5.20865572e-04 5.60964484e-04
 5.98109412e-04 6.31337323e-04 6.59747647e-04 6.82542648e-04
 6.99064572e-04 7.08827162e-04 7.11539421e-04 7.07120029e-04
 6.95701387e-04 6.77623028e-04 6.53414852e-04 6.23771322e-04
 5.89518398e-04 5.51575390e-04 5.10914179e-04 4.68518331e-04
 4.25344457e-04 3.82287875e-04 3.40154193e-04 2.99637862e-04
 2.61308243e-04 2.25603112e-04 1.92829120e-04 1.63168271e-04
 1.36689250e-04 1.13362279e-04 9.30761329e-05 7.56560481e-05
 6.08813860e-05 4.85021474e-05 3.82536571e-05 2.98689882e-05
 2.30889201e-05 1.76694197e-05 1.33867918e-05 1.00407531e-05
 7.45575499e-06 5.48090814e-06 3.98886168e-06 2.87396177e-06
 2.04997495e-06 1.44761035e-06 1.01202295e-06 7.00429781e-07
 4.79926135e-07 3.25551541e-07 2.18625426e-07 1.45350704e-07]
amp 3299
max data 44706.0
original y [  3.59644829   6.30077913  10.61217322  17.18319995  26.74812824
  40.02878323  57.58919669  79.65247805 105.91249574 135.38942746
 166.38414553 196.57521944 223.27250087 243.79867673 255.92758026
 258.2810102  250.58640264 233.72876596 209.58320141 180.6718174
 149.73178287 119.29636692  91.37556578  67.28566976  47.63264736
  32.41727454  21.20986566  13.34101818   8.06732723   4.68986142
   2.62107825]
A 0.0044710573783824535
