Defining Conda Paths
Sourcing Conda
Finished!
Num events after cut = 3301/10000
1.3 mm size, 2.4 pitch-------------------
Coverage = 28.865494349853595
Mean and std 39994.598000605874 558.9839452607889
Eres err 0.042743546488811
  Fit was valid = True
 Emu       = 39994.826916528895 +-9.701200190124075 
 E sigma   = 548.2555012676022 +-7.267840381577591 
 chi2    = 1.0978067702237393 
 Eres(FWHM)     (%) =3.2214176865118533
 Eres (FWHM) Qbb (%) =0.4160523964144122 
data event_id
2.0       39465.0
3.0       40223.0
14.0      40163.0
15.0      40472.0
16.0      39862.0
           ...   
9987.0    39534.0
9988.0    40142.0
9990.0    40303.0
9993.0    41078.0
9998.0    39539.0
Name: charge, Length: 3301, dtype: float64
plot_range (36876.0, 42228.0)
data in range event_id
2.0       39465.0
3.0       40223.0
14.0      40163.0
15.0      40472.0
16.0      39862.0
           ...   
9987.0    39534.0
9988.0    40142.0
9990.0    40303.0
9993.0    41078.0
9998.0    39539.0
Name: charge, Length: 3300, dtype: float64
y [6.83773542e-11 1.19236276e-10 2.05912122e-10 3.52154159e-10
 5.96432262e-10 1.00038422e-09 1.66168972e-09 2.73344559e-09
 4.45295527e-09 7.18395543e-09 1.14777384e-08 1.81604421e-08
 2.84560036e-08 4.41569224e-08 6.78580045e-08 1.03271568e-07
 1.55645960e-07 2.32312370e-07 3.43387289e-07 5.02659034e-07
 7.28685569e-07 1.04612659e-06 1.48732444e-06 2.09413457e-06
 2.91998657e-06 4.03212996e-06 5.51398507e-06 7.46747967e-06
 1.00152065e-05 1.33021907e-05 1.74970095e-05 2.27919709e-05
 2.94020313e-05 3.75621280e-05 4.75226268e-05 5.95426399e-05
 7.38810624e-05 9.07853091e-05 1.10477902e-04 1.33141259e-04
 1.58901244e-04 1.87810269e-04 2.19830916e-04 2.54821227e-04
 2.92522876e-04 3.32553455e-04 3.74404010e-04 4.17442745e-04
 4.60925506e-04 5.04013261e-04 5.45796295e-04 5.85324363e-04
 6.21641526e-04 6.53823961e-04 6.81018711e-04 7.02481118e-04
 7.17608649e-04 7.25968992e-04 7.27320580e-04 7.21624184e-04
 7.09044808e-04 6.89943743e-04 6.64861337e-04 6.34491596e-04
 5.99650318e-04 5.61238765e-04 5.20205154e-04 4.77506226e-04
 4.34071053e-04 3.90768916e-04 3.48382710e-04 3.07588839e-04
 2.68944057e-04 2.32879216e-04 1.99699467e-04 1.69590093e-04
 1.42626902e-04 1.18789983e-04 9.79795831e-05 8.00329368e-05
 6.47409872e-05 5.18641518e-05 4.11464754e-05 3.23277440e-05
 2.51533338e-05 1.93817555e-05 1.47899962e-05 1.11768755e-05
 8.36469602e-06 6.19950922e-06 4.55031912e-06 3.30753005e-06
 2.38091089e-06 1.69730496e-06 1.19826816e-06 8.37771447e-07
 5.80062098e-07 3.97741421e-07 2.70087542e-07 1.81629204e-07]
amp 3301
max data 42228.0
original y [  2.40462407   4.28183404   7.33935985  12.10966822  19.23322088
  29.40475096  43.27416567  61.30354836  83.59652681 109.73282678
 138.65342805 168.64379539 197.44940773 222.52920416 241.41480816
 252.10793113 253.42813221 245.22731823 228.41708579 204.80192559
 176.76048989 146.85274508 117.44232849  90.40926719  66.99570422
  47.78886056  32.81346602  21.68818698  13.79876133   8.45089428
   4.98208285   2.8272547 ]
A 0.004572007519916378
