Defining Conda Paths
Sourcing Conda
Finished!
Num events after cut = 3300/10000
1.3 mm size, 2.4 pitch-------------------
Coverage = 28.865494349853595
Mean and std 41535.3096969697 567.1753460603661
Eres err 0.04190248234889148
  Fit was valid = True
 Emu       = 41533.868220084565 +-9.864934126482884 
 E sigma   = 556.4876802141207 +-7.399322520209169 
 chi2    = 0.8257870792641997 
 Eres(FWHM)     (%) =3.1486256988478525
 Eres (FWHM) Qbb (%) =0.40665116880143265 
data event_id
2.0       41260.0
3.0       41839.0
14.0      41635.0
15.0      41993.0
16.0      41100.0
           ...   
9987.0    41044.0
9988.0    41663.0
9990.0    41884.0
9993.0    42457.0
9998.0    40984.0
Name: charge, Length: 3300, dtype: float64
plot_range (38326.0, 43634.0)
data in range event_id
2.0       41260.0
3.0       41839.0
14.0      41635.0
15.0      41993.0
16.0      41100.0
           ...   
9987.0    41044.0
9988.0    41663.0
9990.0    41884.0
9993.0    42457.0
9998.0    40984.0
Name: charge, Length: 3299, dtype: float64
y [4.36306266e-11 7.56798442e-11 1.30058137e-10 2.21443708e-10
 3.73557689e-10 6.24339100e-10 1.03383661e-09 1.69610135e-09
 2.75689490e-09 4.43973592e-09 7.08373958e-09 1.11978992e-08
 1.75379586e-08 2.72138536e-08 4.18378701e-08 6.37261394e-08
 9.61687941e-08 1.43786877e-07 2.12996687e-07 3.12604313e-07
 4.54554123e-07 6.54854408e-07 9.34700401e-07 1.32180875e-06
 1.85196738e-06 2.57078976e-06 3.53564221e-06 4.81768696e-06
 6.50395254e-06 8.69930722e-06 1.15281732e-05 1.51357810e-05
 1.96887296e-05 2.53745924e-05 3.24002957e-05 4.09890064e-05
 5.13752948e-05 6.37983993e-05 7.84935111e-05 9.56811196e-05
 1.15554606e-04 1.38266443e-04 1.63913543e-04 1.92522462e-04
 2.24035320e-04 2.58297437e-04 2.95047692e-04 3.33912644e-04
 3.74405332e-04 4.15929482e-04 4.57789581e-04 4.99206949e-04
 5.39341525e-04 5.77318685e-04 6.12260001e-04 6.43316486e-04
 6.69702611e-04 6.90729211e-04 7.05833345e-04 7.14603337e-04
 7.16797408e-04 7.12354762e-04 7.01398376e-04 6.84229349e-04
 6.61313153e-04 6.33258665e-04 6.00791307e-04 5.64721937e-04
 5.25913350e-04 4.85246320e-04 4.43587015e-04 4.01757431e-04
 3.60510178e-04 3.20508580e-04 2.82312631e-04 2.46370939e-04
 2.13018423e-04 1.82479201e-04 1.54873850e-04 1.30230089e-04
 1.08495844e-04 8.95536686e-05 7.32355894e-05 5.93375348e-05
 4.76327150e-05 3.78834648e-05 2.98512531e-05 2.33047238e-05
 1.80257720e-05 1.38137726e-05 1.04881588e-05 7.88959522e-06
 5.88001873e-06 4.34181401e-06 3.17637844e-06 2.30229931e-06
 1.65333114e-06 1.17632256e-06 8.29204265e-07 5.79115442e-07]
amp 3300
max data 43634.0
original y [  2.77696301   4.83147525   8.10558574  13.11245559  20.45401816
  30.7658009   44.62238656  62.4068618   84.16022252 109.44007627
 137.22741421 165.92061694 193.44379729 217.47244875 235.74834986
 246.42686916 248.38332598 241.40807781 226.24351464 204.45392891
 178.15981924 149.69905099 121.28952965  94.75945574  71.38661421
  51.85683324  36.32370841  24.53405589  15.97877572  10.03489038
   6.07682522   3.5484267 ]
A 0.004504373346893359
