Defining Conda Paths
Sourcing Conda
Finished!
Num events after cut = 3326/10000
3.0 mm size, 5.5 pitch-------------------
Coverage = 29.28886475043297
Mean and std 68000.54960914011 934.5744931558502
Eres err 0.04149224057480193
  Fit was valid = True
 Emu       = 67998.25744772078 +-16.35426005175372 
 E sigma   = 923.0438652906885 +-11.994617376407387 
 chi2    = 1.1741936313582289 
 Eres(FWHM)     (%) =3.1900127515779824
 Eres (FWHM) Qbb (%) =0.4119963876288444 
data event_id
2.0       68185.0
6.0       68354.0
7.0       67987.0
9.0       67049.0
11.0      69015.0
           ...   
9971.0    66160.0
9975.0    68340.0
9977.0    67633.0
9985.0    67620.0
9986.0    68113.0
Name: charge, Length: 3326, dtype: float64
plot_range (64771.0, 71347.0)
data in range event_id
2.0       68185.0
6.0       68354.0
7.0       67987.0
9.0       67049.0
11.0      69015.0
           ...   
9971.0    66160.0
9975.0    68340.0
9977.0    67633.0
9985.0    67620.0
9986.0    68113.0
Name: charge, Length: 3325, dtype: float64
y [9.57687041e-07 1.22848208e-06 1.56770747e-06 1.99027097e-06
 2.51368222e-06 3.15834464e-06 3.94784095e-06 4.90920038e-06
 6.07313385e-06 7.47422090e-06 9.15103018e-06 1.11461537e-05
 1.35061339e-05 1.62812617e-05 1.95252249e-05 2.32945871e-05
 2.76480795e-05 3.26456940e-05 3.83475677e-05 4.48126600e-05
 5.20972268e-05 6.02531104e-05 6.93258685e-05 7.93527805e-05
 9.03607780e-05 1.02364355e-04 1.15363529e-04 1.29341917e-04
 1.44265018e-04 1.60078778e-04 1.76708511e-04 1.94058270e-04
 2.12010723e-04 2.30427592e-04 2.49150704e-04 2.68003668e-04
 2.86794183e-04 3.05316955e-04 3.23357165e-04 3.40694433e-04
 3.57107169e-04 3.72377200e-04 3.86294547e-04 3.98662198e-04
 4.09300728e-04 4.18052630e-04 4.24786187e-04 4.29398768e-04
 4.31819435e-04 4.32010754e-04 4.29969760e-04 4.25728035e-04
 4.19350891e-04 4.10935701e-04 4.00609421e-04 3.88525408e-04
 3.74859632e-04 3.59806419e-04 3.43573866e-04 3.26379084e-04
 3.08443412e-04 2.89987755e-04 2.71228177e-04 2.52371862e-04
 2.33613556e-04 2.15132553e-04 1.97090280e-04 1.79628508e-04
 1.62868202e-04 1.46908973e-04 1.31829112e-04 1.17686138e-04
 1.04517805e-04 9.23434787e-05 8.11658170e-05 7.09726596e-05
 6.17390551e-05 5.34293461e-05 4.59992469e-05 3.93978541e-05
 3.35695404e-05 2.84556955e-05 2.39962843e-05 2.01312051e-05
 1.68014410e-05 1.39500020e-05 1.15226665e-05 9.46853300e-06
 7.74039965e-06 6.29499014e-06 5.09304726e-06 4.09931546e-06
 3.28243366e-06 2.61475834e-06 2.07213544e-06 1.63363753e-06
 1.28128059e-06 9.99732423e-07 7.76022456e-07 5.99260680e-07]
amp 3326
max data 71347.0
original y [  2.08359192   3.16153888   4.70075201   6.84887289   9.77808534
  13.67953993  18.75305863  25.191596    33.1605867   42.77319386
  54.06349352  66.96062261  81.26767065  96.64938438 112.63239623
 128.6205928  143.92645928 157.81697969 169.57029088 178.53721427
 184.20045332 186.22397247 184.48600655 179.09119114 170.36013335
 158.79786868 145.04551972 129.82158863 113.86033875  97.854539
  82.40857994  68.00593831  54.99259266  43.5757133   33.8351235
  25.74387859  19.19389623  14.02281673  10.03899701   7.04252413
   4.84115863   3.26101829   2.15248487]
A 0.002715611217286627
