Defining Conda Paths
Sourcing Conda
Finished!
Num events after cut = 3324/10000
3.0 mm size, 5.5 pitch-------------------
Coverage = 29.28886475043297
Mean and std 75156.75240673887 1184.1119239772217
Eres err 0.04647212154002734
  Fit was valid = True
 Emu       = 75151.50265672515 +-20.683766842737743 
 E sigma   = 1168.2800361292211 +-14.842266202015345 
 chi2    = 0.858653144190882 
 Eres(FWHM)     (%) =3.6532311235934873
 Eres (FWHM) Qbb (%) =0.4718219465891647 
data event_id
2.0       75319.0
6.0       75801.0
7.0       74969.0
9.0       73743.0
11.0      76258.0
           ...   
9971.0    73188.0
9975.0    75479.0
9977.0    74611.0
9985.0    74915.0
9986.0    75775.0
Name: charge, Length: 3324, dtype: float64
plot_range (71290.0, 79446.0)
data in range event_id
2.0       75319.0
6.0       75801.0
7.0       74969.0
9.0       73743.0
11.0      76258.0
           ...   
9971.0    73188.0
9975.0    75479.0
9977.0    74611.0
9985.0    74915.0
9986.0    75775.0
Name: charge, Length: 3323, dtype: float64
y [1.44891913e-06 1.82469201e-06 2.28652202e-06 2.85102879e-06
 3.53726999e-06 4.36691976e-06 5.36441797e-06 6.55707875e-06
 7.97514495e-06 9.65177446e-06 1.16229438e-05 1.39272544e-05
 1.66056267e-05 1.97008710e-05 2.32571225e-05 2.73191338e-05
 3.19314225e-05 3.71372722e-05 4.29775971e-05 4.94896810e-05
 5.67058118e-05 6.46518393e-05 7.33456888e-05 8.27958736e-05
 9.30000514e-05 1.03943678e-04 1.15598810e-04 1.27923120e-04
 1.40859167e-04 1.54333990e-04 1.68259055e-04 1.82530609e-04
 1.97030452e-04 2.11627157e-04 2.26177728e-04 2.40529679e-04
 2.54523508e-04 2.67995513e-04 2.80780886e-04 2.92717004e-04
 3.03646835e-04 3.13422347e-04 3.21907840e-04 3.28983065e-04
 3.34546065e-04 3.38515613e-04 3.40833188e-04 3.41464409e-04
 3.40399885e-04 3.37655447e-04 3.33271757e-04 3.27313302e-04
 3.19866821e-04 3.11039201e-04 3.00954925e-04 2.89753157e-04
 2.77584552e-04 2.64607899e-04 2.50986700e-04 2.36885790e-04
 2.22468078e-04 2.07891528e-04 1.93306418e-04 1.78852968e-04
 1.64659360e-04 1.50840196e-04 1.37495394e-04 1.24709519e-04
 1.12551543e-04 1.01074988e-04 9.03184207e-05 8.03062538e-05
 7.10497892e-05 6.25484591e-05 5.47912024e-05 4.77579241e-05
 4.14209872e-05 3.57466908e-05 3.06966963e-05 2.62293679e-05
 2.23010035e-05 1.88669363e-05 1.58824960e-05 1.33038249e-05
 1.10885479e-05 9.19630216e-06 7.58913329e-06 6.23177154e-06
 5.09179911e-06 4.13972405e-06 3.34897510e-06 2.69583209e-06
 2.15930581e-06 1.72098015e-06 1.36482813e-06 1.07701181e-06
 8.45674735e-07 6.60733981e-07 5.13677241e-07 3.97369381e-07]
amp 3324
max data 79446.0
original y [  2.31888655   3.46981163   5.09173482   7.32755588  10.34155824
  14.31351534  19.42853775  25.8623155   33.76200094  43.22374894
  54.26879375  66.82075636  80.68746814  95.55078762 110.96753442
 126.38370539 141.16262113 154.62575234 166.10297838 174.98728628
 180.78777283 183.17453398 182.00973535 177.36079356 169.49391474
 158.84885181 145.99821017 131.59653842 116.32548759 100.84137989
  85.73065864  71.47711632  58.44284749  46.86290372  36.85195261
  28.42007996  21.49431302  15.94245959  11.59632993   8.2721668
   5.78697339   3.97024374   2.67126108]
A 0.0021455714358828153
