Defining Conda Paths
Sourcing Conda
Finished!
Num events after cut = 3321/10000
3.0 mm size, 5.5 pitch-------------------
Coverage = 29.28886475043297
Mean and std 92638.21890996688 1163.438944255639
Eres err 0.03779048572609212
  Fit was valid = True
 Emu       = 92632.64418521032 +-20.293539628483835 
 E sigma   = 1146.54384235435 +-14.88460953497457 
 chi2    = 0.8837631649964581 
 Eres(FWHM)     (%) =2.9086701056979063
 Eres (FWHM) Qbb (%) =0.37566043451041403 
data event_id
2.0       93257.0
6.0       93393.0
7.0       93033.0
9.0       91742.0
11.0      94451.0
           ...   
9971.0    90699.0
9975.0    93225.0
9977.0    92403.0
9985.0    92341.0
9986.0    92823.0
Name: charge, Length: 3321, dtype: float64
plot_range (88573.0, 96859.0)
data in range event_id
2.0       93257.0
6.0       93393.0
7.0       93033.0
9.0       91742.0
11.0      94451.0
           ...   
9971.0    90699.0
9975.0    93225.0
9977.0    92403.0
9985.0    92341.0
9986.0    92823.0
Name: charge, Length: 3320, dtype: float64
y [6.59383806e-07 8.51598376e-07 1.09399933e-06 1.39792855e-06
 1.77680013e-06 2.24635229e-06 2.82489844e-06 3.53356836e-06
 4.39652797e-06 5.44116467e-06 6.69822270e-06 8.20187189e-06
 9.98969124e-06 1.21025486e-05 1.45843571e-05 1.74816905e-05
 2.08432411e-05 2.47191061e-05 2.91598950e-05 3.42156532e-05
 3.99346057e-05 4.63617318e-05 5.35371916e-05 6.14946318e-05
 7.02594120e-05 7.98467974e-05 9.02601762e-05 1.01489366e-04
 1.13509075e-04 1.26277599e-04 1.39735814e-04 1.53806550e-04
 1.68394389e-04 1.83385963e-04 1.98650767e-04 2.14042536e-04
 2.29401162e-04 2.44555157e-04 2.59324604e-04 2.73524545e-04
 2.86968728e-04 2.99473587e-04 3.10862376e-04 3.20969292e-04
 3.29643482e-04 3.36752776e-04 3.42187045e-04 3.45861027e-04
 3.47716560e-04 3.47724113e-04 3.45883565e-04 3.42224210e-04
 3.36803983e-04 3.29707930e-04 3.21045991e-04 3.10950167e-04
 2.99571176e-04 2.87074712e-04 2.73637452e-04 2.59442919e-04
 2.44677363e-04 2.29525767e-04 2.14168101e-04 1.98775938e-04
 1.83509487e-04 1.68515137e-04 1.53923524e-04 1.39848162e-04
 1.26384616e-04 1.13610207e-04 1.01584201e-04 9.03484437e-05
 7.99283536e-05 7.03342310e-05 6.15627916e-05 5.35988598e-05
 4.64171512e-05 3.99840792e-05 3.42595300e-05 2.91985569e-05
 2.47529555e-05 2.08726897e-05 1.75071503e-05 1.46062318e-05
 1.21212274e-05 1.00055438e-05 8.21524425e-06 6.70943497e-06
 5.45050950e-06 4.40427004e-06 3.53994458e-06 2.83011883e-06
 2.25060129e-06 1.78023831e-06 1.40069445e-06 1.09621150e-06
 8.53357460e-07 6.60774552e-07 5.08933821e-07 3.89901586e-07]
amp 3321
max data 96859.0
original y [  2.90430358   4.3645467    6.42337446   9.2579386   13.06749406
  18.06330798  24.45283526  32.41814178  42.08951996  53.51638725
  66.63870714  81.26308356  97.04809006 113.50308027 130.00356521
 145.82427884 160.18851381 172.32959479 181.55797136 187.32586044
 189.28103876 187.30244439 181.51258409 172.2649784  160.10843348
 145.73316021 129.90609168 113.40380096  96.9510831   81.17170704
  66.55545447  53.44284719  42.02642821  32.36550108  24.41007697
  18.02946844  13.04138321   9.23828487   6.40893702   4.35419242
   2.89705133   1.88769456]
A 0.0021862472083787124
