Defining Conda Paths
Sourcing Conda
Finished!
Num events after cut = 3297/10000
1.3 mm size, 2.4 pitch-------------------
Coverage = 28.865494349853595
Mean and std 57111.18107370337 793.0668419126346
Eres err 0.04276012235277417
  Fit was valid = True
 Emu       = 57111.50203282407 +-13.940665769938056 
 E sigma   = 788.8854759777413 +-10.382035371551163 
 chi2    = 0.4670962844307256 
 Eres(FWHM)     (%) =3.246072686868223
 Eres (FWHM) Qbb (%) =0.41923663794410126 
data event_id
2.0       56808.0
3.0       57796.0
14.0      57373.0
15.0      58093.0
16.0      56274.0
           ...   
9987.0    56733.0
9988.0    57209.0
9990.0    57281.0
9993.0    59007.0
9998.0    56087.0
Name: charge, Length: 3297, dtype: float64
plot_range (52233.0, 60530.0)
data in range event_id
2.0       56808.0
3.0       57796.0
14.0      57373.0
15.0      58093.0
16.0      56274.0
           ...   
9987.0    56733.0
9988.0    57209.0
9990.0    57281.0
9993.0    59007.0
9998.0    56087.0
Name: charge, Length: 3296, dtype: float64
y [2.50995530e-12 4.81429815e-12 9.13058255e-12 1.71223157e-11
 3.17486325e-11 5.82084529e-11 1.05522628e-10 1.89148826e-10
 3.35243380e-10 5.87510023e-10 1.01804942e-09 1.74429906e-09
 2.95509567e-09 4.95017614e-09 8.19913938e-09 1.34280947e-08
 2.17449809e-08 3.48178680e-08 5.51243939e-08 8.62946736e-08
 1.33574225e-07 2.04437163e-07 3.09382351e-07 4.62945360e-07
 6.84955639e-07 1.00205986e-06 1.44951726e-06 2.07324979e-06
 2.93209729e-06 4.10018670e-06 5.66927336e-06 7.75085608e-06
 1.04778085e-05 1.40052140e-05 1.85100484e-05 2.41893314e-05
 3.12563806e-05 3.99348463e-05 5.04503121e-05 6.30193917e-05
 7.78364581e-05 9.50583854e-05 1.14787953e-04 1.37056835e-04
 1.61809342e-04 1.88888274e-04 2.18024306e-04 2.48830342e-04
 2.80802047e-04 3.13325479e-04 3.45692267e-04 3.77122223e-04
 4.06792648e-04 4.33872951e-04 4.57562648e-04 4.77130372e-04
 4.91951252e-04 5.01540014e-04 5.05577355e-04 5.03927605e-04
 4.96646289e-04 4.83977029e-04 4.66338007e-04 4.44299051e-04
 4.18551081e-04 3.89870216e-04 3.59079126e-04 3.27008296e-04
 2.94459717e-04 2.62175146e-04 2.30810550e-04 2.00917749e-04
 1.72933631e-04 1.47176722e-04 1.23850368e-04 1.03051422e-04
 8.47830783e-05 6.89704222e-05 5.54772720e-05 4.41230798e-05
 3.46988475e-05 2.69812950e-05 2.07447899e-05 1.57708028e-05
 1.18548775e-05 8.81127685e-06 6.47558687e-06 4.70563167e-06
 3.38107836e-06 2.40209982e-06 1.68742848e-06 1.17208258e-06
 8.04988272e-07 5.46662654e-07 3.67069049e-07 2.43710723e-07
 1.59992645e-07 1.03854163e-07 6.66570834e-08 4.23026151e-08]
amp 3297
max data 60530.0
original y [  3.83962212   6.94647931  12.02334208  19.90993567  31.5426884
  47.80923017  69.32805106  96.18125251 127.6603589  162.10853823
 196.94271207 228.90650512 254.54264413 270.79906686 275.62459697
 268.39410697 250.04154635 222.86176831 190.03918713 155.03685574
 121.00712309  90.3589375   64.55286043  44.12086953  28.85073159
  18.04902697  10.80276561   6.18586316   3.3888306 ]
A 0.0031774298690494915
