Defining Conda Paths
Sourcing Conda
Finished!
Num events after cut = 3449/10000
1.3 mm size, 3.5 pitch-------------------
Coverage = 13.56793128395485
Mean and std 19916.988982313713 303.04814165671957
Eres err 0.04600745028635321
  Fit was valid = True
 Emu       = 19918.51941488452 +-5.237945863245558 
 E sigma   = 300.8490333576915 +-3.8951412518747413 
 chi2    = 1.0172222494911427 
 Eres(FWHM)     (%) =3.549436650709382
 Eres (FWHM) Qbb (%) =0.45841668735848035 
data event_id
4.0       19943.0
12.0      20091.0
14.0      20296.0
18.0      19382.0
19.0      19951.0
           ...   
9994.0    20123.0
9995.0    19746.0
9996.0    20056.0
9998.0    19828.0
9999.0    19876.0
Name: charge, Length: 3449, dtype: float64
plot_range (18846.0, 20846.0)
data in range event_id
4.0       19943.0
12.0      20091.0
14.0      20296.0
18.0      19382.0
19.0      19951.0
           ...   
9994.0    20123.0
9995.0    19746.0
9996.0    20056.0
9998.0    19828.0
9999.0    19876.0
Name: charge, Length: 3448, dtype: float64
y [2.30582492e-06 2.92288787e-06 3.68841426e-06 4.63349758e-06
 5.79455249e-06 7.21394079e-06 8.94060602e-06 1.10306995e-05
 1.35481769e-05 1.65653409e-05 2.01632998e-05 2.44323110e-05
 2.94719723e-05 3.53912225e-05 4.23081115e-05 5.03492989e-05
 5.96492416e-05 7.03490337e-05 8.25948670e-05 9.65360871e-05
 1.12322830e-04 1.30103234e-04 1.50020241e-04 1.72208007e-04
 1.96787963e-04 2.23864605e-04 2.53521062e-04 2.85814575e-04
 3.20771968e-04 3.58385274e-04 3.98607638e-04 4.41349651e-04
 4.86476281e-04 5.33804541e-04 5.83102052e-04 6.34086617e-04
 6.86426934e-04 7.39744519e-04 7.93616901e-04 8.47582090e-04
 9.01144313e-04 9.53780925e-04 1.00495041e-03 1.05410128e-03
 1.10068174e-03 1.14414981e-03 1.18398374e-03 1.21969233e-03
 1.25082502e-03 1.27698130e-03 1.29781930e-03 1.31306319e-03
 1.32250932e-03 1.32603066e-03 1.32357971e-03 1.31518955e-03
 1.30097307e-03 1.28112049e-03 1.25589508e-03 1.22562738e-03
 1.19070796e-03 1.15157910e-03 1.10872541e-03 1.06266393e-03
 1.01393378e-03 9.63085745e-04 9.10672094e-04 8.57236815e-04
 8.03306555e-04 7.49382452e-04 6.95933014e-04 6.43388169e-04
 5.92134565e-04 5.42512149e-04 4.94812012e-04 4.49275474e-04
 4.06094306e-04 3.65411996e-04 3.27325932e-04 2.91890349e-04
 2.59119902e-04 2.28993691e-04 2.01459604e-04 1.76438820e-04
 1.53830349e-04 1.33515479e-04 1.15362039e-04 9.92283884e-05
 8.49670744e-05 7.24281018e-05 6.14617969e-05 5.19212470e-05
 4.36643187e-05 3.65552680e-05 3.04659671e-05 2.52767758e-05
 2.08770963e-05 1.71656489e-05 1.40505093e-05 1.14489490e-05]
amp 3449
max data 20846.0
original y [  2.21924256   3.26339048   4.71472143   6.69215143   9.33250448
  12.78654998  17.21199771  22.76312612  29.57707723  37.75733488
  47.35546812  58.3527949   70.64410314  84.02584634  98.19120754
 112.73402993 127.16283132 140.92500918 153.44003196 164.13908745
 172.50753706 178.12581339 180.70425219 180.10783657 176.36791175
 169.67945546 160.38423483 148.94187509 135.89224811 121.81345899
 107.27995764  92.82493142  78.91024767  65.90599207  54.08030382
  43.59895395  34.53311398  26.87312303  20.54580986  15.43302695
  11.38942215   8.25800215   5.88262303   4.11708442   2.83094382]
A 0.008331847527164128
