Defining Conda Paths
Sourcing Conda
Finished!
Num events after cut = 3449/10000
1.3 mm size, 3.5 pitch-------------------
Coverage = 13.56793128395485
Mean and std 20361.10843722818 304.0877136912941
Eres err 0.04533338619254476
  Fit was valid = True
 Emu       = 20358.695275234164 +-5.237225813910425 
 E sigma   = 300.57121652828266 +-3.9231500508709543 
 chi2    = 1.26354983190765 
 Eres(FWHM)     (%) =3.469487358066172
 Eres (FWHM) Qbb (%) =0.44809107980528473 
data event_id
4.0       20433.0
12.0      20497.0
14.0      20744.0
18.0      19704.0
19.0      20378.0
           ...   
9994.0    20648.0
9995.0    20166.0
9996.0    20336.0
9998.0    20164.0
9999.0    20240.0
Name: charge, Length: 3449, dtype: float64
plot_range (19182.0, 21312.0)
data in range event_id
4.0       20433.0
12.0      20497.0
14.0      20744.0
18.0      19704.0
19.0      20378.0
           ...   
9994.0    20648.0
9995.0    20166.0
9996.0    20336.0
9998.0    20164.0
9999.0    20240.0
Name: charge, Length: 3448, dtype: float64
y [6.23634585e-07 8.23227054e-07 1.08114471e-06 1.41261163e-06
 1.83626973e-06 2.37478845e-06 3.05554111e-06 3.91134467e-06
 4.98125526e-06 6.31140803e-06 7.95588454e-06 9.97758504e-06
 1.24490771e-05 1.54533851e-05 1.90846786e-05 2.34488109e-05
 2.86636540e-05 3.48591692e-05 4.21771534e-05 5.07705946e-05
 6.08025771e-05 7.24446763e-05 8.58747959e-05 1.01274408e-04
 1.18825174e-04 1.38704949e-04 1.61083185e-04 1.86115787e-04
 2.13939496e-04 2.44665918e-04 2.78375325e-04 3.15110409e-04
 3.54870187e-04 3.97604264e-04 4.43207706e-04 4.91516753e-04
 5.42305613e-04 5.95284572e-04 6.50099611e-04 7.06333717e-04
 7.63509987e-04 8.21096609e-04 8.78513718e-04 9.35142055e-04
 9.90333299e-04 1.04342185e-03 1.09373781e-03 1.14062077e-03
 1.18343410e-03 1.22157922e-03 1.25450946e-03 1.28174314e-03
 1.30287519e-03 1.31758724e-03 1.32565556e-03 1.32695674e-03
 1.32147085e-03 1.30928189e-03 1.29057571e-03 1.26563526e-03
 1.23483348e-03 1.19862403e-03 1.15753016e-03 1.11213217e-03
 1.06305380e-03 1.01094805e-03 9.56482842e-04 9.00327014e-04
 8.43136967e-04 7.85544394e-04 7.28145363e-04 6.71490999e-04
 6.16079921e-04 5.62352547e-04 5.10687268e-04 4.61398466e-04
 4.14736268e-04 3.70887876e-04 3.29980298e-04 2.92084248e-04
 2.57218981e-04 2.25357826e-04 1.96434166e-04 1.70347656e-04
 1.46970459e-04 1.26153322e-04 1.07731345e-04 9.15293181e-05
 7.73665309e-05 6.50610058e-05 5.44331133e-05 4.53085672e-05
 3.75208126e-05 3.09128391e-05 2.53384652e-05 2.06631471e-05
 1.67643757e-05 1.35317215e-05 1.08665948e-05 8.68177738e-06]
amp 3449
max data 21312.0
original y [  2.17714981   3.29451416   4.8861926    7.10274013  10.11946162
  14.13074401  19.33965798  25.94231265  34.10709476  43.94980026
  55.50667628  68.70837524  83.35857351  99.12130436 115.52071863
 131.95592472 147.73181932 162.10459931 174.33828401 183.76649669
 189.85237929 192.2391739  190.78484694 185.5760829  176.9197301
 165.31287236 151.39558653 135.89262781 119.55141423 103.08362401
  87.11657196  72.1585863   58.58027332  46.61126724  36.35018004
  27.78422973  20.81451497  15.28306177  10.99842711   7.75759195
   5.36289659   3.6336915    2.41308612]
A 0.008339548622065531
