Defining Conda Paths
Sourcing Conda
Finished!
Num events after cut = 3295/10000
1.3 mm size, 2.4 pitch-------------------
Coverage = 28.865494349853595
Mean and std 80247.21608497723 897.3034559179381
Eres err 0.03297709550275991
  Fit was valid = True
 Emu       = 80250.04349794712 +-15.546489770402589 
 E sigma   = 876.9632339787418 +-11.254254113750058 
 chi2    = 1.3609721667539603 
 Eres(FWHM)     (%) =2.5680529380682047
 Eres (FWHM) Qbb (%) =0.3316690609466601 
data event_id
2.0       79981.0
3.0       80804.0
14.0      79625.0
15.0      80806.0
16.0      79646.0
           ...   
9987.0    79397.0
9988.0    80267.0
9990.0    80661.0
9993.0    82142.0
9998.0    79392.0
Name: charge, Length: 3295, dtype: float64
plot_range (74085.0, 84120.0)
data in range event_id
2.0       79981.0
3.0       80804.0
14.0      79625.0
15.0      80806.0
16.0      79646.0
           ...   
9987.0    79397.0
9988.0    80267.0
9990.0    80661.0
9993.0    82142.0
9998.0    79392.0
Name: charge, Length: 3294, dtype: float64
y [8.44004144e-15 1.88944364e-14 4.17369969e-14 9.09717065e-14
 1.95654291e-13 4.15212389e-13 8.69459026e-13 1.79649424e-12
 3.66269222e-12 7.36839528e-12 1.46265970e-11 2.86491384e-11
 5.53704085e-11 1.05594617e-10 1.98702679e-10 3.68946637e-10
 6.75960441e-10 1.22201601e-09 2.17986903e-09 3.83691164e-09
 6.66394011e-09 1.14203197e-08 1.93118257e-08 3.22230238e-08
 5.30526573e-08 8.61878173e-08 1.38160060e-07 2.18533005e-07
 3.41074656e-07 5.25266561e-07 7.98193062e-07 1.19683432e-06
 1.77075310e-06 2.58511505e-06 3.72391393e-06 5.29318755e-06
 7.42391211e-06 1.02741583e-05 1.40299968e-05 1.89045691e-05
 2.51347104e-05 3.29745500e-05 4.26856364e-05 5.45233505e-05
 6.87196913e-05 8.54629256e-05 1.04875055e-04 1.26988543e-04
 1.51724169e-04 1.78872215e-04 2.08079308e-04 2.38843153e-04
 2.70517015e-04 3.02325143e-04 3.33389440e-04 3.62766607e-04
 3.89493896e-04 4.12640547e-04 4.31361158e-04 4.44946774e-04
 4.52869402e-04 4.54816054e-04 4.50709263e-04 4.40712200e-04
 4.25217914e-04 4.04823693e-04 3.80292871e-04 3.52507479e-04
 3.22415846e-04 2.90979445e-04 2.59123103e-04 2.27692041e-04
 1.97418322e-04 1.68898173e-04 1.42580567e-04 1.18766407e-04
 9.76168490e-05 7.91687602e-05 6.33549852e-05 5.00271353e-05
 3.89787911e-05 2.99673947e-05 2.27335627e-05 1.70170355e-05
 1.25689268e-05 9.16031448e-06 6.58749744e-06 4.67442747e-06
 3.27291166e-06 2.26119508e-06 1.54148630e-06 1.03690555e-06
 6.88234785e-07 4.50746051e-07 2.91289702e-07 1.85744612e-07
 1.16870582e-07 7.25591324e-08 4.44505200e-08 2.68694948e-08]
amp 3295
max data 84120.0
original y [  3.06477284   5.96599263  11.02098842  19.32020767  32.14078245
  50.74047298  76.01617064 108.0714244  145.80391117 186.6727319
 226.80154223 261.4956895  286.11226544 297.07207433 292.71204386
 273.69872007 242.86132024 204.5019001  163.41418576 123.9183357
  89.17329214  60.89581395  39.46330825  24.26905975  14.16334463
   7.84390103   4.12241585]
A 0.002858304861035671
