Defining Conda Paths
Sourcing Conda
Finished!
Num events after cut = 3326/10000
3.0 mm size, 5.5 pitch-------------------
Coverage = 29.28886475043297
Mean and std 65946.13349368611 841.3034418552271
Eres err 0.03859503592009728
  Fit was valid = True
 Emu       = 65944.08839147126 +-14.663946067114876 
 E sigma   = 830.0091033328863 +-10.821585570714916 
 chi2    = 0.8461428065586701 
 Eres(FWHM)     (%) =2.9578411657663457
 Eres (FWHM) Qbb (%) =0.38201097311376503 
data event_id
2.0       66154.0
6.0       66177.0
7.0       66076.0
9.0       65210.0
11.0      66937.0
           ...   
9971.0    64295.0
9975.0    66379.0
9977.0    65785.0
9985.0    65717.0
9986.0    66114.0
Name: charge, Length: 3326, dtype: float64
plot_range (62977.0, 68995.0)
data in range event_id
2.0       66154.0
6.0       66177.0
7.0       66076.0
9.0       65210.0
11.0      66937.0
           ...   
9971.0    64295.0
9975.0    66379.0
9977.0    65785.0
9985.0    65717.0
9986.0    66114.0
Name: charge, Length: 3325, dtype: float64
y [8.07073191e-07 1.04580248e-06 1.34789781e-06 1.72796452e-06
 2.20334868e-06 2.79448764e-06 3.52526452e-06 4.42335487e-06
 5.52055077e-06 6.85304508e-06 8.46165519e-06 1.03919635e-05
 1.26943497e-05 1.54238877e-05 1.86400815e-05 2.24064118e-05
 2.67896707e-05 3.18590624e-05 3.76850556e-05 4.43379781e-05
 5.18863551e-05 6.03950015e-05 6.99228922e-05 8.05208453e-05
 9.22290684e-05 1.05074631e-04 1.19068937e-04 1.34205290e-04
 1.50456637e-04 1.67773598e-04 1.86082889e-04 2.05286229e-04
 2.25259828e-04 2.45854541e-04 2.66896743e-04 2.88189974e-04
 3.09517363e-04 3.30644817e-04 3.51324937e-04 3.71301573e-04
 3.90314922e-04 4.08107029e-04 4.24427534e-04 4.39039484e-04
 4.51725038e-04 4.62290853e-04 4.70572987e-04 4.76441123e-04
 4.79801986e-04 4.80601804e-04 4.78827744e-04 4.74508253e-04
 4.67712298e-04 4.58547534e-04 4.47157469e-04 4.33717725e-04
 4.18431535e-04 4.01524637e-04 3.83239745e-04 3.63830784e-04
 3.43557074e-04 3.22677663e-04 3.01445959e-04 2.80104820e-04
 2.58882238e-04 2.37987682e-04 2.17609203e-04 1.97911301e-04
 1.79033574e-04 1.61090127e-04 1.44169676e-04 1.28336288e-04
 1.13630673e-04 1.00071922e-04 8.76595940e-05 7.63760553e-05
 6.61889586e-05 5.70537803e-05 4.89163291e-05 4.17151534e-05
 3.53837930e-05 2.98528282e-05 2.50516959e-05 2.09102553e-05
 1.73600949e-05 1.43355846e-05 1.17746844e-05 9.61952651e-06
 7.81679409e-06 6.31792116e-06 5.07914121e-06 4.06141086e-06
 3.23023501e-06 2.55541752e-06 2.01075969e-06 1.57372566e-06
 1.22509125e-06 9.48589696e-07 7.30565102e-07 5.59641610e-07]
amp 3326
max data 68995.0
original y [  2.66172822   4.02374845   5.95614934   8.63312393  12.2528753
  17.02847253  23.17293344  30.87834225  40.28975071  51.47576688
  64.39893894  78.89005152  94.63099552 111.15070444 127.83761847
 143.97025197 158.76490191 171.43673044 181.26789558 187.67462279
 190.26453839 188.87644211 183.59691362 174.75137452 162.87088867
 148.63941007 132.8287609  116.22991255  99.58899326  83.55499442
  68.64377014  55.22013748  43.49721789  33.55004585  25.3391707
  18.73955691  13.57043846   9.62268088   6.68137624   4.54258868
   3.0241863    1.97142977]
A 0.00302000094283988
