Defining Conda Paths
Sourcing Conda
Finished!
Num events after cut = 3325/10000
3.0 mm size, 5.5 pitch-------------------
Coverage = 29.28886475043297
Mean and std 71244.06436090225 1111.7462395352782
Eres err 0.0450088459247187
  Fit was valid = True
 Emu       = 71240.2131032807 +-19.36692313232365 
 E sigma   = 1088.927887980355 +-13.626678509119794 
 chi2    = 1.6897614711001092 
 Eres(FWHM)     (%) =3.5920450336721275
 Eres (FWHM) Qbb (%) =0.46391964337477654 
data event_id
2.0       71479.0
6.0       71701.0
7.0       70945.0
9.0       69991.0
11.0      72362.0
           ...   
9971.0    69140.0
9975.0    71491.0
9977.0    70867.0
9985.0    71083.0
9986.0    71639.0
Name: charge, Length: 3325, dtype: float64
plot_range (67502.0, 75374.0)
data in range event_id
2.0       71479.0
6.0       71701.0
7.0       70945.0
9.0       69991.0
11.0      72362.0
           ...   
9971.0    69140.0
9975.0    71491.0
9977.0    70867.0
9985.0    71083.0
9986.0    71639.0
Name: charge, Length: 3324, dtype: float64
y [1.01118133e-06 1.29580343e-06 1.65170883e-06 2.09417097e-06
 2.64104051e-06 3.31300636e-06 4.13384090e-06 5.13061620e-06
 6.33387631e-06 7.77774875e-06 9.49997632e-06 1.15418498e-05
 1.39480210e-05 1.67661770e-05 2.00465566e-05 2.38412928e-05
 2.82035710e-05 3.31865939e-05 3.88423540e-05 4.52202213e-05
 5.23653616e-05 6.03170109e-05 6.91066429e-05 7.87560747e-05
 8.92755654e-05 1.00661973e-04 1.12897038e-04 1.25945872e-04
 1.39755725e-04 1.54255111e-04 1.69353351e-04 1.84940620e-04
 2.00888513e-04 2.17051195e-04 2.33267126e-04 2.49361371e-04
 2.65148453e-04 2.80435699e-04 2.95027011e-04 3.08726950e-04
 3.21345029e-04 3.32700084e-04 3.42624581e-04 3.50968714e-04
 3.57604168e-04 3.62427398e-04 3.65362315e-04 3.66362287e-04
 3.65411368e-04 3.62524721e-04 3.57748220e-04 3.51157232e-04
 3.42854641e-04 3.32968178e-04 3.21647151e-04 3.09058696e-04
 2.95383688e-04 2.80812431e-04 2.65540294e-04 2.49763410e-04
 2.33674585e-04 2.17459520e-04 2.01293454e-04 1.85338294e-04
 1.69740293e-04 1.54628313e-04 1.40112657e-04 1.26284486e-04
 1.13215767e-04 1.00959713e-04 8.95516480e-05 7.90102323e-05
 6.93389683e-05 6.05279122e-05 5.25555146e-05 4.53905215e-05
 3.89938695e-05 3.33205204e-05 2.83211901e-05 2.39439338e-05
 2.01355635e-05 1.68428800e-05 1.40137125e-05 1.15977657e-05
 9.54728178e-06 7.81752774e-06 6.36712539e-06 5.15824131e-06
 4.15665700e-06 3.33173923e-06 2.65633044e-06 2.10657767e-06
 1.66171727e-06 1.30383031e-06 1.01758171e-06 7.89953982e-07
 6.09984184e-07 4.68510833e-07 3.57935671e-07 2.72003571e-07]
amp 3325
max data 75374.0
original y [  2.59335991   3.91838533   5.79792971   8.40156525  11.9225436
  16.56910649  22.55021643  30.05548877  39.23000207  50.14577208
  62.77283878  76.9539065   92.38703488 108.62076115 125.06509289
 141.02004004 155.72093858 168.39711509 178.33793634 184.95849461
 187.85652418 186.85285519 182.00974857 173.62450332 162.19924876
 148.39118939 132.95015519 116.65169046 100.23391193  84.34508481
  69.50664618  56.09373303  44.33266185  34.312687    26.00800886
  19.30549474  14.03383035   9.99063204   6.96516103   4.75544118
   3.17959586   2.08197009]
A 0.0023019231138253493
