Defining Conda Paths
Sourcing Conda
Finished!
Num events after cut = 3297/10000
1.3 mm size, 2.4 pitch-------------------
Coverage = 28.865494349853595
Mean and std 47214.48074006673 617.9393768066963
Eres err 0.03957015244510762
  Fit was valid = True
 Emu       = 47215.652218111834 +-10.72789837984178 
 E sigma   = 605.9156120595995 +-7.943757403601734 
 chi2    = 0.8643904753380859 
 Eres(FWHM)     (%) =3.0157408008733446
 Eres (FWHM) Qbb (%) =0.3894888242594421 
data event_id
2.0       46701.0
3.0       47556.0
14.0      47336.0
15.0      47882.0
16.0      46685.0
           ...   
9987.0    46963.0
9988.0    47464.0
9990.0    47550.0
9993.0    48684.0
9998.0    46445.0
Name: charge, Length: 3297, dtype: float64
plot_range (43560.0, 49790.0)
data in range event_id
2.0       46701.0
3.0       47556.0
14.0      47336.0
15.0      47882.0
16.0      46685.0
           ...   
9987.0    46963.0
9988.0    47464.0
9990.0    47550.0
9993.0    48684.0
9998.0    46445.0
Name: charge, Length: 3296, dtype: float64
y [8.20850711e-12 1.52775160e-11 2.81291617e-11 5.12361284e-11
 9.23232946e-11 1.64574201e-10 2.90220236e-10 5.06301366e-10
 8.73787807e-10 1.49182656e-09 2.51968449e-09 4.21007142e-09
 6.95902244e-09 1.13794818e-08 1.84082373e-08 2.94589592e-08
 4.66378010e-08 7.30422605e-08 1.13168567e-07 1.73457429e-07
 2.63011939e-07 3.94524062e-07 5.85446214e-07 8.59440828e-07
 1.24813176e-06 1.79316543e-06 2.54856525e-06 3.58332854e-06
 4.98417145e-06 6.85827336e-06 9.33581168e-06 1.25720137e-05
 1.67483907e-05 2.20727678e-05 2.87776933e-05 3.71168094e-05
 4.73588084e-05 5.97786867e-05 7.46461557e-05 9.22112685e-05
 1.12687571e-04 1.36233375e-04 1.62932036e-04 1.92772432e-04
 2.25631039e-04 2.61257178e-04 2.99263047e-04 3.39120020e-04
 3.80162467e-04 4.21599919e-04 4.62537846e-04 5.02006686e-04
 5.38998061e-04 5.72506441e-04 6.01573954e-04 6.25335588e-04
 6.43061840e-04 6.54195881e-04 6.58382602e-04 6.55487417e-04
 6.45603455e-04 6.29046580e-04 6.06338630e-04 5.78180106e-04
 5.45414304e-04 5.08985459e-04 4.69893785e-04 4.29150379e-04
 3.87734791e-04 3.46557672e-04 3.06430320e-04 2.68042356e-04
 2.31947978e-04 1.98560670e-04 1.68155602e-04 1.40878567e-04
 1.16759972e-04 9.57323042e-05 7.76494736e-05 6.23065913e-05
 4.94589558e-05 3.88392975e-05 3.01726366e-05 2.31883919e-05
 1.76296412e-05 1.32596418e-05 9.86587434e-06 7.26197654e-06
 5.28797724e-06 3.80925272e-06 2.71459764e-06 1.91375625e-06
 1.33469874e-06 9.20863697e-07 6.28525535e-07 4.24390813e-07
 2.83481352e-07 1.87326185e-07 1.22458224e-07 7.91941126e-08]
amp 3297
max data 49790.0
original y [  2.54729657   4.67111193   8.2109956   13.83585957  22.34864785
  34.60438542  51.36245925  73.07944827  99.67345008 130.31622877
 163.3248608  196.21891551 225.9769936  249.47231833 264.00690171
 267.8199835  260.43866381 242.77430479 216.93756483 185.8239055
 152.58195926 120.09904998  90.61722069  65.54154651  45.44199741
  30.20180656  19.24168991  11.7513641    6.87967836   3.86084857]
A 0.0041369263718269095
