Defining Conda Paths
Sourcing Conda
Finished!
Num events after cut = 3319/10000
3.0 mm size, 5.5 pitch-------------------
Coverage = 29.28886475043297
Mean and std 100662.52214522446 1128.3216122976833
Eres err 0.0342688937310409
  Fit was valid = True
 Emu       = 100663.66945613432 +-19.68790905646629 
 E sigma   = 1112.7620408503983 +-14.6703752996568 
 chi2    = 0.8997379264503905 
 Eres(FWHM)     (%) =2.597750320574154
 Eres (FWHM) Qbb (%) =0.33550453599560176 
data event_id
2.0       101245.0
6.0       101295.0
7.0       101003.0
9.0        99874.0
11.0      102417.0
            ...   
9971.0     98661.0
9975.0    101216.0
9977.0    100504.0
9985.0    100463.0
9986.0    100612.0
Name: charge, Length: 3319, dtype: float64
plot_range (96563.0, 104628.0)
data in range event_id
2.0       101245.0
6.0       101295.0
7.0       101003.0
9.0        99874.0
11.0      102417.0
            ...   
9971.0     98661.0
9975.0    101216.0
9977.0    100504.0
9985.0    100463.0
9986.0    100612.0
Name: charge, Length: 3318, dtype: float64
y [4.03286095e-07 5.26763862e-07 6.84370131e-07 8.84379094e-07
 1.13673240e-06 1.45328354e-06 1.84805469e-06 2.33750007e-06
 2.94076820e-06 3.67995325e-06 4.58032356e-06 5.67051317e-06
 6.98266033e-06 8.55247507e-06 1.04192166e-05 1.26255603e-05
 1.52173352e-05 1.82431109e-05 2.17536201e-05 2.58009993e-05
 3.04378424e-05 3.57160603e-05 4.16855543e-05 4.83927119e-05
 5.58787508e-05 6.41779388e-05 7.33157343e-05 8.33068974e-05
 9.41536325e-05 1.05843830e-04 1.18349483e-04 1.31625346e-04
 1.45607934e-04 1.60214898e-04 1.75344887e-04 1.90877906e-04
 2.06676246e-04 2.22585985e-04 2.38439068e-04 2.54055946e-04
 2.69248727e-04 2.83824774e-04 2.97590657e-04 3.10356347e-04
 3.21939539e-04 3.32169959e-04 3.40893513e-04 3.47976141e-04
 3.53307247e-04 3.56802569e-04 3.58406393e-04 3.58093032e-04
 3.55867511e-04 3.51765432e-04 3.45852027e-04 3.38220432e-04
 3.28989246e-04 3.18299468e-04 3.06310914e-04 2.93198252e-04
 2.79146785e-04 2.64348124e-04 2.48995893e-04 2.33281598e-04
 2.17390783e-04 2.01499569e-04 1.85771660e-04 1.70355889e-04
 1.55384319e-04 1.40970934e-04 1.27210895e-04 1.14180355e-04
 1.01936759e-04 9.05195941e-05 7.99515197e-05 7.02397887e-05
 6.13778989e-05 5.33473913e-05 4.61197245e-05 3.96581608e-05
 3.39196047e-05 2.88563464e-05 2.44176718e-05 2.05513099e-05
 1.72047004e-05 1.43260699e-05 1.18653176e-05 9.77471303e-06
 8.00941898e-06 6.52785287e-06 5.29190513e-06 4.26703387e-06
 3.42225588e-06 2.73005386e-06 2.16621869e-06 1.70964418e-06
 1.34208960e-06 1.04792365e-06 8.13860772e-07 6.28699247e-07]
amp 3319
max data 104628.0
original y [  1.9088285    2.93177101   4.4092818    6.49352232   9.36413125
  13.22297936  18.28377299  24.75580162  32.82183366  42.61116022
  54.16996455  67.43236884  82.19642977  98.10974907 114.66900618
 131.2364896  147.0746537  161.39710363 173.43163244 182.48852461
 188.0258155  189.70294576 187.41542906 181.30562619 171.74808116
 159.31151918 144.70286747 128.70095469 112.08850392  95.5905696
  79.82587713  65.27502127  52.26669242  40.98054088  31.46335479
  23.6541334   17.41340612  12.55264044   8.860559     6.12437574
   4.14512094   2.7471809 ]
A 0.0022526184238953525
