Defining Conda Paths
Sourcing Conda
Finished!
/n/holystore01/LABS/guenette_lab/Lab/data/NEXT/FLEX/mc/eres_22072022/full_sims/s1.3mmp3.5mm/kr83m/kdsts/sthresh/hdf5/flex.kr83m.14.kdsts.h5
    event          time  s1_peak  ...       Phi        Xrms       Yrms
0    7000  2.801227e+09        0  ... -1.765701   27.163041  33.566943
1    7005  2.802851e+09        0  ... -2.354147   24.248554  23.083178
2    7010  2.804527e+09        0  ... -0.634935   26.675763  26.076034
3    7015  2.807146e+09        0  ... -2.826522   19.542836  18.949346
4    7020  2.809287e+09        0  ...  0.570543  119.667234  28.446710
..    ...           ...      ...  ...       ...         ...        ...
95   7475  2.990829e+09        0  ...  1.648944  277.126922  22.820414
96   7480  2.993616e+09        0  ...  1.545690  236.287409  19.845032
97   7485  2.994494e+09        0  ...  1.554150  246.808437  22.210982
98   7490  2.997378e+09        0  ... -2.986398   27.515179  23.263993
99   7495  2.999959e+09        0  ...  1.539901  238.256467  31.284060

[100 rows x 26 columns]
S2 selection efficiency:  100.0 %
/n/holystore01/LABS/guenette_lab/Lab/data/NEXT/FLEX/mc/eres_22072022/full_sims/s1.3mmp2.4mm/kr83m/kdsts/sthresh/hdf5/flex.kr83m.14.kdsts.h5
     event          time  s1_peak  ...       Phi       Xrms       Yrms
0     7000  2.800854e+09        0  ... -1.766090  24.924714  29.640759
1     7005  2.802487e+09        0  ...  2.009142  22.740785  25.364909
2     7010  2.805387e+09        0  ...  0.318961  37.665609  27.207780
3     7015  2.807755e+09        0  ... -1.407718  20.281703  19.956882
4     7020  2.809872e+09        0  ... -2.053606  25.460235  24.507045
..     ...           ...      ...  ...       ...        ...        ...
97    7475  2.991818e+09        0  ...  2.403185  29.580490  30.306245
98    7480  2.992058e+09        0  ...  2.889968  24.668107  22.733656
99    7485  2.995061e+09        0  ...  1.596325  22.823684  27.521245
100   7490  2.997911e+09        0  ...  1.219741  22.681646  22.697006
101   7495  2.998422e+09        0  ...  0.470121  25.928590  24.707768

[102 rows x 26 columns]
S2 selection efficiency:  100.0 %
/n/holystore01/LABS/guenette_lab/Lab/data/NEXT/FLEX/mc/eres_22072022/full_sims/s3mmp5.5mm/kr83m/kdsts/sthresh/hdf5/flex.kr83m.14.kdsts.h5
     event          time  s1_peak  ...       Phi       Xrms       Yrms
0     7000  2.801537e+09        0  ... -1.766955  32.148853  32.003959
1     7005  2.802509e+09        0  ... -0.256272  35.872527  32.852975
2     7010  2.805312e+09        0  ... -1.189035  35.459409  37.651354
3     7015  2.806011e+09        0  ...  1.450433  35.184066  37.074325
4     7020  2.809388e+09        0  ... -0.890573  26.753941  23.325500
..     ...           ...      ...  ...       ...        ...        ...
98    7480  2.993052e+09        0  ... -3.039635  36.393525  34.844478
99    7480  2.993052e+09        1  ... -3.039635  36.393525  34.844478
100   7485  2.995174e+09        0  ...  2.552596  31.908355  28.525811
101   7490  2.996019e+09        0  ...  2.081390  36.021103  34.966734
102   7495  2.999084e+09        0  ... -1.792392  36.377717  40.997356

[103 rows x 26 columns]
S2 selection efficiency:  100.0 %
/n/holystore01/LABS/guenette_lab/Lab/data/NEXT/FLEX/mc/eres_22072022/full_sims/s6mmp11mm/kr83m/kdsts/sthresh/hdf5/flex.kr83m.14.kdsts.h5
     event          time  s1_peak  ...       Phi        Xrms        Yrms
0     7000  2.801483e+09        0  ... -1.765759   66.820305  102.650768
1     7005  2.802811e+09        0  ...  1.015619   96.168350  108.547504
2     7010  2.805032e+09        0  ... -0.190205  113.691741   84.939996
3     7015  2.806517e+09        0  ...  0.457062  114.900123   95.302174
4     7020  2.808783e+09        0  ...  1.591837   97.048983  104.902419
..     ...           ...      ...  ...       ...         ...         ...
96    7480  2.992915e+09        0  ... -2.936523  120.454994   83.878045
97    7485  2.994266e+09        0  ...  2.471146  105.661942  101.306516
98    7490  2.996594e+09        0  ...  0.179397  130.537220   97.999248
99    7495  2.998584e+09        0  ... -2.781654  108.816151   77.520358
100   7495  2.998584e+09        1  ... -2.781654  108.816151   77.520358

[101 rows x 26 columns]
S2 selection efficiency:  100.0 %
/n/holystore01/LABS/guenette_lab/Lab/data/NEXT/FLEX/mc/eres_22072022/full_sims/s6mmp7.8mm/kr83m/kdsts/sthresh/hdf5/flex.kr83m.14.kdsts.h5
    event          time  s1_peak  ...       Phi        Xrms        Yrms
0    7000  2.801568e+09        0  ... -1.765839   66.889611  103.066277
1    7005  2.803602e+09        0  ... -1.164752   70.211753   96.524656
2    7010  2.805524e+09        0  ... -0.317954  112.492786   85.820142
3    7015  2.807118e+09        0  ... -2.622517  110.713665  100.828901
4    7020  2.808101e+09        0  ... -1.064342   86.174833  110.322316
..    ...           ...      ...  ...       ...         ...         ...
91   7470  2.988268e+09        0  ... -2.356429   89.455653   90.221440
92   7475  2.991625e+09        0  ... -3.014896  127.467652   92.525107
93   7485  2.994724e+09        0  ... -0.524925  102.239151   80.077247
94   7490  2.997150e+09        0  ... -1.337867   96.181606  105.551513
95   7495  2.998322e+09        0  ... -1.813716   91.608310  117.047481

[96 rows x 26 columns]
S2 selection efficiency:  100.0 %
