Defining Conda Paths
Sourcing Conda
Finished!
/n/holystore01/LABS/guenette_lab/Lab/data/NEXT/FLEX/mc/eres_22072022/full_sims/s1.3mmp3.5mm/kr83m/kdsts/sthresh/hdf5/flex.kr83m.31.kdsts.h5
     event          time  s1_peak  ...       Phi        Xrms       Yrms
0    15500  6.201241e+09        0  ...  3.130361  360.634183  19.024926
1    15505  6.202247e+09        0  ... -1.274690   20.353470  20.719825
2    15510  6.205581e+09        0  ... -0.355974   20.708452  20.499312
3    15515  6.206798e+09        0  ... -0.008553   54.595603  22.242266
4    15520  6.208512e+09        0  ... -1.562053   20.778913  26.795140
..     ...           ...      ...  ...       ...         ...        ...
100  15975  6.391059e+09        0  ... -1.212175   23.054870  23.598477
101  15980  6.393994e+09        0  ...  2.866564  255.068884  25.745734
102  15985  6.395797e+09        0  ... -0.507153   20.615836  20.132737
103  15990  6.397411e+09        0  ... -1.438761   22.849860  24.406779
104  15995  6.399575e+09        0  ... -2.517431   23.394699  21.373512

[105 rows x 26 columns]
S2 selection efficiency:  100.0 %
/n/holystore01/LABS/guenette_lab/Lab/data/NEXT/FLEX/mc/eres_22072022/full_sims/s1.3mmp2.4mm/kr83m/kdsts/sthresh/hdf5/flex.kr83m.31.kdsts.h5
     event          time  s1_peak  ...       Phi       Xrms       Yrms
0    15500  6.201235e+09        0  ...  3.105989  31.515664  22.540834
1    15505  6.203160e+09        0  ... -0.625380  31.010471  35.865366
2    15515  6.207554e+09        0  ... -0.307008  19.105885  19.345949
3    15520  6.208441e+09        0  ... -2.024944  22.287132  30.086128
4    15525  6.210380e+09        0  ... -2.332733  24.035426  22.843941
..     ...           ...      ...  ...       ...        ...        ...
97   15975  6.391415e+09        0  ... -0.377261  30.419385  29.026590
98   15980  6.393420e+09        0  ... -0.383038  21.948387  20.718560
99   15985  6.394652e+09        0  ... -0.664196  25.680480  25.166734
100  15990  6.396570e+09        0  ... -1.544178  22.217855  31.429794
101  15995  6.398032e+09        0  ... -1.357021  24.528369  31.769638

[102 rows x 26 columns]
S2 selection efficiency:  100.0 %
/n/holystore01/LABS/guenette_lab/Lab/data/NEXT/FLEX/mc/eres_22072022/full_sims/s3mmp5.5mm/kr83m/kdsts/sthresh/hdf5/flex.kr83m.31.kdsts.h5
     event          time  s1_peak  ...       Phi       Xrms       Yrms
0    15500  6.200402e+09        0  ...  3.106417  32.652314  33.225309
1    15505  6.202555e+09        0  ... -1.009263  37.037068  36.506826
2    15510  6.204752e+09        0  ... -0.277173  34.930234  33.535821
3    15515  6.207490e+09        0  ... -0.890528  34.358136  37.763501
4    15520  6.208115e+09        0  ... -0.593085  36.429450  36.865835
..     ...           ...      ...  ...       ...        ...        ...
98   15985  6.395835e+09        0  ... -2.741248  32.126679  31.560043
99   15990  6.397112e+09        0  ... -1.642548  34.699803  37.217289
100  15990  6.397112e+09        1  ... -1.642548  34.699803  37.217289
101  15995  6.398786e+09        0  ...  1.706004  36.518380  35.458079
102  15995  6.398786e+09        1  ...  1.706004  36.518380  35.458079

[103 rows x 26 columns]
S2 selection efficiency:  100.0 %
/n/holystore01/LABS/guenette_lab/Lab/data/NEXT/FLEX/mc/eres_22072022/full_sims/s6mmp11mm/kr83m/kdsts/sthresh/hdf5/flex.kr83m.31.kdsts.h5
    event          time  s1_peak  ...       Phi        Xrms        Yrms
0   15500  6.200096e+09        0  ...  3.106510  120.209253   78.338109
1   15505  6.202598e+09        0  ... -1.566685   93.827057   98.303474
2   15510  6.205314e+09        0  ... -0.324475  123.749176   86.078913
3   15515  6.207274e+09        0  ...  0.109711   96.646353   94.407750
4   15520  6.209617e+09        0  ... -2.390428  102.467032   99.636403
..    ...           ...      ...  ...       ...         ...         ...
92  15970  6.389807e+09        0  ...  1.349131   66.816480   99.830094
93  15975  6.390789e+09        0  ...  2.832091  109.121860   87.056836
94  15980  6.392525e+09        0  ... -1.058177   98.945552  113.121384
95  15985  6.395584e+09        0  ... -0.019462   64.140255   45.943813
96  15990  6.397862e+09        0  ...  0.607169   99.272471   96.020003

[97 rows x 26 columns]
S2 selection efficiency:  100.0 %
/n/holystore01/LABS/guenette_lab/Lab/data/NEXT/FLEX/mc/eres_22072022/full_sims/s6mmp7.8mm/kr83m/kdsts/sthresh/hdf5/flex.kr83m.31.kdsts.h5
     event          time  s1_peak  ...       Phi        Xrms        Yrms
0    15500  6.201127e+09        0  ...  3.105949  127.648550   81.197412
1    15505  6.203137e+09        0  ...  1.150431   98.620737  110.337239
2    15510  6.204904e+09        0  ... -2.406900  105.499838  102.624431
3    15515  6.206940e+09        0  ...  1.475883   77.683814  125.082493
4    15520  6.208460e+09        0  ... -1.268626   95.881323  120.217221
..     ...           ...      ...  ...       ...         ...         ...
98   15975  6.391252e+09        0  ...  0.170647  118.387262   73.919028
99   15980  6.392192e+09        0  ... -1.751663  100.319087  105.491166
100  15985  6.394159e+09        0  ... -1.257815   85.789394  118.463223
101  15990  6.396743e+09        0  ... -0.030710  119.973422   98.718442
102  15995  6.399016e+09        0  ... -2.422545  116.604660  111.732274

[103 rows x 26 columns]
S2 selection efficiency:  100.0 %
