Defining Conda Paths
Sourcing Conda
Finished!
/n/holystore01/LABS/guenette_lab/Lab/data/NEXT/FLEX/mc/eres_22072022/full_sims/s1.3mmp3.5mm/kr83m/kdsts/sthresh/hdf5/flex.kr83m.63.kdsts.h5
    event          time  s1_peak  ...       Phi        Xrms       Yrms
0   31500  1.260085e+10        0  ...  1.689142  211.244259  24.484855
1   31510  1.260508e+10        0  ...  0.000644   40.717705  20.888471
2   31515  1.260673e+10        0  ... -0.810410   25.414278  21.796670
3   31520  1.260921e+10        0  ... -0.119232   23.073321  20.708855
4   31525  1.261090e+10        0  ... -2.188386   25.553698  22.235299
..    ...           ...      ...  ...       ...         ...        ...
94  31975  1.279179e+10        0  ... -1.036677   23.628882  25.550271
95  31980  1.279367e+10        0  ... -2.600328   24.649945  20.574985
96  31985  1.279561e+10        0  ... -2.013743   22.006988  25.375591
97  31990  1.279788e+10        0  ...  1.516732  243.216769  22.835225
98  31995  1.279974e+10        0  ...  1.569887  212.991929  18.422059

[99 rows x 26 columns]
S2 selection efficiency:  100.0 %
/n/holystore01/LABS/guenette_lab/Lab/data/NEXT/FLEX/mc/eres_22072022/full_sims/s1.3mmp2.4mm/kr83m/kdsts/sthresh/hdf5/flex.kr83m.63.kdsts.h5
     event          time  s1_peak  ...       Phi       Xrms       Yrms
0    31500  1.260029e+10        0  ...  1.783981  23.513738  23.953747
1    31505  1.260269e+10        0  ...  0.317965  21.868570  21.180979
2    31510  1.260443e+10        0  ...  2.626592  23.883356  24.467339
3    31515  1.260795e+10        0  ...  0.618287  23.068386  22.593918
4    31520  1.260942e+10        0  ...  2.817074  31.897318  24.516228
..     ...           ...      ...  ...       ...        ...        ...
97   31975  1.279187e+10        0  ... -2.513756  25.918111  23.350058
98   31980  1.279321e+10        0  ...  2.417749  18.512707  19.037615
99   31985  1.279519e+10        0  ... -2.538503  21.088668  19.474249
100  31990  1.279661e+10        0  ...  2.342449  27.055855  23.816227
101  31995  1.279995e+10        0  ...  0.757747  24.933007  23.369224

[102 rows x 26 columns]
S2 selection efficiency:  100.0 %
/n/holystore01/LABS/guenette_lab/Lab/data/NEXT/FLEX/mc/eres_22072022/full_sims/s3mmp5.5mm/kr83m/kdsts/sthresh/hdf5/flex.kr83m.63.kdsts.h5
     event          time  s1_peak  ...       Phi       Xrms       Yrms
0    31500  1.260181e+10        0  ...  1.782013  36.477041  37.917109
1    31505  1.260379e+10        0  ... -1.696847  35.187194  39.492478
2    31510  1.260413e+10        0  ...  2.719008  39.021016  35.693304
3    31515  1.260612e+10        0  ...  2.686715  34.914446  34.224939
4    31520  1.260927e+10        0  ...  2.049572  34.275933  35.712352
..     ...           ...      ...  ...       ...        ...        ...
101  31980  1.279328e+10        0  ... -2.682640  38.589457  36.158808
102  31980  1.279328e+10        1  ... -2.682640  38.589457  36.158808
103  31985  1.279462e+10        0  ...  2.554297  33.328408  28.901694
104  31990  1.279725e+10        0  ...  0.536671  38.065076  36.575957
105  31995  1.279864e+10        0  ...  1.521958  34.503409  36.274152

[106 rows x 26 columns]
S2 selection efficiency:  100.0 %
/n/holystore01/LABS/guenette_lab/Lab/data/NEXT/FLEX/mc/eres_22072022/full_sims/s6mmp11mm/kr83m/kdsts/sthresh/hdf5/flex.kr83m.63.kdsts.h5
     event          time  s1_peak  ...       Phi        Xrms        Yrms
0    31500  1.260148e+10        0  ...  1.779102   92.927988  101.450990
1    31505  1.260364e+10        0  ... -0.911394   98.745170   99.459819
2    31510  1.260488e+10        0  ... -0.227648  111.359288   78.028371
3    31515  1.260634e+10        0  ...  3.024095  103.125877   96.256127
4    31520  1.260830e+10        0  ... -1.877402   89.336738  108.532459
..     ...           ...      ...  ...       ...         ...         ...
98   31975  1.279141e+10        0  ... -1.625951   94.319438  121.413552
99   31980  1.279241e+10        0  ...  2.939198  108.216437   85.493937
100  31985  1.279514e+10        0  ... -0.526319  100.392311   98.240946
101  31990  1.279725e+10        0  ... -0.346827  114.260412   96.790657
102  31995  1.279957e+10        0  ...  0.076060  119.498967   70.004339

[103 rows x 26 columns]
S2 selection efficiency:  100.0 %
/n/holystore01/LABS/guenette_lab/Lab/data/NEXT/FLEX/mc/eres_22072022/full_sims/s6mmp7.8mm/kr83m/kdsts/sthresh/hdf5/flex.kr83m.63.kdsts.h5
    event          time  s1_peak  ...       Phi        Xrms        Yrms
0   31500  1.260037e+10        0  ...  1.776927   95.175620  101.813054
1   31505  1.260268e+10        0  ...  2.906042  105.478693   94.199262
2   31510  1.260526e+10        0  ... -2.954089  103.418881   95.201297
3   31510  1.260526e+10        1  ... -2.954089  103.418881   95.201297
4   31515  1.260734e+10        0  ...  0.433706  112.719461   97.106985
..    ...           ...      ...  ...       ...         ...         ...
90  31970  1.278811e+10        0  ...  0.470274  112.927003  100.732926
91  31975  1.279038e+10        0  ...  1.091527   86.631878  113.672843
92  31980  1.279222e+10        0  ... -1.782259  103.120481  113.571749
93  31990  1.279719e+10        0  ... -0.320247  111.999577   80.008014
94  31995  1.279815e+10        0  ...  2.737087  123.166902  101.747126

[95 rows x 26 columns]
S2 selection efficiency:  100.0 %
