Defining Conda Paths
Sourcing Conda
Finished!
/n/holystore01/LABS/guenette_lab/Lab/data/NEXT/FLEX/mc/eres_22072022/full_sims/s1.3mmp3.5mm/kr83m/kdsts/sthresh/hdf5/flex.kr83m.84.kdsts.h5
    event          time  s1_peak  ...       Phi        Xrms       Yrms
0   42000  1.680133e+10        0  ...  0.129111   83.463340  19.632472
1   42005  1.680363e+10        0  ...  0.548890  108.354473  22.178987
2   42010  1.680562e+10        0  ...  1.626540  194.110883  25.664835
3   42020  1.680947e+10        0  ...  1.588090  259.165553  26.020035
4   42025  1.681077e+10        0  ... -3.085135   73.659823  22.876434
..    ...           ...      ...  ...       ...         ...        ...
94  42475  1.699101e+10        0  ...  1.530435  206.901012  18.604648
95  42480  1.699373e+10        0  ... -2.889833   22.243074  21.113291
96  42485  1.699594e+10        0  ... -3.124740   53.701389  19.468647
97  42490  1.699752e+10        0  ... -0.872475   30.114532  26.571526
98  42495  1.699895e+10        0  ... -0.837346   21.601631  18.350017

[99 rows x 26 columns]
S2 selection efficiency:  100.0 %
/n/holystore01/LABS/guenette_lab/Lab/data/NEXT/FLEX/mc/eres_22072022/full_sims/s1.3mmp2.4mm/kr83m/kdsts/sthresh/hdf5/flex.kr83m.84.kdsts.h5
    event          time  s1_peak  ...       Phi       Xrms       Yrms
0   42000  1.680105e+10        0  ...  0.187273  16.775161  19.165808
1   42005  1.680355e+10        0  ...  1.883025  26.528678  30.678534
2   42010  1.680463e+10        0  ...  0.914216  23.516864  24.878982
3   42015  1.680731e+10        0  ... -1.018561  20.257794  24.007709
4   42020  1.680969e+10        0  ... -3.084220  31.166727  24.374092
..    ...           ...      ...  ...       ...        ...        ...
95  42475  1.699047e+10        0  ...  2.197303  23.767819  24.024736
96  42480  1.699208e+10        0  ...  0.140798  25.084272  21.922536
97  42485  1.699555e+10        0  ...  1.652235  24.014230  29.663498
98  42490  1.699646e+10        0  ... -0.195342  25.157364  21.826035
99  42495  1.699897e+10        0  ... -1.860565  21.073387  23.492486

[100 rows x 26 columns]
S2 selection efficiency:  100.0 %
/n/holystore01/LABS/guenette_lab/Lab/data/NEXT/FLEX/mc/eres_22072022/full_sims/s3mmp5.5mm/kr83m/kdsts/sthresh/hdf5/flex.kr83m.84.kdsts.h5
     event          time  s1_peak  ...       Phi       Xrms       Yrms
0    42000  1.680182e+10        0  ...  0.187908  19.764539  25.155020
1    42005  1.680362e+10        0  ...  0.825687  34.163076  34.290759
2    42010  1.680546e+10        0  ... -3.005694  36.643292  35.733712
3    42015  1.680619e+10        0  ...  0.293936  34.425414  34.903529
4    42020  1.680972e+10        0  ...  0.818600  32.471585  32.510605
..     ...           ...      ...  ...       ...        ...        ...
97   42470  1.698909e+10        0  ...  0.440472  32.242181  34.198553
98   42475  1.699003e+10        0  ... -3.130352  38.595319  36.802578
99   42485  1.699599e+10        0  ... -0.622702  38.428393  38.640972
100  42490  1.699607e+10        0  ...  1.527325  36.717350  36.004567
101  42495  1.699823e+10        0  ... -0.061528  35.891004  36.658023

[102 rows x 26 columns]
S2 selection efficiency:  100.0 %
/n/holystore01/LABS/guenette_lab/Lab/data/NEXT/FLEX/mc/eres_22072022/full_sims/s6mmp11mm/kr83m/kdsts/sthresh/hdf5/flex.kr83m.84.kdsts.h5
    event          time  s1_peak  ...       Phi        Xrms        Yrms
0   42000  1.680051e+10        0  ...  0.187307   67.017986   49.508209
1   42005  1.680354e+10        0  ... -2.824095  101.915554   92.307295
2   42010  1.680421e+10        0  ...  1.070896   95.433483  101.205981
3   42020  1.680954e+10        0  ... -2.295774  100.542377  103.867715
4   42025  1.681119e+10        0  ... -2.849705  117.024224   93.286339
..    ...           ...      ...  ...       ...         ...         ...
93  42470  1.698946e+10        0  ... -2.768092  110.736624   84.342729
94  42475  1.699169e+10        0  ...  2.828805   97.323265   91.785544
95  42480  1.699202e+10        0  ...  1.194955   93.523315  105.211643
96  42490  1.699739e+10        0  ...  2.150491   89.368096  108.386442
97  42495  1.699908e+10        0  ... -2.424688  101.712722   93.723717

[98 rows x 26 columns]
S2 selection efficiency:  100.0 %
/n/holystore01/LABS/guenette_lab/Lab/data/NEXT/FLEX/mc/eres_22072022/full_sims/s6mmp7.8mm/kr83m/kdsts/sthresh/hdf5/flex.kr83m.84.kdsts.h5
    event          time  s1_peak  ...       Phi        Xrms        Yrms
0   42000  1.680200e+10        0  ...  0.186842   67.633824   49.019215
1   42005  1.680290e+10        0  ... -0.684371  107.064073  100.135075
2   42010  1.680436e+10        0  ...  0.021588  120.468623   92.411346
3   42020  1.680938e+10        0  ...  1.652959   82.213124  122.131323
4   42025  1.681184e+10        0  ... -3.039181  115.145140   85.570444
..    ...           ...      ...  ...       ...         ...         ...
95  42475  1.699007e+10        0  ...  2.199279   98.956202  107.037010
96  42480  1.699359e+10        0  ...  2.477238  103.416576  101.689832
97  42485  1.699445e+10        0  ...  1.116567   85.326578  110.756431
98  42490  1.699777e+10        0  ... -2.255652   98.278897  106.149222
99  42495  1.699950e+10        0  ...  1.271615  105.235800  116.040797

[100 rows x 26 columns]
S2 selection efficiency:  98.94736842105263 %
