Defining Conda Paths
Sourcing Conda
Finished!
/n/holystore01/LABS/guenette_lab/Lab/data/NEXT/FLEX/mc/eres_22072022/full_sims/s1.3mmp3.5mm/kr83m/kdsts/sthresh/hdf5/flex.kr83m.27.kdsts.h5
    event          time  s1_peak  ...       Phi       Xrms       Yrms
0   13500  5.401697e+09        0  ... -0.048159  53.363265  19.396272
1   13505  5.402873e+09        0  ... -1.648653  21.396747  21.932630
2   13510  5.404751e+09        0  ... -1.035493  23.331571  22.913942
3   13515  5.406789e+09        0  ... -1.301881  21.711755  19.606989
4   13520  5.409385e+09        0  ... -0.017430  40.162040  21.374180
..    ...           ...      ...  ...       ...        ...        ...
91  13975  5.590408e+09        0  ...  2.668697  88.440859  21.429837
92  13980  5.593562e+09        0  ... -2.940880  27.315738  20.560028
93  13985  5.594033e+09        0  ... -1.340224  18.699018  19.705133
94  13990  5.596604e+09        0  ... -0.895789  31.142607  30.213231
95  13995  5.598737e+09        0  ... -2.187302  22.080904  22.017636

[96 rows x 26 columns]
S2 selection efficiency:  100.0 %
/n/holystore01/LABS/guenette_lab/Lab/data/NEXT/FLEX/mc/eres_22072022/full_sims/s1.3mmp2.4mm/kr83m/kdsts/sthresh/hdf5/flex.kr83m.27.kdsts.h5
     event          time  s1_peak  ...       Phi       Xrms       Yrms
0    13500  5.401940e+09        0  ...  0.265888  24.512080  23.903320
1    13505  5.402252e+09        0  ... -1.048390  20.574852  20.017884
2    13510  5.404685e+09        0  ...  1.492463  22.192517  25.538364
3    13515  5.406041e+09        0  ... -0.421216  26.984962  23.027828
4    13520  5.408954e+09        0  ...  0.806091  23.936092  29.234267
..     ...           ...      ...  ...       ...        ...        ...
97   13975  5.591522e+09        0  ...  1.254224  20.162657  20.778785
98   13980  5.592458e+09        0  ... -0.780462  23.009825  24.614591
99   13985  5.594932e+09        0  ...  3.022345  25.322612  21.524370
100  13990  5.596306e+09        0  ...  0.353476  26.812402  23.662158
101  13995  5.599082e+09        0  ...  2.235487  27.135735  28.779837

[102 rows x 26 columns]
S2 selection efficiency:  100.0 %
/n/holystore01/LABS/guenette_lab/Lab/data/NEXT/FLEX/mc/eres_22072022/full_sims/s3mmp5.5mm/kr83m/kdsts/sthresh/hdf5/flex.kr83m.27.kdsts.h5
    event          time  s1_peak  ...       Phi       Xrms       Yrms
0   13500  5.400814e+09        0  ...  0.265918  35.678795  35.759375
1   13505  5.403929e+09        0  ...  1.522528  35.602973  36.749160
2   13510  5.405517e+09        0  ... -0.756192  35.256953  35.067373
3   13515  5.407548e+09        0  ...  1.291269  33.672899  35.958123
4   13520  5.409915e+09        0  ... -0.462125  33.585701  34.526625
..    ...           ...      ...  ...       ...        ...        ...
93  13975  5.590506e+09        0  ... -1.201145  33.392314  32.835216
94  13980  5.593093e+09        0  ... -1.672092  35.195162  37.012288
95  13985  5.595202e+09        0  ... -1.756597  34.179568  36.774294
96  13990  5.597867e+09        0  ... -2.315854  35.196579  37.582257
97  13995  5.598488e+09        0  ... -1.484549  35.225494  37.053537

[98 rows x 26 columns]
S2 selection efficiency:  100.0 %
/n/holystore01/LABS/guenette_lab/Lab/data/NEXT/FLEX/mc/eres_22072022/full_sims/s6mmp11mm/kr83m/kdsts/sthresh/hdf5/flex.kr83m.27.kdsts.h5
    event          time  s1_peak  ...       Phi        Xrms        Yrms
0   13500  5.401313e+09        0  ...  0.268403  102.072524   98.897452
1   13505  5.403946e+09        0  ... -2.628568   97.465796   95.507137
2   13510  5.404228e+09        0  ... -0.237396  116.311325   86.164272
3   13515  5.407564e+09        0  ...  1.047887   94.833001   96.261044
4   13520  5.408639e+09        0  ...  3.115721   99.212681   98.851216
..    ...           ...      ...  ...       ...         ...         ...
93  13975  5.590058e+09        0  ... -0.519498  109.381067   95.900181
94  13980  5.592466e+09        0  ...  2.612171  105.337783   96.818693
95  13985  5.595816e+09        0  ...  0.968749   96.396621  115.231547
96  13990  5.596191e+09        0  ... -2.556570  105.269044  100.267849
97  13995  5.598141e+09        0  ... -2.268922   99.650043  100.371315

[98 rows x 26 columns]
S2 selection efficiency:  100.0 %
/n/holystore01/LABS/guenette_lab/Lab/data/NEXT/FLEX/mc/eres_22072022/full_sims/s6mmp7.8mm/kr83m/kdsts/sthresh/hdf5/flex.kr83m.27.kdsts.h5
     event          time  s1_peak  ...       Phi        Xrms        Yrms
0    13500  5.400259e+09        0  ...  0.264526  104.247054   97.404603
1    13505  5.403866e+09        0  ... -2.691473  115.568569   96.686770
2    13510  5.404375e+09        0  ...  0.124930  118.880478   83.980883
3    13515  5.407846e+09        0  ... -3.009807  110.872264   97.137145
4    13520  5.409787e+09        0  ... -0.217016  115.525295   75.930599
..     ...           ...      ...  ...       ...         ...         ...
97   13975  5.591771e+09        0  ...  3.121749  120.456023   96.635104
98   13980  5.593645e+09        0  ...  1.914020   95.144197  107.750377
99   13985  5.595248e+09        0  ... -1.162270  102.787707  126.066436
100  13990  5.597403e+09        0  ...  0.809567   97.221495   96.327493
101  13995  5.598191e+09        0  ...  2.221425  101.196392  104.483355

[102 rows x 26 columns]
S2 selection efficiency:  100.0 %
