Defining Conda Paths
Sourcing Conda
Finished!
/n/holystore01/LABS/guenette_lab/Lab/data/NEXT/FLEX/mc/eres_22072022/full_sims/s1.3mmp3.5mm/kr83m/kdsts/sthresh/hdf5/flex.kr83m.56.kdsts.h5
    event          time  s1_peak  ...       Phi        Xrms       Yrms
0   28000  1.120165e+10        0  ... -1.811033   24.012174  27.148468
1   28005  1.120209e+10        0  ...  1.445861  366.386132  20.850546
2   28010  1.120479e+10        0  ... -3.088212   28.189014  18.639996
3   28015  1.120787e+10        0  ... -1.021250   29.243977  24.790250
4   28020  1.120922e+10        0  ...  0.832533  195.400455  26.464181
..    ...           ...      ...  ...       ...         ...        ...
93  28475  1.139090e+10        0  ...  1.729853  251.504482  23.685671
94  28480  1.139209e+10        0  ... -0.650219   30.409387  30.050215
95  28485  1.139593e+10        0  ...  1.544756  217.560592  24.949929
96  28490  1.139699e+10        0  ... -0.199814   33.317891  24.577269
97  28495  1.139963e+10        0  ... -0.819833   20.678909  22.603889

[98 rows x 26 columns]
S2 selection efficiency:  100.0 %
/n/holystore01/LABS/guenette_lab/Lab/data/NEXT/FLEX/mc/eres_22072022/full_sims/s1.3mmp2.4mm/kr83m/kdsts/sthresh/hdf5/flex.kr83m.56.kdsts.h5
     event          time  s1_peak  ...       Phi       Xrms       Yrms
0    28000  1.120145e+10        0  ... -1.811212  22.098495  27.697424
1    28005  1.120206e+10        0  ...  0.191469  24.110263  21.307753
2    28010  1.120586e+10        0  ...  0.139846  25.843004  22.988799
3    28015  1.120738e+10        0  ... -0.184745  27.118557  22.800597
4    28020  1.120866e+10        0  ... -3.036540  20.568283  20.872512
..     ...           ...      ...  ...       ...        ...        ...
97   28475  1.139034e+10        0  ... -0.524429  27.951939  25.029618
98   28480  1.139364e+10        0  ... -0.649565  30.514469  23.318459
99   28485  1.139539e+10        0  ...  2.125158  24.059321  26.086523
100  28490  1.139700e+10        0  ... -2.111560  24.324765  23.629059
101  28495  1.139951e+10        0  ...  1.987423  20.068218  21.660243

[102 rows x 26 columns]
S2 selection efficiency:  100.0 %
/n/holystore01/LABS/guenette_lab/Lab/data/NEXT/FLEX/mc/eres_22072022/full_sims/s3mmp5.5mm/kr83m/kdsts/sthresh/hdf5/flex.kr83m.56.kdsts.h5
    event          time  s1_peak  ...       Phi       Xrms       Yrms
0   28000  1.120128e+10        0  ... -1.813112  34.564403  39.001187
1   28005  1.120337e+10        0  ...  1.920239  34.879603  35.402606
2   28010  1.120427e+10        0  ...  0.793216  35.260277  36.449622
3   28015  1.120654e+10        0  ... -2.057661  36.971045  39.009631
4   28020  1.120845e+10        0  ... -1.795977  33.043748  36.088581
..    ...           ...      ...  ...       ...        ...        ...
94  28475  1.139169e+10        0  ... -0.188595  40.163136  34.695816
95  28480  1.139303e+10        0  ...  2.057482  36.473690  37.332084
96  28485  1.139570e+10        0  ...  0.735739  36.109775  35.546631
97  28490  1.139787e+10        0  ... -0.182706  37.915212  37.106982
98  28495  1.139886e+10        0  ...  2.323186  39.337944  38.985597

[99 rows x 26 columns]
S2 selection efficiency:  100.0 %
/n/holystore01/LABS/guenette_lab/Lab/data/NEXT/FLEX/mc/eres_22072022/full_sims/s6mmp11mm/kr83m/kdsts/sthresh/hdf5/flex.kr83m.56.kdsts.h5
     event          time  s1_peak  ...       Phi        Xrms        Yrms
0    28000  1.120172e+10        0  ... -1.814042   87.393771  118.849813
1    28005  1.120295e+10        0  ...  1.617457   94.762263  101.836655
2    28010  1.120565e+10        0  ... -1.228405   91.946416   97.762121
3    28015  1.120675e+10        0  ...  1.167954   88.231867  113.260424
4    28020  1.120813e+10        0  ... -0.037050  110.467517   94.077331
..     ...           ...      ...  ...       ...         ...         ...
98   28475  1.139074e+10        0  ... -1.247230   84.582783  117.146885
99   28480  1.139204e+10        0  ...  0.724749  112.521356  109.554711
100  28485  1.139590e+10        0  ...  2.474095  113.399794  105.608907
101  28490  1.139631e+10        0  ... -2.867085  110.129206   93.004290
102  28495  1.139876e+10        0  ... -0.493794  109.771569   94.947802

[103 rows x 26 columns]
S2 selection efficiency:  100.0 %
/n/holystore01/LABS/guenette_lab/Lab/data/NEXT/FLEX/mc/eres_22072022/full_sims/s6mmp7.8mm/kr83m/kdsts/sthresh/hdf5/flex.kr83m.56.kdsts.h5
    event          time  s1_peak  ...       Phi        Xrms        Yrms
0   28000  1.120085e+10        0  ... -1.813731   88.986346  118.379710
1   28005  1.120347e+10        0  ... -1.931409   86.538671  113.802912
2   28010  1.120592e+10        0  ... -0.670613  108.161106  102.229348
3   28015  1.120668e+10        0  ...  1.856578   95.982567  114.771914
4   28020  1.120907e+10        0  ...  2.666521  115.569037   98.868794
..    ...           ...      ...  ...       ...         ...         ...
93  28475  1.139109e+10        0  ... -1.695199   95.489809  105.543761
94  28480  1.139331e+10        0  ... -2.590206  105.652017   98.392316
95  28485  1.139558e+10        0  ...  2.405552  106.636930  106.191998
96  28490  1.139713e+10        0  ...  0.425649  116.647582   93.230629
97  28495  1.139823e+10        0  ... -0.167214  117.348014   89.044552

[98 rows x 26 columns]
S2 selection efficiency:  100.0 %
