Defining Conda Paths
Sourcing Conda
Finished!
/n/holystore01/LABS/guenette_lab/Lab/data/NEXT/FLEX/mc/eres_22072022/full_sims/s1.3mmp3.5mm/kr83m/kdsts/sthresh/hdf5/flex.kr83m.33.kdsts.h5
     event          time  s1_peak  ...       Phi        Xrms       Yrms
0    16500  6.600358e+09        0  ... -1.665299   21.597893  25.172343
1    16505  6.603526e+09        0  ...  1.573872  246.454611  24.276412
2    16510  6.605026e+09        0  ... -3.063906   25.591880  22.937627
3    16515  6.606639e+09        0  ... -2.119650   21.970843  24.684935
4    16520  6.609101e+09        0  ... -0.008665   49.377297  18.383042
..     ...           ...      ...  ...       ...         ...        ...
98   16970  6.789415e+09        0  ...  1.539961  236.132693  20.329800
99   16980  6.792235e+09        0  ... -0.545603   28.908828  22.890673
100  16985  6.795382e+09        0  ...  1.559980  210.501287  22.072945
101  16990  6.797192e+09        0  ... -0.068339   54.391810  22.464483
102  16995  6.798853e+09        0  ...  3.126498  137.587705  20.744494

[103 rows x 26 columns]
S2 selection efficiency:  100.0 %
/n/holystore01/LABS/guenette_lab/Lab/data/NEXT/FLEX/mc/eres_22072022/full_sims/s1.3mmp2.4mm/kr83m/kdsts/sthresh/hdf5/flex.kr83m.33.kdsts.h5
     event          time  s1_peak  ...       Phi       Xrms       Yrms
0    16500  6.601748e+09        0  ... -1.664668  23.175888  29.580432
1    16505  6.602476e+09        0  ...  0.486901  26.242147  25.908992
2    16510  6.605118e+09        0  ... -2.105858  23.086027  28.077305
3    16520  6.609763e+09        0  ...  2.328315  22.290146  22.916741
4    16520  6.609763e+09        1  ...  2.328315  22.290146  22.916741
..     ...           ...      ...  ...       ...        ...        ...
101  16980  6.792823e+09        0  ...  1.331478  22.995522  30.250060
102  16985  6.794180e+09        0  ...  0.998827  28.971926  26.725736
103  16985  6.794180e+09        1  ...  0.998827  28.971926  26.725736
104  16990  6.797519e+09        0  ...  2.092528  21.720373  22.348154
105  16995  6.799743e+09        0  ...  0.676790  30.038065  28.800382

[106 rows x 26 columns]
S2 selection efficiency:  100.0 %
/n/holystore01/LABS/guenette_lab/Lab/data/NEXT/FLEX/mc/eres_22072022/full_sims/s3mmp5.5mm/kr83m/kdsts/sthresh/hdf5/flex.kr83m.33.kdsts.h5
    event          time  s1_peak  ...       Phi       Xrms       Yrms
0   16500  6.601649e+09        0  ... -1.665068  35.358545  38.022950
1   16505  6.602732e+09        0  ...  2.763141  34.897136  34.995793
2   16510  6.605613e+09        0  ...  2.096115  35.292425  37.861555
3   16515  6.606802e+09        0  ... -1.339379  34.276595  35.440470
4   16520  6.608284e+09        0  ...  1.329734  34.502777  36.081753
..    ...           ...      ...  ...       ...        ...        ...
95  16975  6.790402e+09        0  ...  1.284568  31.615373  32.929673
96  16980  6.792285e+09        0  ... -1.294072  34.713951  38.315648
97  16985  6.794012e+09        0  ...  1.060819  34.327267  36.016619
98  16990  6.797920e+09        0  ... -1.282601  34.861988  39.415145
99  16995  6.798365e+09        0  ... -0.057479  38.303878  35.973620

[100 rows x 26 columns]
S2 selection efficiency:  100.0 %
/n/holystore01/LABS/guenette_lab/Lab/data/NEXT/FLEX/mc/eres_22072022/full_sims/s6mmp11mm/kr83m/kdsts/sthresh/hdf5/flex.kr83m.33.kdsts.h5
    event          time  s1_peak  ...       Phi        Xrms        Yrms
0   16500  6.601774e+09        0  ... -1.663689   85.479478  118.950868
1   16505  6.603554e+09        0  ... -0.388669  116.710089   85.060842
2   16510  6.604529e+09        0  ...  3.053712  101.239132   92.557780
3   16515  6.607411e+09        0  ... -0.972590   98.125390  101.937354
4   16520  6.609586e+09        0  ...  2.478412  106.365691  101.502764
..    ...           ...      ...  ...       ...         ...         ...
92  16975  6.791921e+09        0  ... -2.627116   94.157666   92.600192
93  16980  6.793700e+09        0  ... -0.028683  113.621130   92.482376
94  16985  6.794551e+09        0  ...  1.824801   82.728594  115.584154
95  16990  6.796717e+09        0  ... -0.403888  100.196006   96.821460
96  16995  6.799544e+09        0  ...  0.822538   96.772786  101.764086

[97 rows x 26 columns]
S2 selection efficiency:  100.0 %
/n/holystore01/LABS/guenette_lab/Lab/data/NEXT/FLEX/mc/eres_22072022/full_sims/s6mmp7.8mm/kr83m/kdsts/sthresh/hdf5/flex.kr83m.33.kdsts.h5
     event          time  s1_peak  ...       Phi        Xrms        Yrms
0    16500  6.601488e+09        0  ... -1.667405   85.555124  119.785253
1    16505  6.602454e+09        0  ...  1.689407   92.886054  110.375376
2    16505  6.602454e+09        1  ...  1.689407   92.886054  110.375376
3    16510  6.604280e+09        0  ...  2.548920  105.031842   85.864110
4    16515  6.607879e+09        0  ...  1.281978   93.653967  129.310283
..     ...           ...      ...  ...       ...         ...         ...
96   16975  6.790642e+09        0  ...  0.837071  107.539709  110.558501
97   16980  6.793129e+09        0  ... -0.394295  117.164314   85.764392
98   16985  6.794750e+09        0  ...  1.324188   72.289905  110.661489
99   16990  6.797350e+09        0  ... -0.930730   91.690426  104.464908
100  16995  6.798747e+09        0  ... -1.224762  101.707428  126.097564

[101 rows x 26 columns]
S2 selection efficiency:  100.0 %
