Defining Conda Paths
Sourcing Conda
Finished!
/n/holystore01/LABS/guenette_lab/Lab/data/NEXT/FLEX/mc/eres_22072022/full_sims/s1.3mmp3.5mm/kr83m/kdsts/sthresh/hdf5/flex.kr83m.35.kdsts.h5
     event          time  s1_peak  ...       Phi        Xrms       Yrms
0    17500  7.000689e+09        0  ... -2.652429   22.848289  19.129008
1    17505  7.003799e+09        0  ... -0.739965   25.955950  23.767079
2    17505  7.003799e+09        1  ... -0.739965   25.955950  23.767079
3    17510  7.005998e+09        0  ... -0.463459   21.363811  20.740172
4    17510  7.005998e+09        1  ... -0.463459   21.363811  20.740172
..     ...           ...      ...  ...       ...         ...        ...
99   17975  7.190831e+09        0  ... -3.064722   29.489926  19.864684
100  17980  7.192141e+09        0  ...  2.712943  161.135075  21.091048
101  17985  7.194459e+09        0  ...  2.617845  236.384608  22.481291
102  17990  7.197874e+09        0  ...  1.570033  202.089691  23.208718
103  17995  7.198249e+09        0  ...  2.194696  321.411287  24.134526

[104 rows x 26 columns]
S2 selection efficiency:  100.0 %
/n/holystore01/LABS/guenette_lab/Lab/data/NEXT/FLEX/mc/eres_22072022/full_sims/s1.3mmp2.4mm/kr83m/kdsts/sthresh/hdf5/flex.kr83m.35.kdsts.h5
    event          time  s1_peak  ...       Phi       Xrms       Yrms
0   17500  7.000065e+09        0  ... -2.652063  20.117885  19.598596
1   17505  7.002150e+09        0  ... -1.523293  23.449775  30.049527
2   17510  7.005997e+09        0  ...  2.563846  27.618099  25.247450
3   17515  7.006292e+09        0  ...  3.078040  26.456404  24.527279
4   17520  7.008165e+09        0  ...  2.495357  27.633750  26.753586
..    ...           ...      ...  ...       ...        ...        ...
91  17975  7.191925e+09        0  ...  1.574232  23.206597  25.777399
92  17980  7.193174e+09        0  ...  0.514458  30.750538  28.601077
93  17985  7.195954e+09        0  ...  2.708859  23.111235  22.481237
94  17990  7.196159e+09        0  ...  1.555534  20.800348  20.751613
95  17995  7.198619e+09        0  ...  0.909005  25.403070  29.925433

[96 rows x 26 columns]
S2 selection efficiency:  100.0 %
/n/holystore01/LABS/guenette_lab/Lab/data/NEXT/FLEX/mc/eres_22072022/full_sims/s3mmp5.5mm/kr83m/kdsts/sthresh/hdf5/flex.kr83m.35.kdsts.h5
     event          time  s1_peak  ...       Phi       Xrms       Yrms
0    17500  7.001476e+09        0  ... -2.653098  40.749595  37.349099
1    17505  7.002018e+09        0  ... -1.019661  34.735986  36.972674
2    17510  7.004143e+09        0  ...  2.882526  35.348293  34.219385
3    17510  7.004143e+09        1  ...  2.882526  35.348293  34.219385
4    17515  7.007386e+09        0  ... -1.860723  35.236300  39.118320
..     ...           ...      ...  ...       ...        ...        ...
99   17975  7.190172e+09        0  ... -2.934173  37.562036  37.594741
100  17980  7.192406e+09        0  ... -1.055663  28.307855  27.967761
101  17985  7.194309e+09        0  ...  0.247555  39.588582  35.993922
102  17990  7.196990e+09        0  ... -2.218123  36.490756  36.316875
103  17995  7.199185e+09        0  ... -2.186126  35.776753  33.731393

[104 rows x 26 columns]
S2 selection efficiency:  100.0 %
/n/holystore01/LABS/guenette_lab/Lab/data/NEXT/FLEX/mc/eres_22072022/full_sims/s6mmp11mm/kr83m/kdsts/sthresh/hdf5/flex.kr83m.35.kdsts.h5
    event          time  s1_peak  ...       Phi        Xrms        Yrms
0   17500  7.001256e+09        0  ... -2.652111  117.464666  101.814117
1   17505  7.002308e+09        0  ... -0.349336  105.200776   92.149376
2   17510  7.005893e+09        0  ...  1.157034   85.188845  108.528924
3   17515  7.007072e+09        0  ... -1.186593   80.089383  104.127483
4   17520  7.009808e+09        0  ...  2.880018  124.907442   78.586283
..    ...           ...      ...  ...       ...         ...         ...
95  17975  7.191636e+09        0  ... -3.005985  112.043352   71.757799
96  17980  7.193085e+09        0  ... -0.947447   98.655228  101.689340
97  17985  7.194740e+09        0  ... -0.621054  108.027636   98.306431
98  17990  7.197211e+09        0  ...  0.670089  109.491742   97.303618
99  17995  7.198424e+09        0  ...  0.196426   82.827569   60.411434

[100 rows x 26 columns]
S2 selection efficiency:  100.0 %
/n/holystore01/LABS/guenette_lab/Lab/data/NEXT/FLEX/mc/eres_22072022/full_sims/s6mmp7.8mm/kr83m/kdsts/sthresh/hdf5/flex.kr83m.35.kdsts.h5
    event          time  s1_peak  ...       Phi        Xrms        Yrms
0   17500  7.000012e+09        0  ... -2.650634  125.311426  103.561693
1   17505  7.002275e+09        0  ...  1.969184   98.797516  113.985987
2   17510  7.004974e+09        0  ... -1.185630   99.228567  112.101639
3   17515  7.007169e+09        0  ...  2.339726  103.377335  104.435509
4   17520  7.008381e+09        0  ...  1.426126   86.120816  119.374399
..    ...           ...      ...  ...       ...         ...         ...
94  17975  7.190836e+09        0  ... -2.424168  118.832325  113.226490
95  17980  7.192718e+09        0  ...  0.823760  102.018868  104.941261
96  17985  7.195262e+09        0  ...  3.055169  119.024862   83.112795
97  17990  7.196631e+09        0  ... -2.165440   96.692218   99.705710
98  17995  7.198873e+09        0  ...  0.975899   97.178600  109.747362

[99 rows x 26 columns]
S2 selection efficiency:  100.0 %
