Defining Conda Paths
Sourcing Conda
Finished!
/n/holystore01/LABS/guenette_lab/Lab/data/NEXT/FLEX/mc/eres_22072022/full_sims/s1.3mmp3.5mm/kr83m/kdsts/sthresh/hdf5/flex.kr83m.13.kdsts.h5
     event          time  s1_peak  ...       Phi        Xrms       Yrms
0     6500  2.600078e+09        0  ...  3.136061   45.994105  21.816133
1     6505  2.603594e+09        0  ...  0.464869  358.846114  21.593236
2     6510  2.604419e+09        0  ...  1.636588  227.328469  22.136146
3     6515  2.607459e+09        0  ...  1.816096  254.653557  21.063234
4     6520  2.608292e+09        0  ...  1.682937  244.655543  23.370460
..     ...           ...      ...  ...       ...         ...        ...
97    6975  2.791192e+09        0  ...  2.820722  166.297561  25.575867
98    6980  2.792530e+09        0  ... -1.159817   25.847780  33.308634
99    6985  2.794807e+09        0  ...  2.065671  104.517988  20.226862
100   6990  2.796650e+09        0  ... -2.156372   26.253660  30.418888
101   6995  2.799365e+09        0  ...  1.064062  226.465740  21.125195

[102 rows x 26 columns]
S2 selection efficiency:  100.0 %
/n/holystore01/LABS/guenette_lab/Lab/data/NEXT/FLEX/mc/eres_22072022/full_sims/s1.3mmp2.4mm/kr83m/kdsts/sthresh/hdf5/flex.kr83m.13.kdsts.h5
    event          time  s1_peak  ...       Phi       Xrms       Yrms
0    6500  2.600005e+09        0  ...  3.087613  26.670161  24.095101
1    6505  2.602825e+09        0  ...  1.041020  23.866803  24.880967
2    6510  2.604173e+09        0  ... -2.436503  20.307180  20.850089
3    6515  2.607104e+09        0  ...  1.042636  22.273402  22.322962
4    6520  2.609102e+09        0  ...  2.664886  21.487469  21.460558
..    ...           ...      ...  ...       ...        ...        ...
93   6980  2.793134e+09        0  ...  2.994955  30.795027  26.311016
94   6985  2.795340e+09        0  ...  0.407675  23.047595  20.785158
95   6990  2.796852e+09        0  ...  0.966154  25.020418  23.480240
96   6995  2.799688e+09        0  ...  1.463207  24.880735  58.270291
97   6995  2.799688e+09        1  ...  1.463207  24.880735  58.270291

[98 rows x 26 columns]
S2 selection efficiency:  100.0 %
/n/holystore01/LABS/guenette_lab/Lab/data/NEXT/FLEX/mc/eres_22072022/full_sims/s3mmp5.5mm/kr83m/kdsts/sthresh/hdf5/flex.kr83m.13.kdsts.h5
    event          time  s1_peak  ...       Phi       Xrms       Yrms
0    6500  2.600829e+09        0  ...  3.091375  37.429072  33.107659
1    6505  2.602038e+09        0  ...  2.219129  37.649390  37.539246
2    6510  2.604019e+09        0  ...  2.024904  35.937859  35.777912
3    6515  2.607697e+09        0  ... -2.237734  31.631069  32.565380
4    6520  2.608516e+09        0  ... -1.094786  33.693192  37.163483
..    ...           ...      ...  ...       ...        ...        ...
92   6970  2.788627e+09        0  ...  1.233779  36.130632  37.210076
93   6975  2.791858e+09        0  ... -1.833855  35.549392  37.298078
94   6980  2.792363e+09        0  ... -0.704149  36.414624  35.472372
95   6990  2.797498e+09        0  ... -1.055533  33.804796  33.804052
96   6995  2.799485e+09        0  ...  0.021958  38.767353  36.460199

[97 rows x 26 columns]
S2 selection efficiency:  100.0 %
/n/holystore01/LABS/guenette_lab/Lab/data/NEXT/FLEX/mc/eres_22072022/full_sims/s6mmp11mm/kr83m/kdsts/sthresh/hdf5/flex.kr83m.13.kdsts.h5
     event          time  s1_peak  ...       Phi        Xrms        Yrms
0     6500  2.601663e+09        0  ...  3.086563  102.288538   91.054049
1     6505  2.603733e+09        0  ...  1.530349   95.051192  116.741785
2     6510  2.604723e+09        0  ... -1.482253   92.731505   92.932043
3     6515  2.607978e+09        0  ...  1.232125   93.725026  105.046351
4     6520  2.608561e+09        0  ... -2.715865  118.667924   94.817185
..     ...           ...      ...  ...       ...         ...         ...
98    6970  2.789724e+09        0  ... -1.153521   62.188760   81.056741
99    6975  2.790196e+09        0  ... -0.595278  109.236062   96.642415
100   6980  2.793793e+09        0  ... -1.339762   93.230010  111.355319
101   6990  2.797646e+09        0  ... -1.878601   83.000024  107.625368
102   6995  2.798562e+09        0  ... -2.658740  118.186908   98.417032

[103 rows x 26 columns]
S2 selection efficiency:  100.0 %
/n/holystore01/LABS/guenette_lab/Lab/data/NEXT/FLEX/mc/eres_22072022/full_sims/s6mmp7.8mm/kr83m/kdsts/sthresh/hdf5/flex.kr83m.13.kdsts.h5
    event          time  s1_peak  ...       Phi        Xrms        Yrms
0    6500  2.600568e+09        0  ...  3.091753  109.383596   94.933453
1    6510  2.604222e+09        0  ...  1.735780   94.991380  105.775042
2    6515  2.607346e+09        0  ...  0.360274  109.262439   77.068164
3    6520  2.609325e+09        0  ... -0.281307  121.903759   98.250550
4    6525  2.611721e+09        0  ...  0.126517  117.413441   75.060250
..    ...           ...      ...  ...       ...         ...         ...
94   6975  2.791336e+09        0  ... -1.142701   85.303342  116.426957
95   6980  2.792798e+09        0  ... -2.967423  129.160282   84.524465
96   6985  2.795040e+09        0  ...  2.440807   86.518704   79.811456
97   6990  2.797670e+09        0  ...  1.094887   99.489049  122.410678
98   6995  2.798006e+09        0  ...  0.219074  111.429002  101.139717

[99 rows x 26 columns]
S2 selection efficiency:  100.0 %
