Defining Conda Paths
Sourcing Conda
Finished!
/n/holystore01/LABS/guenette_lab/Lab/data/NEXT/FLEX/mc/eres_22072022/full_sims/s1.3mmp3.5mm/kr83m/kdsts/sthresh/hdf5/flex.kr83m.69.kdsts.h5
    event          time  s1_peak  ...       Phi        Xrms       Yrms
0   34500  1.380075e+10        0  ...  1.059571  235.073336  23.657542
1   34505  1.380283e+10        0  ... -3.072299   47.710606  20.797375
2   34505  1.380283e+10        1  ... -3.072299   47.710606  20.797375
3   34510  1.380538e+10        0  ... -1.026339   22.600089  22.042340
4   34515  1.380621e+10        0  ...  1.551072  169.607095  31.637793
..    ...           ...      ...  ...       ...         ...        ...
94  34975  1.399106e+10        0  ...  1.553522  245.655219  21.820917
95  34980  1.399299e+10        0  ...  1.399946  249.106570  26.240650
96  34985  1.399449e+10        0  ... -1.099678   29.541942  29.835833
97  34990  1.399755e+10        0  ... -0.019713   50.273205  17.068153
98  34995  1.399871e+10        0  ... -2.240593   18.988051  21.222459

[99 rows x 26 columns]
S2 selection efficiency:  100.0 %
/n/holystore01/LABS/guenette_lab/Lab/data/NEXT/FLEX/mc/eres_22072022/full_sims/s1.3mmp2.4mm/kr83m/kdsts/sthresh/hdf5/flex.kr83m.69.kdsts.h5
     event          time  s1_peak  ...       Phi       Xrms       Yrms
0    34500  1.380010e+10        0  ...  0.455639  29.845600  29.324651
1    34505  1.380218e+10        0  ... -2.677073  21.034117  19.223354
2    34510  1.380428e+10        0  ...  0.663648  30.033014  26.276218
3    34515  1.380778e+10        0  ... -1.887362  24.931514  26.000114
4    34520  1.380942e+10        0  ... -0.233063  28.108111  22.329102
..     ...           ...      ...  ...       ...        ...        ...
97   34975  1.399077e+10        1  ...  1.119405  26.116784  29.909080
98   34980  1.399321e+10        0  ...  2.162099  20.386645  20.504089
99   34985  1.399543e+10        0  ...  0.742271  24.563520  22.661332
100  34990  1.399663e+10        0  ... -2.663291  26.319170  23.356662
101  34995  1.399810e+10        0  ...  0.084321  26.989749  23.498964

[102 rows x 26 columns]
S2 selection efficiency:  100.0 %
/n/holystore01/LABS/guenette_lab/Lab/data/NEXT/FLEX/mc/eres_22072022/full_sims/s3mmp5.5mm/kr83m/kdsts/sthresh/hdf5/flex.kr83m.69.kdsts.h5
     event          time  s1_peak  ...       Phi       Xrms       Yrms
0    34500  1.380063e+10        0  ...  0.455338  33.182851  34.189989
1    34505  1.380232e+10        0  ... -3.022482  29.683335  31.591516
2    34510  1.380525e+10        0  ...  1.786569  33.410097  34.612454
3    34515  1.380762e+10        0  ... -1.631832  32.655955  34.202515
4    34520  1.380888e+10        0  ...  1.530372  35.455641  38.455207
..     ...           ...      ...  ...       ...        ...        ...
96   34975  1.399045e+10        0  ...  0.744874  36.454459  35.878421
97   34980  1.399299e+10        0  ... -2.592155  36.432071  34.730444
98   34985  1.399517e+10        0  ... -0.166119  36.096865  34.050810
99   34990  1.399699e+10        0  ...  2.455160  37.116056  36.273819
100  34995  1.399976e+10        0  ... -0.620523  37.460475  36.248381

[101 rows x 26 columns]
S2 selection efficiency:  100.0 %
/n/holystore01/LABS/guenette_lab/Lab/data/NEXT/FLEX/mc/eres_22072022/full_sims/s6mmp11mm/kr83m/kdsts/sthresh/hdf5/flex.kr83m.69.kdsts.h5
    event          time  s1_peak  ...       Phi        Xrms        Yrms
0   34500  1.380046e+10        0  ...  0.458337   81.364228   63.627841
1   34505  1.380330e+10        0  ... -2.091380   88.141337  110.166402
2   34510  1.380558e+10        0  ...  0.068955  111.595678   88.915527
3   34515  1.380643e+10        0  ... -0.140786  106.919904   89.931076
4   34520  1.380890e+10        0  ...  1.119511   99.395261  111.673381
..    ...           ...      ...  ...       ...         ...         ...
93  34975  1.399095e+10        0  ... -1.777210   90.893817  110.199334
94  34980  1.399373e+10        0  ... -1.587920   87.262196  124.454817
95  34985  1.399580e+10        0  ...  2.201224   98.709338  113.245964
96  34990  1.399690e+10        0  ... -0.346900  100.357547   92.491926
97  34995  1.399876e+10        0  ...  1.101886  101.344138  108.165682

[98 rows x 26 columns]
S2 selection efficiency:  100.0 %
/n/holystore01/LABS/guenette_lab/Lab/data/NEXT/FLEX/mc/eres_22072022/full_sims/s6mmp7.8mm/kr83m/kdsts/sthresh/hdf5/flex.kr83m.69.kdsts.h5
     event          time  s1_peak  ...       Phi        Xrms        Yrms
0    34500  1.380102e+10        0  ...  0.455035   85.739861   65.183175
1    34505  1.380266e+10        0  ...  2.348423  100.552216  101.873226
2    34510  1.380523e+10        0  ...  0.682788  110.502803  102.077989
3    34515  1.380639e+10        0  ... -2.846077  110.756666   74.744976
4    34520  1.380846e+10        0  ...  3.001275  118.557014   86.088136
..     ...           ...      ...  ...       ...         ...         ...
98   34975  1.399103e+10        0  ...  0.343794  120.608340   83.915905
99   34980  1.399233e+10        0  ...  2.161390   94.996428  105.907770
100  34985  1.399525e+10        0  ...  1.311696   94.403772  122.173168
101  34990  1.399631e+10        0  ... -2.593094   79.891566   66.379374
102  34995  1.399964e+10        0  ...  1.389914   73.631778  115.090964

[103 rows x 26 columns]
S2 selection efficiency:  100.0 %
