Defining Conda Paths
Sourcing Conda
Finished!
/n/holystore01/LABS/guenette_lab/Lab/data/NEXT/FLEX/mc/eres_22072022/full_sims/s1.3mmp3.5mm/kr83m/kdsts/sthresh/hdf5/flex.kr83m.40.kdsts.h5
     event          time  s1_peak  ...       Phi        Xrms       Yrms
0    20000  8.000060e+09        0  ...  1.512444  310.403792  19.556743
1    20005  8.003111e+09        0  ...  1.545012  256.207298  26.298997
2    20010  8.005308e+09        0  ... -0.001423   48.742645  20.276441
3    20015  8.006862e+09        0  ...  2.848815  103.808292  20.506334
4    20020  8.008692e+09        0  ... -0.798280   29.407972  26.212808
..     ...           ...      ...  ...       ...         ...        ...
97   20480  8.193419e+09        0  ...  0.451412  181.023853  19.957106
98   20485  8.195021e+09        0  ...  1.902572  257.291304  20.796554
99   20490  8.196349e+09        0  ...  1.605282  215.065804  23.763956
100  20490  8.196349e+09        1  ...  1.605282  215.065804  23.763956
101  20495  8.198180e+09        0  ... -0.613865   21.990998  20.913309

[102 rows x 26 columns]
S2 selection efficiency:  100.0 %
/n/holystore01/LABS/guenette_lab/Lab/data/NEXT/FLEX/mc/eres_22072022/full_sims/s1.3mmp2.4mm/kr83m/kdsts/sthresh/hdf5/flex.kr83m.40.kdsts.h5
     event          time  s1_peak  ...       Phi       Xrms       Yrms
0    20000  8.000935e+09        0  ...  1.892147  18.630984  18.832359
1    20005  8.003911e+09        0  ... -0.299423  29.172669  25.042518
2    20010  8.005723e+09        0  ... -1.023911  23.502722  23.294239
3    20015  8.006311e+09        0  ... -2.402233  31.196330  31.643218
4    20020  8.008223e+09        0  ...  1.806072  23.277327  24.387323
..     ...           ...      ...  ...       ...        ...        ...
97   20475  8.191142e+09        0  ...  2.601565  30.421311  28.140991
98   20480  8.192995e+09        0  ... -2.825730  22.146063  21.864185
99   20485  8.195653e+09        0  ... -0.554921  24.327342  22.897344
100  20490  8.196838e+09        0  ...  0.864188  22.669300  24.452883
101  20495  8.199811e+09        0  ... -2.123243  26.967962  26.707151

[102 rows x 26 columns]
S2 selection efficiency:  100.0 %
/n/holystore01/LABS/guenette_lab/Lab/data/NEXT/FLEX/mc/eres_22072022/full_sims/s3mmp5.5mm/kr83m/kdsts/sthresh/hdf5/flex.kr83m.40.kdsts.h5
    event          time  s1_peak  ...       Phi       Xrms       Yrms
0   20000  8.001401e+09        0  ...  1.890058  33.427658  34.345964
1   20005  8.003366e+09        0  ... -1.767120  34.904156  36.826674
2   20010  8.004301e+09        0  ... -0.856879  32.842586  34.531203
3   20020  8.008891e+09        0  ...  2.584760  36.147236  35.584408
4   20025  8.010616e+09        0  ... -1.615254  37.987146  38.403133
..    ...           ...      ...  ...       ...        ...        ...
95  20475  8.191202e+09        0  ... -1.882841  35.873776  37.336723
96  20480  8.193124e+09        0  ... -1.244622  35.138793  39.566775
97  20485  8.194100e+09        0  ...  2.311355  33.221475  36.104522
98  20490  8.197692e+09        0  ...  0.162695  38.787233  35.191242
99  20495  8.198020e+09        0  ...  1.169107  35.089680  36.753690

[100 rows x 26 columns]
S2 selection efficiency:  100.0 %
/n/holystore01/LABS/guenette_lab/Lab/data/NEXT/FLEX/mc/eres_22072022/full_sims/s6mmp11mm/kr83m/kdsts/sthresh/hdf5/flex.kr83m.40.kdsts.h5
    event          time  s1_peak  ...       Phi        Xrms        Yrms
0   20000  8.001597e+09        0  ...  1.891643  101.609850  116.039964
1   20005  8.003910e+09        0  ... -0.130909  114.035139   70.182311
2   20010  8.005100e+09        0  ... -1.852314   87.800924  114.881557
3   20015  8.007118e+09        0  ... -0.072117  122.858501   84.310845
4   20020  8.008936e+09        0  ... -2.390388  100.307444   98.606602
..    ...           ...      ...  ...       ...         ...         ...
93  20475  8.191675e+09        0  ...  2.433655   98.218094   97.001378
94  20480  8.192671e+09        0  ... -0.894246   95.827375   99.819535
95  20485  8.194335e+09        0  ...  2.425228  105.618868   95.014228
96  20490  8.197577e+09        0  ...  2.675060  101.537940   93.589296
97  20495  8.199166e+09        0  ...  1.221593   98.198597  100.029300

[98 rows x 26 columns]
S2 selection efficiency:  100.0 %
/n/holystore01/LABS/guenette_lab/Lab/data/NEXT/FLEX/mc/eres_22072022/full_sims/s6mmp7.8mm/kr83m/kdsts/sthresh/hdf5/flex.kr83m.40.kdsts.h5
    event          time  s1_peak  ...       Phi        Xrms        Yrms
0   20005  8.002267e+09        0  ... -0.578764  113.522598  100.032457
1   20010  8.005276e+09        0  ...  2.523260  118.695945  109.395960
2   20015  8.006578e+09        0  ...  2.505504  117.745270  105.428781
3   20020  8.008501e+09        0  ... -0.661615  112.331013  105.123709
4   20025  8.010491e+09        0  ... -3.081689  112.060487  100.424885
..    ...           ...      ...  ...       ...         ...         ...
93  20475  8.190868e+09        0  ...  0.472287  108.174086   94.031414
94  20480  8.193563e+09        0  ... -0.389449  116.884084   85.405622
95  20485  8.195049e+09        0  ...  0.246688  113.698009   90.214722
96  20490  8.196238e+09        0  ...  0.509274  109.487714   96.592629
97  20495  8.198405e+09        0  ... -0.955625  100.274142  101.805945

[98 rows x 26 columns]
S2 selection efficiency:  100.0 %
