Defining Conda Paths
Sourcing Conda
Finished!
/n/holystore01/LABS/guenette_lab/Lab/data/NEXT/FLEX/mc/eres_22072022/full_sims/s1.3mmp3.5mm/kr83m/kdsts/sthresh/hdf5/flex.kr83m.57.kdsts.h5
     event          time  s1_peak  ...       Phi        Xrms       Yrms
0    28500  1.140144e+10        0  ... -0.188042   32.717369  24.550422
1    28505  1.140387e+10        0  ... -0.055732   48.621343  23.224554
2    28510  1.140524e+10        0  ... -2.916153   24.282988  21.685233
3    28515  1.140771e+10        0  ...  1.551030  213.955750  31.671159
4    28520  1.140923e+10        0  ...  0.710547   86.165754  21.784685
..     ...           ...      ...  ...       ...         ...        ...
98   28970  1.158910e+10        0  ...  3.130932  341.586644  17.801481
99   28980  1.159203e+10        0  ... -1.096317   30.321769  23.941754
100  28985  1.159440e+10        0  ...  1.509158  237.733645  25.560729
101  28990  1.159677e+10        0  ... -0.825833   20.153722  19.044220
102  28995  1.159849e+10        0  ...  2.872203  341.219624  22.521069

[103 rows x 26 columns]
S2 selection efficiency:  100.0 %
/n/holystore01/LABS/guenette_lab/Lab/data/NEXT/FLEX/mc/eres_22072022/full_sims/s1.3mmp2.4mm/kr83m/kdsts/sthresh/hdf5/flex.kr83m.57.kdsts.h5
    event          time  s1_peak  ...       Phi       Xrms       Yrms
0   28500  1.140015e+10        0  ... -0.185224  27.263864  25.082243
1   28505  1.140359e+10        0  ...  3.128974  25.637283  22.114336
2   28510  1.140523e+10        0  ... -0.789687  21.561779  21.477739
3   28515  1.140723e+10        0  ... -1.080543  24.354217  24.382199
4   28520  1.140815e+10        0  ... -1.849446  25.564052  24.610421
..    ...           ...      ...  ...       ...        ...        ...
94  28975  1.159194e+10        0  ...  2.708227  24.803999  22.980392
95  28980  1.159376e+10        0  ... -1.592041  24.565182  25.879900
96  28985  1.159560e+10        0  ... -0.413236  22.416839  23.022446
97  28990  1.159698e+10        0  ...  1.795620  21.631709  29.916273
98  28995  1.159911e+10        0  ...  2.221115  20.095308  21.197564

[99 rows x 26 columns]
S2 selection efficiency:  100.0 %
/n/holystore01/LABS/guenette_lab/Lab/data/NEXT/FLEX/mc/eres_22072022/full_sims/s3mmp5.5mm/kr83m/kdsts/sthresh/hdf5/flex.kr83m.57.kdsts.h5
    event          time  s1_peak  ...       Phi       Xrms       Yrms
0   28500  1.140143e+10        0  ... -0.185961  38.458218  34.588038
1   28505  1.140266e+10        0  ... -1.320801  35.232619  40.032946
2   28510  1.140431e+10        0  ...  1.489689  31.301840  27.381059
3   28515  1.140636e+10        0  ...  2.905123  37.558729  35.179072
4   28520  1.140890e+10        0  ... -2.021985  37.565472  41.333595
..    ...           ...      ...  ...       ...        ...        ...
91  28975  1.159198e+10        0  ...  2.525947  38.589543  36.170123
92  28980  1.159235e+10        0  ...  3.050541  35.203188  34.080570
93  28985  1.159441e+10        0  ...  3.104718  36.176884  34.636889
94  28990  1.159663e+10        0  ...  2.430046  31.301671  32.760198
95  28995  1.159869e+10        0  ...  1.535193  35.410019  40.015577

[96 rows x 26 columns]
S2 selection efficiency:  100.0 %
/n/holystore01/LABS/guenette_lab/Lab/data/NEXT/FLEX/mc/eres_22072022/full_sims/s6mmp11mm/kr83m/kdsts/sthresh/hdf5/flex.kr83m.57.kdsts.h5
     event          time  s1_peak  ...       Phi        Xrms        Yrms
0    28500  1.140086e+10        0  ... -0.181194  114.798957   90.821677
1    28505  1.140331e+10        0  ... -2.090427   97.052730  105.937159
2    28510  1.140554e+10        0  ... -0.579637  106.705604   99.633334
3    28515  1.140736e+10        0  ... -2.011883   79.782530  112.663666
4    28520  1.140931e+10        0  ...  1.225978   91.096370  102.442378
..     ...           ...      ...  ...       ...         ...         ...
96   28975  1.159101e+10        0  ... -1.386997   82.939883  128.769297
97   28980  1.159239e+10        0  ... -1.308558   91.602798  105.377019
98   28985  1.159546e+10        0  ... -0.233304  120.738886   78.558306
99   28990  1.159663e+10        0  ...  2.200918   96.498860  107.798338
100  28995  1.159995e+10        0  ...  2.649566  106.122447   99.231015

[101 rows x 26 columns]
S2 selection efficiency:  100.0 %
/n/holystore01/LABS/guenette_lab/Lab/data/NEXT/FLEX/mc/eres_22072022/full_sims/s6mmp7.8mm/kr83m/kdsts/sthresh/hdf5/flex.kr83m.57.kdsts.h5
    event          time  s1_peak  ...       Phi        Xrms        Yrms
0   28500  1.140157e+10        0  ... -0.181384  115.548672   94.305941
1   28505  1.140278e+10        0  ...  0.196747   66.430305   48.447584
2   28510  1.140542e+10        0  ...  3.078974  117.908060   76.887411
3   28510  1.140542e+10        1  ...  3.078974  117.908060   76.887411
4   28515  1.140763e+10        0  ...  1.370067   81.443262  121.487768
..    ...           ...      ...  ...       ...         ...         ...
95  28970  1.158965e+10        0  ... -1.751854   97.047366  115.418391
96  28980  1.159242e+10        0  ... -1.063177   96.680093  104.208034
97  28985  1.159451e+10        0  ... -2.320200   95.076765   97.758649
98  28990  1.159788e+10        0  ...  1.574877  104.880203  119.658983
99  28995  1.159841e+10        0  ... -2.657844  112.058051   88.057831

[100 rows x 26 columns]
S2 selection efficiency:  100.0 %
