Defining Conda Paths
Sourcing Conda
Finished!
/n/holystore01/LABS/guenette_lab/Lab/data/NEXT/FLEX/mc/eres_22072022/full_sims/s1.3mmp3.5mm/kr83m/kdsts/sthresh/hdf5/flex.kr83m.80.kdsts.h5
     event          time  s1_peak  ...       Phi        Xrms       Yrms
0    40000  1.600147e+10        0  ... -0.220363   30.107457  22.612235
1    40005  1.600240e+10        0  ... -0.833380   23.798562  27.620168
2    40010  1.600594e+10        0  ... -2.536769   20.665840  21.729441
3    40020  1.600995e+10        0  ... -1.116759   20.715529  23.072534
4    40025  1.601131e+10        0  ... -0.853990   25.447112  24.373782
..     ...           ...      ...  ...       ...         ...        ...
97   40475  1.619097e+10        0  ... -0.043166   29.840189  19.894428
98   40480  1.619385e+10        0  ...  0.815031  181.690961  27.977217
99   40485  1.619460e+10        0  ...  0.885856  265.766102  26.955031
100  40490  1.619797e+10        0  ... -0.871966   21.011377  25.833549
101  40495  1.619823e+10        0  ...  1.560751  315.482293  17.619548

[102 rows x 26 columns]
S2 selection efficiency:  100.0 %
/n/holystore01/LABS/guenette_lab/Lab/data/NEXT/FLEX/mc/eres_22072022/full_sims/s1.3mmp2.4mm/kr83m/kdsts/sthresh/hdf5/flex.kr83m.80.kdsts.h5
     event          time  s1_peak  ...       Phi       Xrms       Yrms
0    40000  1.600029e+10        0  ... -0.219722  29.292430  22.785601
1    40000  1.600029e+10        1  ... -0.219722  29.292430  22.785601
2    40005  1.600377e+10        0  ... -0.729816  30.185828  24.732034
3    40010  1.600434e+10        0  ... -3.059338  25.567356  21.636045
4    40010  1.600434e+10        1  ... -3.059338  25.567356  21.636045
..     ...           ...      ...  ...       ...        ...        ...
96   40475  1.619196e+10        0  ...  2.300957  27.153804  28.727766
97   40480  1.619395e+10        0  ... -2.598979  22.839542  22.416128
98   40485  1.619483e+10        0  ...  2.710799  28.621317  25.590787
99   40490  1.619798e+10        0  ... -1.322386  22.721651  22.186436
100  40495  1.619863e+10        0  ... -0.224918  26.520091  21.115461

[101 rows x 26 columns]
S2 selection efficiency:  100.0 %
/n/holystore01/LABS/guenette_lab/Lab/data/NEXT/FLEX/mc/eres_22072022/full_sims/s3mmp5.5mm/kr83m/kdsts/sthresh/hdf5/flex.kr83m.80.kdsts.h5
    event          time  s1_peak  ...       Phi       Xrms       Yrms
0   40000  1.600039e+10        0  ... -0.219672  36.940939  35.947011
1   40005  1.600326e+10        0  ...  0.017909  37.791615  35.927861
2   40010  1.600454e+10        0  ...  0.496025  38.705723  35.539316
3   40015  1.600712e+10        0  ... -0.665274  38.198251  36.557556
4   40020  1.600805e+10        0  ... -1.559361  36.143277  39.198194
..    ...           ...      ...  ...       ...        ...        ...
94  40475  1.619114e+10        0  ...  0.848765  37.459137  36.827850
95  40480  1.619306e+10        0  ... -2.117377  39.664110  39.457576
96  40485  1.619569e+10        0  ...  0.052783  40.786889  35.659844
97  40490  1.619785e+10        0  ...  1.593869  36.481800  39.847309
98  40495  1.619962e+10        0  ... -0.643799  35.823285  36.646187

[99 rows x 26 columns]
S2 selection efficiency:  100.0 %
/n/holystore01/LABS/guenette_lab/Lab/data/NEXT/FLEX/mc/eres_22072022/full_sims/s6mmp11mm/kr83m/kdsts/sthresh/hdf5/flex.kr83m.80.kdsts.h5
     event          time  s1_peak  ...       Phi        Xrms        Yrms
0    40000  1.600152e+10        0  ... -0.220279  119.058883   86.801025
1    40005  1.600215e+10        0  ...  1.363104   92.962104  124.857132
2    40010  1.600562e+10        0  ... -1.711331   95.378740   94.139020
3    40015  1.600681e+10        0  ... -1.070844   92.211915  112.337240
4    40020  1.600988e+10        0  ...  0.240461  111.152868   87.104151
..     ...           ...      ...  ...       ...         ...         ...
97   40480  1.619268e+10        0  ...  0.814341   96.896254   98.531220
98   40485  1.619557e+10        0  ... -2.567271  109.523472   97.905184
99   40490  1.619660e+10        0  ... -2.928193  112.927603   90.986122
100  40490  1.619660e+10        1  ... -2.928193  112.927603   90.986122
101  40495  1.619959e+10        0  ...  0.473448  112.859374   89.465966

[102 rows x 26 columns]
S2 selection efficiency:  100.0 %
/n/holystore01/LABS/guenette_lab/Lab/data/NEXT/FLEX/mc/eres_22072022/full_sims/s6mmp7.8mm/kr83m/kdsts/sthresh/hdf5/flex.kr83m.80.kdsts.h5
    event          time  s1_peak  ...       Phi        Xrms        Yrms
0   40000  1.600011e+10        0  ... -0.219576  125.095988   90.306958
1   40005  1.600290e+10        0  ...  0.843556  103.489155  107.296514
2   40010  1.600470e+10        0  ... -0.302301  111.192661   78.282957
3   40015  1.600615e+10        0  ...  2.613546  115.547064   95.257892
4   40025  1.601162e+10        0  ...  2.280129  102.808107  108.791941
..    ...           ...      ...  ...       ...         ...         ...
95  40475  1.619137e+10        0  ... -0.440233  113.884995   82.285161
96  40480  1.619368e+10        0  ...  1.625571   82.550110  126.407910
97  40485  1.619592e+10        0  ...  2.171928   98.388242  114.590640
98  40490  1.619672e+10        0  ...  2.893824  125.326819  102.545671
99  40495  1.619893e+10        0  ...  1.045606   98.410447  110.319395

[100 rows x 26 columns]
S2 selection efficiency:  100.0 %
