Defining Conda Paths
Sourcing Conda
Finished!
/n/holystore01/LABS/guenette_lab/Lab/data/NEXT/FLEX/mc/eres_22072022/full_sims/s1.3mmp3.5mm/kr83m/kdsts/sthresh/hdf5/flex.kr83m.85.kdsts.h5
     event          time  s1_peak  ...       Phi        Xrms       Yrms
0    42500  1.700115e+10        0  ...  2.978375   82.836997  22.393512
1    42505  1.700245e+10        0  ...  0.858306  261.666057  19.983282
2    42510  1.700523e+10        0  ... -1.006598   22.301569  20.546581
3    42515  1.700625e+10        0  ... -2.885232   24.994385  21.148151
4    42520  1.700801e+10        0  ...  0.175570   72.701840  22.228794
..     ...           ...      ...  ...       ...         ...        ...
96   42975  1.719019e+10        0  ...  1.585668  245.733727  22.495504
97   42980  1.719265e+10        0  ...  1.540833  220.567665  26.612593
98   42985  1.719423e+10        0  ... -1.228806   21.725819  19.269844
99   42990  1.719749e+10        0  ... -2.906552   29.000335  23.393481
100  42995  1.719998e+10        0  ... -0.673339   19.501014  19.775108

[101 rows x 26 columns]
S2 selection efficiency:  100.0 %
/n/holystore01/LABS/guenette_lab/Lab/data/NEXT/FLEX/mc/eres_22072022/full_sims/s1.3mmp2.4mm/kr83m/kdsts/sthresh/hdf5/flex.kr83m.85.kdsts.h5
     event          time  s1_peak  ...       Phi       Xrms       Yrms
0    42500  1.700180e+10        0  ...  1.180060  24.891206  24.104930
1    42505  1.700227e+10        0  ...  1.075123  25.959997  26.334639
2    42510  1.700586e+10        0  ... -0.126522  20.001849  20.647039
3    42515  1.700799e+10        0  ...  2.371225  19.476765  19.904554
4    42520  1.700957e+10        0  ... -1.919479  23.091508  25.845971
..     ...           ...      ...  ...       ...        ...        ...
97   42980  1.719251e+10        0  ...  0.530980  24.899558  21.889557
98   42985  1.719557e+10        0  ... -1.564435  24.222517  26.350972
99   42990  1.719673e+10        0  ...  2.400223  25.845652  23.725172
100  42990  1.719673e+10        1  ...  2.400223  25.845652  23.725172
101  42995  1.719949e+10        0  ... -2.252896  23.618216  24.963414

[102 rows x 26 columns]
S2 selection efficiency:  100.0 %
/n/holystore01/LABS/guenette_lab/Lab/data/NEXT/FLEX/mc/eres_22072022/full_sims/s3mmp5.5mm/kr83m/kdsts/sthresh/hdf5/flex.kr83m.85.kdsts.h5
    event          time  s1_peak  ...       Phi       Xrms       Yrms
0   42500  1.700198e+10        0  ...  1.180889  35.080577  35.878872
1   42505  1.700253e+10        0  ... -0.698216  35.677071  35.850701
2   42510  1.700524e+10        0  ... -1.253631  34.105190  36.729487
3   42515  1.700649e+10        0  ... -1.783637  34.786380  34.973164
4   42520  1.700951e+10        0  ...  2.611690  35.789770  34.842023
..    ...           ...      ...  ...       ...        ...        ...
92  42980  1.719235e+10        0  ... -0.508274  39.796597  37.286578
93  42980  1.719235e+10        1  ... -0.508274  39.796597  37.286578
94  42985  1.719558e+10        0  ...  2.060248  36.727623  38.338675
95  42990  1.719776e+10        0  ...  1.360062  35.520671  39.859389
96  42995  1.719843e+10        0  ... -1.628810  36.094449  38.099893

[97 rows x 26 columns]
S2 selection efficiency:  100.0 %
/n/holystore01/LABS/guenette_lab/Lab/data/NEXT/FLEX/mc/eres_22072022/full_sims/s6mmp11mm/kr83m/kdsts/sthresh/hdf5/flex.kr83m.85.kdsts.h5
    event          time  s1_peak  ...       Phi        Xrms        Yrms
0   42500  1.700051e+10        0  ...  1.171732   94.463950   93.394234
1   42505  1.700236e+10        0  ... -2.556553  100.745468   97.786089
2   42515  1.700695e+10        0  ...  1.985957   91.118833   99.131919
3   42520  1.700811e+10        0  ...  0.295869   94.345749   91.726655
4   42525  1.701193e+10        0  ... -2.871740  109.879220   92.955809
..    ...           ...      ...  ...       ...         ...         ...
93  42970  1.718993e+10        0  ...  0.199542  111.513998   80.129466
94  42975  1.719148e+10        0  ... -0.086042  120.067227   97.194116
95  42985  1.719490e+10        0  ... -0.898841  103.011010  109.191012
96  42990  1.719695e+10        0  ...  1.832224   92.010772  116.574315
97  42995  1.719831e+10        0  ... -1.920573   92.142076  100.104964

[98 rows x 26 columns]
S2 selection efficiency:  100.0 %
/n/holystore01/LABS/guenette_lab/Lab/data/NEXT/FLEX/mc/eres_22072022/full_sims/s6mmp7.8mm/kr83m/kdsts/sthresh/hdf5/flex.kr83m.85.kdsts.h5
     event          time  s1_peak  ...       Phi        Xrms        Yrms
0    42500  1.700036e+10        0  ...  1.176607   96.973269   98.674556
1    42505  1.700220e+10        0  ...  0.986698  106.446421  113.763570
2    42510  1.700509e+10        0  ... -3.035669  115.244057   88.068462
3    42515  1.700692e+10        0  ... -0.595256  102.873715   89.268428
4    42520  1.700840e+10        0  ...  1.179367   93.187677  113.721904
..     ...           ...      ...  ...       ...         ...         ...
98   42975  1.719025e+10        0  ...  1.690427   78.785995  118.294984
99   42980  1.719257e+10        0  ...  0.281307  117.914195   99.258680
100  42985  1.719419e+10        0  ...  1.829208   75.514221  111.919384
101  42990  1.719721e+10        0  ...  0.270436  120.557128   85.115637
102  42995  1.719815e+10        0  ...  2.485660  108.005371   97.027711

[103 rows x 26 columns]
S2 selection efficiency:  100.0 %
