Defining Conda Paths
Sourcing Conda
Finished!
/n/holystore01/LABS/guenette_lab/Lab/data/NEXT/FLEX/mc/eres_22072022/full_sims/s1.3mmp3.5mm/kr83m/kdsts/sthresh/hdf5/flex.kr83m.66.kdsts.h5
    event          time  s1_peak  ...       Phi        Xrms       Yrms
0   33000  1.320013e+10        0  ...  1.256619  260.766713  21.478004
1   33005  1.320342e+10        0  ...  1.572436  255.051719  25.516392
2   33010  1.320463e+10        0  ... -2.190203   23.773842  23.981651
3   33015  1.320681e+10        0  ... -1.438832   24.535966  26.753043
4   33020  1.320876e+10        0  ... -2.350256   20.942410  19.427862
..    ...           ...      ...  ...       ...         ...        ...
95  33475  1.339016e+10        0  ... -2.561664   20.624000  23.319517
96  33480  1.339305e+10        0  ...  3.129023  327.458696  19.576003
97  33485  1.339446e+10        0  ... -1.731655   23.651575  25.371649
98  33490  1.339661e+10        0  ... -1.506042   24.402241  22.553165
99  33495  1.339955e+10        0  ...  2.807848  174.588346  21.363938

[100 rows x 26 columns]
S2 selection efficiency:  100.0 %
/n/holystore01/LABS/guenette_lab/Lab/data/NEXT/FLEX/mc/eres_22072022/full_sims/s1.3mmp2.4mm/kr83m/kdsts/sthresh/hdf5/flex.kr83m.66.kdsts.h5
    event          time  s1_peak  ...       Phi       Xrms       Yrms
0   33000  1.320017e+10        0  ...  1.505389  19.613402  20.096888
1   33005  1.320254e+10        0  ... -0.738147  27.334786  26.605407
2   33010  1.320514e+10        0  ...  1.888296  23.888159  27.053247
3   33015  1.320697e+10        0  ...  2.484501  25.934021  22.078921
4   33020  1.320817e+10        0  ... -1.592110  23.950540  31.708501
..    ...           ...      ...  ...       ...        ...        ...
95  33475  1.339014e+10        1  ...  0.615890  30.522064  33.727410
96  33480  1.339366e+10        0  ... -0.130620  33.303840  27.684812
97  33485  1.339549e+10        0  ... -1.479631  20.381909  22.579640
98  33490  1.339739e+10        0  ... -1.168337  26.780367  28.578675
99  33495  1.339837e+10        0  ...  1.240087  24.008851  29.433727

[100 rows x 26 columns]
S2 selection efficiency:  100.0 %
/n/holystore01/LABS/guenette_lab/Lab/data/NEXT/FLEX/mc/eres_22072022/full_sims/s3mmp5.5mm/kr83m/kdsts/sthresh/hdf5/flex.kr83m.66.kdsts.h5
     event          time  s1_peak  ...       Phi       Xrms       Yrms
0    33000  1.320082e+10        0  ...  1.504237  35.951324  39.899105
1    33005  1.320202e+10        0  ...  1.178406  32.718695  34.267433
2    33010  1.320567e+10        0  ... -0.150271  34.751313  35.814525
3    33015  1.320679e+10        0  ...  2.069463  33.524322  34.611860
4    33020  1.320947e+10        0  ...  1.773972  35.771917  36.855201
..     ...           ...      ...  ...       ...        ...        ...
97   33475  1.339055e+10        0  ...  2.982369  37.993757  33.845588
98   33480  1.339204e+10        0  ... -2.375727  28.579834  28.044076
99   33485  1.339585e+10        0  ... -1.943607  27.396174  22.301169
100  33490  1.339605e+10        0  ... -0.008156  36.663882  33.227758
101  33495  1.339962e+10        0  ...  1.729504  32.747316  34.800263

[102 rows x 26 columns]
S2 selection efficiency:  100.0 %
/n/holystore01/LABS/guenette_lab/Lab/data/NEXT/FLEX/mc/eres_22072022/full_sims/s6mmp11mm/kr83m/kdsts/sthresh/hdf5/flex.kr83m.66.kdsts.h5
     event          time  s1_peak  ...       Phi        Xrms        Yrms
0    33000  1.320114e+10        0  ...  1.507546   98.603302  111.775329
1    33005  1.320366e+10        0  ...  1.057632   94.855711  105.966035
2    33010  1.320557e+10        0  ...  0.466833  108.548860   92.151264
3    33015  1.320606e+10        0  ... -2.013867   99.920129  119.518435
4    33020  1.320849e+10        0  ... -0.137455   94.035494   93.461163
..     ...           ...      ...  ...       ...         ...         ...
98   33475  1.339059e+10        0  ...  0.848422  108.363647  108.875291
99   33480  1.339279e+10        0  ... -1.494735   97.507133  105.318441
100  33485  1.339553e+10        0  ...  0.797635   98.058153   97.896270
101  33490  1.339630e+10        0  ...  2.246355  104.976226  112.801329
102  33495  1.339817e+10        0  ... -2.109154   97.228702  104.711795

[103 rows x 26 columns]
S2 selection efficiency:  100.0 %
/n/holystore01/LABS/guenette_lab/Lab/data/NEXT/FLEX/mc/eres_22072022/full_sims/s6mmp7.8mm/kr83m/kdsts/sthresh/hdf5/flex.kr83m.66.kdsts.h5
    event          time  s1_peak  ...       Phi        Xrms        Yrms
0   33000  1.320046e+10        0  ...  1.505811  102.235818  118.318468
1   33005  1.320286e+10        0  ... -1.604051   92.395270  109.627784
2   33010  1.320551e+10        0  ... -2.177228   67.136137   78.453224
3   33015  1.320769e+10        0  ... -1.895618   97.527507  106.408705
4   33020  1.320882e+10        0  ... -2.127069  102.220271  108.761289
..    ...           ...      ...  ...       ...         ...         ...
89  33475  1.339011e+10        0  ... -2.994894  116.147033   86.949215
90  33480  1.339318e+10        0  ...  2.613469   98.236990   96.655778
91  33485  1.339542e+10        0  ...  0.282167  124.175509   82.675593
92  33490  1.339744e+10        0  ...  0.330499  102.433202   95.384953
93  33495  1.339943e+10        0  ...  1.096318  101.709906  105.772023

[94 rows x 26 columns]
S2 selection efficiency:  100.0 %
