Defining Conda Paths
Sourcing Conda
Finished!
/n/holystore01/LABS/guenette_lab/Lab/data/NEXT/FLEX/mc/eres_22072022/full_sims/s1.3mmp3.5mm/kr83m/kdsts/sthresh/hdf5/flex.kr83m.18.kdsts.h5
     event          time  s1_peak  ...       Phi        Xrms       Yrms
0     9000  3.601567e+09        0  ...  0.683933  198.453991  19.031720
1     9005  3.603999e+09        0  ...  3.057882   66.851949  23.783919
2     9010  3.605166e+09        0  ... -1.013492   24.710659  22.545776
3     9015  3.606312e+09        0  ...  2.619553   62.106341  19.659122
4     9020  3.609162e+09        0  ... -1.233480   23.357313  24.719573
..     ...           ...      ...  ...       ...         ...        ...
100   9475  3.791600e+09        0  ... -1.680047   24.623776  21.973259
101   9480  3.793825e+09        0  ... -0.460351   27.412768  22.810658
102   9485  3.794724e+09        0  ... -0.736582   22.038235  23.818767
103   9490  3.796420e+09        0  ... -0.769362   23.057159  23.679159
104   9495  3.799787e+09        0  ... -1.922138   24.071295  26.924832

[105 rows x 26 columns]
S2 selection efficiency:  100.0 %
/n/holystore01/LABS/guenette_lab/Lab/data/NEXT/FLEX/mc/eres_22072022/full_sims/s1.3mmp2.4mm/kr83m/kdsts/sthresh/hdf5/flex.kr83m.18.kdsts.h5
    event          time  s1_peak  ...       Phi       Xrms       Yrms
0    9005  3.602479e+09        0  ...  0.618355  30.746927  24.176059
1    9010  3.604082e+09        0  ... -1.557716  26.424637  33.629593
2    9015  3.607698e+09        0  ...  2.331608  27.492936  28.198172
3    9020  3.609650e+09        0  ...  0.829073  23.256282  25.176894
4    9025  3.610595e+09        0  ...  1.390436  20.640481  21.809127
..    ...           ...      ...  ...       ...        ...        ...
91   9475  3.790661e+09        0  ...  2.510673  18.984733  21.002375
92   9480  3.793227e+09        0  ...  0.295596  24.381258  22.439034
93   9485  3.794785e+09        0  ... -2.956564  28.604956  24.164146
94   9490  3.796385e+09        0  ... -0.394733  20.985678  20.984109
95   9495  3.799785e+09        0  ...  0.548213  20.680173  21.516931

[96 rows x 26 columns]
S2 selection efficiency:  100.0 %
/n/holystore01/LABS/guenette_lab/Lab/data/NEXT/FLEX/mc/eres_22072022/full_sims/s3mmp5.5mm/kr83m/kdsts/sthresh/hdf5/flex.kr83m.18.kdsts.h5
    event          time  s1_peak  ...       Phi       Xrms       Yrms
0    9005  3.603383e+09        0  ... -2.903616  40.259671  37.630730
1    9010  3.604282e+09        0  ...  1.174312  36.889302  38.419908
2    9015  3.607848e+09        0  ... -0.554105  29.740637  29.019686
3    9020  3.609313e+09        0  ...  0.801905  37.151200  38.448465
4    9025  3.611640e+09        0  ...  1.634595  34.847765  37.677584
..    ...           ...      ...  ...       ...        ...        ...
92   9475  3.790693e+09        0  ... -2.804495  38.843879  36.319078
93   9480  3.792534e+09        0  ...  1.532874  34.101477  36.665774
94   9485  3.794143e+09        0  ...  2.225793  36.598375  36.129762
95   9490  3.797895e+09        0  ... -2.513382  39.388245  36.802944
96   9495  3.798978e+09        0  ... -3.025493  36.138851  34.084445

[97 rows x 26 columns]
S2 selection efficiency:  100.0 %
/n/holystore01/LABS/guenette_lab/Lab/data/NEXT/FLEX/mc/eres_22072022/full_sims/s6mmp11mm/kr83m/kdsts/sthresh/hdf5/flex.kr83m.18.kdsts.h5
    event          time  s1_peak  ...       Phi        Xrms        Yrms
0    9000  3.600651e+09        0  ...  1.692208  101.294690  112.131465
1    9005  3.602965e+09        0  ...  1.557652   81.669497  113.257927
2    9010  3.604036e+09        0  ...  1.967299   87.463698  119.719141
3    9015  3.606002e+09        0  ... -2.037917   98.160087  104.270768
4    9020  3.608408e+09        0  ... -1.637311   88.857974  105.685021
..    ...           ...      ...  ...       ...         ...         ...
95   9475  3.790544e+09        0  ... -0.211302  114.406223   97.625655
96   9480  3.792986e+09        0  ...  0.843553   99.848799   99.750889
97   9485  3.795795e+09        0  ... -0.275159  103.049325  103.389410
98   9490  3.797167e+09        0  ... -0.560002  110.515446   98.353661
99   9495  3.799021e+09        0  ... -0.709973  102.480170   97.030987

[100 rows x 26 columns]
S2 selection efficiency:  100.0 %
/n/holystore01/LABS/guenette_lab/Lab/data/NEXT/FLEX/mc/eres_22072022/full_sims/s6mmp7.8mm/kr83m/kdsts/sthresh/hdf5/flex.kr83m.18.kdsts.h5
     event          time  s1_peak  ...       Phi        Xrms        Yrms
0     9005  3.603132e+09        0  ... -1.277413   92.190394  113.433434
1     9010  3.605319e+09        0  ...  1.137796   96.589371   96.907405
2     9015  3.606143e+09        0  ...  1.414033   98.491986  104.487344
3     9020  3.609440e+09        0  ... -1.923985   97.714879  108.929708
4     9025  3.610407e+09        0  ...  0.981738  102.083622  105.434134
..     ...           ...      ...  ...       ...         ...         ...
97    9480  3.793979e+09        0  ...  3.013848  113.751193   89.027748
98    9485  3.794837e+09        0  ...  1.397593   97.446371  110.956494
99    9490  3.796821e+09        0  ...  2.751684  103.288386  102.254254
100   9495  3.798080e+09        0  ...  1.094496   85.909240  111.897683
101   9495  3.798080e+09        1  ...  1.094496   85.909240  111.897683

[102 rows x 26 columns]
S2 selection efficiency:  100.0 %
