Defining Conda Paths
Sourcing Conda
Finished!
/n/holystore01/LABS/guenette_lab/Lab/data/NEXT/FLEX/mc/eres_22072022/full_sims/s1.3mmp3.5mm/kr83m/kdsts/sthresh/hdf5/flex.kr83m.77.kdsts.h5
    event          time  s1_peak  ...       Phi        Xrms       Yrms
0   38500  1.540007e+10        0  ...  2.883508   70.796821  21.762114
1   38505  1.540332e+10        0  ... -2.614086   21.746266  21.099480
2   38510  1.540461e+10        0  ...  1.612932  236.872114  27.714843
3   38515  1.540620e+10        0  ...  1.628751  214.928177  16.989557
4   38520  1.540883e+10        0  ...  3.054423  225.419790  22.856144
..    ...           ...      ...  ...       ...         ...        ...
92  38975  1.559156e+10        0  ...  1.470951  209.667804  26.069763
93  38980  1.559396e+10        0  ... -1.870360   25.758347  22.755489
94  38985  1.559594e+10        0  ... -1.200289   21.331365  27.650520
95  38990  1.559620e+10        0  ...  1.571337  229.496199  22.918596
96  38995  1.559833e+10        0  ... -0.216251   26.941773  20.955233

[97 rows x 26 columns]
S2 selection efficiency:  100.0 %
/n/holystore01/LABS/guenette_lab/Lab/data/NEXT/FLEX/mc/eres_22072022/full_sims/s1.3mmp2.4mm/kr83m/kdsts/sthresh/hdf5/flex.kr83m.77.kdsts.h5
     event          time  s1_peak  ...       Phi       Xrms       Yrms
0    38500  1.540140e+10        0  ...  0.639868  23.498603  24.105972
1    38505  1.540304e+10        0  ...  1.534863  23.665449  26.921528
2    38510  1.540508e+10        0  ... -0.658626  24.739587  22.364858
3    38515  1.540664e+10        0  ... -1.567466  22.017522  22.703973
4    38520  1.540829e+10        0  ... -1.459158  23.137198  21.633607
..     ...           ...      ...  ...       ...        ...        ...
96   38975  1.559199e+10        0  ... -0.678478  25.398125  23.339996
97   38980  1.559380e+10        0  ... -2.792241  26.989799  24.603477
98   38985  1.559467e+10        0  ...  0.640973  30.510145  29.211683
99   38990  1.559644e+10        0  ... -0.429429  25.209563  26.346637
100  38995  1.559876e+10        0  ... -2.289262  27.773285  27.232885

[101 rows x 26 columns]
S2 selection efficiency:  100.0 %
/n/holystore01/LABS/guenette_lab/Lab/data/NEXT/FLEX/mc/eres_22072022/full_sims/s3mmp5.5mm/kr83m/kdsts/sthresh/hdf5/flex.kr83m.77.kdsts.h5
    event          time  s1_peak  ...       Phi       Xrms       Yrms
0   38500  1.540106e+10        0  ...  0.641433  35.744278  35.132831
1   38505  1.540390e+10        0  ... -2.804765  33.595637  32.348872
2   38510  1.540443e+10        0  ...  2.739896  37.053321  35.368277
3   38515  1.540659e+10        0  ... -2.781377  37.343333  36.268654
4   38520  1.540861e+10        0  ... -1.406550  34.992836  34.457807
..    ...           ...      ...  ...       ...        ...        ...
93  38975  1.559068e+10        0  ... -1.579945  32.557203  34.118178
94  38980  1.559255e+10        0  ...  3.041848  39.656263  37.249985
95  38985  1.559475e+10        0  ... -0.079746  38.647062  35.603661
96  38990  1.559600e+10        0  ... -2.733429  36.026610  35.154974
97  38995  1.559917e+10        0  ...  1.909670  37.503219  39.034534

[98 rows x 26 columns]
S2 selection efficiency:  100.0 %
/n/holystore01/LABS/guenette_lab/Lab/data/NEXT/FLEX/mc/eres_22072022/full_sims/s6mmp11mm/kr83m/kdsts/sthresh/hdf5/flex.kr83m.77.kdsts.h5
     event          time  s1_peak  ...       Phi        Xrms        Yrms
0    38500  1.540108e+10        0  ...  0.646757   97.699974   96.336943
1    38505  1.540252e+10        0  ...  1.888448   61.639666   89.798129
2    38510  1.540507e+10        0  ... -2.199655   95.539667  102.475387
3    38515  1.540718e+10        0  ... -1.223931   99.475281  120.963919
4    38520  1.540840e+10        0  ... -1.679007   98.946338  100.369757
..     ...           ...      ...  ...       ...         ...         ...
100  38980  1.559258e+10        0  ... -1.004145  103.285422  106.590613
101  38985  1.559549e+10        0  ... -2.507043  106.133089  101.513477
102  38985  1.559549e+10        1  ... -2.507043  106.133089  101.513477
103  38990  1.559626e+10        0  ...  2.008187   92.212506  107.563553
104  38995  1.559996e+10        0  ... -1.270744   88.279503  115.372314

[105 rows x 26 columns]
S2 selection efficiency:  100.0 %
/n/holystore01/LABS/guenette_lab/Lab/data/NEXT/FLEX/mc/eres_22072022/full_sims/s6mmp7.8mm/kr83m/kdsts/sthresh/hdf5/flex.kr83m.77.kdsts.h5
     event          time  s1_peak  ...       Phi        Xrms        Yrms
0    38500  1.540034e+10        0  ...  0.642132  101.125824   99.350371
1    38505  1.540367e+10        0  ... -2.291340   74.943729   76.327588
2    38510  1.540579e+10        0  ... -2.871202  126.382618   93.784600
3    38515  1.540657e+10        0  ... -2.816992  121.602397   93.821804
4    38520  1.540836e+10        0  ... -3.021494  100.473007   95.947158
..     ...           ...      ...  ...       ...         ...         ...
96   38975  1.559087e+10        0  ... -0.497779  108.415767   97.500119
97   38980  1.559222e+10        0  ...  1.348446   74.918503  117.495807
98   38985  1.559582e+10        0  ... -1.811255   89.224183  119.058416
99   38990  1.559692e+10        0  ... -2.191400   96.945844  100.613921
100  38995  1.559914e+10        0  ... -2.075667   93.904965  120.188605

[101 rows x 26 columns]
S2 selection efficiency:  100.0 %
