Defining Conda Paths
Sourcing Conda
Finished!
/n/holystore01/LABS/guenette_lab/Lab/data/NEXT/FLEX/mc/eres_22072022/full_sims/s1.3mmp3.5mm/kr83m/kdsts/sthresh/hdf5/flex.kr83m.45.kdsts.h5
     event          time  s1_peak  ...       Phi        Xrms       Yrms
0    22500  9.000135e+09        0  ...  1.582829  245.713571  21.222390
1    22505  9.002584e+09        0  ... -1.356841   24.811416  23.602070
2    22510  9.005818e+09        0  ... -1.259475   20.859312  22.461047
3    22515  9.007632e+09        0  ...  2.320821  117.487524  19.510760
4    22520  9.008881e+09        0  ... -0.672927   36.519724  26.271369
..     ...           ...      ...  ...       ...         ...        ...
96   22975  9.190775e+09        0  ...  2.767820   64.745807  20.546114
97   22980  9.192363e+09        0  ... -2.984877   29.251944  22.852788
98   22985  9.195434e+09        0  ...  2.162124  183.833399  23.955734
99   22990  9.197496e+09        0  ...  2.161722  396.204187  18.014986
100  22995  9.198210e+09        0  ...  1.563937  240.480895  23.847367

[101 rows x 26 columns]
S2 selection efficiency:  100.0 %
/n/holystore01/LABS/guenette_lab/Lab/data/NEXT/FLEX/mc/eres_22072022/full_sims/s1.3mmp2.4mm/kr83m/kdsts/sthresh/hdf5/flex.kr83m.45.kdsts.h5
     event          time  s1_peak  ...       Phi       Xrms       Yrms
0    22500  9.000589e+09        0  ...  0.817869  23.870060  26.398673
1    22505  9.003181e+09        0  ... -0.805945  23.053274  25.627791
2    22510  9.004793e+09        0  ...  1.948708  21.326001  24.184374
3    22515  9.007671e+09        0  ... -1.499019  21.204420  19.731269
4    22520  9.008663e+09        0  ... -1.210068  23.380416  26.038204
..     ...           ...      ...  ...       ...        ...        ...
96   22975  9.191261e+09        0  ... -3.034879  27.321907  25.233216
97   22980  9.193176e+09        0  ...  2.626088  26.255430  25.907138
98   22985  9.195718e+09        0  ...  0.848658  24.733334  26.494373
99   22990  9.196554e+09        0  ...  0.109578  24.625490  22.918614
100  22995  9.199218e+09        0  ...  1.929389  23.104809  27.656450

[101 rows x 26 columns]
S2 selection efficiency:  100.0 %
/n/holystore01/LABS/guenette_lab/Lab/data/NEXT/FLEX/mc/eres_22072022/full_sims/s3mmp5.5mm/kr83m/kdsts/sthresh/hdf5/flex.kr83m.45.kdsts.h5
     event          time  s1_peak  ...       Phi       Xrms       Yrms
0    22500  9.001915e+09        0  ...  0.818550  36.033056  36.968144
1    22505  9.002623e+09        0  ... -0.085437  36.996538  35.071147
2    22510  9.005987e+09        0  ... -1.821533  34.173736  34.080927
3    22515  9.007102e+09        0  ... -0.437678  39.462085  37.347925
4    22520  9.008750e+09        0  ... -2.999790  30.418513  28.235082
..     ...           ...      ...  ...       ...        ...        ...
96   22975  9.190439e+09        0  ... -0.306152  34.174501  33.924220
97   22980  9.193809e+09        0  ...  0.457197  31.286628  32.402517
98   22985  9.194481e+09        0  ...  0.521360  37.916753  34.436553
99   22990  9.197214e+09        0  ...  0.529570  37.990119  36.209421
100  22995  9.198725e+09        0  ... -2.143560  36.230442  35.596748

[101 rows x 26 columns]
S2 selection efficiency:  100.0 %
/n/holystore01/LABS/guenette_lab/Lab/data/NEXT/FLEX/mc/eres_22072022/full_sims/s6mmp11mm/kr83m/kdsts/sthresh/hdf5/flex.kr83m.45.kdsts.h5
     event          time  s1_peak  ...       Phi        Xrms        Yrms
0    22500  9.000403e+09        0  ...  0.818297  103.712190  104.558488
1    22505  9.002253e+09        0  ... -1.140265   92.238026  103.847029
2    22510  9.004129e+09        0  ...  1.427714   79.385667  122.500374
3    22515  9.007004e+09        0  ...  3.067738  101.905625   97.929919
4    22520  9.009006e+09        0  ... -1.217834   62.439944   81.371701
..     ...           ...      ...  ...       ...         ...         ...
97   22975  9.191253e+09        0  ...  0.715115  106.020290  102.238772
98   22980  9.192932e+09        0  ...  2.764156  109.649999   96.179151
99   22985  9.194187e+09        0  ... -1.293151   88.411520  121.458924
100  22990  9.197915e+09        0  ... -1.938660   98.827716  121.693959
101  22995  9.199447e+09        0  ...  2.918160  106.638242   91.425259

[102 rows x 26 columns]
S2 selection efficiency:  100.0 %
/n/holystore01/LABS/guenette_lab/Lab/data/NEXT/FLEX/mc/eres_22072022/full_sims/s6mmp7.8mm/kr83m/kdsts/sthresh/hdf5/flex.kr83m.45.kdsts.h5
    event          time  s1_peak  ...       Phi        Xrms        Yrms
0   22500  9.001118e+09        0  ...  0.818932  105.728609  107.470523
1   22500  9.001118e+09        1  ...  0.818932  105.728609  107.470523
2   22505  9.003727e+09        0  ...  0.965486   99.067756   96.719421
3   22510  9.004800e+09        0  ...  1.312148   98.066566  132.926160
4   22515  9.006872e+09        0  ... -1.081587   98.343712  116.958444
..    ...           ...      ...  ...       ...         ...         ...
95  22975  9.191856e+09        0  ...  1.599947   98.624510  100.414885
96  22980  9.192102e+09        0  ...  0.136053   98.332952   96.315060
97  22985  9.194633e+09        0  ...  0.948202  102.470417  108.334922
98  22990  9.197936e+09        0  ... -1.967912   94.177740  113.936763
99  22995  9.199941e+09        0  ...  1.961267   97.107951   99.686985

[100 rows x 26 columns]
S2 selection efficiency:  100.0 %
