Defining Conda Paths
Sourcing Conda
Finished!
/n/holystore01/LABS/guenette_lab/Lab/data/NEXT/FLEX/mc/eres_22072022/full_sims/s1.3mmp3.5mm/kr83m/kdsts/sthresh/hdf5/flex.kr83m.48.kdsts.h5
    event          time  s1_peak  ...       Phi        Xrms       Yrms
0   24000  9.600862e+09        0  ...  1.472726  247.528675  21.808188
1   24005  9.602905e+09        0  ...  0.701574   85.156579  24.331282
2   24010  9.605196e+09        0  ...  3.013119  367.885542  18.645793
3   24015  9.607181e+09        0  ...  0.887710   81.168619  24.478834
4   24020  9.608400e+09        0  ...  1.642938  270.259106  18.743064
..    ...           ...      ...  ...       ...         ...        ...
92  24480  9.792600e+09        0  ... -1.267200   19.882645  18.632796
93  24485  9.795666e+09        0  ...  0.122628  107.253386  22.163932
94  24490  9.796581e+09        0  ... -2.121089   28.855492  33.401909
95  24490  9.796581e+09        1  ... -2.121089   28.855492  33.401909
96  24495  9.798076e+09        0  ... -1.068106   18.908593  18.985907

[97 rows x 26 columns]
S2 selection efficiency:  98.93617021276596 %
/n/holystore01/LABS/guenette_lab/Lab/data/NEXT/FLEX/mc/eres_22072022/full_sims/s1.3mmp2.4mm/kr83m/kdsts/sthresh/hdf5/flex.kr83m.48.kdsts.h5
    event          time  s1_peak  ...       Phi       Xrms       Yrms
0   24000  9.601076e+09        0  ...  1.346823  20.935171  20.750456
1   24005  9.602002e+09        0  ...  1.248875  23.406434  23.127940
2   24010  9.604892e+09        0  ...  2.874067  21.805951  21.300059
3   24015  9.607421e+09        0  ...  0.917386  24.385985  24.539723
4   24020  9.609297e+09        0  ... -1.525144  21.840196  30.656590
..    ...           ...      ...  ...       ...        ...        ...
95  24475  9.790934e+09        0  ... -1.469923  21.387281  23.094993
96  24480  9.793135e+09        0  ... -0.581444  24.280475  22.684168
97  24485  9.794851e+09        0  ... -2.957335  25.823522  25.721570
98  24490  9.796514e+09        0  ...  1.388171  21.215996  24.917889
99  24495  9.798735e+09        0  ... -3.030545  23.640825  22.207801

[100 rows x 26 columns]
S2 selection efficiency:  100.0 %
/n/holystore01/LABS/guenette_lab/Lab/data/NEXT/FLEX/mc/eres_22072022/full_sims/s3mmp5.5mm/kr83m/kdsts/sthresh/hdf5/flex.kr83m.48.kdsts.h5
    event          time  s1_peak  ...       Phi       Xrms       Yrms
0   24000  9.601895e+09        0  ...  1.348106  34.967389  39.977698
1   24000  9.601895e+09        1  ...  1.348106  34.967389  39.977698
2   24005  9.603053e+09        0  ... -0.455915  37.847342  38.348287
3   24010  9.604281e+09        0  ... -1.135263  35.342032  36.159193
4   24015  9.607562e+09        0  ... -2.360031  38.710421  38.959155
..    ...           ...      ...  ...       ...        ...        ...
95  24475  9.790090e+09        0  ...  2.002512  37.012320  38.087015
96  24480  9.793666e+09        0  ... -1.661552  33.621142  36.665557
97  24485  9.795036e+09        0  ... -3.069070  40.795874  36.881701
98  24490  9.796179e+09        0  ...  1.904600  36.200092  40.145601
99  24495  9.798912e+09        0  ... -2.275125  36.192179  38.357605

[100 rows x 26 columns]
S2 selection efficiency:  100.0 %
/n/holystore01/LABS/guenette_lab/Lab/data/NEXT/FLEX/mc/eres_22072022/full_sims/s6mmp11mm/kr83m/kdsts/sthresh/hdf5/flex.kr83m.48.kdsts.h5
    event          time  s1_peak  ...       Phi        Xrms        Yrms
0   24000  9.601722e+09        0  ...  1.354166   93.002138  111.252504
1   24005  9.603781e+09        0  ... -1.637670   79.399840  116.232489
2   24010  9.605651e+09        0  ...  0.654982  105.993180   96.819045
3   24010  9.605651e+09        1  ...  0.654982  105.993180   96.819045
4   24015  9.607797e+09        0  ... -2.086194   96.435795  101.691375
..    ...           ...      ...  ...       ...         ...         ...
95  24475  9.790006e+09        0  ...  2.581351  102.491141   93.433199
96  24480  9.793951e+09        0  ...  2.971618  103.181383   96.281875
97  24485  9.794839e+09        0  ...  2.111819   94.042107  114.395224
98  24490  9.797782e+09        0  ... -0.063858  105.464678   92.045111
99  24495  9.798873e+09        0  ...  2.810904  109.469091   96.781358

[100 rows x 26 columns]
S2 selection efficiency:  100.0 %
/n/holystore01/LABS/guenette_lab/Lab/data/NEXT/FLEX/mc/eres_22072022/full_sims/s6mmp7.8mm/kr83m/kdsts/sthresh/hdf5/flex.kr83m.48.kdsts.h5
     event          time  s1_peak  ...       Phi        Xrms        Yrms
0    24000  9.600521e+09        0  ...  1.346045   96.314995  117.673997
1    24005  9.603204e+09        0  ... -2.212583  100.963151  107.010812
2    24010  9.605799e+09        0  ...  0.997741   89.893226  104.582934
3    24015  9.606310e+09        0  ... -1.476511   84.246022  129.520538
4    24020  9.608954e+09        0  ... -3.047109  119.851921   87.262675
..     ...           ...      ...  ...       ...         ...         ...
96   24475  9.790439e+09        0  ...  2.004210   97.556553  115.192664
97   24480  9.793213e+09        0  ... -2.109609   90.731252  105.631050
98   24485  9.794182e+09        0  ... -1.464973   90.915099  109.739153
99   24485  9.794182e+09        1  ... -1.464973   90.915099  109.739153
100  24490  9.796688e+09        0  ...  2.811802  118.987426   83.809411

[101 rows x 26 columns]
S2 selection efficiency:  100.0 %
