Defining Conda Paths
Sourcing Conda
Finished!
/n/holystore01/LABS/guenette_lab/Lab/data/NEXT/FLEX/mc/eres_22072022/full_sims/s1.3mmp3.5mm/kr83m/kdsts/sthresh/hdf5/flex.kr83m.64.kdsts.h5
    event          time  s1_peak  ...       Phi        Xrms       Yrms
0   32000  1.280038e+10        0  ... -1.743988   25.563360  29.081274
1   32005  1.280235e+10        0  ...  0.539117  216.155943  19.249359
2   32010  1.280516e+10        0  ... -2.259233   20.604208  21.883673
3   32015  1.280669e+10        0  ... -0.126709   28.985433  21.139426
4   32020  1.280986e+10        0  ...  3.081951  209.247604  20.111289
..    ...           ...      ...  ...       ...         ...        ...
92  32470  1.298890e+10        0  ...  1.686265  248.265369  21.155455
93  32480  1.299240e+10        0  ...  3.135715   58.344720  20.968637
94  32485  1.299471e+10        0  ...  1.350705  259.817324  24.389876
95  32490  1.299729e+10        0  ... -0.541995   25.743789  23.036830
96  32495  1.299934e+10        0  ...  1.533976  204.239679  25.949577

[97 rows x 26 columns]
S2 selection efficiency:  100.0 %
/n/holystore01/LABS/guenette_lab/Lab/data/NEXT/FLEX/mc/eres_22072022/full_sims/s1.3mmp2.4mm/kr83m/kdsts/sthresh/hdf5/flex.kr83m.64.kdsts.h5
    event          time  s1_peak  ...       Phi       Xrms       Yrms
0   32000  1.280173e+10        0  ... -1.743452  24.751506  31.977175
1   32005  1.280228e+10        0  ...  0.347944  26.653020  22.950126
2   32010  1.280537e+10        0  ... -2.541242  24.992932  22.628291
3   32015  1.280751e+10        0  ...  0.423796  32.024548  28.041994
4   32020  1.280842e+10        0  ... -0.457223  28.307451  24.483778
..    ...           ...      ...  ...       ...        ...        ...
92  32470  1.298852e+10        0  ...  1.667051  23.492210  26.040953
93  32475  1.299128e+10        0  ...  1.439147  22.609637  28.501519
94  32480  1.299228e+10        0  ...  0.824700  25.377237  25.437114
95  32485  1.299492e+10        0  ...  1.365441  20.480558  26.264961
96  32490  1.299691e+10        0  ... -0.200447  28.286671  23.339650

[97 rows x 26 columns]
S2 selection efficiency:  100.0 %
/n/holystore01/LABS/guenette_lab/Lab/data/NEXT/FLEX/mc/eres_22072022/full_sims/s3mmp5.5mm/kr83m/kdsts/sthresh/hdf5/flex.kr83m.64.kdsts.h5
     event          time  s1_peak  ...       Phi       Xrms       Yrms
0    32000  1.280040e+10        0  ... -1.745200  36.804492  39.334401
1    32000  1.280040e+10        1  ... -1.745200  36.804492  39.334401
2    32010  1.280507e+10        0  ...  2.846431  34.270234  36.991534
3    32015  1.280728e+10        0  ... -0.193528  34.361917  33.557323
4    32015  1.280728e+10        1  ... -0.193528  34.361917  33.557323
..     ...           ...      ...  ...       ...        ...        ...
96   32475  1.299072e+10        0  ... -2.919693  35.734501  34.215695
97   32485  1.299418e+10        0  ...  2.893321  38.841504  34.660192
98   32490  1.299612e+10        0  ...  2.060639  36.858984  35.141509
99   32490  1.299612e+10        1  ...  2.060639  36.858984  35.141509
100  32495  1.299983e+10        0  ... -1.197752  36.645250  39.281740

[101 rows x 26 columns]
S2 selection efficiency:  100.0 %
/n/holystore01/LABS/guenette_lab/Lab/data/NEXT/FLEX/mc/eres_22072022/full_sims/s6mmp11mm/kr83m/kdsts/sthresh/hdf5/flex.kr83m.64.kdsts.h5
     event          time  s1_peak  ...       Phi        Xrms        Yrms
0    32000  1.280152e+10        0  ... -1.744620   87.429795  110.900730
1    32005  1.280226e+10        0  ...  1.682421   79.274995  114.927651
2    32010  1.280452e+10        0  ...  1.164711   95.424938   96.106678
3    32015  1.280635e+10        0  ...  0.087341  112.908185   85.145199
4    32020  1.280889e+10        0  ... -2.353822  107.941137  107.485759
..     ...           ...      ...  ...       ...         ...         ...
96   32470  1.298824e+10        0  ... -0.057431  113.375941   71.257043
97   32475  1.299044e+10        0  ... -0.346956   99.739929   95.976538
98   32485  1.299459e+10        0  ... -2.085532   99.734630  111.294584
99   32490  1.299765e+10        0  ... -2.189525   98.414391  113.953822
100  32495  1.299874e+10        0  ...  0.770053  102.465765   96.224134

[101 rows x 26 columns]
S2 selection efficiency:  100.0 %
/n/holystore01/LABS/guenette_lab/Lab/data/NEXT/FLEX/mc/eres_22072022/full_sims/s6mmp7.8mm/kr83m/kdsts/sthresh/hdf5/flex.kr83m.64.kdsts.h5
    event          time  s1_peak  ...       Phi        Xrms        Yrms
0   32000  1.280076e+10        0  ... -1.747143   86.889571  110.995458
1   32005  1.280233e+10        0  ...  1.781468   91.264528  123.368449
2   32010  1.280423e+10        0  ... -2.453771  114.575153  111.249711
3   32015  1.280670e+10        0  ... -3.103069  121.161557   89.979519
4   32020  1.280857e+10        0  ... -0.754569  108.599611  106.970622
..    ...           ...      ...  ...       ...         ...         ...
94  32475  1.299132e+10        0  ... -0.629057  101.375259   87.910726
95  32480  1.299244e+10        0  ... -0.703884  116.217614  109.423950
96  32485  1.299429e+10        0  ... -2.752838  116.373899   95.556781
97  32490  1.299728e+10        0  ...  0.797572   99.786787  101.678362
98  32495  1.299959e+10        0  ... -3.047205  113.697072   98.072402

[99 rows x 26 columns]
S2 selection efficiency:  100.0 %
