Defining Conda Paths
Sourcing Conda
Finished!
/n/holystore01/LABS/guenette_lab/Lab/data/NEXT/FLEX/mc/eres_22072022/full_sims/s1.3mmp3.5mm/kr83m/kdsts/sthresh/hdf5/flex.kr83m.60.kdsts.h5
     event          time  s1_peak  ...       Phi        Xrms       Yrms
0    30000  1.200107e+10        0  ... -0.223096   26.998711  22.026343
1    30005  1.200374e+10        0  ...  1.781738  257.529740  20.064640
2    30010  1.200453e+10        0  ...  2.820100  125.726294  25.959153
3    30015  1.200760e+10        0  ... -1.515631   22.033678  23.617730
4    30020  1.200861e+10        0  ...  2.433346  212.123419  20.121794
..     ...           ...      ...  ...       ...         ...        ...
98   30480  1.219326e+10        0  ... -0.308805   32.882375  23.711080
99   30485  1.219414e+10        0  ...  2.553445  206.767101  22.256907
100  30490  1.219713e+10        0  ...  1.543394  238.571381  22.781176
101  30490  1.219713e+10        1  ...  1.543394  238.571381  22.781176
102  30495  1.219910e+10        0  ... -2.992672   25.226086  21.334275

[103 rows x 26 columns]
S2 selection efficiency:  100.0 %
/n/holystore01/LABS/guenette_lab/Lab/data/NEXT/FLEX/mc/eres_22072022/full_sims/s1.3mmp2.4mm/kr83m/kdsts/sthresh/hdf5/flex.kr83m.60.kdsts.h5
    event          time  s1_peak  ...       Phi       Xrms       Yrms
0   30000  1.200110e+10        0  ... -0.228243  23.059969  21.215706
1   30005  1.200378e+10        0  ... -2.761944  26.674308  25.148308
2   30010  1.200472e+10        0  ...  2.755107  18.454815  19.475360
3   30010  1.200472e+10        1  ...  2.755107  18.454815  19.475360
4   30015  1.200641e+10        0  ...  0.689769  22.503640  21.287213
..    ...           ...      ...  ...       ...        ...        ...
93  30475  1.219018e+10        0  ...  1.588676  25.274220  34.059747
94  30480  1.219343e+10        0  ...  2.780849  24.857073  23.277161
95  30485  1.219419e+10        0  ... -3.050628  39.172077  26.046902
96  30490  1.219630e+10        0  ... -0.550442  29.089215  26.381239
97  30495  1.219837e+10        0  ... -1.021966  22.396468  28.547487

[98 rows x 26 columns]
S2 selection efficiency:  100.0 %
/n/holystore01/LABS/guenette_lab/Lab/data/NEXT/FLEX/mc/eres_22072022/full_sims/s3mmp5.5mm/kr83m/kdsts/sthresh/hdf5/flex.kr83m.60.kdsts.h5
     event          time  s1_peak  ...       Phi       Xrms       Yrms
0    30000  1.200170e+10        0  ... -0.225074  34.804095  33.948770
1    30005  1.200362e+10        0  ...  1.446104  35.100656  39.453702
2    30010  1.200496e+10        0  ...  0.443349  32.818040  34.695713
3    30015  1.200737e+10        0  ...  2.858558  38.702101  36.768259
4    30020  1.200876e+10        0  ... -0.060560  36.265147  33.654802
..     ...           ...      ...  ...       ...        ...        ...
96   30475  1.219129e+10        1  ... -1.584755  34.904708  35.141536
97   30480  1.219372e+10        0  ... -1.763483  34.656893  38.686191
98   30485  1.219435e+10        0  ... -0.054021  40.471637  34.185592
99   30490  1.219623e+10        0  ...  1.565645  32.890223  35.765395
100  30495  1.219916e+10        0  ... -2.988145  36.947771  35.303064

[101 rows x 26 columns]
S2 selection efficiency:  100.0 %
/n/holystore01/LABS/guenette_lab/Lab/data/NEXT/FLEX/mc/eres_22072022/full_sims/s6mmp11mm/kr83m/kdsts/sthresh/hdf5/flex.kr83m.60.kdsts.h5
    event          time  s1_peak  ...       Phi        Xrms        Yrms
0   30000  1.200193e+10        0  ... -0.228400  100.029564   95.256316
1   30005  1.200333e+10        0  ...  0.077811  101.699628   90.724190
2   30010  1.200438e+10        0  ... -0.107244  115.461691   94.178912
3   30015  1.200727e+10        0  ... -0.262347  111.376492   76.850086
4   30020  1.200966e+10        0  ... -2.067196   93.060700  104.975319
..    ...           ...      ...  ...       ...         ...         ...
93  30475  1.219105e+10        0  ... -2.989162  119.145422   77.161700
94  30480  1.219285e+10        0  ... -1.850164  100.250694   99.703423
95  30485  1.219595e+10        0  ...  0.886642   90.730887   90.452485
96  30490  1.219671e+10        0  ...  1.267154   89.787859  120.373459
97  30495  1.219982e+10        0  ... -1.302787   98.657956  109.928087

[98 rows x 26 columns]
S2 selection efficiency:  100.0 %
/n/holystore01/LABS/guenette_lab/Lab/data/NEXT/FLEX/mc/eres_22072022/full_sims/s6mmp7.8mm/kr83m/kdsts/sthresh/hdf5/flex.kr83m.60.kdsts.h5
    event          time  s1_peak  ...       Phi        Xrms        Yrms
0   30000  1.200063e+10        0  ... -0.222728  102.423219   99.448902
1   30005  1.200359e+10        0  ...  1.754263   79.585388  115.989309
2   30010  1.200421e+10        0  ... -2.917162   89.427653   59.175884
3   30015  1.200759e+10        0  ...  1.131155   97.017365  107.795258
4   30020  1.200985e+10        0  ...  1.972036   94.431390  109.155052
..    ...           ...      ...  ...       ...         ...         ...
89  30475  1.219093e+10        0  ...  2.574393  116.063526   97.836984
90  30480  1.219259e+10        0  ... -2.252474  111.575538  118.375487
91  30485  1.219584e+10        0  ... -2.303374  110.112586  113.827164
92  30490  1.219743e+10        0  ... -3.116145  114.444041   96.139621
93  30495  1.219881e+10        0  ... -1.272858   96.747258  108.667932

[94 rows x 26 columns]
S2 selection efficiency:  100.0 %
