Defining Conda Paths
Sourcing Conda
Finished!
/n/holystore01/LABS/guenette_lab/Lab/data/NEXT/FLEX/mc/eres_22072022/full_sims/s1.3mmp3.5mm/kr83m/kdsts/sthresh/hdf5/flex.kr83m.75.kdsts.h5
    event          time  s1_peak  ...       Phi        Xrms       Yrms
0   37500  1.500159e+10        0  ...  1.537325  218.354882  21.727884
1   37505  1.500200e+10        0  ... -0.545684   24.844938  22.012257
2   37510  1.500514e+10        0  ... -2.131895   25.662029  22.504826
3   37515  1.500776e+10        0  ...  1.530071  236.713454  21.806002
4   37520  1.500971e+10        0  ... -2.913338   27.974151  24.927191
..    ...           ...      ...  ...       ...         ...        ...
95  37970  1.518831e+10        0  ... -2.574422   24.883354  23.430159
96  37975  1.519058e+10        0  ... -3.141248   61.081196  19.492402
97  37985  1.519513e+10        0  ... -2.848438   37.387086  22.775021
98  37990  1.519637e+10        0  ... -1.523652   22.824957  21.257872
99  37995  1.519926e+10        0  ... -2.763339   35.174060  34.981880

[100 rows x 26 columns]
S2 selection efficiency:  100.0 %
/n/holystore01/LABS/guenette_lab/Lab/data/NEXT/FLEX/mc/eres_22072022/full_sims/s1.3mmp2.4mm/kr83m/kdsts/sthresh/hdf5/flex.kr83m.75.kdsts.h5
     event          time  s1_peak  ...       Phi       Xrms       Yrms
0    37500  1.500020e+10        0  ...  1.750589  26.093267  35.399386
1    37505  1.500371e+10        0  ...  1.371150  22.324235  29.405741
2    37510  1.500571e+10        0  ...  2.194274  24.559298  27.716495
3    37515  1.500644e+10        0  ...  2.516693  19.365008  19.835094
4    37520  1.500949e+10        0  ...  0.828992  27.374322  25.539899
..     ...           ...      ...  ...       ...        ...        ...
98   37980  1.519386e+10        0  ...  1.689927  24.093366  23.394992
99   37985  1.519597e+10        0  ... -1.002017  28.655331  32.182121
100  37990  1.519696e+10        0  ...  0.102838  20.625407  21.902458
101  37990  1.519696e+10        1  ...  0.102838  20.625407  21.902458
102  37995  1.519838e+10        0  ... -2.782313  28.894066  23.784583

[103 rows x 26 columns]
S2 selection efficiency:  100.0 %
/n/holystore01/LABS/guenette_lab/Lab/data/NEXT/FLEX/mc/eres_22072022/full_sims/s3mmp5.5mm/kr83m/kdsts/sthresh/hdf5/flex.kr83m.75.kdsts.h5
    event          time  s1_peak  ...       Phi       Xrms       Yrms
0   37500  1.500143e+10        0  ...  1.750213  35.360250  39.308244
1   37505  1.500268e+10        0  ...  1.303565  34.603905  34.600214
2   37510  1.500411e+10        0  ... -2.006265  38.198065  37.948496
3   37515  1.500708e+10        0  ...  3.057379  39.710960  35.498453
4   37520  1.500940e+10        0  ...  1.417941  35.495687  38.564097
..    ...           ...      ...  ...       ...        ...        ...
88  37975  1.519194e+10        0  ... -1.897107  35.078470  35.755709
89  37980  1.519206e+10        0  ... -2.391703  33.012627  32.310127
90  37985  1.519547e+10        0  ... -1.020607  34.946645  35.614460
91  37990  1.519699e+10        0  ... -0.882424  33.341494  35.027260
92  37995  1.519802e+10        0  ...  2.437734  38.819580  36.290083

[93 rows x 26 columns]
S2 selection efficiency:  100.0 %
/n/holystore01/LABS/guenette_lab/Lab/data/NEXT/FLEX/mc/eres_22072022/full_sims/s6mmp11mm/kr83m/kdsts/sthresh/hdf5/flex.kr83m.75.kdsts.h5
    event          time  s1_peak  ...       Phi        Xrms        Yrms
0   37500  1.500083e+10        0  ...  1.747543   83.988084  113.805851
1   37505  1.500369e+10        0  ... -2.071387   96.956896  102.673220
2   37510  1.500453e+10        0  ... -0.469972  109.516679  102.792967
3   37520  1.500853e+10        0  ...  0.114263  120.065102   89.288941
4   37525  1.501107e+10        0  ... -0.189166  114.065477   91.713403
..    ...           ...      ...  ...       ...         ...         ...
95  37975  1.519113e+10        0  ...  1.012307   91.458936  102.736673
96  37980  1.519211e+10        0  ... -1.239446  101.297183  104.832255
97  37985  1.519472e+10        0  ...  1.141280  100.693716  110.592004
98  37990  1.519685e+10        0  ... -1.015905  102.462303  116.054370
99  37995  1.519918e+10        0  ... -1.888751   86.655820  109.339026

[100 rows x 26 columns]
S2 selection efficiency:  100.0 %
/n/holystore01/LABS/guenette_lab/Lab/data/NEXT/FLEX/mc/eres_22072022/full_sims/s6mmp7.8mm/kr83m/kdsts/sthresh/hdf5/flex.kr83m.75.kdsts.h5
    event          time  s1_peak  ...       Phi        Xrms        Yrms
0   37500  1.500033e+10        0  ...  1.750107   84.727367  116.831937
1   37505  1.500324e+10        0  ...  2.924896  116.395177   94.950621
2   37510  1.500594e+10        0  ... -1.811012  100.876045  100.533805
3   37515  1.500673e+10        0  ...  1.459512   93.612650  114.761095
4   37520  1.500867e+10        0  ... -1.525226   89.300877  115.885258
..    ...           ...      ...  ...       ...         ...         ...
91  37975  1.519107e+10        0  ... -2.230692  103.712613  111.551440
92  37980  1.519297e+10        0  ... -0.078808   99.160101   97.532266
93  37985  1.519406e+10        0  ... -1.697264   98.653938  116.677716
94  37990  1.519759e+10        0  ...  0.552240  107.851597  102.038592
95  37995  1.519997e+10        0  ...  0.944354   97.336195  105.686923

[96 rows x 26 columns]
S2 selection efficiency:  100.0 %
