Defining Conda Paths
Sourcing Conda
Finished!
/n/holystore01/LABS/guenette_lab/Lab/data/NEXT/FLEX/mc/eres_22072022/full_sims/s1.3mmp3.5mm/kr83m/kdsts/sthresh/hdf5/flex.kr83m.89.kdsts.h5
    event          time  s1_peak  ...       Phi        Xrms       Yrms
0   44500  1.780164e+10        0  ... -2.517582   23.931881  23.148670
1   44505  1.780389e+10        0  ...  1.481914  256.973450  26.880054
2   44510  1.780453e+10        0  ... -2.109648   25.439572  27.290974
3   44515  1.780774e+10        0  ...  1.682214  183.653469  29.108114
4   44520  1.780993e+10        0  ... -2.501235   21.881652  22.410891
..    ...           ...      ...  ...       ...         ...        ...
91  44970  1.798903e+10        0  ...  1.645434  201.216200  25.098823
92  44975  1.799165e+10        0  ...  0.649175  167.616307  21.368113
93  44980  1.799312e+10        0  ...  3.134900   80.102021  20.567076
94  44985  1.799542e+10        0  ...  1.565444  245.633991  20.446511
95  44995  1.799947e+10        0  ... -1.577101   22.208527  20.859907

[96 rows x 26 columns]
S2 selection efficiency:  100.0 %
/n/holystore01/LABS/guenette_lab/Lab/data/NEXT/FLEX/mc/eres_22072022/full_sims/s1.3mmp2.4mm/kr83m/kdsts/sthresh/hdf5/flex.kr83m.89.kdsts.h5
     event          time  s1_peak  ...       Phi       Xrms       Yrms
0    44500  1.780108e+10        0  ... -2.516010  25.918589  25.168006
1    44505  1.780375e+10        0  ...  2.373687  26.712487  24.038278
2    44510  1.780478e+10        0  ...  0.951646  28.063726  27.244839
3    44510  1.780478e+10        1  ...  0.951646  28.063726  27.244839
4    44515  1.780714e+10        0  ... -0.069284  24.434021  20.917032
..     ...           ...      ...  ...       ...        ...        ...
99   44975  1.799095e+10        0  ...  1.660884  23.091944  28.497200
100  44980  1.799385e+10        0  ... -0.180032  24.050338  25.008555
101  44985  1.799469e+10        0  ... -1.624970  24.618648  25.163904
102  44990  1.799748e+10        0  ...  0.217211  27.114080  25.403405
103  44995  1.799821e+10        0  ...  1.702819  20.107578  20.464227

[104 rows x 26 columns]
S2 selection efficiency:  100.0 %
/n/holystore01/LABS/guenette_lab/Lab/data/NEXT/FLEX/mc/eres_22072022/full_sims/s3mmp5.5mm/kr83m/kdsts/sthresh/hdf5/flex.kr83m.89.kdsts.h5
     event          time  s1_peak  ...       Phi       Xrms       Yrms
0    44500  1.780101e+10        0  ... -2.515574  38.398113  35.857716
1    44505  1.780273e+10        0  ...  0.530467  39.601931  38.971198
2    44505  1.780273e+10        1  ...  0.530467  39.601931  38.971198
3    44510  1.780519e+10        0  ...  1.768794  34.550328  36.203764
4    44520  1.780869e+10        0  ...  1.947495  36.245990  34.205590
..     ...           ...      ...  ...       ...        ...        ...
98   44975  1.799096e+10        0  ...  1.224261  34.444064  35.536749
99   44980  1.799319e+10        0  ... -3.050985  31.233291  32.458963
100  44985  1.799424e+10        0  ... -2.669452  32.545266  33.224304
101  44990  1.799732e+10        0  ... -2.391098  37.561861  36.824462
102  44995  1.799976e+10        0  ...  0.796648  36.852545  34.555880

[103 rows x 26 columns]
S2 selection efficiency:  100.0 %
/n/holystore01/LABS/guenette_lab/Lab/data/NEXT/FLEX/mc/eres_22072022/full_sims/s6mmp11mm/kr83m/kdsts/sthresh/hdf5/flex.kr83m.89.kdsts.h5
     event          time  s1_peak  ...       Phi        Xrms        Yrms
0    44500  1.780148e+10        0  ... -2.513231  104.537514   92.677369
1    44505  1.780377e+10        0  ... -2.320225   98.387429  100.444652
2    44510  1.780459e+10        0  ... -2.974101  118.673382   77.256358
3    44515  1.780679e+10        0  ...  1.703355   95.298544  109.900635
4    44520  1.780819e+10        0  ...  1.813999   87.572268  123.226880
..     ...           ...      ...  ...       ...         ...         ...
96   44975  1.799116e+10        0  ... -0.725918  102.867738   97.390678
97   44980  1.799273e+10        0  ... -1.020396   93.762383   98.211677
98   44985  1.799582e+10        0  ...  0.430427  102.118279   92.337961
99   44990  1.799610e+10        0  ...  0.030149  116.597252   73.348989
100  44995  1.799928e+10        0  ... -2.684599  101.244496   94.236022

[101 rows x 26 columns]
S2 selection efficiency:  100.0 %
/n/holystore01/LABS/guenette_lab/Lab/data/NEXT/FLEX/mc/eres_22072022/full_sims/s6mmp7.8mm/kr83m/kdsts/sthresh/hdf5/flex.kr83m.89.kdsts.h5
    event          time  s1_peak  ...       Phi        Xrms        Yrms
0   44500  1.780200e+10        0  ... -2.516676  110.996334   97.409816
1   44505  1.780239e+10        0  ...  3.091298  122.038148   82.424997
2   44510  1.780441e+10        0  ...  2.847252  120.017247   82.158156
3   44510  1.780441e+10        1  ...  2.847252  120.017247   82.158156
4   44515  1.780794e+10        0  ...  1.729877   89.472132  115.613281
..    ...           ...      ...  ...       ...         ...         ...
93  44980  1.799384e+10        0  ...  2.709737   88.820796   66.870516
94  44985  1.799425e+10        0  ...  1.729008   90.584997  119.344484
95  44990  1.799723e+10        0  ... -1.030777   86.837192  106.573220
96  44990  1.799723e+10        1  ... -1.030777   86.837192  106.573220
97  44995  1.799997e+10        0  ...  1.570958   51.930327   78.129760

[98 rows x 26 columns]
S2 selection efficiency:  100.0 %
