Defining Conda Paths
Sourcing Conda
Finished!
/n/holystore01/LABS/guenette_lab/Lab/data/NEXT/FLEX/mc/eres_22072022/full_sims/s1.3mmp3.5mm/kr83m/kdsts/sthresh/hdf5/flex.kr83m.61.kdsts.h5
     event          time  s1_peak  ...       Phi        Xrms       Yrms
0    30500  1.220197e+10        0  ...  1.645463  246.258211  19.391626
1    30505  1.220269e+10        0  ... -0.775523   19.515020  18.811709
2    30510  1.220517e+10        0  ...  1.523246  255.394365  20.912124
3    30515  1.220612e+10        0  ... -3.124702   31.655048  22.842142
4    30520  1.220811e+10        0  ... -2.398322   18.315112  18.838483
..     ...           ...      ...  ...       ...         ...        ...
100  30975  1.239081e+10        0  ... -1.351557   24.638227  30.613415
101  30980  1.239325e+10        0  ... -2.398279   22.334438  23.740708
102  30985  1.239467e+10        0  ... -0.855347   32.549162  47.444115
103  30990  1.239794e+10        0  ...  1.618052  205.005353  26.415853
104  30995  1.239914e+10        0  ... -1.453613   22.853486  22.172385

[105 rows x 26 columns]
S2 selection efficiency:  100.0 %
/n/holystore01/LABS/guenette_lab/Lab/data/NEXT/FLEX/mc/eres_22072022/full_sims/s1.3mmp2.4mm/kr83m/kdsts/sthresh/hdf5/flex.kr83m.61.kdsts.h5
    event          time  s1_peak  ...       Phi       Xrms       Yrms
0   30500  1.220195e+10        0  ...  2.111859  25.576679  30.521711
1   30505  1.220358e+10        0  ... -1.029294  19.506002  20.340107
2   30510  1.220448e+10        0  ... -1.432108  22.595543  25.385012
3   30515  1.220633e+10        0  ...  0.835910  26.701749  24.101321
4   30520  1.220813e+10        0  ... -2.582826  22.834564  21.241171
..    ...           ...      ...  ...       ...        ...        ...
92  30980  1.239395e+10        0  ... -2.993630  21.241526  21.172476
93  30985  1.239536e+10        0  ...  0.151204  30.014966  25.565001
94  30990  1.239717e+10        0  ... -2.406236  25.956812  25.105109
95  30995  1.239819e+10        0  ...  2.592978  29.904814  27.837780
96  30995  1.239819e+10        1  ...  2.592978  29.904814  27.837780

[97 rows x 26 columns]
S2 selection efficiency:  100.0 %
/n/holystore01/LABS/guenette_lab/Lab/data/NEXT/FLEX/mc/eres_22072022/full_sims/s3mmp5.5mm/kr83m/kdsts/sthresh/hdf5/flex.kr83m.61.kdsts.h5
     event          time  s1_peak  ...       Phi       Xrms       Yrms
0    30500  1.220043e+10        0  ...  2.112381  34.743717  36.584012
1    30505  1.220271e+10        0  ... -2.312812  34.822623  34.042783
2    30510  1.220599e+10        0  ...  0.881056  35.340663  35.732538
3    30515  1.220650e+10        0  ... -1.467054  35.890310  35.164069
4    30520  1.220911e+10        0  ...  1.461385  33.664510  37.669493
..     ...           ...      ...  ...       ...        ...        ...
99   30975  1.239194e+10        0  ...  2.038960  35.588842  39.115872
100  30980  1.239260e+10        0  ... -1.693679  30.870573  31.261603
101  30985  1.239542e+10        0  ... -1.688631  36.251662  39.765214
102  30990  1.239697e+10        0  ...  0.713228  32.825662  33.723651
103  30995  1.239883e+10        0  ... -0.808320  28.783168  26.848460

[104 rows x 26 columns]
S2 selection efficiency:  100.0 %
/n/holystore01/LABS/guenette_lab/Lab/data/NEXT/FLEX/mc/eres_22072022/full_sims/s6mmp11mm/kr83m/kdsts/sthresh/hdf5/flex.kr83m.61.kdsts.h5
    event          time  s1_peak  ...       Phi        Xrms        Yrms
0   30500  1.220048e+10        0  ...  2.109699   93.971030  103.574471
1   30505  1.220374e+10        0  ...  0.484818  105.693036   95.376227
2   30510  1.220552e+10        0  ...  2.020888   94.123123  110.076825
3   30515  1.220730e+10        0  ... -1.418127   77.383944  118.062492
4   30520  1.220982e+10        0  ... -0.835935  100.040875  101.258459
..    ...           ...      ...  ...       ...         ...         ...
93  30975  1.239181e+10        0  ...  1.641055   97.394375  103.822109
94  30980  1.239267e+10        0  ... -2.629844  107.756449   92.237276
95  30985  1.239470e+10        0  ... -1.682659   89.460306  110.967607
96  30990  1.239793e+10        0  ... -2.053613   97.666899  110.701338
97  30995  1.239994e+10        0  ...  2.008324   99.157417  108.186759

[98 rows x 26 columns]
S2 selection efficiency:  100.0 %
/n/holystore01/LABS/guenette_lab/Lab/data/NEXT/FLEX/mc/eres_22072022/full_sims/s6mmp7.8mm/kr83m/kdsts/sthresh/hdf5/flex.kr83m.61.kdsts.h5
     event          time  s1_peak  ...       Phi        Xrms        Yrms
0    30500  1.220134e+10        0  ...  2.109721   98.162983  108.344827
1    30515  1.220629e+10        0  ...  2.674965  106.158521  101.106191
2    30520  1.220832e+10        0  ... -1.656590   74.654037  120.353155
3    30525  1.221067e+10        0  ...  0.477433  112.833656   92.914768
4    30530  1.221390e+10        0  ...  2.280375   99.816548  104.948720
..     ...           ...      ...  ...       ...         ...         ...
99   30975  1.239110e+10        0  ... -2.839652  115.943910   84.886381
100  30980  1.239351e+10        0  ...  2.837591  100.662128   97.268174
101  30985  1.239467e+10        0  ... -3.085146  104.844068   91.363753
102  30990  1.239675e+10        0  ... -2.776139  126.100587   93.695540
103  30995  1.239921e+10        0  ...  0.407744  116.607157   98.007343

[104 rows x 26 columns]
S2 selection efficiency:  100.0 %
