Defining Conda Paths
Sourcing Conda
Finished!
/n/holystore01/LABS/guenette_lab/Lab/data/NEXT/FLEX/mc/eres_22072022/full_sims/s1.3mmp3.5mm/kr83m/kdsts/sthresh/hdf5/flex.kr83m.50.kdsts.h5
    event          time  s1_peak  ...       Phi        Xrms       Yrms
0   25000  1.000121e+10        0  ... -2.694944   21.559545  21.820122
1   25005  1.000306e+10        0  ...  1.666170  286.569582  21.549679
2   25010  1.000460e+10        0  ...  1.626907  236.486029  18.747489
3   25015  1.000609e+10        0  ... -2.222487   20.973269  21.380713
4   25020  1.000923e+10        0  ...  1.541638  257.496387  20.114092
..    ...           ...      ...  ...       ...         ...        ...
94  25475  1.019075e+10        0  ...  1.718998  194.729076  29.761408
95  25480  1.019396e+10        0  ... -0.993252   24.460110  25.544850
96  25485  1.019580e+10        0  ...  1.568502  229.232281  23.784933
97  25490  1.019731e+10        0  ...  1.580005  244.925173  22.138858
98  25495  1.019947e+10        0  ... -2.339445   22.197330  21.549084

[99 rows x 26 columns]
S2 selection efficiency:  100.0 %
/n/holystore01/LABS/guenette_lab/Lab/data/NEXT/FLEX/mc/eres_22072022/full_sims/s1.3mmp2.4mm/kr83m/kdsts/sthresh/hdf5/flex.kr83m.50.kdsts.h5
    event          time  s1_peak  ...       Phi       Xrms       Yrms
0   25005  1.000200e+10        0  ...  0.736690  20.572448  21.748469
1   25010  1.000573e+10        0  ...  0.891727  24.549149  21.502339
2   25015  1.000618e+10        0  ... -2.532966  30.749287  30.492940
3   25020  1.000997e+10        0  ...  1.691066  22.069749  26.687191
4   25025  1.001190e+10        0  ... -1.582578  23.773577  30.172387
..    ...           ...      ...  ...       ...        ...        ...
93  25475  1.019020e+10        0  ...  2.871950  31.686336  25.737943
94  25480  1.019387e+10        0  ...  2.163051  25.715610  23.827582
95  25485  1.019579e+10        0  ...  0.239551  23.514487  23.155849
96  25490  1.019663e+10        0  ... -2.406712  21.323914  22.277856
97  25495  1.019818e+10        0  ... -3.120971  21.790467  21.036531

[98 rows x 26 columns]
S2 selection efficiency:  100.0 %
/n/holystore01/LABS/guenette_lab/Lab/data/NEXT/FLEX/mc/eres_22072022/full_sims/s3mmp5.5mm/kr83m/kdsts/sthresh/hdf5/flex.kr83m.50.kdsts.h5
    event          time  s1_peak  ...       Phi       Xrms       Yrms
0   25005  1.000264e+10        0  ...  1.551640  34.032670  33.979418
1   25010  1.000459e+10        0  ...  3.043046  38.475642  34.729263
2   25015  1.000667e+10        0  ...  1.205926  35.636524  36.402480
3   25020  1.000887e+10        0  ...  0.071335  34.514906  33.592307
4   25025  1.001090e+10        0  ...  1.646883  31.873994  35.874845
..    ...           ...      ...  ...       ...        ...        ...
94  25475  1.019171e+10        1  ... -1.782773  36.042425  37.195632
95  25480  1.019224e+10        0  ...  3.106458  41.319356  37.336448
96  25485  1.019578e+10        0  ...  2.176911  37.819136  39.422870
97  25490  1.019661e+10        0  ...  0.913035  34.705215  33.922603
98  25495  1.019953e+10        0  ...  3.017074  38.001037  34.195143

[99 rows x 26 columns]
S2 selection efficiency:  100.0 %
/n/holystore01/LABS/guenette_lab/Lab/data/NEXT/FLEX/mc/eres_22072022/full_sims/s6mmp11mm/kr83m/kdsts/sthresh/hdf5/flex.kr83m.50.kdsts.h5
     event          time  s1_peak  ...       Phi        Xrms        Yrms
0    25000  1.000170e+10        0  ... -2.691556  106.931544   77.402399
1    25005  1.000370e+10        0  ...  2.387274   68.346289   65.152213
2    25010  1.000525e+10        0  ... -2.257741   88.739072   96.751889
3    25015  1.000702e+10        0  ...  0.025690  108.104000   67.610564
4    25020  1.000864e+10        0  ...  1.824307   85.981862  116.718861
..     ...           ...      ...  ...       ...         ...         ...
97   25475  1.019036e+10        0  ... -0.100492  105.063288   91.269231
98   25480  1.019397e+10        0  ... -2.645225  105.726303   84.618839
99   25485  1.019402e+10        0  ... -0.794801   95.666474   96.751805
100  25490  1.019764e+10        0  ...  0.411427  108.420773   84.727580
101  25495  1.019871e+10        0  ... -2.510974   99.725235   95.129513

[102 rows x 26 columns]
S2 selection efficiency:  100.0 %
/n/holystore01/LABS/guenette_lab/Lab/data/NEXT/FLEX/mc/eres_22072022/full_sims/s6mmp7.8mm/kr83m/kdsts/sthresh/hdf5/flex.kr83m.50.kdsts.h5
    event          time  s1_peak  ...       Phi        Xrms        Yrms
0   25000  1.000077e+10        0  ... -2.693796  105.824310   77.527879
1   25005  1.000212e+10        0  ... -0.819370   97.221064   98.914370
2   25010  1.000476e+10        0  ... -0.383035  115.465224   93.498666
3   25015  1.000617e+10        0  ... -1.457859   81.982950  118.361945
4   25020  1.000840e+10        0  ... -1.607654   92.043778  101.716766
..    ...           ...      ...  ...       ...         ...         ...
95  25475  1.019017e+10        0  ... -2.198372   99.363099  112.814295
96  25480  1.019214e+10        0  ...  0.344179  114.786768   77.738304
97  25485  1.019446e+10        0  ... -0.467771  109.612127   97.879175
98  25490  1.019668e+10        0  ... -0.534927  112.166792   92.636759
99  25495  1.019900e+10        0  ...  0.875682   96.839552  103.284699

[100 rows x 26 columns]
S2 selection efficiency:  100.0 %
