Defining Conda Paths
Sourcing Conda
Finished!
/n/holystore01/LABS/guenette_lab/Lab/data/NEXT/FLEX/mc/eres_22072022/full_sims/s1.3mmp3.5mm/kr83m/kdsts/sthresh/hdf5/flex.kr83m.28.kdsts.h5
     event          time  s1_peak  ...       Phi        Xrms       Yrms
0    14000  5.600867e+09        0  ... -2.140447   27.766362  27.982464
1    14005  5.603878e+09        0  ... -0.147998   22.739714  19.316192
2    14010  5.604410e+09        0  ...  2.371971  230.385374  20.656891
3    14015  5.607499e+09        0  ... -1.884379   22.515405  21.784317
4    14020  5.608098e+09        0  ... -2.902042   25.646562  20.811152
..     ...           ...      ...  ...       ...         ...        ...
99   14475  5.791346e+09        1  ... -0.791525   25.621149  21.946210
100  14480  5.792288e+09        0  ... -1.816478   23.141390  22.599454
101  14485  5.795699e+09        0  ...  1.939155  248.323990  21.811672
102  14490  5.796749e+09        0  ...  0.002146   40.689029  19.259060
103  14495  5.799726e+09        0  ...  0.212073  102.463961  21.758594

[104 rows x 26 columns]
S2 selection efficiency:  100.0 %
/n/holystore01/LABS/guenette_lab/Lab/data/NEXT/FLEX/mc/eres_22072022/full_sims/s1.3mmp2.4mm/kr83m/kdsts/sthresh/hdf5/flex.kr83m.28.kdsts.h5
     event          time  s1_peak  ...       Phi       Xrms       Yrms
0    14000  5.600934e+09        0  ... -2.141450  29.858782  27.910755
1    14005  5.603583e+09        0  ... -1.884517  20.112891  20.310805
2    14010  5.605493e+09        0  ... -2.052175  21.012964  20.364848
3    14015  5.606279e+09        0  ... -2.330535  25.521364  25.144797
4    14020  5.608251e+09        0  ... -1.474224  26.160533  34.588079
..     ...           ...      ...  ...       ...        ...        ...
97   14480  5.793661e+09        0  ...  2.110164  24.520468  24.916678
98   14485  5.795821e+09        0  ... -0.521727  25.901543  26.486334
99   14490  5.796026e+09        0  ... -2.679807  21.450943  21.166713
100  14495  5.799113e+09        0  ...  0.931556  24.447412  25.323161
101  14495  5.799113e+09        1  ...  0.931556  24.447412  25.323161

[102 rows x 26 columns]
S2 selection efficiency:  100.0 %
/n/holystore01/LABS/guenette_lab/Lab/data/NEXT/FLEX/mc/eres_22072022/full_sims/s3mmp5.5mm/kr83m/kdsts/sthresh/hdf5/flex.kr83m.28.kdsts.h5
    event          time  s1_peak  ...       Phi       Xrms       Yrms
0   14000  5.601346e+09        0  ... -2.141188  37.483721  38.664655
1   14000  5.601346e+09        1  ... -2.141188  37.483721  38.664655
2   14005  5.602718e+09        0  ... -1.917333  37.427822  41.025443
3   14010  5.604142e+09        0  ... -1.542293  35.088101  39.522614
4   14015  5.606688e+09        0  ...  0.022033  37.141867  33.629524
..    ...           ...      ...  ...       ...        ...        ...
94  14470  5.789311e+09        0  ... -2.810618  41.141029  36.348638
95  14480  5.792047e+09        0  ...  1.831736  31.521372  32.754715
96  14485  5.794174e+09        0  ... -0.818198  35.470586  35.271769
97  14490  5.797421e+09        0  ...  0.138603  36.261115  33.763383
98  14495  5.798241e+09        0  ...  3.113128  40.451396  35.915092

[99 rows x 26 columns]
S2 selection efficiency:  100.0 %
/n/holystore01/LABS/guenette_lab/Lab/data/NEXT/FLEX/mc/eres_22072022/full_sims/s6mmp11mm/kr83m/kdsts/sthresh/hdf5/flex.kr83m.28.kdsts.h5
    event          time  s1_peak  ...       Phi        Xrms        Yrms
0   14000  5.600179e+09        0  ... -2.137526   96.640074  102.837285
1   14005  5.603762e+09        0  ...  1.922891   73.104194  100.656925
2   14010  5.605154e+09        0  ... -1.651961   77.793274  121.013410
3   14015  5.606507e+09        0  ... -0.901887  102.708070  105.178843
4   14020  5.609629e+09        0  ...  1.642113   92.928276   94.637834
..    ...           ...      ...  ...       ...         ...         ...
94  14475  5.791387e+09        0  ...  1.442679   90.398568  108.928452
95  14480  5.793785e+09        0  ...  0.625078  101.655807   94.006083
96  14485  5.794393e+09        0  ...  1.510392   88.224811  108.583257
97  14490  5.796742e+09        0  ... -0.594793  109.513619  104.362943
98  14495  5.798362e+09        0  ... -2.023102   94.900882  113.203447

[99 rows x 26 columns]
S2 selection efficiency:  100.0 %
/n/holystore01/LABS/guenette_lab/Lab/data/NEXT/FLEX/mc/eres_22072022/full_sims/s6mmp7.8mm/kr83m/kdsts/sthresh/hdf5/flex.kr83m.28.kdsts.h5
    event          time  s1_peak  ...       Phi        Xrms        Yrms
0   14000  5.600738e+09        0  ... -2.140843   96.604255  104.454522
1   14005  5.603725e+09        0  ... -1.658531   78.541112  125.923256
2   14010  5.605451e+09        0  ... -0.707992   67.065139   62.766367
3   14015  5.606635e+09        0  ...  1.876794   83.457018  119.538420
4   14020  5.608810e+09        0  ...  2.123674   90.476035  110.806535
..    ...           ...      ...  ...       ...         ...         ...
95  14475  5.790170e+09        1  ... -1.060136   95.191367  119.326617
96  14480  5.792621e+09        0  ... -2.041834   96.903447  125.629814
97  14485  5.794794e+09        0  ... -1.512776   77.618908  118.522095
98  14490  5.796764e+09        0  ...  0.876108   97.969579  105.148749
99  14495  5.799109e+09        0  ...  2.942204  116.665781   76.633819

[100 rows x 26 columns]
S2 selection efficiency:  100.0 %
