Defining Conda Paths
Sourcing Conda
Finished!
/n/holystore01/LABS/guenette_lab/Lab/data/NEXT/FLEX/mc/eres_22072022/full_sims/s1.3mmp3.5mm/kr83m/kdsts/sthresh/hdf5/flex.kr83m.78.kdsts.h5
     event          time  s1_peak  ...       Phi        Xrms       Yrms
0    39000  1.560050e+10        0  ...  1.162616  286.017803  21.257836
1    39005  1.560230e+10        0  ... -2.308246   21.561707  21.966497
2    39010  1.560433e+10        0  ... -2.529632   29.546851  23.398032
3    39015  1.560724e+10        0  ...  1.032530  309.631701  19.462792
4    39015  1.560724e+10        1  ...  1.032530  309.631701  19.462792
..     ...           ...      ...  ...       ...         ...        ...
96   39465  1.578717e+10        0  ...  2.914839  392.305080  18.565401
97   39475  1.579138e+10        0  ...  0.010911   57.660429  19.249920
98   39480  1.579341e+10        0  ...  1.557450  237.699024  26.341597
99   39490  1.579665e+10        0  ...  2.238424  193.886192  23.192487
100  39495  1.579813e+10        0  ...  1.473238  244.091139  22.821152

[101 rows x 26 columns]
S2 selection efficiency:  100.0 %
/n/holystore01/LABS/guenette_lab/Lab/data/NEXT/FLEX/mc/eres_22072022/full_sims/s1.3mmp2.4mm/kr83m/kdsts/sthresh/hdf5/flex.kr83m.78.kdsts.h5
     event          time  s1_peak  ...       Phi       Xrms       Yrms
0    39000  1.560016e+10        0  ...  2.476938  23.404729  22.645731
1    39005  1.560305e+10        0  ... -2.446685  27.987358  28.238667
2    39010  1.560583e+10        0  ...  2.164287  24.765874  25.330959
3    39010  1.560583e+10        1  ...  2.164287  24.765874  25.330959
4    39015  1.560684e+10        0  ...  2.478574  24.928338  22.276190
..     ...           ...      ...  ...       ...        ...        ...
99   39470  1.578981e+10        0  ...  0.039102  27.037060  22.091683
100  39480  1.579374e+10        0  ...  0.680609  25.537585  23.641763
101  39485  1.579568e+10        0  ...  1.287027  24.051514  30.268449
102  39490  1.579649e+10        0  ... -2.652619  27.850546  25.336898
103  39495  1.579971e+10        0  ... -2.720290  22.910354  23.002405

[104 rows x 26 columns]
S2 selection efficiency:  100.0 %
/n/holystore01/LABS/guenette_lab/Lab/data/NEXT/FLEX/mc/eres_22072022/full_sims/s3mmp5.5mm/kr83m/kdsts/sthresh/hdf5/flex.kr83m.78.kdsts.h5
     event          time  s1_peak  ...       Phi       Xrms       Yrms
0    39000  1.560170e+10        0  ...  2.477247  37.630434  35.962080
1    39005  1.560213e+10        0  ...  0.082164  35.435260  34.476590
2    39010  1.560479e+10        0  ... -2.340209  35.258952  35.680440
3    39015  1.560665e+10        0  ... -1.569103  35.807282  36.911023
4    39020  1.560977e+10        0  ...  1.745209  31.076869  33.089133
..     ...           ...      ...  ...       ...        ...        ...
101  39475  1.579082e+10        0  ... -2.627976  40.206633  36.746830
102  39480  1.579339e+10        0  ... -1.693247  36.847523  37.967911
103  39485  1.579506e+10        0  ... -1.810365  29.353947  33.029936
104  39490  1.579625e+10        0  ... -1.121246  38.812255  40.871012
105  39495  1.579938e+10        0  ...  2.277913  37.527318  37.902593

[106 rows x 26 columns]
S2 selection efficiency:  100.0 %
/n/holystore01/LABS/guenette_lab/Lab/data/NEXT/FLEX/mc/eres_22072022/full_sims/s6mmp11mm/kr83m/kdsts/sthresh/hdf5/flex.kr83m.78.kdsts.h5
    event          time  s1_peak  ...       Phi        Xrms        Yrms
0   39000  1.560059e+10        0  ...  2.477382  108.115136  101.956410
1   39005  1.560332e+10        0  ... -2.321736  104.948290  105.858026
2   39005  1.560332e+10        1  ... -2.321736  104.948290  105.858026
3   39010  1.560579e+10        0  ...  1.841094   78.194474  120.412783
4   39020  1.560816e+10        0  ... -3.104499  116.688391   88.680820
..    ...           ...      ...  ...       ...         ...         ...
95  39475  1.579026e+10        0  ...  2.111072   87.854932  104.670936
96  39480  1.579317e+10        0  ...  2.630809  108.222493   89.787091
97  39485  1.579567e+10        0  ...  1.663801   93.158021  108.685043
98  39490  1.579657e+10        0  ...  1.651859   72.826593  115.896546
99  39495  1.579862e+10        0  ...  0.384265  109.874906   90.001387

[100 rows x 26 columns]
S2 selection efficiency:  100.0 %
/n/holystore01/LABS/guenette_lab/Lab/data/NEXT/FLEX/mc/eres_22072022/full_sims/s6mmp7.8mm/kr83m/kdsts/sthresh/hdf5/flex.kr83m.78.kdsts.h5
     event          time  s1_peak  ...       Phi        Xrms        Yrms
0    39000  1.560052e+10        0  ...  2.478365  112.124687  104.868905
1    39005  1.560277e+10        0  ... -1.814448   55.030764   76.537979
2    39010  1.560546e+10        0  ... -1.970107   93.573898  120.706556
3    39015  1.560616e+10        0  ... -0.530464  113.504152  103.721073
4    39020  1.560866e+10        0  ...  0.138976  111.855460   96.494087
..     ...           ...      ...  ...       ...         ...         ...
98   39475  1.579142e+10        0  ...  1.044337   93.793690  111.161210
99   39480  1.579316e+10        0  ... -2.941443  120.663569   95.600260
100  39485  1.579520e+10        0  ...  1.057594   97.116780  101.151883
101  39490  1.579797e+10        0  ... -0.094698  103.142478   98.960352
102  39495  1.579914e+10        0  ... -1.567111   63.620851  104.658672

[103 rows x 26 columns]
S2 selection efficiency:  100.0 %
