Defining Conda Paths
Sourcing Conda
Finished!
/n/holystore01/LABS/guenette_lab/Lab/data/NEXT/FLEX/mc/eres_22072022/full_sims/s1.3mmp3.5mm/kr83m/kdsts/sthresh/hdf5/flex.kr83m.47.kdsts.h5
    event          time  s1_peak  ...       Phi        Xrms       Yrms
0   23500  9.400580e+09        0  ... -0.305076   27.889105  24.182885
1   23505  9.403633e+09        0  ...  1.516574  214.116991  24.298684
2   23510  9.405387e+09        0  ...  1.563279  211.186073  19.650443
3   23515  9.407976e+09        0  ... -0.944747   28.484234  27.066193
4   23520  9.408947e+09        0  ...  2.255271  314.064000  26.556443
..    ...           ...      ...  ...       ...         ...        ...
94  23975  9.590583e+09        0  ... -2.251808   28.549837  22.549745
95  23980  9.593443e+09        0  ... -0.006849   58.374914  20.754091
96  23985  9.595406e+09        0  ...  3.070632   44.016199  20.107729
97  23990  9.597631e+09        0  ... -0.018010   53.965921  22.814301
98  23995  9.599010e+09        0  ... -2.039953   22.159114  20.868280

[99 rows x 26 columns]
S2 selection efficiency:  100.0 %
/n/holystore01/LABS/guenette_lab/Lab/data/NEXT/FLEX/mc/eres_22072022/full_sims/s1.3mmp2.4mm/kr83m/kdsts/sthresh/hdf5/flex.kr83m.47.kdsts.h5
    event          time  s1_peak  ...       Phi       Xrms       Yrms
0   23500  9.400317e+09        0  ... -0.304235  25.779645  24.064838
1   23505  9.403213e+09        0  ...  2.306322  23.830056  22.440304
2   23510  9.405187e+09        0  ...  2.788174  25.252483  22.151271
3   23515  9.406099e+09        0  ...  2.833710  25.254148  21.205714
4   23520  9.408330e+09        0  ... -0.376671  30.611920  26.816506
..    ...           ...      ...  ...       ...        ...        ...
92  23975  9.590591e+09        0  ... -3.006824  29.018998  21.897586
93  23980  9.592011e+09        0  ... -0.678582  23.371454  23.583191
94  23985  9.595888e+09        0  ...  0.058133  35.440318  29.292104
95  23990  9.597364e+09        0  ... -2.128307  25.611365  25.697751
96  23995  9.599269e+09        0  ...  1.764099  25.309311  31.651093

[97 rows x 26 columns]
S2 selection efficiency:  100.0 %
/n/holystore01/LABS/guenette_lab/Lab/data/NEXT/FLEX/mc/eres_22072022/full_sims/s3mmp5.5mm/kr83m/kdsts/sthresh/hdf5/flex.kr83m.47.kdsts.h5
     event          time  s1_peak  ...       Phi       Xrms       Yrms
0    23500  9.400071e+09        0  ... -0.305333  39.327211  35.731810
1    23505  9.402265e+09        0  ...  1.598551  34.716619  35.824640
2    23510  9.404553e+09        0  ... -0.516465  34.243053  33.965138
3    23515  9.407985e+09        0  ...  1.215027  35.023137  34.770879
4    23520  9.409417e+09        0  ... -1.049841  33.707575  33.933726
..     ...           ...      ...  ...       ...        ...        ...
99   23975  9.591822e+09        0  ... -2.130897  34.445692  37.525053
100  23980  9.593612e+09        0  ...  2.147946  35.715720  35.778472
101  23985  9.595875e+09        0  ...  0.844360  36.115625  37.600697
102  23990  9.597236e+09        0  ... -2.787695  39.553912  34.775439
103  23995  9.599895e+09        0  ... -1.430523  35.596890  38.645035

[104 rows x 26 columns]
S2 selection efficiency:  100.0 %
/n/holystore01/LABS/guenette_lab/Lab/data/NEXT/FLEX/mc/eres_22072022/full_sims/s6mmp11mm/kr83m/kdsts/sthresh/hdf5/flex.kr83m.47.kdsts.h5
    event          time  s1_peak  ...       Phi        Xrms        Yrms
0   23500  9.400459e+09        0  ... -0.303823  103.970958   90.526436
1   23505  9.403307e+09        0  ...  2.022924   85.495275  104.490252
2   23510  9.405347e+09        0  ...  2.579300   92.773592   93.522047
3   23515  9.407777e+09        0  ...  1.342548   86.489660  114.690811
4   23520  9.409310e+09        0  ... -2.588323  106.038146   91.205996
..    ...           ...      ...  ...       ...         ...         ...
92  23975  9.590014e+09        0  ... -1.920267   88.923708  114.105335
93  23980  9.593627e+09        0  ...  0.475242  109.889731   91.251429
94  23985  9.594377e+09        0  ...  0.518414   82.904500   62.020908
95  23990  9.597194e+09        0  ...  1.419246   92.755048  104.941087
96  23995  9.598001e+09        0  ...  2.006588   96.278992  101.626171

[97 rows x 26 columns]
S2 selection efficiency:  100.0 %
/n/holystore01/LABS/guenette_lab/Lab/data/NEXT/FLEX/mc/eres_22072022/full_sims/s6mmp7.8mm/kr83m/kdsts/sthresh/hdf5/flex.kr83m.47.kdsts.h5
     event          time  s1_peak  ...       Phi        Xrms        Yrms
0    23500  9.401838e+09        0  ... -0.303726  106.484517   95.552811
1    23505  9.402839e+09        0  ... -0.178849  123.504069   89.444921
2    23510  9.405038e+09        0  ...  2.476626  106.313626  103.714857
3    23515  9.406366e+09        0  ... -1.986671   83.843318  111.818218
4    23520  9.409973e+09        0  ... -1.699912   95.977597  124.889215
..     ...           ...      ...  ...       ...         ...         ...
98   23975  9.591616e+09        0  ... -3.015168  106.052161   66.563447
99   23980  9.592813e+09        0  ...  1.176423   92.981728  119.002988
100  23985  9.595906e+09        0  ... -1.646735   95.593679  100.187260
101  23990  9.597132e+09        0  ... -1.918029   89.426718  115.761194
102  23995  9.598085e+09        0  ...  0.350458  114.871331   86.939515

[103 rows x 26 columns]
S2 selection efficiency:  100.0 %
