Defining Conda Paths
Sourcing Conda
Finished!
/n/holystore01/LABS/guenette_lab/Lab/data/NEXT/FLEX/mc/eres_22072022/full_sims/s1.3mmp3.5mm/kr83m/kdsts/sthresh/hdf5/flex.kr83m.1.kdsts.h5
    event          time  s1_peak  ...       Phi        Xrms       Yrms
0     500  2.009346e+08        0  ... -3.018455   44.541494  23.726816
1     505  2.039000e+08        0  ... -2.545495   27.049093  25.452718
2     510  2.043153e+08        0  ... -0.977626   21.172830  24.624774
3     515  2.070991e+08        0  ... -0.896484   29.552775  26.909630
4     520  2.095126e+08        0  ...  3.128526   38.393605  17.381748
..    ...           ...      ...  ...       ...         ...        ...
95    975  3.907677e+08        0  ...  3.139229   74.103122  20.004251
96    980  3.923109e+08        0  ...  1.568128  261.464594  30.332795
97    985  3.944998e+08        0  ...  2.979227   62.226727  17.165054
98    990  3.966630e+08        0  ...  1.424625  259.467660  20.028789
99    995  3.988529e+08        0  ... -0.635631   23.924292  23.417254

[100 rows x 26 columns]
S2 selection efficiency:  100.0 %
/n/holystore01/LABS/guenette_lab/Lab/data/NEXT/FLEX/mc/eres_22072022/full_sims/s1.3mmp2.4mm/kr83m/kdsts/sthresh/hdf5/flex.kr83m.1.kdsts.h5
    event          time  s1_peak  ...       Phi       Xrms       Yrms
0     500  2.015431e+08        0  ... -3.018154  31.581802  23.825525
1     505  2.031901e+08        0  ...  1.577893  21.881872  24.002030
2     510  2.046814e+08        0  ...  1.199720  24.571937  29.450152
3     510  2.046814e+08        1  ...  1.199720  24.571937  29.450152
4     515  2.072051e+08        0  ...  1.528665  20.421645  25.952616
..    ...           ...      ...  ...       ...        ...        ...
94    980  3.934583e+08        0  ... -0.815085  29.486783  26.945775
95    985  3.957333e+08        0  ...  0.859400  29.735622  32.879606
96    985  3.957333e+08        1  ...  0.859400  29.735622  32.879606
97    990  3.971223e+08        0  ... -0.750997  26.054351  29.201237
98    995  3.986499e+08        0  ... -1.231327  23.004778  24.408156

[99 rows x 26 columns]
S2 selection efficiency:  100.0 %
/n/holystore01/LABS/guenette_lab/Lab/data/NEXT/FLEX/mc/eres_22072022/full_sims/s3mmp5.5mm/kr83m/kdsts/sthresh/hdf5/flex.kr83m.1.kdsts.h5
    event          time  s1_peak  ...       Phi       Xrms       Yrms
0     500  2.003868e+08        0  ... -3.019711  30.913976  32.221292
1     505  2.020668e+08        0  ... -0.777871  36.361018  36.690146
2     510  2.045701e+08        0  ...  0.788289  34.639984  33.326493
3     515  2.069182e+08        0  ...  1.785373  35.059169  36.037609
4     525  2.109539e+08        0  ...  3.120426  25.926627  28.630615
..    ...           ...      ...  ...       ...        ...        ...
94    975  3.915114e+08        0  ... -0.122847  39.817914  35.307254
95    980  3.923822e+08        0  ...  0.209899  38.126265  34.307242
96    985  3.948483e+08        0  ...  1.041997  39.044043  39.507929
97    990  3.972863e+08        0  ... -0.895777  35.684126  35.955026
98    995  3.999249e+08        0  ... -2.524672  36.624758  35.457357

[99 rows x 26 columns]
S2 selection efficiency:  100.0 %
/n/holystore01/LABS/guenette_lab/Lab/data/NEXT/FLEX/mc/eres_22072022/full_sims/s6mmp11mm/kr83m/kdsts/sthresh/hdf5/flex.kr83m.1.kdsts.h5
     event          time  s1_peak  ...       Phi        Xrms        Yrms
0      500  2.005076e+08        0  ... -3.021489  118.858398   74.202728
1      505  2.038718e+08        0  ... -2.519595  113.915594  102.307275
2      510  2.052078e+08        0  ... -0.255871  106.578343   93.802148
3      515  2.074407e+08        0  ... -2.170836  106.023206  109.871817
4      520  2.085125e+08        0  ... -1.461328   94.202406  114.457268
..     ...           ...      ...  ...       ...         ...         ...
97     975  3.916948e+08        0  ...  0.170963  101.929633   95.294784
98     980  3.928944e+08        0  ...  0.972862   96.973699  108.268833
99     985  3.944699e+08        0  ... -2.715083  111.742750   90.460822
100    990  3.964956e+08        0  ... -2.627585  113.954617  100.452707
101    995  3.988873e+08        0  ... -2.344021  106.195788  107.886675

[102 rows x 26 columns]
S2 selection efficiency:  100.0 %
/n/holystore01/LABS/guenette_lab/Lab/data/NEXT/FLEX/mc/eres_22072022/full_sims/s6mmp7.8mm/kr83m/kdsts/sthresh/hdf5/flex.kr83m.1.kdsts.h5
     event          time  s1_peak  ...       Phi        Xrms        Yrms
0      500  2.010885e+08        0  ... -3.019757  122.475630   76.045478
1      505  2.035404e+08        0  ... -1.110932   93.889547  122.731797
2      510  2.040188e+08        0  ...  0.457706  111.695433   99.786001
3      515  2.075343e+08        0  ... -0.467647  115.594177   88.857528
4      520  2.095315e+08        0  ...  0.073775  101.354579   93.804965
..     ...           ...      ...  ...       ...         ...         ...
96     975  3.910680e+08        0  ...  2.966979  124.900834   91.468195
97     980  3.921785e+08        0  ... -0.145952  119.479388   90.188580
98     985  3.945525e+08        0  ...  1.136344  102.858285  108.178219
99     990  3.960674e+08        0  ...  2.136846  102.271952  117.573175
100    995  3.982520e+08        0  ... -2.366694   94.462503   96.456800

[101 rows x 26 columns]
S2 selection efficiency:  100.0 %
