Defining Conda Paths
Sourcing Conda
Finished!
/n/holystore01/LABS/guenette_lab/Lab/data/NEXT/FLEX/mc/eres_22072022/full_sims/s1.3mmp3.5mm/kr83m/kdsts/sthresh/hdf5/flex.kr83m.54.kdsts.h5
    event          time  s1_peak  ...       Phi        Xrms       Yrms
0   27000  1.080045e+10        0  ...  1.619931  248.993608  21.678387
1   27005  1.080296e+10        0  ... -3.129465   34.040415  19.874867
2   27010  1.080468e+10        0  ... -1.815834   27.786340  26.028931
3   27015  1.080782e+10        0  ...  1.571875  187.523580  15.923143
4   27020  1.080951e+10        0  ...  1.637804  165.368118  23.482143
..    ...           ...      ...  ...       ...         ...        ...
93  27475  1.099172e+10        0  ... -1.287243   26.242373  26.114886
94  27480  1.099241e+10        0  ... -2.559501   29.344357  24.279583
95  27485  1.099544e+10        0  ...  2.079496  248.538296  21.846589
96  27490  1.099667e+10        0  ...  1.721536  239.351770  20.921101
97  27495  1.099909e+10        0  ...  0.771759  318.512034  20.581734

[98 rows x 26 columns]
S2 selection efficiency:  100.0 %
/n/holystore01/LABS/guenette_lab/Lab/data/NEXT/FLEX/mc/eres_22072022/full_sims/s1.3mmp2.4mm/kr83m/kdsts/sthresh/hdf5/flex.kr83m.54.kdsts.h5
     event          time  s1_peak  ...       Phi       Xrms       Yrms
0    27000  1.080092e+10        0  ...  2.093347  24.159522  26.497057
1    27005  1.080371e+10        0  ...  2.713297  30.387659  26.995951
2    27010  1.080459e+10        0  ...  1.516640  21.664568  22.012407
3    27015  1.080612e+10        0  ...  0.748772  22.882169  23.328621
4    27020  1.080979e+10        0  ...  2.523027  22.489496  32.140627
..     ...           ...      ...  ...       ...        ...        ...
96   27475  1.099123e+10        0  ...  2.113930  20.449024  21.734612
97   27480  1.099273e+10        0  ... -0.575973  23.977088  24.696796
98   27485  1.099511e+10        0  ...  1.448685  25.401078  26.285196
99   27490  1.099759e+10        0  ...  0.722727  27.699805  26.802953
100  27495  1.099881e+10        0  ... -2.475871  28.174231  28.596989

[101 rows x 26 columns]
S2 selection efficiency:  100.0 %
/n/holystore01/LABS/guenette_lab/Lab/data/NEXT/FLEX/mc/eres_22072022/full_sims/s3mmp5.5mm/kr83m/kdsts/sthresh/hdf5/flex.kr83m.54.kdsts.h5
    event          time  s1_peak  ...       Phi       Xrms       Yrms
0   27000  1.080069e+10        0  ...  2.092967  38.274197  39.058332
1   27005  1.080223e+10        0  ... -2.174183  33.120100  32.364725
2   27010  1.080524e+10        0  ... -1.522522  35.004296  33.147914
3   27015  1.080667e+10        0  ... -0.113223  36.835174  33.640615
4   27020  1.080964e+10        0  ... -1.142211  36.570864  37.300184
..    ...           ...      ...  ...       ...        ...        ...
92  27475  1.099088e+10        0  ...  2.341397  35.468419  35.882599
93  27480  1.099217e+10        0  ... -0.123368  37.251263  34.273850
94  27485  1.099500e+10        0  ...  1.582397  34.610441  36.819241
95  27490  1.099629e+10        0  ... -2.262950  36.635281  37.361842
96  27495  1.099990e+10        0  ... -0.310243  32.761067  31.248218

[97 rows x 26 columns]
S2 selection efficiency:  100.0 %
/n/holystore01/LABS/guenette_lab/Lab/data/NEXT/FLEX/mc/eres_22072022/full_sims/s6mmp11mm/kr83m/kdsts/sthresh/hdf5/flex.kr83m.54.kdsts.h5
     event          time  s1_peak  ...       Phi        Xrms        Yrms
0    27000  1.080040e+10        0  ...  2.094384   93.626834  102.756779
1    27005  1.080346e+10        0  ...  1.523059   96.100073  104.479438
2    27010  1.080579e+10        0  ...  0.633621  114.157563  102.809297
3    27015  1.080614e+10        0  ...  0.144711  116.833555   95.846876
4    27020  1.080882e+10        0  ...  1.309341   93.984879  101.201986
..     ...           ...      ...  ...       ...         ...         ...
96   27475  1.099083e+10        0  ...  1.359618   88.939692  126.373148
97   27480  1.099353e+10        0  ... -1.801530   92.933751  105.726605
98   27485  1.099569e+10        0  ... -1.882960   67.368759   98.815409
99   27490  1.099600e+10        0  ... -1.684103   95.792446  111.481004
100  27495  1.099862e+10        0  ... -0.235810  125.035180   85.451106

[101 rows x 26 columns]
S2 selection efficiency:  100.0 %
/n/holystore01/LABS/guenette_lab/Lab/data/NEXT/FLEX/mc/eres_22072022/full_sims/s6mmp7.8mm/kr83m/kdsts/sthresh/hdf5/flex.kr83m.54.kdsts.h5
    event          time  s1_peak  ...       Phi        Xrms        Yrms
0   27000  1.080168e+10        0  ...  2.085874   98.665301  107.285231
1   27005  1.080303e+10        0  ...  2.491253   98.408705   97.571830
2   27010  1.080468e+10        0  ...  0.267229  113.257116   87.610485
3   27015  1.080776e+10        0  ...  2.400532   94.867273   94.924896
4   27020  1.080955e+10        0  ... -2.091349  101.370869  112.582599
..    ...           ...      ...  ...       ...         ...         ...
95  27475  1.099096e+10        0  ... -1.909856   77.240622  113.279841
96  27480  1.099325e+10        0  ...  1.144997   99.666511  122.102737
97  27485  1.099410e+10        0  ... -2.437463  104.625832  100.921673
98  27490  1.099653e+10        0  ... -1.738439   94.572713  117.484856
99  27495  1.099934e+10        0  ... -0.884071   95.455364  105.160111

[100 rows x 26 columns]
S2 selection efficiency:  100.0 %
