Defining Conda Paths
Sourcing Conda
Finished!
/n/holystore01/LABS/guenette_lab/Lab/data/NEXT/FLEX/mc/eres_22072022/full_sims/s1.3mmp3.5mm/kr83m/kdsts/sthresh/hdf5/flex.kr83m.37.kdsts.h5
    event          time  s1_peak  ...       Phi        Xrms       Yrms
0   18500  7.400282e+09        0  ...  0.063259  318.555589  20.138761
1   18505  7.403511e+09        0  ... -1.422887   23.709232  21.639188
2   18510  7.404687e+09        0  ... -1.362725   23.662676  23.005036
3   18515  7.407619e+09        0  ...  1.136618  330.957671  26.188420
4   18520  7.408490e+09        0  ... -3.095989  100.375154  21.475394
..    ...           ...      ...  ...       ...         ...        ...
94  18975  7.591152e+09        0  ... -1.373640   19.896148  22.005091
95  18980  7.592811e+09        0  ...  1.369410  240.263803  19.258855
96  18985  7.595608e+09        0  ...  3.136124   38.509579  18.273295
97  18990  7.596522e+09        0  ... -0.504056   22.964834  22.208580
98  18995  7.599750e+09        0  ... -1.813317   23.143210  22.899337

[99 rows x 26 columns]
S2 selection efficiency:  100.0 %
/n/holystore01/LABS/guenette_lab/Lab/data/NEXT/FLEX/mc/eres_22072022/full_sims/s1.3mmp2.4mm/kr83m/kdsts/sthresh/hdf5/flex.kr83m.37.kdsts.h5
     event          time  s1_peak  ...       Phi       Xrms       Yrms
0    18500  7.400700e+09        0  ...  2.953045  32.308725  24.991547
1    18505  7.403700e+09        0  ... -2.775271  24.682429  23.226001
2    18515  7.407633e+09        0  ...  2.439579  19.750253  20.113719
3    18520  7.409252e+09        0  ...  1.075454  21.361714  22.380551
4    18525  7.410896e+09        0  ...  1.514517  23.223694  23.680649
..     ...           ...      ...  ...       ...        ...        ...
97   18980  7.592457e+09        0  ... -0.183813  29.724242  25.006220
98   18980  7.592457e+09        1  ... -0.183813  29.724242  25.006220
99   18985  7.595898e+09        0  ...  0.755209  23.783825  23.962935
100  18990  7.596486e+09        0  ... -1.798667  24.289190  25.135782
101  18995  7.599605e+09        0  ... -1.442293  23.364783  22.927708

[102 rows x 26 columns]
S2 selection efficiency:  100.0 %
/n/holystore01/LABS/guenette_lab/Lab/data/NEXT/FLEX/mc/eres_22072022/full_sims/s3mmp5.5mm/kr83m/kdsts/sthresh/hdf5/flex.kr83m.37.kdsts.h5
     event          time  s1_peak  ...       Phi       Xrms       Yrms
0    18500  7.400299e+09        0  ...  2.953227  41.269043  36.940133
1    18505  7.402711e+09        0  ... -3.060486  38.167832  36.975281
2    18510  7.404997e+09        0  ... -2.289498  32.422376  34.232768
3    18515  7.406813e+09        0  ... -1.969045  33.096895  30.614576
4    18520  7.408097e+09        0  ...  0.973007  36.493797  35.827643
..     ...           ...      ...  ...       ...        ...        ...
100  18975  7.591714e+09        0  ...  2.032999  35.228629  36.928317
101  18980  7.593059e+09        0  ...  2.785408  39.116077  35.778037
102  18985  7.594053e+09        0  ... -0.569875  35.188638  35.772145
103  18990  7.596566e+09        0  ... -1.341226  36.266759  38.593187
104  18995  7.598003e+09        0  ...  2.444348  35.594390  35.742674

[105 rows x 26 columns]
S2 selection efficiency:  100.0 %
/n/holystore01/LABS/guenette_lab/Lab/data/NEXT/FLEX/mc/eres_22072022/full_sims/s6mmp11mm/kr83m/kdsts/sthresh/hdf5/flex.kr83m.37.kdsts.h5
    event          time  s1_peak  ...       Phi        Xrms        Yrms
0   18500  7.401036e+09        0  ...  2.955694  111.126755   80.657864
1   18505  7.403636e+09        0  ... -0.434727  104.469572   94.899798
2   18510  7.404172e+09        0  ... -2.084120   92.465825   99.202329
3   18515  7.407190e+09        0  ...  1.847629   59.382423   86.816637
4   18520  7.408181e+09        0  ... -1.357384   89.378998  117.877524
..    ...           ...      ...  ...       ...         ...         ...
93  18980  7.593776e+09        0  ... -0.929195   98.908075  109.796664
94  18985  7.595202e+09        0  ... -1.266139   88.261278  118.288827
95  18990  7.597879e+09        0  ...  2.251982   97.180473  100.584658
96  18995  7.598126e+09        0  ...  1.290396   92.476050  107.137933
97  18995  7.598126e+09        1  ...  1.290396   92.476050  107.137933

[98 rows x 26 columns]
S2 selection efficiency:  100.0 %
/n/holystore01/LABS/guenette_lab/Lab/data/NEXT/FLEX/mc/eres_22072022/full_sims/s6mmp7.8mm/kr83m/kdsts/sthresh/hdf5/flex.kr83m.37.kdsts.h5
     event          time  s1_peak  ...       Phi        Xrms        Yrms
0    18500  7.401969e+09        0  ...  2.951412  116.648801   83.409051
1    18505  7.402992e+09        0  ...  2.378596   97.638433   98.823743
2    18510  7.405087e+09        0  ... -2.849551  101.090238   96.419533
3    18515  7.407137e+09        0  ... -0.585000  106.005886  100.075598
4    18520  7.408698e+09        0  ...  2.958230  130.029327   84.774944
..     ...           ...      ...  ...       ...         ...         ...
99   18975  7.591817e+09        0  ... -0.458823  122.681875  103.067223
100  18980  7.592311e+09        0  ...  1.263186   85.798779  116.461242
101  18985  7.595540e+09        0  ... -2.509475  101.053089   99.381869
102  18990  7.596383e+09        0  ...  0.294965  120.449550  100.550311
103  18995  7.599812e+09        0  ... -0.456383  123.418230  106.026273

[104 rows x 26 columns]
S2 selection efficiency:  100.0 %
