Defining Conda Paths
Sourcing Conda
Finished!
/n/holystore01/LABS/guenette_lab/Lab/data/NEXT/FLEX/mc/eres_22072022/full_sims/s1.3mmp3.5mm/kr83m/kdsts/sthresh/hdf5/flex.kr83m.24.kdsts.h5
     event          time  s1_peak  ...       Phi        Xrms       Yrms
0    12000  4.800772e+09        0  ...  1.565902  223.881834  21.760819
1    12005  4.802842e+09        0  ...  1.582561  267.266598  26.162281
2    12010  4.805507e+09        0  ... -3.074010   33.618268  22.997079
3    12015  4.806828e+09        0  ... -1.680941   20.755856  19.137063
4    12020  4.809907e+09        0  ... -2.876971   35.580638  26.286745
..     ...           ...      ...  ...       ...         ...        ...
100  12475  4.990968e+09        0  ... -0.426875   22.858915  23.531056
101  12480  4.993053e+09        0  ... -2.596088   21.695517  19.153755
102  12485  4.994565e+09        0  ...  1.947949  290.464801  24.963907
103  12490  4.997543e+09        0  ... -0.023600   50.655141  18.724532
104  12495  4.999589e+09        0  ... -2.223796   24.047740  29.625926

[105 rows x 26 columns]
S2 selection efficiency:  100.0 %
/n/holystore01/LABS/guenette_lab/Lab/data/NEXT/FLEX/mc/eres_22072022/full_sims/s1.3mmp2.4mm/kr83m/kdsts/sthresh/hdf5/flex.kr83m.24.kdsts.h5
    event          time  s1_peak  ...       Phi       Xrms       Yrms
0   12005  4.802793e+09        0  ... -2.996271  24.710952  23.539800
1   12010  4.805845e+09        0  ... -2.359370  22.259063  20.987476
2   12015  4.806421e+09        0  ...  1.175514  24.372733  23.323849
3   12020  4.808142e+09        0  ... -1.529015  23.527828  26.608408
4   12025  4.811734e+09        0  ...  1.025618  21.033888  23.132629
..    ...           ...      ...  ...       ...        ...        ...
95  12475  4.991731e+09        0  ... -0.916521  29.597144  31.035840
96  12480  4.992298e+09        0  ...  2.884667  21.841907  21.665784
97  12485  4.995360e+09        0  ...  2.189572  20.920140  19.844804
98  12490  4.997454e+09        0  ...  1.670864  22.230075  25.130381
99  12495  4.998438e+09        0  ...  1.365378  21.794864  25.621579

[100 rows x 26 columns]
S2 selection efficiency:  100.0 %
/n/holystore01/LABS/guenette_lab/Lab/data/NEXT/FLEX/mc/eres_22072022/full_sims/s3mmp5.5mm/kr83m/kdsts/sthresh/hdf5/flex.kr83m.24.kdsts.h5
    event          time  s1_peak  ...       Phi       Xrms       Yrms
0   12000  4.801964e+09        0  ...  1.619321  37.032782  37.431491
1   12005  4.802343e+09        0  ... -0.894608  37.148097  37.439312
2   12010  4.804029e+09        0  ...  0.880999  29.219884  30.439125
3   12015  4.807682e+09        0  ... -1.128398  36.575159  41.194750
4   12025  4.811916e+09        0  ... -2.244067  38.397566  34.666114
..    ...           ...      ...  ...       ...        ...        ...
94  12475  4.991662e+09        0  ...  2.709052  36.648082  36.125911
95  12480  4.992937e+09        0  ...  2.527542  37.514454  35.485040
96  12485  4.994402e+09        0  ...  2.613045  37.415430  37.001315
97  12490  4.996583e+09        0  ...  1.252859  37.905205  39.430623
98  12495  4.998085e+09        0  ...  0.279062  38.920049  36.349382

[99 rows x 26 columns]
S2 selection efficiency:  100.0 %
/n/holystore01/LABS/guenette_lab/Lab/data/NEXT/FLEX/mc/eres_22072022/full_sims/s6mmp11mm/kr83m/kdsts/sthresh/hdf5/flex.kr83m.24.kdsts.h5
     event          time  s1_peak  ...       Phi        Xrms        Yrms
0    12000  4.800080e+09        0  ...  1.619478   88.069574  118.765495
1    12005  4.802213e+09        0  ... -0.403502  121.238898   92.423171
2    12010  4.805046e+09        0  ... -2.090667  103.618421  106.435742
3    12010  4.805046e+09        1  ... -2.090667  103.618421  106.435742
4    12015  4.806355e+09        0  ... -1.198157   84.205621  111.789847
..     ...           ...      ...  ...       ...         ...         ...
96   12475  4.990731e+09        0  ...  2.963780  111.234669   90.535480
97   12480  4.992631e+09        0  ...  0.799234   97.518503   96.365324
98   12485  4.995124e+09        0  ...  2.903736   74.849861   51.312645
99   12490  4.997749e+09        0  ... -2.214966  100.369788  112.565312
100  12495  4.999509e+09        0  ...  2.098377   94.116808  106.846603

[101 rows x 26 columns]
S2 selection efficiency:  100.0 %
/n/holystore01/LABS/guenette_lab/Lab/data/NEXT/FLEX/mc/eres_22072022/full_sims/s6mmp7.8mm/kr83m/kdsts/sthresh/hdf5/flex.kr83m.24.kdsts.h5
    event          time  s1_peak  ...       Phi        Xrms        Yrms
0   12000  4.800458e+09        0  ...  1.619217   90.299142  123.850596
1   12005  4.802638e+09        0  ... -2.990281  128.885081   82.857374
2   12010  4.805807e+09        0  ... -0.014680  100.189341   96.536518
3   12015  4.806608e+09        0  ...  0.511427  118.503231   99.675204
4   12020  4.808783e+09        0  ...  1.559061   70.925839  115.489163
..    ...           ...      ...  ...       ...         ...         ...
95  12475  4.990670e+09        0  ... -1.051787  101.720348  111.657933
96  12480  4.992294e+09        0  ... -1.095220   97.108030  107.668425
97  12485  4.994211e+09        0  ... -1.575288   89.632432  119.672554
98  12490  4.996883e+09        0  ... -1.161887   98.628177  120.781819
99  12495  4.999658e+09        0  ...  0.672696  102.659609   98.555092

[100 rows x 26 columns]
S2 selection efficiency:  100.0 %
