Defining Conda Paths
Sourcing Conda
Finished!
/n/holystore01/LABS/guenette_lab/Lab/data/NEXT/FLEX/mc/eres_22072022/full_sims/s1.3mmp3.5mm/kr83m/kdsts/sthresh/hdf5/flex.kr83m.83.kdsts.h5
    event          time  s1_peak  ...       Phi        Xrms       Yrms
0   41500  1.660074e+10        0  ...  1.542872  233.958136  22.415567
1   41505  1.660332e+10        0  ... -1.214538   21.516244  21.805780
2   41510  1.660589e+10        0  ... -1.657301   23.096829  29.192591
3   41515  1.660696e+10        0  ...  0.300463  100.543303  22.109239
4   41520  1.660948e+10        0  ... -2.698652   36.321948  26.803023
..    ...           ...      ...  ...       ...         ...        ...
94  41975  1.679088e+10        0  ...  3.042174   58.977317  19.057746
95  41980  1.679271e+10        0  ... -1.742346   21.914682  24.680895
96  41985  1.679520e+10        0  ... -0.785702   19.777697  27.186866
97  41990  1.679726e+10        0  ... -0.006338   61.950185  22.272960
98  41995  1.679967e+10        0  ... -0.255229   21.397772  19.619532

[99 rows x 26 columns]
S2 selection efficiency:  100.0 %
/n/holystore01/LABS/guenette_lab/Lab/data/NEXT/FLEX/mc/eres_22072022/full_sims/s1.3mmp2.4mm/kr83m/kdsts/sthresh/hdf5/flex.kr83m.83.kdsts.h5
    event          time  s1_peak  ...       Phi       Xrms       Yrms
0   41500  1.660024e+10        0  ...  1.137854  28.058667  36.200455
1   41505  1.660285e+10        0  ...  0.073476  29.297846  24.263078
2   41510  1.660426e+10        0  ...  1.076531  29.251828  35.397705
3   41515  1.660760e+10        0  ...  0.088471  37.605823  25.954853
4   41520  1.660900e+10        0  ... -0.112482  23.938043  20.936335
..    ...           ...      ...  ...       ...        ...        ...
93  41975  1.679193e+10        0  ...  1.738432  22.298069  24.636981
94  41980  1.679279e+10        0  ... -0.524540  33.345296  28.477331
95  41985  1.679490e+10        0  ...  0.438644  23.576591  22.150793
96  41990  1.679676e+10        0  ... -1.853947  23.780562  26.768906
97  41995  1.679984e+10        0  ... -2.417561  29.496922  28.255396

[98 rows x 26 columns]
S2 selection efficiency:  100.0 %
/n/holystore01/LABS/guenette_lab/Lab/data/NEXT/FLEX/mc/eres_22072022/full_sims/s3mmp5.5mm/kr83m/kdsts/sthresh/hdf5/flex.kr83m.83.kdsts.h5
    event          time  s1_peak  ...       Phi       Xrms       Yrms
0   41500  1.660069e+10        0  ...  1.138383  36.297681  35.885820
1   41505  1.660217e+10        0  ...  1.257429  36.433129  39.000219
2   41510  1.660580e+10        0  ...  2.541294  36.761542  34.920228
3   41515  1.660736e+10        0  ... -2.278400  37.031354  35.139531
4   41520  1.660883e+10        0  ...  1.569699  35.855931  36.486752
..    ...           ...      ...  ...       ...        ...        ...
94  41970  1.678870e+10        0  ...  3.098702  34.344668  34.176080
95  41975  1.679109e+10        0  ... -2.786720  28.835105  30.273883
96  41980  1.679394e+10        0  ...  2.727649  36.310263  34.434778
97  41985  1.679599e+10        0  ...  2.416571  39.277949  39.428812
98  41990  1.679633e+10        0  ...  0.949764  37.736229  37.243796

[99 rows x 26 columns]
S2 selection efficiency:  100.0 %
/n/holystore01/LABS/guenette_lab/Lab/data/NEXT/FLEX/mc/eres_22072022/full_sims/s6mmp11mm/kr83m/kdsts/sthresh/hdf5/flex.kr83m.83.kdsts.h5
    event          time  s1_peak  ...       Phi        Xrms        Yrms
0   41500  1.660159e+10        0  ...  1.139052   91.788377  113.916223
1   41505  1.660224e+10        0  ... -1.189327   89.364071  116.655167
2   41510  1.660513e+10        0  ...  1.709052   91.033708  108.690937
3   41515  1.660766e+10        0  ... -0.122590  116.294786   86.721756
4   41520  1.660983e+10        0  ...  1.733397   83.676935  117.840351
..    ...           ...      ...  ...       ...         ...         ...
95  41975  1.679005e+10        0  ...  1.517798   93.763437   96.257271
96  41980  1.679325e+10        0  ...  0.893924   97.326365   97.228272
97  41985  1.679525e+10        0  ...  0.747332   92.978373   93.053594
98  41990  1.679669e+10        0  ...  2.692555  107.949526   89.964481
99  41995  1.679853e+10        0  ... -1.158973   91.828670  101.744766

[100 rows x 26 columns]
S2 selection efficiency:  100.0 %
/n/holystore01/LABS/guenette_lab/Lab/data/NEXT/FLEX/mc/eres_22072022/full_sims/s6mmp7.8mm/kr83m/kdsts/sthresh/hdf5/flex.kr83m.83.kdsts.h5
     event          time  s1_peak  ...       Phi        Xrms        Yrms
0    41500  1.660147e+10        0  ...  1.139103   92.775508  113.638840
1    41505  1.660377e+10        0  ...  2.383277   97.112462   96.893625
2    41510  1.660450e+10        0  ...  1.301178  100.989280  120.851607
3    41515  1.660754e+10        0  ... -0.876777   98.423952   97.141276
4    41520  1.660930e+10        0  ...  2.799426  116.384961   98.108232
..     ...           ...      ...  ...       ...         ...         ...
97   41975  1.679193e+10        0  ...  2.892739  110.815026   71.396743
98   41980  1.679206e+10        0  ...  2.233555   99.689423  108.390269
99   41985  1.679532e+10        0  ... -0.962054   95.683129  108.158876
100  41990  1.679762e+10        0  ...  1.201398   97.620378  127.131197
101  41995  1.679866e+10        0  ...  2.498545  107.305723   98.473684

[102 rows x 26 columns]
S2 selection efficiency:  100.0 %
