Defining Conda Paths
Sourcing Conda
Finished!
/n/holystore01/LABS/guenette_lab/Lab/data/NEXT/FLEX/mc/eres_22072022/full_sims/s1.3mmp3.5mm/kr83m/kdsts/sthresh/hdf5/flex.kr83m.3.kdsts.h5
     event          time  s1_peak  ...       Phi        Xrms       Yrms
0     1500  6.005728e+08        0  ...  1.573146  243.769876  25.983157
1     1505  6.037181e+08        0  ...  3.118848   84.818421  21.248587
2     1510  6.043656e+08        0  ...  1.569323  246.415713  25.976937
3     1515  6.078786e+08        0  ... -0.031551   33.168257  19.999324
4     1515  6.078786e+08        1  ... -0.031551   33.168257  19.999324
..     ...           ...      ...  ...       ...         ...        ...
97    1975  7.902960e+08        0  ... -2.853496   34.134104  23.760759
98    1980  7.939099e+08        0  ... -0.660655   21.989148  19.439571
99    1985  7.940999e+08        0  ... -0.052415   26.103840  21.638746
100   1990  7.964689e+08        0  ... -0.323147   23.574635  21.027969
101   1995  7.980866e+08        0  ... -0.146272   37.298388  23.694863

[102 rows x 26 columns]
S2 selection efficiency:  100.0 %
/n/holystore01/LABS/guenette_lab/Lab/data/NEXT/FLEX/mc/eres_22072022/full_sims/s1.3mmp2.4mm/kr83m/kdsts/sthresh/hdf5/flex.kr83m.3.kdsts.h5
    event          time  s1_peak  ...       Phi       Xrms       Yrms
0    1500  6.009112e+08        0  ...  2.129959  27.383630  32.862411
1    1505  6.027265e+08        0  ...  2.559175  22.364727  22.628228
2    1510  6.041111e+08        0  ...  0.855594  20.766452  24.715052
3    1515  6.069250e+08        0  ...  0.308314  42.715580  27.808174
4    1520  6.087501e+08        0  ... -0.183991  32.848053  26.235971
..    ...           ...      ...  ...       ...        ...        ...
92   1980  7.931352e+08        0  ... -2.329221  28.312353  28.083141
93   1985  7.958359e+08        0  ...  0.319897  25.247538  23.369624
94   1985  7.958359e+08        1  ...  0.319897  25.247538  23.369624
95   1990  7.960982e+08        0  ...  1.466114  21.284732  23.609176
96   1995  7.991643e+08        0  ... -2.367800  35.678328  35.743760

[97 rows x 26 columns]
S2 selection efficiency:  100.0 %
/n/holystore01/LABS/guenette_lab/Lab/data/NEXT/FLEX/mc/eres_22072022/full_sims/s3mmp5.5mm/kr83m/kdsts/sthresh/hdf5/flex.kr83m.3.kdsts.h5
    event          time  s1_peak  ...       Phi       Xrms       Yrms
0    1500  6.004340e+08        0  ...  2.130642  36.849915  35.854282
1    1505  6.024662e+08        0  ... -1.650210  36.377621  41.985092
2    1510  6.055997e+08        0  ... -2.253245  33.980295  35.240557
3    1515  6.065036e+08        0  ...  2.510899  34.133967  33.773784
4    1520  6.090890e+08        0  ... -2.767171  30.961616  31.401838
..    ...           ...      ...  ...       ...        ...        ...
93   1975  7.900747e+08        0  ...  0.674822  30.600797  31.197758
94   1980  7.922601e+08        0  ... -3.095177  34.728697  34.397809
95   1985  7.940897e+08        0  ...  1.239816  35.237812  35.129104
96   1990  7.964397e+08        0  ... -1.944653  34.274890  33.889366
97   1995  7.990613e+08        0  ...  1.366330  36.295169  40.890209

[98 rows x 26 columns]
S2 selection efficiency:  100.0 %
/n/holystore01/LABS/guenette_lab/Lab/data/NEXT/FLEX/mc/eres_22072022/full_sims/s6mmp11mm/kr83m/kdsts/sthresh/hdf5/flex.kr83m.3.kdsts.h5
    event          time  s1_peak  ...       Phi        Xrms        Yrms
0    1500  6.003863e+08        0  ...  2.126975   92.925840  104.958926
1    1505  6.029612e+08        0  ... -0.777309   98.006954   98.707118
2    1510  6.051670e+08        0  ...  1.216246   96.071023   96.330887
3    1520  6.096375e+08        0  ... -0.277160  101.007222   93.515835
4    1530  6.131405e+08        0  ... -2.052833   94.165029  112.574434
..    ...           ...      ...  ...       ...         ...         ...
94   1975  7.919378e+08        0  ... -1.419961   96.023103  104.798636
95   1980  7.938191e+08        0  ... -1.389047   94.586708  101.139206
96   1985  7.941758e+08        0  ...  2.521035  100.486941   83.996483
97   1990  7.972467e+08        0  ...  0.789532   50.162458   54.636453
98   1995  7.986879e+08        0  ...  0.640770  102.850815   92.054143

[99 rows x 26 columns]
S2 selection efficiency:  100.0 %
/n/holystore01/LABS/guenette_lab/Lab/data/NEXT/FLEX/mc/eres_22072022/full_sims/s6mmp7.8mm/kr83m/kdsts/sthresh/hdf5/flex.kr83m.3.kdsts.h5
    event          time  s1_peak  ...       Phi        Xrms        Yrms
0    1500  6.017653e+08        0  ...  2.128246   96.679967  109.425372
1    1505  6.038237e+08        0  ...  1.177223   92.539823  123.284479
2    1510  6.040041e+08        0  ... -1.893077   84.840380  117.860169
3    1515  6.060032e+08        0  ... -2.208117   98.635065  102.944723
4    1520  6.088403e+08        0  ...  2.226301  108.811352  119.666391
..    ...           ...      ...  ...       ...         ...         ...
90   1975  7.917716e+08        0  ... -0.620639  105.251005   96.395470
91   1980  7.927041e+08        0  ... -0.571327  113.655431   97.794287
92   1985  7.944711e+08        0  ...  0.261273  118.877950   92.417202
93   1990  7.978356e+08        0  ...  2.260426   99.090567  104.491159
94   1995  7.996438e+08        0  ... -0.417564  108.043609  103.186532

[95 rows x 26 columns]
S2 selection efficiency:  100.0 %
