Defining Conda Paths
Sourcing Conda
Finished!
/n/holystore01/LABS/guenette_lab/Lab/data/NEXT/FLEX/mc/eres_22072022/full_sims/s1.3mmp3.5mm/kr83m/kdsts/sthresh/hdf5/flex.kr83m.49.kdsts.h5
    event          time  s1_peak  ...       Phi        Xrms       Yrms
0   24500  9.800333e+09        0  ...  3.107957   49.224099  18.404185
1   24510  9.805686e+09        0  ... -2.568698   28.732362  24.923935
2   24515  9.806084e+09        0  ... -0.266716   28.890480  21.731775
3   24520  9.809011e+09        0  ... -1.835068   24.770219  26.671444
4   24525  9.811480e+09        0  ...  1.849230  223.030136  21.913351
..    ...           ...      ...  ...       ...         ...        ...
94  24975  9.991754e+09        0  ... -0.944256   25.013615  23.907532
95  24980  9.993498e+09        0  ... -1.632419   23.679930  28.587792
96  24985  9.994507e+09        0  ... -3.114700   48.787810  21.112178
97  24990  9.997270e+09        0  ...  1.597161  225.311648  28.543010
98  24995  9.999246e+09        0  ...  0.801085  161.412988  22.282867

[99 rows x 26 columns]
S2 selection efficiency:  100.0 %
/n/holystore01/LABS/guenette_lab/Lab/data/NEXT/FLEX/mc/eres_22072022/full_sims/s1.3mmp2.4mm/kr83m/kdsts/sthresh/hdf5/flex.kr83m.49.kdsts.h5
    event          time  s1_peak  ...       Phi       Xrms       Yrms
0   24500  9.801715e+09        0  ...  1.995302  19.200490  20.107128
1   24505  9.803900e+09        0  ... -0.464819  27.439079  24.212636
2   24510  9.804733e+09        0  ... -0.387150  27.541958  26.400156
3   24515  9.806385e+09        0  ...  1.484437  20.999606  21.413324
4   24520  9.808639e+09        0  ... -2.799448  24.545000  23.627178
..    ...           ...      ...  ...       ...        ...        ...
95  24975  9.991824e+09        0  ... -0.682760  24.170386  23.316955
96  24980  9.992519e+09        0  ...  1.253544  22.022113  22.919407
97  24985  9.994851e+09        0  ...  1.852079  21.289364  21.671022
98  24990  9.996212e+09        0  ...  2.622981  25.894709  25.538764
99  24995  9.999628e+09        0  ... -0.595484  33.708011  31.553221

[100 rows x 26 columns]
S2 selection efficiency:  100.0 %
/n/holystore01/LABS/guenette_lab/Lab/data/NEXT/FLEX/mc/eres_22072022/full_sims/s3mmp5.5mm/kr83m/kdsts/sthresh/hdf5/flex.kr83m.49.kdsts.h5
    event          time  s1_peak  ...       Phi       Xrms       Yrms
0   24500  9.801044e+09        0  ...  1.994565  33.666518  33.852220
1   24505  9.803434e+09        0  ...  0.279067  35.314555  33.919490
2   24510  9.805092e+09        0  ... -2.814211  39.430773  36.236214
3   24515  9.807816e+09        0  ...  2.429649  35.857077  34.586452
4   24520  9.808800e+09        0  ...  1.312041  35.608549  36.036438
..    ...           ...      ...  ...       ...        ...        ...
92  24975  9.990198e+09        0  ... -0.384777  36.325433  32.987146
93  24980  9.992508e+09        0  ... -1.821111  33.746025  34.265870
94  24985  9.994017e+09        0  ... -2.134913  38.234440  39.154054
95  24990  9.996725e+09        0  ...  0.752547  33.429450  33.655320
96  24995  9.998187e+09        0  ... -0.214821  39.261655  34.191090

[97 rows x 26 columns]
S2 selection efficiency:  100.0 %
/n/holystore01/LABS/guenette_lab/Lab/data/NEXT/FLEX/mc/eres_22072022/full_sims/s6mmp11mm/kr83m/kdsts/sthresh/hdf5/flex.kr83m.49.kdsts.h5
     event          time  s1_peak  ...       Phi        Xrms        Yrms
0    24500  9.801703e+09        0  ...  1.981803  102.523765  103.838606
1    24505  9.802979e+09        0  ...  0.236379  114.038929   92.021799
2    24510  9.804337e+09        0  ...  1.367804   86.070415  121.500195
3    24515  9.807891e+09        0  ...  0.885469  100.407961  109.665021
4    24520  9.808883e+09        0  ...  0.660998  117.479543  103.235897
..     ...           ...      ...  ...       ...         ...         ...
97   24975  9.991776e+09        0  ... -3.131918  116.740005   82.707076
98   24980  9.993159e+09        0  ... -2.487136  101.829091   96.234442
99   24985  9.995915e+09        0  ... -2.830467   95.150545   92.625972
100  24990  9.996766e+09        0  ...  2.839750  124.312661   82.175019
101  24995  9.999713e+09        0  ... -0.765961   96.953545   98.125337

[102 rows x 26 columns]
S2 selection efficiency:  100.0 %
/n/holystore01/LABS/guenette_lab/Lab/data/NEXT/FLEX/mc/eres_22072022/full_sims/s6mmp7.8mm/kr83m/kdsts/sthresh/hdf5/flex.kr83m.49.kdsts.h5
    event          time  s1_peak  ...       Phi        Xrms        Yrms
0   24500  9.800021e+09        0  ...  2.006316  107.621791  107.615594
1   24505  9.803294e+09        0  ...  2.631408  111.638391  102.462377
2   24510  9.804113e+09        0  ... -0.956725  100.517081  105.970462
3   24515  9.806231e+09        0  ...  1.457499   80.469528  120.536462
4   24520  9.808214e+09        0  ... -2.292466   95.678400  100.197846
..    ...           ...      ...  ...       ...         ...         ...
95  24975  9.991766e+09        0  ... -1.811959   87.697751  118.963285
96  24980  9.993107e+09        0  ... -2.017752   92.309145  114.750545
97  24985  9.995485e+09        0  ...  2.929532  118.671541   78.250488
98  24990  9.997630e+09        0  ...  2.819070  110.721395  105.315042
99  24995  9.998456e+09        0  ...  2.739960  111.474559   94.636116

[100 rows x 26 columns]
S2 selection efficiency:  100.0 %
