Defining Conda Paths
Sourcing Conda
Finished!
/n/holystore01/LABS/guenette_lab/Lab/data/NEXT/FLEX/mc/eres_22072022/full_sims/s1.3mmp3.5mm/kr83m/kdsts/sthresh/hdf5/flex.kr83m.65.kdsts.h5
     event          time  s1_peak  ...       Phi        Xrms       Yrms
0    32500  1.300078e+10        0  ... -0.346373   27.013180  23.430515
1    32505  1.300366e+10        0  ...  1.538511  244.513145  24.073640
2    32510  1.300577e+10        0  ...  0.403699  232.092706  18.948623
3    32515  1.300745e+10        0  ... -1.608496   23.074296  26.297875
4    32520  1.300807e+10        0  ...  1.555117  231.571396  25.085733
..     ...           ...      ...  ...       ...         ...        ...
97   32975  1.319003e+10        0  ... -2.832097   42.589116  27.775501
98   32980  1.319271e+10        0  ...  0.699897  269.732226  21.740217
99   32985  1.319461e+10        0  ... -1.843294   21.353811  21.721209
100  32990  1.319745e+10        0  ... -1.899373   22.915844  22.867436
101  32995  1.319972e+10        0  ... -0.036449   34.912290  20.219394

[102 rows x 26 columns]
S2 selection efficiency:  100.0 %
/n/holystore01/LABS/guenette_lab/Lab/data/NEXT/FLEX/mc/eres_22072022/full_sims/s1.3mmp2.4mm/kr83m/kdsts/sthresh/hdf5/flex.kr83m.65.kdsts.h5
     event          time  s1_peak  ...       Phi       Xrms       Yrms
0    32500  1.300175e+10        0  ... -0.345451  31.135565  27.037653
1    32505  1.300320e+10        0  ... -1.903616  21.758749  25.491728
2    32510  1.300480e+10        0  ...  0.166586  22.028999  19.789240
3    32515  1.300690e+10        0  ...  0.606130  25.743691  21.709592
4    32520  1.300877e+10        0  ...  3.007041  21.955208  21.464889
..     ...           ...      ...  ...       ...        ...        ...
97   32975  1.319151e+10        1  ... -0.267669  27.565804  25.923376
98   32980  1.319242e+10        0  ...  1.502908  22.243485  24.570985
99   32985  1.319422e+10        0  ... -1.602841  24.093999  27.396287
100  32990  1.319779e+10        0  ... -3.030793  45.308411  28.129055
101  32995  1.319849e+10        0  ...  2.736758  22.091770  22.545039

[102 rows x 26 columns]
S2 selection efficiency:  100.0 %
/n/holystore01/LABS/guenette_lab/Lab/data/NEXT/FLEX/mc/eres_22072022/full_sims/s3mmp5.5mm/kr83m/kdsts/sthresh/hdf5/flex.kr83m.65.kdsts.h5
     event          time  s1_peak  ...       Phi       Xrms       Yrms
0    32500  1.300066e+10        0  ... -0.346677  38.664558  36.892042
1    32505  1.300330e+10        0  ... -0.629585  35.222515  37.242740
2    32510  1.300534e+10        0  ... -0.928685  35.718218  35.261156
3    32515  1.300713e+10        0  ... -2.427973  37.736468  38.209058
4    32520  1.300998e+10        0  ... -2.103456  37.205999  38.247471
..     ...           ...      ...  ...       ...        ...        ...
96   32980  1.319283e+10        0  ... -0.587912  40.591167  36.691911
97   32985  1.319462e+10        0  ... -1.736138  31.494985  33.296275
98   32985  1.319462e+10        1  ... -1.736138  31.494985  33.296275
99   32990  1.319630e+10        0  ... -3.004233  35.970673  34.990926
100  32995  1.319898e+10        0  ... -2.516762  37.761041  36.993149

[101 rows x 26 columns]
S2 selection efficiency:  100.0 %
/n/holystore01/LABS/guenette_lab/Lab/data/NEXT/FLEX/mc/eres_22072022/full_sims/s6mmp11mm/kr83m/kdsts/sthresh/hdf5/flex.kr83m.65.kdsts.h5
     event          time  s1_peak  ...       Phi        Xrms        Yrms
0    32500  1.300197e+10        0  ... -0.345354  108.887917   87.339018
1    32500  1.300197e+10        1  ... -0.345354  108.887917   87.339018
2    32505  1.300381e+10        0  ... -0.920495   94.125032  103.274306
3    32510  1.300554e+10        0  ... -2.904075  111.805278   89.170154
4    32520  1.300862e+10        0  ...  1.682342   93.585550   97.831861
..     ...           ...      ...  ...       ...         ...         ...
97   32980  1.319276e+10        1  ...  2.628560  102.301149   76.970724
98   32985  1.319530e+10        0  ...  0.901857  101.424630  105.722222
99   32985  1.319530e+10        1  ...  0.901857  101.424630  105.722222
100  32990  1.319605e+10        0  ... -2.511663  107.962069   95.987834
101  32995  1.319809e+10        0  ...  1.687249   92.872951  104.723901

[102 rows x 26 columns]
S2 selection efficiency:  100.0 %
/n/holystore01/LABS/guenette_lab/Lab/data/NEXT/FLEX/mc/eres_22072022/full_sims/s6mmp7.8mm/kr83m/kdsts/sthresh/hdf5/flex.kr83m.65.kdsts.h5
     event          time  s1_peak  ...       Phi        Xrms        Yrms
0    32500  1.300040e+10        0  ... -0.347378  109.428637   87.968512
1    32505  1.300350e+10        0  ...  1.707234   77.201949  118.537313
2    32510  1.300543e+10        0  ...  1.102423  101.337933  115.713047
3    32515  1.300696e+10        0  ...  1.905433   95.737533  114.700320
4    32520  1.300952e+10        0  ...  0.674483  116.215673  109.711509
..     ...           ...      ...  ...       ...         ...         ...
96   32975  1.319065e+10        0  ... -1.512088   94.339067  106.677163
97   32980  1.319211e+10        0  ... -0.139846  105.502626   95.592684
98   32985  1.319558e+10        0  ...  1.928394   87.921238  121.042804
99   32990  1.319770e+10        0  ...  1.343674   85.447480  117.755223
100  32995  1.319866e+10        0  ... -2.996434  129.052901   81.924428

[101 rows x 26 columns]
S2 selection efficiency:  100.0 %
