Defining Conda Paths
Sourcing Conda
Finished!
/n/holystore01/LABS/guenette_lab/Lab/data/NEXT/FLEX/mc/eres_22072022/full_sims/s1.3mmp3.5mm/kr83m/kdsts/sthresh/hdf5/flex.kr83m.81.kdsts.h5
    event          time  s1_peak  ...       Phi        Xrms       Yrms
0   40500  1.620027e+10        0  ... -0.277685   26.851462  24.970893
1   40505  1.620249e+10        0  ... -0.523748   23.221732  19.279144
2   40515  1.620798e+10        0  ... -0.706431   21.962610  21.373556
3   40515  1.620798e+10        1  ... -0.706431   21.962610  21.373556
4   40520  1.620962e+10        0  ... -0.226137   22.699521  19.102704
..    ...           ...      ...  ...       ...         ...        ...
93  40975  1.639026e+10        0  ... -1.041087   22.097907  23.269183
94  40980  1.639291e+10        0  ... -1.176175   19.897637  21.284402
95  40985  1.639570e+10        0  ...  0.338660  101.988576  22.324961
96  40990  1.639604e+10        0  ... -1.110584   23.149444  24.642452
97  40995  1.639941e+10        0  ... -1.737537   24.521516  27.443167

[98 rows x 26 columns]
S2 selection efficiency:  100.0 %
/n/holystore01/LABS/guenette_lab/Lab/data/NEXT/FLEX/mc/eres_22072022/full_sims/s1.3mmp2.4mm/kr83m/kdsts/sthresh/hdf5/flex.kr83m.81.kdsts.h5
     event          time  s1_peak  ...       Phi       Xrms       Yrms
0    40500  1.620172e+10        0  ... -0.274591  28.772518  26.374210
1    40505  1.620229e+10        0  ...  1.341830  19.825733  26.168828
2    40510  1.620462e+10        0  ...  1.497831  23.325200  28.999487
3    40515  1.620774e+10        0  ...  1.967368  24.811592  22.520225
4    40520  1.620932e+10        0  ...  0.779602  22.713462  25.377377
..     ...           ...      ...  ...       ...        ...        ...
96   40975  1.639188e+10        0  ...  3.061701  34.201813  26.047458
97   40980  1.639352e+10        0  ... -1.474338  21.842922  28.964193
98   40985  1.639476e+10        0  ... -3.058216  29.005791  24.556803
99   40990  1.639774e+10        0  ... -0.236155  30.369892  27.428903
100  40995  1.639944e+10        0  ... -2.193369  25.440429  28.382852

[101 rows x 26 columns]
S2 selection efficiency:  100.0 %
/n/holystore01/LABS/guenette_lab/Lab/data/NEXT/FLEX/mc/eres_22072022/full_sims/s3mmp5.5mm/kr83m/kdsts/sthresh/hdf5/flex.kr83m.81.kdsts.h5
     event          time  s1_peak  ...       Phi       Xrms       Yrms
0    40500  1.620041e+10        0  ... -0.274975  36.079548  35.259062
1    40505  1.620298e+10        0  ...  1.776442  27.824588  28.925891
2    40510  1.620409e+10        0  ... -2.093139  35.983265  35.010692
3    40515  1.620799e+10        0  ...  3.115066  37.403486  36.773012
4    40520  1.620925e+10        0  ...  1.608236  35.118762  34.126911
..     ...           ...      ...  ...       ...        ...        ...
98   40980  1.639213e+10        0  ... -2.425767  35.926863  38.172062
99   40985  1.639467e+10        0  ... -1.483007  34.210205  34.075802
100  40990  1.639775e+10        0  ... -1.119879  35.697617  39.289066
101  40990  1.639775e+10        1  ... -1.119879  35.697617  39.289066
102  40995  1.639984e+10        0  ... -1.137186  34.434642  36.298274

[103 rows x 26 columns]
S2 selection efficiency:  100.0 %
/n/holystore01/LABS/guenette_lab/Lab/data/NEXT/FLEX/mc/eres_22072022/full_sims/s6mmp11mm/kr83m/kdsts/sthresh/hdf5/flex.kr83m.81.kdsts.h5
    event          time  s1_peak  ...       Phi        Xrms        Yrms
0   40500  1.620184e+10        0  ... -0.282807  101.027342   90.506676
1   40505  1.620216e+10        0  ... -0.165557  109.730449   93.142599
2   40510  1.620537e+10        0  ... -1.775590   82.278165  113.031475
3   40515  1.620782e+10        0  ...  1.723710   95.482549  114.190743
4   40520  1.620941e+10        0  ... -1.684198   78.997716  118.449448
..    ...           ...      ...  ...       ...         ...         ...
93  40975  1.639072e+10        0  ... -1.910783   90.185875  118.957678
94  40980  1.639388e+10        0  ... -0.784987   99.977236   99.555575
95  40985  1.639425e+10        0  ... -0.885028   93.526848  103.031496
96  40990  1.639693e+10        0  ...  1.679218   80.069579  114.357171
97  40995  1.639930e+10        0  ...  1.911715   95.508352  110.725211

[98 rows x 26 columns]
S2 selection efficiency:  100.0 %
/n/holystore01/LABS/guenette_lab/Lab/data/NEXT/FLEX/mc/eres_22072022/full_sims/s6mmp7.8mm/kr83m/kdsts/sthresh/hdf5/flex.kr83m.81.kdsts.h5
    event          time  s1_peak  ...       Phi        Xrms        Yrms
0   40500  1.620054e+10        0  ... -0.277494  101.968845   92.122661
1   40505  1.620251e+10        0  ... -1.497860   94.055278  104.105529
2   40510  1.620582e+10        0  ...  0.164774  116.038944   72.595567
3   40515  1.620784e+10        0  ... -1.172509   91.780480  113.345632
4   40520  1.620904e+10        0  ...  1.084710   90.544248  116.849097
..    ...           ...      ...  ...       ...         ...         ...
94  40975  1.639111e+10        1  ... -1.539536   93.140561  110.182267
95  40980  1.639375e+10        0  ... -2.750547  120.633470   98.973320
96  40985  1.639531e+10        0  ... -2.285902   96.782814  102.625736
97  40990  1.639607e+10        0  ...  2.095026   95.438266  108.370365
98  40995  1.639951e+10        0  ...  2.662809  109.378929  100.578078

[99 rows x 26 columns]
S2 selection efficiency:  100.0 %
