Defining Conda Paths
Sourcing Conda
Finished!
/n/holystore01/LABS/guenette_lab/Lab/data/NEXT/FLEX/mc/eres_22072022/full_sims/s1.3mmp3.5mm/kr83m/kdsts/sthresh/hdf5/flex.kr83m.21.kdsts.h5
    event          time  s1_peak  ...       Phi        Xrms       Yrms
0   10500  4.201303e+09        0  ...  2.576453  171.550028  21.043553
1   10505  4.202804e+09        0  ...  1.612885  236.257010  31.808845
2   10505  4.202804e+09        1  ...  1.612885  236.257010  31.808845
3   10510  4.205589e+09        0  ... -1.337540   23.383958  27.292790
4   10515  4.207407e+09        0  ...  1.545831  226.486595  23.669999
..    ...           ...      ...  ...       ...         ...        ...
92  10975  4.390169e+09        0  ...  1.555432  211.334387  23.156329
93  10980  4.393781e+09        0  ... -0.771676   20.652625  22.678257
94  10985  4.395141e+09        0  ...  1.417208  245.232977  22.807498
95  10990  4.397428e+09        0  ... -2.139037   24.716977  26.734563
96  10995  4.399980e+09        0  ...  2.781450  128.174509  22.421036

[97 rows x 26 columns]
S2 selection efficiency:  100.0 %
/n/holystore01/LABS/guenette_lab/Lab/data/NEXT/FLEX/mc/eres_22072022/full_sims/s1.3mmp2.4mm/kr83m/kdsts/sthresh/hdf5/flex.kr83m.21.kdsts.h5
     event          time  s1_peak  ...       Phi       Xrms       Yrms
0    10500  4.200406e+09        0  ...  0.374076  24.300948  21.396744
1    10505  4.203411e+09        0  ... -0.842530  24.577499  26.035532
2    10510  4.205917e+09        0  ...  2.560909  27.520170  23.585388
3    10515  4.207562e+09        0  ... -2.757409  22.071788  20.861589
4    10520  4.209367e+09        0  ... -0.580360  21.025543  22.071873
..     ...           ...      ...  ...       ...        ...        ...
97   10975  4.390352e+09        0  ... -1.350855  20.647239  21.191890
98   10980  4.392588e+09        0  ...  2.275069  22.809507  25.271556
99   10985  4.394147e+09        0  ...  1.873890  22.514708  24.986206
100  10990  4.397948e+09        0  ... -2.906449  25.067355  22.266198
101  10995  4.398515e+09        0  ...  0.813811  21.947792  24.205702

[102 rows x 26 columns]
S2 selection efficiency:  100.0 %
/n/holystore01/LABS/guenette_lab/Lab/data/NEXT/FLEX/mc/eres_22072022/full_sims/s3mmp5.5mm/kr83m/kdsts/sthresh/hdf5/flex.kr83m.21.kdsts.h5
    event          time  s1_peak  ...       Phi       Xrms       Yrms
0   10500  4.201167e+09        0  ...  0.374362  38.498464  35.699806
1   10500  4.201167e+09        1  ...  0.374362  38.498464  35.699806
2   10505  4.202582e+09        0  ... -1.306669  29.060366  30.632831
3   10510  4.204139e+09        0  ...  2.044599  36.302521  38.185040
4   10515  4.207158e+09        0  ...  2.450723  35.797760  36.122679
..    ...           ...      ...  ...       ...        ...        ...
94  10975  4.391929e+09        0  ... -0.832535  35.648599  35.712631
95  10980  4.392483e+09        0  ...  2.050145  36.431736  35.223773
96  10985  4.395561e+09        0  ...  0.792437  35.555298  32.535778
97  10990  4.396802e+09        0  ...  1.622777  34.469816  37.264107
98  10995  4.399637e+09        0  ... -1.501633  30.925465  29.682746

[99 rows x 26 columns]
S2 selection efficiency:  100.0 %
/n/holystore01/LABS/guenette_lab/Lab/data/NEXT/FLEX/mc/eres_22072022/full_sims/s6mmp11mm/kr83m/kdsts/sthresh/hdf5/flex.kr83m.21.kdsts.h5
    event          time  s1_peak  ...       Phi        Xrms        Yrms
0   10500  4.200451e+09        0  ...  0.372558  115.183040   89.318510
1   10500  4.200451e+09        1  ...  0.372558  115.183040   89.318510
2   10510  4.205998e+09        0  ...  1.595397   89.149512  119.874871
3   10515  4.207969e+09        0  ... -0.629706  101.718774   99.032782
4   10520  4.208597e+09        0  ...  2.275527   97.986581  100.440843
..    ...           ...      ...  ...       ...         ...         ...
95  10975  4.391031e+09        0  ...  1.488737   77.917568  126.079505
96  10980  4.393998e+09        0  ... -1.819090   83.934563  115.428171
97  10985  4.394255e+09        0  ... -2.360873   73.332629   69.718553
98  10990  4.397158e+09        0  ...  2.993580  117.615684   96.586767
99  10995  4.398749e+09        0  ... -0.688538   97.580332   97.007075

[100 rows x 26 columns]
S2 selection efficiency:  100.0 %
/n/holystore01/LABS/guenette_lab/Lab/data/NEXT/FLEX/mc/eres_22072022/full_sims/s6mmp7.8mm/kr83m/kdsts/sthresh/hdf5/flex.kr83m.21.kdsts.h5
    event          time  s1_peak  ...       Phi        Xrms        Yrms
0   10500  4.201602e+09        0  ...  0.373146  116.583100   90.959128
1   10500  4.201602e+09        1  ...  0.373146  116.583100   90.959128
2   10505  4.203578e+09        0  ...  1.628408   99.477063  116.814926
3   10510  4.205606e+09        0  ...  1.288742  100.523610  118.974039
4   10515  4.206702e+09        0  ... -0.017212  113.529246   91.874177
..    ...           ...      ...  ...       ...         ...         ...
95  10970  4.389129e+09        0  ...  0.615958  124.523573  108.481385
96  10980  4.393221e+09        0  ... -0.253767  126.819408   81.425513
97  10985  4.394981e+09        0  ... -2.981944  111.356268  102.202302
98  10990  4.396172e+09        0  ...  1.343246   91.749845  112.366512
99  10995  4.398727e+09        0  ... -2.153119  105.125752  110.957668

[100 rows x 26 columns]
S2 selection efficiency:  100.0 %
