Defining Conda Paths
Sourcing Conda
Finished!
/n/holystore01/LABS/guenette_lab/Lab/data/NEXT/FLEX/mc/eres_22072022/full_sims/s1.3mmp3.5mm/kr83m/kdsts/sthresh/hdf5/flex.kr83m.38.kdsts.h5
    event          time  s1_peak  ...       Phi        Xrms       Yrms
0   19000  7.600971e+09        0  ...  3.137750   54.758557  18.631964
1   19005  7.603597e+09        0  ... -2.652365   23.081835  21.791321
2   19010  7.604049e+09        0  ...  2.929420  126.719209  25.653032
3   19015  7.606632e+09        0  ... -0.242161   23.763413  23.845826
4   19020  7.608934e+09        0  ... -2.299239   26.408921  21.560311
..    ...           ...      ...  ...       ...         ...        ...
90  19475  7.791417e+09        0  ... -0.671945   36.939435  29.841829
91  19480  7.793065e+09        0  ... -1.187247   28.509990  28.505419
92  19485  7.795656e+09        0  ...  1.555829  216.642968  27.303689
93  19490  7.796754e+09        0  ...  1.277904  165.397570  20.679102
94  19495  7.798184e+09        0  ... -2.839831   46.770663  28.914774

[95 rows x 26 columns]
S2 selection efficiency:  100.0 %
/n/holystore01/LABS/guenette_lab/Lab/data/NEXT/FLEX/mc/eres_22072022/full_sims/s1.3mmp2.4mm/kr83m/kdsts/sthresh/hdf5/flex.kr83m.38.kdsts.h5
     event          time  s1_peak  ...       Phi       Xrms       Yrms
0    19000  7.600761e+09        0  ...  2.972260  22.323641  20.709720
1    19005  7.603654e+09        0  ... -0.785879  20.798276  20.366776
2    19010  7.605505e+09        0  ... -0.106213  26.936634  22.436767
3    19015  7.606241e+09        0  ...  0.640423  29.317958  24.998188
4    19020  7.608353e+09        0  ...  3.038203  20.235699  21.678536
..     ...           ...      ...  ...       ...        ...        ...
97   19475  7.791558e+09        0  ... -3.094515  21.731500  20.712873
98   19480  7.793447e+09        0  ...  1.387473  20.636602  24.385567
99   19485  7.794443e+09        0  ... -0.168488  32.656925  21.938935
100  19490  7.797914e+09        0  ...  2.585622  23.503503  23.457069
101  19495  7.798598e+09        0  ... -1.531728  23.655382  25.634238

[102 rows x 26 columns]
S2 selection efficiency:  100.0 %
/n/holystore01/LABS/guenette_lab/Lab/data/NEXT/FLEX/mc/eres_22072022/full_sims/s3mmp5.5mm/kr83m/kdsts/sthresh/hdf5/flex.kr83m.38.kdsts.h5
     event          time  s1_peak  ...       Phi       Xrms       Yrms
0    19000  7.601349e+09        0  ...  2.969775  36.193365  35.301229
1    19005  7.602462e+09        0  ... -0.712281  33.147455  34.863758
2    19010  7.604283e+09        0  ...  0.813360  34.709973  33.674721
3    19015  7.607309e+09        0  ...  2.598555  35.938060  34.386551
4    19020  7.609315e+09        0  ...  1.606582  31.373024  39.188705
..     ...           ...      ...  ...       ...        ...        ...
97   19475  7.790808e+09        0  ... -1.077211  36.503073  39.823702
98   19480  7.792595e+09        0  ...  2.241426  37.300542  37.434377
99   19485  7.795567e+09        0  ... -1.499194  34.741737  35.999066
100  19490  7.797682e+09        0  ...  1.008482  34.056076  35.983183
101  19495  7.798269e+09        0  ...  1.743903  33.403340  32.529985

[102 rows x 26 columns]
S2 selection efficiency:  100.0 %
/n/holystore01/LABS/guenette_lab/Lab/data/NEXT/FLEX/mc/eres_22072022/full_sims/s6mmp11mm/kr83m/kdsts/sthresh/hdf5/flex.kr83m.38.kdsts.h5
     event          time  s1_peak  ...       Phi        Xrms        Yrms
0    19000  7.601023e+09        0  ...  2.974908  102.874769   94.082123
1    19005  7.603044e+09        0  ... -2.421738  105.258997  103.213228
2    19010  7.605414e+09        0  ...  2.086757   95.920985  111.834134
3    19015  7.607577e+09        0  ... -1.589299   69.815482  114.311482
4    19020  7.609069e+09        0  ... -2.166991   89.608177  107.190925
..     ...           ...      ...  ...       ...         ...         ...
100  19465  7.787631e+09        0  ...  2.828379   97.742974   94.477788
101  19470  7.788550e+09        0  ... -1.519973   80.543911  119.538010
102  19480  7.792828e+09        0  ... -2.881769  103.309877   95.012689
103  19485  7.794118e+09        0  ...  3.112623  115.940494   88.090114
104  19490  7.797422e+09        0  ... -1.284131   84.741096  125.501777

[105 rows x 26 columns]
S2 selection efficiency:  100.0 %
/n/holystore01/LABS/guenette_lab/Lab/data/NEXT/FLEX/mc/eres_22072022/full_sims/s6mmp7.8mm/kr83m/kdsts/sthresh/hdf5/flex.kr83m.38.kdsts.h5
     event          time  s1_peak  ...       Phi        Xrms        Yrms
0    19000  7.601893e+09        0  ...  2.982648  105.581961   97.096932
1    19005  7.602265e+09        0  ... -2.554860  105.918135  100.866471
2    19010  7.605544e+09        0  ...  1.862175   83.376335  121.344003
3    19015  7.607037e+09        0  ... -1.973602   87.100215  112.040124
4    19020  7.609252e+09        0  ...  1.489662   94.505826  127.346666
..     ...           ...      ...  ...       ...         ...         ...
101  19475  7.791235e+09        1  ... -0.015216  115.105747   81.211103
102  19480  7.792574e+09        0  ...  0.901247  105.803484  107.152449
103  19485  7.795041e+09        0  ... -2.677115  120.150590   93.534638
104  19490  7.796258e+09        0  ...  0.462933  109.863515  106.080201
105  19495  7.799877e+09        0  ...  2.681231  109.832419  100.704421

[106 rows x 26 columns]
S2 selection efficiency:  100.0 %
