Defining Conda Paths
Sourcing Conda
Finished!
/n/holystore01/LABS/guenette_lab/Lab/data/NEXT/FLEX/mc/eres_22072022/full_sims/s1.3mmp3.5mm/kr83m/kdsts/sthresh/hdf5/flex.kr83m.73.kdsts.h5
    event          time  s1_peak  ...       Phi        Xrms       Yrms
0   36500  1.460110e+10        0  ... -3.095733   98.170180  20.208382
1   36505  1.460266e+10        0  ...  1.552359  286.487497  24.632149
2   36510  1.460518e+10        0  ...  1.918654  272.378873  18.447823
3   36515  1.460727e+10        0  ...  2.752695  340.339882  21.443302
4   36515  1.460727e+10        1  ...  2.752695  340.339882  21.443302
..    ...           ...      ...  ...       ...         ...        ...
92  36975  1.479154e+10        1  ... -0.004166   53.889937  21.053971
93  36980  1.479379e+10        0  ... -0.601315   26.275186  24.956266
94  36985  1.479529e+10        0  ...  1.546711  219.223862  23.863903
95  36990  1.479640e+10        0  ...  1.965670  255.650131  21.342453
96  36995  1.479915e+10        0  ... -1.684488   20.955648  19.707044

[97 rows x 26 columns]
S2 selection efficiency:  100.0 %
/n/holystore01/LABS/guenette_lab/Lab/data/NEXT/FLEX/mc/eres_22072022/full_sims/s1.3mmp2.4mm/kr83m/kdsts/sthresh/hdf5/flex.kr83m.73.kdsts.h5
     event          time  s1_peak  ...       Phi       Xrms       Yrms
0    36500  1.460067e+10        0  ... -3.098723  23.648173  23.118119
1    36505  1.460361e+10        0  ... -1.946122  24.946001  32.007022
2    36510  1.460459e+10        0  ... -1.937230  22.856072  27.706693
3    36520  1.460860e+10        0  ...  1.157194  24.670472  31.547658
4    36525  1.461031e+10        0  ...  1.488491  24.257806  39.321795
..     ...           ...      ...  ...       ...        ...        ...
96   36970  1.478955e+10        0  ...  0.154394  28.657701  25.817306
97   36975  1.479072e+10        0  ...  1.854712  20.260432  25.160238
98   36980  1.479206e+10        0  ...  0.341859  27.540751  22.049169
99   36985  1.479440e+10        0  ...  0.359925  36.356208  32.588216
100  36995  1.479892e+10        0  ...  1.093192  21.155769  23.688129

[101 rows x 26 columns]
S2 selection efficiency:  100.0 %
/n/holystore01/LABS/guenette_lab/Lab/data/NEXT/FLEX/mc/eres_22072022/full_sims/s3mmp5.5mm/kr83m/kdsts/sthresh/hdf5/flex.kr83m.73.kdsts.h5
    event          time  s1_peak  ...       Phi       Xrms       Yrms
0   36500  1.460145e+10        0  ... -3.098787  32.243215  32.969626
1   36505  1.460295e+10        0  ...  2.454951  36.991824  37.558433
2   36510  1.460424e+10        0  ... -1.699174  34.800312  40.788846
3   36515  1.460776e+10        0  ... -1.720897  35.480353  38.236518
4   36520  1.460809e+10        0  ...  0.593801  23.313016  26.983782
..    ...           ...      ...  ...       ...        ...        ...
90  36975  1.479053e+10        0  ...  1.651545  34.482242  37.241909
91  36980  1.479369e+10        0  ... -2.579827  36.038937  34.147501
92  36985  1.479473e+10        0  ... -0.034422  38.238161  34.523908
93  36990  1.479618e+10        0  ...  0.434858  37.091145  36.149254
94  36995  1.479840e+10        0  ...  1.328507  34.517389  34.909684

[95 rows x 26 columns]
S2 selection efficiency:  100.0 %
/n/holystore01/LABS/guenette_lab/Lab/data/NEXT/FLEX/mc/eres_22072022/full_sims/s6mmp11mm/kr83m/kdsts/sthresh/hdf5/flex.kr83m.73.kdsts.h5
     event          time  s1_peak  ...       Phi        Xrms        Yrms
0    36500  1.460149e+10        0  ... -3.100117  117.324055   75.109007
1    36505  1.460393e+10        0  ...  0.954425   81.796655   95.425034
2    36510  1.460476e+10        0  ...  2.901630  109.771496   89.686201
3    36515  1.460751e+10        0  ...  0.573647  104.724098  101.079116
4    36520  1.460889e+10        0  ...  1.039176   93.550744  106.441891
..     ...           ...      ...  ...       ...         ...         ...
101  36975  1.479072e+10        0  ... -0.014230  116.675054   85.508016
102  36980  1.479333e+10        0  ...  2.985104  103.387884   93.421689
103  36985  1.479473e+10        0  ... -1.132891   90.043587  108.639932
104  36990  1.479611e+10        0  ... -2.756018  104.874685   92.628886
105  36995  1.479912e+10        0  ...  2.627589   99.985257   99.746371

[106 rows x 26 columns]
S2 selection efficiency:  100.0 %
/n/holystore01/LABS/guenette_lab/Lab/data/NEXT/FLEX/mc/eres_22072022/full_sims/s6mmp7.8mm/kr83m/kdsts/sthresh/hdf5/flex.kr83m.73.kdsts.h5
     event          time  s1_peak  ...       Phi        Xrms        Yrms
0    36500  1.460013e+10        0  ... -3.098307  125.315834   79.484732
1    36505  1.460244e+10        0  ...  2.488451   95.143509   82.940807
2    36510  1.460401e+10        0  ...  1.106730   98.386980  116.421002
3    36515  1.460741e+10        0  ...  0.897922   95.938026  104.654236
4    36520  1.460812e+10        0  ... -1.779319   91.487914  120.117606
..     ...           ...      ...  ...       ...         ...         ...
100  36975  1.479192e+10        0  ...  2.626349  102.112451  101.238993
101  36980  1.479264e+10        0  ... -2.119302   99.277546  101.353880
102  36985  1.479400e+10        0  ...  0.536586  116.270305   99.220990
103  36990  1.479642e+10        0  ... -2.052337   90.517795  111.604154
104  36995  1.479862e+10        0  ... -1.309686   93.969651  112.139162

[105 rows x 26 columns]
S2 selection efficiency:  100.0 %
