Defining Conda Paths
Sourcing Conda
Finished!
/n/holystore01/LABS/guenette_lab/Lab/data/NEXT/FLEX/mc/eres_22072022/full_sims/s1.3mmp3.5mm/kr83m/kdsts/sthresh/hdf5/flex.kr83m.55.kdsts.h5
     event          time  s1_peak  ...       Phi        Xrms       Yrms
0    27500  1.100063e+10        0  ... -1.765478   29.377794  37.499478
1    27505  1.100330e+10        0  ...  1.571230  238.202836  19.813012
2    27510  1.100454e+10        0  ... -2.138094   30.487821  34.993061
3    27515  1.100780e+10        0  ... -0.111001   26.067016  21.002745
4    27520  1.100933e+10        0  ...  2.288819  304.692411  22.763259
..     ...           ...      ...  ...       ...         ...        ...
98   27980  1.119294e+10        0  ...  3.133780  158.909950  21.120545
99   27985  1.119568e+10        0  ...  1.647139  260.645743  21.941573
100  27990  1.119799e+10        0  ... -1.249044   21.748650  25.381750
101  27990  1.119799e+10        1  ... -1.249044   21.748650  25.381750
102  27995  1.119801e+10        0  ...  1.714828  190.945470  23.693661

[103 rows x 26 columns]
S2 selection efficiency:  100.0 %
/n/holystore01/LABS/guenette_lab/Lab/data/NEXT/FLEX/mc/eres_22072022/full_sims/s1.3mmp2.4mm/kr83m/kdsts/sthresh/hdf5/flex.kr83m.55.kdsts.h5
    event          time  s1_peak  ...       Phi       Xrms       Yrms
0   27500  1.100179e+10        0  ... -1.766377  23.947790  31.011436
1   27505  1.100343e+10        0  ... -1.647673  22.129011  21.238457
2   27510  1.100555e+10        0  ... -0.562613  24.711077  25.757305
3   27515  1.100685e+10        0  ... -0.556654  20.974358  18.971720
4   27520  1.100948e+10        0  ...  2.433951  20.925646  24.954016
..    ...           ...      ...  ...       ...        ...        ...
94  27975  1.119185e+10        0  ...  2.842660  26.267484  24.336270
95  27980  1.119370e+10        0  ... -2.349448  22.795387  21.687810
96  27985  1.119439e+10        0  ...  2.193469  22.001346  25.256059
97  27990  1.119608e+10        0  ... -2.552917  22.709790  22.535170
98  27995  1.119933e+10        0  ... -2.104938  21.714022  21.829018

[99 rows x 26 columns]
S2 selection efficiency:  100.0 %
/n/holystore01/LABS/guenette_lab/Lab/data/NEXT/FLEX/mc/eres_22072022/full_sims/s3mmp5.5mm/kr83m/kdsts/sthresh/hdf5/flex.kr83m.55.kdsts.h5
     event          time  s1_peak  ...       Phi       Xrms       Yrms
0    27500  1.100131e+10        0  ... -1.767332  32.060232  30.311781
1    27505  1.100315e+10        0  ...  1.642954  36.852503  36.752808
2    27510  1.100449e+10        0  ... -0.879827  34.811567  35.140524
3    27515  1.100756e+10        0  ...  0.254004  34.025282  33.576754
4    27520  1.100886e+10        0  ... -1.032141  36.852470  36.325040
..     ...           ...      ...  ...       ...        ...        ...
97   27975  1.119159e+10        0  ...  0.786208  34.265502  33.462225
98   27980  1.119370e+10        0  ... -1.403605  34.841111  37.224246
99   27985  1.119440e+10        0  ...  1.801790  36.569298  34.715904
100  27990  1.119617e+10        0  ... -0.201563  39.892624  34.466050
101  27995  1.119912e+10        0  ... -0.204407  35.668388  34.317521

[102 rows x 26 columns]
S2 selection efficiency:  100.0 %
/n/holystore01/LABS/guenette_lab/Lab/data/NEXT/FLEX/mc/eres_22072022/full_sims/s6mmp11mm/kr83m/kdsts/sthresh/hdf5/flex.kr83m.55.kdsts.h5
    event          time  s1_peak  ...       Phi        Xrms        Yrms
0   27500  1.100002e+10        0  ... -1.767026   75.842606  115.851040
1   27505  1.100348e+10        0  ... -1.031823   98.345002  100.513105
2   27510  1.100465e+10        0  ... -0.200861  113.756515   93.210977
3   27515  1.100743e+10        0  ...  2.133214   94.869665   97.269613
4   27520  1.100910e+10        0  ... -0.813364  100.993643  101.941329
..    ...           ...      ...  ...       ...         ...         ...
93  27975  1.119142e+10        0  ...  1.171488   96.159299  113.979035
94  27980  1.119389e+10        0  ... -3.032295  117.224312   86.937045
95  27985  1.119509e+10        0  ... -0.430123  105.518176  103.149650
96  27990  1.119716e+10        0  ...  0.069802  111.083263   96.657483
97  27995  1.119958e+10        0  ... -2.502306  105.055473   93.504814

[98 rows x 26 columns]
S2 selection efficiency:  100.0 %
/n/holystore01/LABS/guenette_lab/Lab/data/NEXT/FLEX/mc/eres_22072022/full_sims/s6mmp7.8mm/kr83m/kdsts/sthresh/hdf5/flex.kr83m.55.kdsts.h5
    event          time  s1_peak  ...       Phi        Xrms        Yrms
0   27500  1.100052e+10        0  ... -1.766102   75.829500  118.712596
1   27505  1.100226e+10        0  ...  2.364067  107.516536  106.053234
2   27505  1.100226e+10        1  ...  2.364067  107.516536  106.053234
3   27510  1.100516e+10        0  ...  0.066948  107.460192   68.636860
4   27515  1.100717e+10        0  ...  1.906171   93.605506  113.341661
..    ...           ...      ...  ...       ...         ...         ...
93  27975  1.119160e+10        0  ... -3.069210  127.240488   78.243130
94  27980  1.119332e+10        0  ... -2.440576   78.344725   71.821596
95  27985  1.119490e+10        0  ...  1.437993   99.538718  113.813365
96  27990  1.119627e+10        0  ... -0.028233  119.578979   86.255804
97  27995  1.119925e+10        0  ... -1.135141   94.213622   99.688689

[98 rows x 26 columns]
S2 selection efficiency:  100.0 %
