Defining Conda Paths
Sourcing Conda
Finished!
/n/holystore01/LABS/guenette_lab/Lab/data/NEXT/FLEX/mc/eres_22072022/full_sims/s1.3mmp3.5mm/kr83m/kdsts/sthresh/hdf5/flex.kr83m.11.kdsts.h5
    event          time  s1_peak  ...       Phi        Xrms       Yrms
0    5500  2.200795e+09        0  ... -1.591033   20.431658  17.304732
1    5505  2.203758e+09        0  ...  1.588025  332.910402  22.102937
2    5510  2.204808e+09        0  ...  2.788916  193.946664  22.748651
3    5515  2.206293e+09        0  ...  1.529430  238.137118  17.783729
4    5520  2.208061e+09        0  ...  1.479410  240.940187  25.066931
..    ...           ...      ...  ...       ...         ...        ...
91   5970  2.388238e+09        0  ...  1.549081  215.809049  24.725545
92   5975  2.391680e+09        0  ...  1.513080  246.403378  22.957027
93   5980  2.392630e+09        0  ... -1.837608   22.713573  22.915393
94   5985  2.395374e+09        0  ...  2.519412  168.777909  28.076358
95   5995  2.399294e+09        0  ... -2.635991   20.415834  20.549547

[96 rows x 26 columns]
S2 selection efficiency:  100.0 %
/n/holystore01/LABS/guenette_lab/Lab/data/NEXT/FLEX/mc/eres_22072022/full_sims/s1.3mmp2.4mm/kr83m/kdsts/sthresh/hdf5/flex.kr83m.11.kdsts.h5
     event          time  s1_peak  ...       Phi       Xrms       Yrms
0     5500  2.201781e+09        0  ... -1.590576  22.115370  26.325662
1     5500  2.201781e+09        1  ... -1.590576  22.115370  26.325662
2     5505  2.203625e+09        0  ...  1.981287  20.207109  23.459976
3     5510  2.204067e+09        0  ... -3.048283  29.912038  23.745456
4     5515  2.206387e+09        0  ... -0.875129  26.630191  26.375027
..     ...           ...      ...  ...       ...        ...        ...
97    5980  2.393050e+09        0  ...  2.268285  20.900597  20.246764
98    5985  2.395831e+09        0  ... -1.642872  22.502996  26.680564
99    5990  2.396044e+09        0  ... -0.123410  20.251927  20.209153
100   5995  2.398318e+09        0  ... -1.608809  23.589037  24.014469
101   5995  2.398318e+09        1  ... -1.608809  23.589037  24.014469

[102 rows x 26 columns]
S2 selection efficiency:  100.0 %
/n/holystore01/LABS/guenette_lab/Lab/data/NEXT/FLEX/mc/eres_22072022/full_sims/s3mmp5.5mm/kr83m/kdsts/sthresh/hdf5/flex.kr83m.11.kdsts.h5
    event          time  s1_peak  ...       Phi       Xrms       Yrms
0    5500  2.201654e+09        0  ... -1.590978  34.537236  37.938904
1    5505  2.202138e+09        0  ...  1.595651  34.089483  33.268581
2    5510  2.204708e+09        0  ...  1.932171  37.037139  37.187009
3    5515  2.206362e+09        0  ...  0.049890  38.879155  35.728872
4    5520  2.209705e+09        0  ...  0.877000  36.615382  36.435190
..    ...           ...      ...  ...       ...        ...        ...
95   5975  2.390132e+09        0  ...  1.366400  34.604660  36.567701
96   5980  2.392452e+09        0  ...  0.431889  35.434895  35.081171
97   5985  2.395265e+09        0  ...  1.638283  36.427324  40.537934
98   5990  2.397809e+09        0  ... -0.204142  33.115798  32.392015
99   5995  2.399754e+09        0  ... -2.657457  41.236100  37.429579

[100 rows x 26 columns]
S2 selection efficiency:  100.0 %
/n/holystore01/LABS/guenette_lab/Lab/data/NEXT/FLEX/mc/eres_22072022/full_sims/s6mmp11mm/kr83m/kdsts/sthresh/hdf5/flex.kr83m.11.kdsts.h5
Empty DataFrame
Columns: [event, time, s1_peak, s2_peak, nS1, nS2, S1w, S1h, S1e, S1t, S2w, S2h, S2e, S2q, S2t, qmax, Nsipm, DT, Z, Zrms, X, Y, R, Phi, Xrms, Yrms]
Index: []
