Defining Conda Paths
Sourcing Conda
Finished!
/n/holystore01/LABS/guenette_lab/Lab/data/NEXT/FLEX/mc/eres_22072022/full_sims/s1.3mmp3.5mm/kr83m/kdsts/sthresh/hdf5/flex.kr83m.95.kdsts.h5
     event          time  s1_peak  ...       Phi        Xrms       Yrms
0    47500  1.900070e+10        0  ... -1.504151   23.725727  26.270223
1    47505  1.900260e+10        0  ...  1.577114  237.275497  22.309160
2    47505  1.900260e+10        1  ...  1.577114  237.275497  22.309160
3    47515  1.900765e+10        0  ...  2.964332  205.651613  22.889243
4    47520  1.900917e+10        0  ...  1.950867  279.957865  21.857169
..     ...           ...      ...  ...       ...         ...        ...
96   47975  1.919159e+10        0  ...  3.139193   64.095694  18.209481
97   47980  1.919352e+10        0  ...  2.816279  150.773161  21.261503
98   47985  1.919453e+10        0  ... -0.839657   26.843253  26.983225
99   47990  1.919726e+10        0  ... -0.626812   31.275976  28.514586
100  47995  1.919920e+10        0  ...  3.131613   51.874005  24.618869

[101 rows x 26 columns]
S2 selection efficiency:  100.0 %
/n/holystore01/LABS/guenette_lab/Lab/data/NEXT/FLEX/mc/eres_22072022/full_sims/s1.3mmp2.4mm/kr83m/kdsts/sthresh/hdf5/flex.kr83m.95.kdsts.h5
    event          time  s1_peak  ...       Phi       Xrms       Yrms
0   47500  1.900014e+10        0  ... -1.500208  21.889759  22.970581
1   47505  1.900254e+10        0  ... -1.400472  24.036763  28.215951
2   47510  1.900589e+10        0  ...  0.681395  22.467045  25.369888
3   47515  1.900757e+10        0  ... -2.246941  20.955786  22.148781
4   47520  1.900809e+10        0  ... -0.348503  23.328554  22.646273
..    ...           ...      ...  ...       ...        ...        ...
93  47970  1.918866e+10        0  ... -0.293826  31.695027  25.611209
94  47975  1.919093e+10        0  ...  2.382774  21.863861  21.188128
95  47980  1.919246e+10        0  ... -0.759599  24.435203  24.174397
96  47985  1.919534e+10        0  ...  1.797812  23.283950  32.527527
97  47990  1.919797e+10        0  ... -1.007525  26.083407  28.894379

[98 rows x 26 columns]
S2 selection efficiency:  100.0 %
/n/holystore01/LABS/guenette_lab/Lab/data/NEXT/FLEX/mc/eres_22072022/full_sims/s3mmp5.5mm/kr83m/kdsts/sthresh/hdf5/flex.kr83m.95.kdsts.h5
    event          time  s1_peak  ...       Phi       Xrms       Yrms
0   47500  1.900178e+10        0  ... -1.502008  37.106664  38.524611
1   47505  1.900317e+10        0  ... -3.107626  39.060417  35.011948
2   47505  1.900317e+10        1  ... -3.107626  39.060417  35.011948
3   47515  1.900695e+10        0  ...  1.540485  34.653460  36.746975
4   47520  1.900907e+10        0  ...  0.104875  36.834705  36.473004
..    ...           ...      ...  ...       ...        ...        ...
92  47975  1.919192e+10        0  ... -3.004409  38.020295  35.742260
93  47980  1.919215e+10        0  ... -0.394975  37.636414  37.160124
94  47985  1.919518e+10        0  ...  1.334496  36.785327  36.438194
95  47990  1.919663e+10        0  ... -2.276181  32.121536  31.993097
96  47995  1.919984e+10        0  ... -2.246430  40.068256  38.162341

[97 rows x 26 columns]
S2 selection efficiency:  100.0 %
/n/holystore01/LABS/guenette_lab/Lab/data/NEXT/FLEX/mc/eres_22072022/full_sims/s6mmp11mm/kr83m/kdsts/sthresh/hdf5/flex.kr83m.95.kdsts.h5
    event          time  s1_peak  ...       Phi        Xrms        Yrms
0   47500  1.900127e+10        0  ... -1.502524   90.036291  110.525292
1   47505  1.900243e+10        0  ...  1.171715   90.547581  110.803393
2   47510  1.900472e+10        0  ...  1.710819   77.641167  123.591491
3   47515  1.900642e+10        0  ...  2.065567   95.820605  106.521726
4   47520  1.900971e+10        0  ...  0.099095  116.230075   82.125170
..    ...           ...      ...  ...       ...         ...         ...
95  47975  1.919035e+10        0  ... -1.062338  100.390386  110.401530
96  47980  1.919271e+10        0  ... -0.503284  110.253911   89.621876
97  47985  1.919426e+10        0  ...  2.961364  112.960035   90.748796
98  47990  1.919742e+10        0  ...  0.619875  104.319219   98.285617
99  47995  1.919960e+10        0  ... -1.372799   93.478065  112.024070

[100 rows x 26 columns]
S2 selection efficiency:  100.0 %
/n/holystore01/LABS/guenette_lab/Lab/data/NEXT/FLEX/mc/eres_22072022/full_sims/s6mmp7.8mm/kr83m/kdsts/sthresh/hdf5/flex.kr83m.95.kdsts.h5
     event          time  s1_peak  ...       Phi        Xrms        Yrms
0    47500  1.900064e+10        0  ... -1.502602   92.624641  115.289444
1    47505  1.900277e+10        0  ...  2.355192  103.406355  104.089498
2    47510  1.900462e+10        0  ...  2.191666   74.316605   86.203706
3    47515  1.900652e+10        0  ... -3.087673  114.263210   99.365962
4    47520  1.900927e+10        0  ... -2.394520  100.348412  100.303199
..     ...           ...      ...  ...       ...         ...         ...
98   47975  1.919038e+10        0  ...  1.353675   99.096725  118.475860
99   47980  1.919315e+10        0  ... -1.415839   81.629736  114.945920
100  47985  1.919597e+10        0  ...  2.459313  107.287515  102.905024
101  47990  1.919634e+10        0  ...  2.213083  110.727565  122.774719
102  47995  1.919947e+10        0  ... -1.536948   96.908644  105.520151

[103 rows x 26 columns]
S2 selection efficiency:  100.0 %
