Defining Conda Paths
Sourcing Conda
Finished!
/n/holystore01/LABS/guenette_lab/Lab/data/NEXT/FLEX/mc/eres_22072022/full_sims/s1.3mmp3.5mm/kr83m/kdsts/sthresh/hdf5/flex.kr83m.79.kdsts.h5
     event          time  s1_peak  ...       Phi        Xrms       Yrms
0    39500  1.580099e+10        0  ...  3.136298  253.275345  20.652188
1    39505  1.580252e+10        0  ... -2.557322   31.639395  24.062334
2    39510  1.580490e+10        0  ...  2.521812  199.451068  23.693448
3    39515  1.580769e+10        0  ... -0.413733   19.853226  21.456147
4    39520  1.580933e+10        0  ...  0.959862  277.005309  20.885240
..     ...           ...      ...  ...       ...         ...        ...
98   39975  1.599045e+10        0  ...  2.586782  131.353825  18.616853
99   39980  1.599270e+10        0  ... -1.053932   19.762861  20.068724
100  39985  1.599599e+10        0  ... -0.376406   22.006564  21.360371
101  39990  1.599611e+10        0  ... -0.043158   49.511416  20.134588
102  39995  1.599805e+10        0  ...  1.462144  297.365098  22.162159

[103 rows x 26 columns]
S2 selection efficiency:  100.0 %
/n/holystore01/LABS/guenette_lab/Lab/data/NEXT/FLEX/mc/eres_22072022/full_sims/s1.3mmp2.4mm/kr83m/kdsts/sthresh/hdf5/flex.kr83m.79.kdsts.h5
    event          time  s1_peak  ...       Phi       Xrms       Yrms
0   39500  1.580034e+10        0  ...  2.997582  25.487486  26.014519
1   39505  1.580304e+10        0  ...  1.291955  22.549645  23.305643
2   39510  1.580402e+10        0  ... -0.456037  20.658839  19.196115
3   39515  1.580644e+10        0  ...  1.473565  22.851314  27.119223
4   39520  1.580868e+10        0  ...  0.654774  27.306258  24.462734
..    ...           ...      ...  ...       ...        ...        ...
95  39975  1.599121e+10        0  ...  1.863239  23.092410  23.477561
96  39980  1.599236e+10        0  ... -2.063428  21.295668  21.164932
97  39985  1.599530e+10        0  ... -1.251213  26.193025  22.637275
98  39990  1.599662e+10        0  ...  2.461393  26.744442  23.836092
99  39995  1.599840e+10        0  ...  0.709113  31.752494  29.638109

[100 rows x 26 columns]
S2 selection efficiency:  100.0 %
/n/holystore01/LABS/guenette_lab/Lab/data/NEXT/FLEX/mc/eres_22072022/full_sims/s3mmp5.5mm/kr83m/kdsts/sthresh/hdf5/flex.kr83m.79.kdsts.h5
     event          time  s1_peak  ...       Phi       Xrms       Yrms
0    39500  1.580152e+10        0  ...  2.997199  39.630139  35.676677
1    39510  1.580479e+10        0  ...  1.653156  34.190000  36.827399
2    39515  1.580753e+10        0  ... -2.089750  35.111333  37.815301
3    39520  1.580896e+10        0  ... -1.329096  37.096949  37.012123
4    39525  1.581030e+10        0  ...  0.750084  38.332055  37.316803
..     ...           ...      ...  ...       ...        ...        ...
96   39980  1.599330e+10        0  ...  1.216570  33.465115  35.457973
97   39985  1.599486e+10        0  ...  0.103038  38.044876  34.057864
98   39990  1.599638e+10        0  ...  2.946113  38.747571  36.828078
99   39995  1.599830e+10        0  ... -0.380774  34.903717  32.878086
100  39995  1.599830e+10        1  ... -0.380774  34.903717  32.878086

[101 rows x 26 columns]
S2 selection efficiency:  100.0 %
/n/holystore01/LABS/guenette_lab/Lab/data/NEXT/FLEX/mc/eres_22072022/full_sims/s6mmp11mm/kr83m/kdsts/sthresh/hdf5/flex.kr83m.79.kdsts.h5
     event          time  s1_peak  ...       Phi        Xrms        Yrms
0    39500  1.580058e+10        0  ...  2.996555  111.980569   88.942477
1    39500  1.580058e+10        1  ...  2.996555  111.980569   88.942477
2    39505  1.580339e+10        0  ... -2.986940  115.097696   91.445245
3    39510  1.580508e+10        0  ... -1.177626   90.959598  110.845793
4    39515  1.580699e+10        0  ... -1.898368   96.678814  100.075085
..     ...           ...      ...  ...       ...         ...         ...
101  39980  1.599285e+10        0  ... -0.019151  116.629334   98.661625
102  39985  1.599416e+10        0  ... -3.039282  113.843697   91.485675
103  39990  1.599748e+10        0  ...  0.755502  103.948613   97.213744
104  39990  1.599748e+10        1  ...  0.755502  103.948613   97.213744
105  39995  1.599957e+10        0  ...  1.663568   94.005474   97.647384

[106 rows x 26 columns]
S2 selection efficiency:  100.0 %
/n/holystore01/LABS/guenette_lab/Lab/data/NEXT/FLEX/mc/eres_22072022/full_sims/s6mmp7.8mm/kr83m/kdsts/sthresh/hdf5/flex.kr83m.79.kdsts.h5
     event          time  s1_peak  ...       Phi        Xrms        Yrms
0    39500  1.580007e+10        0  ...  2.997981  114.510806   89.295966
1    39505  1.580327e+10        0  ...  1.036340   96.423389  104.401905
2    39510  1.580403e+10        0  ...  1.018403   93.963454  112.609286
3    39515  1.580749e+10        0  ... -0.226108  118.615385   96.347565
4    39520  1.580871e+10        0  ...  0.087757  118.026096   83.298239
..     ...           ...      ...  ...       ...         ...         ...
99   39975  1.599080e+10        0  ... -1.540821   97.442066  106.674951
100  39980  1.599305e+10        0  ...  1.791713   89.381311  125.790631
101  39985  1.599531e+10        0  ...  0.594291  116.670453  105.794461
102  39990  1.599601e+10        0  ...  1.963332   85.902110  115.291275
103  39995  1.599931e+10        0  ... -2.367734  104.630191  105.266313

[104 rows x 26 columns]
S2 selection efficiency:  100.0 %
