Defining Conda Paths
Sourcing Conda
Finished!
/n/holystore01/LABS/guenette_lab/Lab/data/NEXT/FLEX/mc/eres_22072022/full_sims/s1.3mmp3.5mm/kr83m/kdsts/sthresh/hdf5/flex.kr83m.52.kdsts.h5
    event          time  s1_peak  ...       Phi        Xrms       Yrms
0   26000  1.040166e+10        0  ... -0.403497   23.152687  21.272416
1   26005  1.040351e+10        0  ... -0.871793   25.018045  27.727359
2   26010  1.040444e+10        0  ...  1.090999   87.102418  19.954717
3   26015  1.040760e+10        0  ...  1.549763  246.177365  23.675761
4   26020  1.040904e+10        0  ...  2.011217  255.140286  20.034205
..    ...           ...      ...  ...       ...         ...        ...
95  26475  1.059034e+10        0  ... -0.425358   33.272849  24.723754
96  26480  1.059252e+10        0  ... -2.503799   28.781857  22.404286
97  26485  1.059582e+10        0  ... -0.490257   26.789236  21.901940
98  26490  1.059673e+10        0  ... -0.977822   22.181484  22.932990
99  26495  1.059846e+10        0  ... -2.415703   24.659851  21.412258

[100 rows x 26 columns]
S2 selection efficiency:  100.0 %
/n/holystore01/LABS/guenette_lab/Lab/data/NEXT/FLEX/mc/eres_22072022/full_sims/s1.3mmp2.4mm/kr83m/kdsts/sthresh/hdf5/flex.kr83m.52.kdsts.h5
    event          time  s1_peak  ...       Phi       Xrms       Yrms
0   26000  1.040134e+10        0  ... -0.402203  22.236534  23.079062
1   26005  1.040310e+10        0  ...  2.769929  25.456484  22.705496
2   26010  1.040405e+10        0  ... -0.676141  27.282986  26.421532
3   26015  1.040664e+10        0  ... -0.919345  20.303169  20.928444
4   26020  1.040877e+10        0  ... -1.265416  20.402397  20.228056
..    ...           ...      ...  ...       ...        ...        ...
93  26480  1.059292e+10        0  ... -2.206596  31.158691  35.865510
94  26485  1.059543e+10        0  ... -1.549666  24.814567  31.105585
95  26490  1.059680e+10        0  ...  0.181769  24.663584  26.218934
96  26495  1.059898e+10        0  ... -1.246154  27.081199  30.225183
97  26495  1.059898e+10        1  ... -1.246154  27.081199  30.225183

[98 rows x 26 columns]
S2 selection efficiency:  100.0 %
/n/holystore01/LABS/guenette_lab/Lab/data/NEXT/FLEX/mc/eres_22072022/full_sims/s3mmp5.5mm/kr83m/kdsts/sthresh/hdf5/flex.kr83m.52.kdsts.h5
     event          time  s1_peak  ...       Phi       Xrms       Yrms
0    26000  1.040197e+10        0  ... -0.402073  40.198960  36.202017
1    26005  1.040359e+10        0  ... -1.422139  36.472584  38.888025
2    26010  1.040438e+10        0  ...  0.483383  36.678657  35.240775
3    26015  1.040641e+10        0  ...  2.445987  37.070502  37.113348
4    26020  1.040924e+10        0  ...  1.875967  35.690690  38.382240
..     ...           ...      ...  ...       ...        ...        ...
103  26480  1.059338e+10        0  ... -2.187898  38.424779  37.934831
104  26485  1.059454e+10        0  ... -2.907966  37.368537  32.690286
105  26490  1.059667e+10        0  ...  1.300928  35.564895  39.331213
106  26495  1.059891e+10        0  ... -2.092316  33.385027  32.351964
107  26495  1.059891e+10        1  ... -2.092316  33.385027  32.351964

[108 rows x 26 columns]
S2 selection efficiency:  100.0 %
/n/holystore01/LABS/guenette_lab/Lab/data/NEXT/FLEX/mc/eres_22072022/full_sims/s6mmp11mm/kr83m/kdsts/sthresh/hdf5/flex.kr83m.52.kdsts.h5
    event          time  s1_peak  ...       Phi        Xrms        Yrms
0   26000  1.040051e+10        0  ... -0.406270  116.281773   96.762623
1   26005  1.040298e+10        0  ... -2.666840  104.449380   91.973924
2   26010  1.040416e+10        0  ...  1.129320   86.737456  118.426896
3   26015  1.040672e+10        0  ... -2.497191  106.023923  101.296731
4   26020  1.040895e+10        0  ...  2.476487  102.997751   98.808171
..    ...           ...      ...  ...       ...         ...         ...
95  26475  1.059194e+10        0  ...  1.731207   86.453552  112.201034
96  26480  1.059321e+10        0  ...  1.821600   97.830468  101.406726
97  26485  1.059525e+10        0  ... -2.072388  101.955250  109.537767
98  26490  1.059656e+10        0  ...  1.282134   55.537396   84.566035
99  26495  1.059891e+10        0  ...  1.207698  100.004739  104.788411

[100 rows x 26 columns]
S2 selection efficiency:  100.0 %
/n/holystore01/LABS/guenette_lab/Lab/data/NEXT/FLEX/mc/eres_22072022/full_sims/s6mmp7.8mm/kr83m/kdsts/sthresh/hdf5/flex.kr83m.52.kdsts.h5
    event          time  s1_peak  ...       Phi        Xrms        Yrms
0   26005  1.040349e+10        0  ...  0.552509  114.015008   93.014717
1   26010  1.040474e+10        0  ... -1.520139   92.139574  113.714355
2   26015  1.040775e+10        0  ... -0.496189  124.182150  101.524255
3   26020  1.040904e+10        0  ... -0.422813  125.197859   95.434060
4   26025  1.041089e+10        0  ... -1.380051  101.972674  119.163603
..    ...           ...      ...  ...       ...         ...         ...
95  26475  1.059089e+10        0  ...  2.953722  123.739241   81.138787
96  26480  1.059312e+10        0  ...  1.393313   94.374154  116.739069
97  26485  1.059491e+10        0  ... -0.048280  110.702759   93.207251
98  26490  1.059646e+10        0  ... -1.794410   94.738934  117.617954
99  26495  1.059923e+10        0  ... -1.266290  105.067646  109.634821

[100 rows x 26 columns]
S2 selection efficiency:  100.0 %
