Defining Conda Paths
Sourcing Conda
Finished!
/n/holystore01/LABS/guenette_lab/Lab/data/NEXT/FLEX/mc/eres_22072022/full_sims/s1.3mmp3.5mm/kr83m/kdsts/sthresh/hdf5/flex.kr83m.20.kdsts.h5
     event          time  s1_peak  ...       Phi        Xrms       Yrms
0    10000  4.001620e+09        0  ... -2.953839   22.818411  23.338357
1    10005  4.003641e+09        0  ... -0.221781   24.133151  20.389030
2    10010  4.004920e+09        0  ... -2.901072   25.813767  21.694687
3    10015  4.006072e+09        0  ...  1.559515  257.575154  20.912646
4    10020  4.008868e+09        0  ...  1.569406  213.208312  23.875712
..     ...           ...      ...  ...       ...         ...        ...
96   10480  4.193536e+09        0  ... -2.697463   21.786510  20.180819
97   10485  4.195085e+09        0  ...  1.433202  237.282361  19.312286
98   10490  4.196602e+09        0  ... -3.120502   51.901116  22.792520
99   10490  4.196602e+09        1  ... -3.120502   51.901116  22.792520
100  10495  4.198400e+09        0  ... -0.750925   26.134135  23.867261

[101 rows x 26 columns]
S2 selection efficiency:  100.0 %
/n/holystore01/LABS/guenette_lab/Lab/data/NEXT/FLEX/mc/eres_22072022/full_sims/s1.3mmp2.4mm/kr83m/kdsts/sthresh/hdf5/flex.kr83m.20.kdsts.h5
    event          time  s1_peak  ...       Phi       Xrms       Yrms
0   10000  4.000184e+09        0  ... -2.950569  27.871281  22.997922
1   10005  4.002131e+09        0  ...  2.212351  26.673516  23.494749
2   10010  4.005695e+09        0  ... -3.095602  25.637346  22.546618
3   10015  4.007184e+09        0  ... -0.922980  24.733131  22.955330
4   10020  4.008402e+09        0  ... -0.211326  26.955450  22.947067
..    ...           ...      ...  ...       ...        ...        ...
94  10475  4.191130e+09        0  ... -0.548831  26.337999  22.863064
95  10480  4.192014e+09        0  ...  1.432325  22.149816  25.172022
96  10485  4.194956e+09        0  ...  0.134671  20.667157  21.609468
97  10490  4.197877e+09        0  ... -2.026892  20.760971  20.815139
98  10495  4.198787e+09        0  ... -2.289624  24.105528  27.582785

[99 rows x 26 columns]
S2 selection efficiency:  100.0 %
/n/holystore01/LABS/guenette_lab/Lab/data/NEXT/FLEX/mc/eres_22072022/full_sims/s3mmp5.5mm/kr83m/kdsts/sthresh/hdf5/flex.kr83m.20.kdsts.h5
    event          time  s1_peak  ...       Phi       Xrms       Yrms
0   10000  4.000069e+09        0  ... -2.952629  36.118874  34.578385
1   10005  4.002018e+09        0  ...  0.679642  35.938061  38.456515
2   10010  4.004983e+09        0  ...  1.038960  36.700828  41.577926
3   10015  4.006402e+09        0  ... -1.940746  36.030483  36.575564
4   10020  4.009513e+09        0  ...  0.392489  37.438915  36.062590
..    ...           ...      ...  ...       ...        ...        ...
91  10475  4.190288e+09        0  ...  0.247406  41.146731  34.892998
92  10480  4.192808e+09        0  ...  2.828433  34.278697  33.435864
93  10485  4.194681e+09        0  ...  1.166871  35.037668  32.682533
94  10490  4.196307e+09        0  ... -1.944166  37.654254  39.344731
95  10495  4.198195e+09        0  ... -3.103951  36.324027  34.677324

[96 rows x 26 columns]
S2 selection efficiency:  100.0 %
/n/holystore01/LABS/guenette_lab/Lab/data/NEXT/FLEX/mc/eres_22072022/full_sims/s6mmp11mm/kr83m/kdsts/sthresh/hdf5/flex.kr83m.20.kdsts.h5
     event          time  s1_peak  ...       Phi        Xrms        Yrms
0    10000  4.001765e+09        0  ... -2.944963  103.742353   90.104217
1    10010  4.004531e+09        0  ...  2.187579   93.162152  106.213579
2    10015  4.006614e+09        0  ...  1.363258   76.853850  114.424063
3    10020  4.009845e+09        0  ... -0.481247  105.495953   92.360507
4    10025  4.010400e+09        0  ... -1.334012   79.513848  113.156057
..     ...           ...      ...  ...       ...         ...         ...
98   10480  4.193088e+09        0  ...  1.539526   85.833823  126.134296
99   10485  4.195931e+09        0  ... -2.357578   95.504862   95.793460
100  10490  4.196820e+09        0  ... -0.098893   95.379581   94.849719
101  10490  4.196820e+09        1  ... -0.098893   95.379581   94.849719
102  10495  4.198784e+09        0  ...  1.513282   84.320003  112.376447

[103 rows x 26 columns]
S2 selection efficiency:  100.0 %
/n/holystore01/LABS/guenette_lab/Lab/data/NEXT/FLEX/mc/eres_22072022/full_sims/s6mmp7.8mm/kr83m/kdsts/sthresh/hdf5/flex.kr83m.20.kdsts.h5
    event          time  s1_peak  ...       Phi        Xrms        Yrms
0   10000  4.001589e+09        0  ... -2.951694  102.665869   91.737643
1   10005  4.002957e+09        0  ...  1.337033   87.177226  116.612105
2   10010  4.004328e+09        0  ... -1.066732  104.630707  106.706562
3   10015  4.007182e+09        0  ...  0.508142  103.177371   98.636308
4   10020  4.008604e+09        0  ...  0.578274   58.205488   53.651956
..    ...           ...      ...  ...       ...         ...         ...
94  10475  4.191557e+09        0  ... -2.430353  113.332635  103.599438
95  10480  4.192270e+09        0  ... -0.436029  102.504548   78.166354
96  10485  4.195943e+09        0  ...  1.975773   96.797938  105.573262
97  10490  4.196071e+09        0  ... -2.789506  118.455100   95.479478
98  10495  4.198576e+09        0  ...  0.018413  117.151015   91.807361

[99 rows x 26 columns]
S2 selection efficiency:  100.0 %
