Defining Conda Paths
Sourcing Conda
Finished!
/n/holystore01/LABS/guenette_lab/Lab/data/NEXT/FLEX/mc/eres_22072022/full_sims/s1.3mmp3.5mm/kr83m/kdsts/sthresh/hdf5/flex.kr83m.74.kdsts.h5
    event          time  s1_peak  ...       Phi        Xrms       Yrms
0   37000  1.480097e+10        0  ... -2.464838   25.607700  26.566442
1   37005  1.480375e+10        0  ...  2.046712  332.668436  18.483159
2   37010  1.480506e+10        0  ... -0.892893   24.666605  20.706298
3   37015  1.480675e+10        0  ...  2.180179  100.507902  20.350126
4   37020  1.480903e+10        0  ...  1.534258  253.491127  18.613801
..    ...           ...      ...  ...       ...         ...        ...
94  37470  1.498858e+10        0  ... -2.733876   25.105640  17.042056
95  37475  1.499062e+10        0  ... -0.182101   25.395999  20.908233
96  37480  1.499210e+10        0  ...  2.190639  201.757650  20.336210
97  37490  1.499775e+10        0  ...  1.582286  208.270803  34.271289
98  37495  1.499944e+10        0  ... -1.977537   19.711833  19.898364

[99 rows x 26 columns]
S2 selection efficiency:  100.0 %
/n/holystore01/LABS/guenette_lab/Lab/data/NEXT/FLEX/mc/eres_22072022/full_sims/s1.3mmp2.4mm/kr83m/kdsts/sthresh/hdf5/flex.kr83m.74.kdsts.h5
    event          time  s1_peak  ...       Phi       Xrms       Yrms
0   37000  1.480199e+10        0  ... -2.466019  25.520356  30.513327
1   37010  1.480580e+10        0  ... -1.502877  26.088458  35.695651
2   37020  1.480842e+10        0  ...  1.385266  21.592940  24.671824
3   37025  1.481134e+10        0  ... -1.211778  20.599403  18.741283
4   37030  1.481223e+10        0  ... -1.908583  26.785467  32.218635
..    ...           ...      ...  ...       ...        ...        ...
94  37475  1.499120e+10        0  ...  0.743216  30.909711  29.669523
95  37480  1.499352e+10        0  ...  1.756559  33.850254  39.582347
96  37485  1.499496e+10        0  ...  2.012315  24.863533  22.868874
97  37490  1.499704e+10        0  ... -1.406402  20.028304  22.259817
98  37495  1.499987e+10        0  ... -1.920620  24.062275  24.197972

[99 rows x 26 columns]
S2 selection efficiency:  100.0 %
/n/holystore01/LABS/guenette_lab/Lab/data/NEXT/FLEX/mc/eres_22072022/full_sims/s3mmp5.5mm/kr83m/kdsts/sthresh/hdf5/flex.kr83m.74.kdsts.h5
    event          time  s1_peak  ...       Phi       Xrms       Yrms
0   37000  1.480171e+10        0  ... -2.464973  34.576155  33.156556
1   37005  1.480228e+10        0  ...  3.010277  35.384699  35.683323
2   37010  1.480567e+10        0  ...  0.529364  33.674873  34.515965
3   37015  1.480746e+10        0  ... -2.744433  37.085078  35.196598
4   37020  1.480924e+10        0  ... -1.546985  36.056719  35.432043
..    ...           ...      ...  ...       ...        ...        ...
94  37470  1.498990e+10        0  ... -2.822899  38.188127  36.417401
95  37475  1.499181e+10        0  ...  0.362260  37.778473  36.878276
96  37480  1.499300e+10        0  ...  2.130406  35.387753  38.299050
97  37485  1.499589e+10        0  ... -2.744728  38.374238  36.934738
98  37490  1.499758e+10        0  ... -2.214325  34.194849  36.403263

[99 rows x 26 columns]
S2 selection efficiency:  100.0 %
/n/holystore01/LABS/guenette_lab/Lab/data/NEXT/FLEX/mc/eres_22072022/full_sims/s6mmp11mm/kr83m/kdsts/sthresh/hdf5/flex.kr83m.74.kdsts.h5
    event          time  s1_peak  ...       Phi        Xrms        Yrms
0   37000  1.480101e+10        0  ... -2.466158  100.567894   91.521345
1   37005  1.480383e+10        0  ... -2.513593   97.177570   95.229374
2   37010  1.480476e+10        0  ...  1.469322   96.597962  110.873206
3   37015  1.480672e+10        0  ... -0.282808  121.601217   80.130567
4   37020  1.480804e+10        0  ... -2.354838  102.806332  101.575703
..    ...           ...      ...  ...       ...         ...         ...
95  37475  1.499195e+10        0  ... -3.138710   98.150119   88.848405
96  37480  1.499390e+10        0  ...  2.214732   95.500625  103.109528
97  37485  1.499422e+10        0  ... -1.925320  101.528714  114.078573
98  37490  1.499786e+10        0  ... -0.684661  109.915583  107.315337
99  37495  1.499961e+10        0  ... -0.051586  103.372742   98.588761

[100 rows x 26 columns]
S2 selection efficiency:  100.0 %
/n/holystore01/LABS/guenette_lab/Lab/data/NEXT/FLEX/mc/eres_22072022/full_sims/s6mmp7.8mm/kr83m/kdsts/sthresh/hdf5/flex.kr83m.74.kdsts.h5
    event          time  s1_peak  ...       Phi        Xrms        Yrms
0   37000  1.480062e+10        0  ... -2.463853  102.704362   93.050239
1   37005  1.480319e+10        0  ... -2.632901  100.918899   95.336545
2   37010  1.480412e+10        0  ... -2.121884   95.600008   96.892476
3   37015  1.480754e+10        0  ... -1.740795  100.436645  123.229252
4   37020  1.480987e+10        0  ... -2.145185  100.381948  115.379277
..    ...           ...      ...  ...       ...         ...         ...
95  37475  1.499092e+10        0  ... -2.980104  114.837993   87.226464
96  37480  1.499387e+10        0  ... -2.273318  100.632698  104.723146
97  37485  1.499435e+10        0  ...  0.817103  108.710069  110.543554
98  37490  1.499692e+10        0  ... -1.126739   93.643330  105.880473
99  37495  1.499944e+10        0  ...  1.718907  102.240319  112.840465

[100 rows x 26 columns]
S2 selection efficiency:  100.0 %
