Defining Conda Paths
Sourcing Conda
Finished!
/n/holystore01/LABS/guenette_lab/Lab/data/NEXT/FLEX/mc/eres_22072022/full_sims/s1.3mmp3.5mm/kr83m/kdsts/sthresh/hdf5/flex.kr83m.10.kdsts.h5
    event          time  s1_peak  ...       Phi        Xrms       Yrms
0    5000  2.001550e+09        0  ... -2.008566   30.539064  32.247387
1    5005  2.003360e+09        0  ... -1.480087   18.971807  20.096904
2    5010  2.004788e+09        0  ... -1.055235   22.279365  23.951716
3    5015  2.006259e+09        0  ...  2.243951  221.704654  18.624275
4    5020  2.009501e+09        0  ...  3.057902   73.337878  21.716854
..    ...           ...      ...  ...       ...         ...        ...
94   5475  2.190964e+09        0  ...  1.624847  209.170223  25.000705
95   5480  2.193263e+09        0  ...  1.588961  237.481249  20.948137
96   5485  2.194532e+09        0  ... -1.171940   22.029655  25.928635
97   5490  2.196895e+09        0  ...  1.506996  213.861586  21.740039
98   5495  2.198882e+09        0  ... -0.600858   26.361723  21.887206

[99 rows x 26 columns]
S2 selection efficiency:  100.0 %
/n/holystore01/LABS/guenette_lab/Lab/data/NEXT/FLEX/mc/eres_22072022/full_sims/s1.3mmp2.4mm/kr83m/kdsts/sthresh/hdf5/flex.kr83m.10.kdsts.h5
     event          time  s1_peak  ...       Phi       Xrms       Yrms
0     5000  2.001783e+09        0  ... -2.011754  25.024445  31.210050
1     5005  2.002749e+09        0  ... -0.006068  21.556180  21.136125
2     5010  2.004516e+09        0  ... -0.232272  27.248125  23.873472
3     5020  2.008757e+09        0  ... -0.299030  35.486363  22.967940
4     5020  2.008757e+09        1  ... -0.299030  35.486363  22.967940
..     ...           ...      ...  ...       ...        ...        ...
98    5475  2.191332e+09        0  ... -2.380589  20.654648  19.742661
99    5480  2.192351e+09        0  ... -2.391631  19.702464  19.726810
100   5485  2.194882e+09        0  ... -2.877368  24.479571  22.668744
101   5490  2.197230e+09        0  ... -1.363587  23.132103  23.014864
102   5495  2.199887e+09        0  ... -2.909254  21.885207  23.941441

[103 rows x 26 columns]
S2 selection efficiency:  100.0 %
/n/holystore01/LABS/guenette_lab/Lab/data/NEXT/FLEX/mc/eres_22072022/full_sims/s3mmp5.5mm/kr83m/kdsts/sthresh/hdf5/flex.kr83m.10.kdsts.h5
    event          time  s1_peak  ...       Phi       Xrms       Yrms
0    5000  2.000600e+09        0  ... -2.012490  35.722986  39.141191
1    5005  2.003038e+09        0  ... -1.394971  36.429192  40.744575
2    5010  2.004668e+09        0  ... -0.240172  37.852849  36.512259
3    5015  2.007474e+09        0  ...  3.013601  37.186880  33.954124
4    5020  2.009692e+09        0  ... -1.256166  36.023005  38.729557
..    ...           ...      ...  ...       ...        ...        ...
94   5475  2.190447e+09        0  ...  0.885151  36.198490  36.905431
95   5480  2.192233e+09        0  ...  0.748768  37.422112  38.017789
96   5485  2.194496e+09        0  ...  1.164517  36.039007  38.368730
97   5490  2.196920e+09        0  ... -0.479787  38.780478  36.480980
98   5495  2.199744e+09        0  ...  1.102491  34.067868  33.320421

[99 rows x 26 columns]
S2 selection efficiency:  100.0 %
/n/holystore01/LABS/guenette_lab/Lab/data/NEXT/FLEX/mc/eres_22072022/full_sims/s6mmp11mm/kr83m/kdsts/sthresh/hdf5/flex.kr83m.10.kdsts.h5
    event          time  s1_peak  ...       Phi        Xrms        Yrms
0    5000  2.001516e+09        0  ... -2.013382   87.206853  111.978336
1    5005  2.003280e+09        0  ...  2.339479   97.569311   96.129326
2    5010  2.004961e+09        0  ... -0.097946  112.152428   75.406047
3    5015  2.006109e+09        0  ...  0.629944  108.473947   92.705912
4    5020  2.008282e+09        0  ... -2.390891  100.072856  100.409758
..    ...           ...      ...  ...       ...         ...         ...
94   5475  2.191082e+09        0  ...  2.484383   96.520844   95.028626
95   5480  2.192429e+09        0  ... -0.984948   94.255817   99.091437
96   5485  2.194276e+09        0  ... -1.876164  100.550355  105.980306
97   5490  2.196067e+09        0  ... -2.179180   95.657122   98.170585
98   5495  2.198879e+09        0  ...  0.305073  102.052606   98.339083

[99 rows x 26 columns]
S2 selection efficiency:  100.0 %
/n/holystore01/LABS/guenette_lab/Lab/data/NEXT/FLEX/mc/eres_22072022/full_sims/s6mmp7.8mm/kr83m/kdsts/sthresh/hdf5/flex.kr83m.10.kdsts.h5
    event          time  s1_peak  ...       Phi        Xrms        Yrms
0    5000  2.000020e+09        0  ... -2.011066   93.952913  115.176475
1    5005  2.003373e+09        0  ... -1.170785   98.206628  108.600199
2    5010  2.004634e+09        0  ...  1.629956   75.792381  122.222949
3    5015  2.006961e+09        0  ...  2.337270  100.514401   99.407463
4    5020  2.009481e+09        0  ...  2.064808   96.419013  113.940022
..    ...           ...      ...  ...       ...         ...         ...
91   5470  2.188990e+09        0  ...  0.889244  100.094966  102.149309
92   5475  2.191393e+09        0  ...  1.732737   99.161666  121.465048
93   5480  2.192808e+09        0  ...  0.039021  118.851143   89.161792
94   5485  2.194513e+09        0  ... -1.459270  101.815797  127.602058
95   5495  2.199029e+09        0  ...  1.700060   94.291955  113.668485

[96 rows x 26 columns]
S2 selection efficiency:  100.0 %
