Defining Conda Paths
Sourcing Conda
Finished!
/n/holystore01/LABS/guenette_lab/Lab/data/NEXT/FLEX/mc/eres_22072022/full_sims/s1.3mmp3.5mm/kr83m/kdsts/sthresh/hdf5/flex.kr83m.42.kdsts.h5
     event          time  s1_peak  ...       Phi        Xrms       Yrms
0    21000  8.401894e+09        0  ...  1.541622  227.340755  18.758446
1    21005  8.403390e+09        0  ...  1.489644  207.076859  19.774408
2    21010  8.404692e+09        0  ...  0.187316   87.981570  22.467474
3    21015  8.406008e+09        0  ... -1.488614   24.738731  21.848885
4    21020  8.409401e+09        0  ... -0.883355   26.859437  26.951998
..     ...           ...      ...  ...       ...         ...        ...
100  21475  8.590981e+09        0  ...  1.612210  231.830274  28.897484
101  21480  8.593315e+09        0  ... -0.007757   57.030184  21.934746
102  21485  8.594171e+09        0  ... -0.528643   25.786441  20.083761
103  21490  8.596262e+09        0  ...  1.185194  274.118308  25.233903
104  21495  8.599305e+09        0  ... -0.551535   32.872994  24.601793

[105 rows x 26 columns]
S2 selection efficiency:  100.0 %
/n/holystore01/LABS/guenette_lab/Lab/data/NEXT/FLEX/mc/eres_22072022/full_sims/s1.3mmp2.4mm/kr83m/kdsts/sthresh/hdf5/flex.kr83m.42.kdsts.h5
    event          time  s1_peak  ...       Phi       Xrms       Yrms
0   21000  8.400930e+09        0  ...  1.633173  21.070838  24.427085
1   21005  8.403697e+09        0  ...  2.395953  23.394446  24.408933
2   21010  8.405886e+09        0  ... -0.981200  21.475987  22.679865
3   21015  8.406731e+09        0  ...  0.160815  29.164814  20.932418
4   21020  8.409630e+09        0  ...  0.820556  25.813362  29.359979
..    ...           ...      ...  ...       ...        ...        ...
92  21475  8.590374e+09        0  ... -0.073973  16.351187  20.257266
93  21480  8.593121e+09        0  ... -2.998323  31.136465  22.354733
94  21485  8.594911e+09        0  ... -0.926323  30.842403  26.471391
95  21490  8.597544e+09        0  ...  1.245447  24.205556  29.332236
96  21495  8.599944e+09        0  ... -0.496280  28.298167  25.240909

[97 rows x 26 columns]
S2 selection efficiency:  100.0 %
/n/holystore01/LABS/guenette_lab/Lab/data/NEXT/FLEX/mc/eres_22072022/full_sims/s3mmp5.5mm/kr83m/kdsts/sthresh/hdf5/flex.kr83m.42.kdsts.h5
     event          time  s1_peak  ...       Phi       Xrms       Yrms
0    21000  8.401254e+09        0  ...  1.632470  36.240884  40.298465
1    21005  8.402986e+09        0  ...  2.900183  33.326177  32.036613
2    21010  8.404699e+09        0  ...  2.735032  38.216493  35.021462
3    21015  8.406391e+09        0  ...  2.566572  36.105823  36.447825
4    21020  8.409002e+09        0  ...  0.594845  37.356342  36.344847
..     ...           ...      ...  ...       ...        ...        ...
97   21475  8.591374e+09        0  ... -2.017109  33.694507  34.702827
98   21480  8.592873e+09        0  ...  3.014538  38.791320  35.907031
99   21485  8.594418e+09        0  ... -2.536226  31.359815  33.855198
100  21490  8.596131e+09        0  ...  2.506794  35.540012  36.712494
101  21495  8.599918e+09        0  ... -1.205165  31.788507  33.174787

[102 rows x 26 columns]
S2 selection efficiency:  100.0 %
/n/holystore01/LABS/guenette_lab/Lab/data/NEXT/FLEX/mc/eres_22072022/full_sims/s6mmp11mm/kr83m/kdsts/sthresh/hdf5/flex.kr83m.42.kdsts.h5
     event          time  s1_peak  ...       Phi        Xrms        Yrms
0    21000  8.401916e+09        0  ...  1.631339   84.882360  115.743900
1    21005  8.402385e+09        0  ...  1.796757   70.540413  104.619905
2    21010  8.405053e+09        0  ... -2.110286   97.277441   95.618961
3    21015  8.406556e+09        0  ... -2.069888   95.729022  104.115931
4    21020  8.408571e+09        0  ... -2.930460  104.420553   93.573118
..     ...           ...      ...  ...       ...         ...         ...
98   21475  8.591453e+09        0  ...  1.116528   93.578798  119.338907
99   21480  8.593452e+09        0  ...  0.032514  121.686804   85.167948
100  21485  8.594038e+09        0  ... -1.771995   80.247561  119.329798
101  21490  8.597354e+09        0  ... -0.053394  124.115662   79.086914
102  21495  8.599669e+09        0  ... -2.559138  108.469671   99.731908

[103 rows x 26 columns]
S2 selection efficiency:  100.0 %
/n/holystore01/LABS/guenette_lab/Lab/data/NEXT/FLEX/mc/eres_22072022/full_sims/s6mmp7.8mm/kr83m/kdsts/sthresh/hdf5/flex.kr83m.42.kdsts.h5
     event          time  s1_peak  ...       Phi        Xrms        Yrms
0    21000  8.400531e+09        0  ...  1.631878   90.463547  122.018461
1    21005  8.402541e+09        0  ...  1.633381   98.027225  109.860817
2    21010  8.404564e+09        0  ... -1.981354  100.085773  128.222913
3    21015  8.406833e+09        0  ...  0.764624  106.816882  105.565256
4    21020  8.409268e+09        0  ... -2.104556   99.314584  105.215545
..     ...           ...      ...  ...       ...         ...         ...
97   21475  8.591936e+09        0  ... -2.653256  110.637182   97.438912
98   21480  8.593260e+09        0  ... -1.975940   95.707118  106.668195
99   21485  8.594312e+09        0  ... -1.729877  103.344446  118.994137
100  21490  8.597899e+09        0  ...  0.956166   99.671954  104.515036
101  21495  8.599345e+09        0  ...  0.072478   98.323058   95.060800

[102 rows x 26 columns]
S2 selection efficiency:  100.0 %
