Defining Conda Paths
Sourcing Conda
Finished!
/n/holystore01/LABS/guenette_lab/Lab/data/NEXT/FLEX/mc/eres_22072022/full_sims/s1.3mmp3.5mm/kr83m/kdsts/sthresh/hdf5/flex.kr83m.32.kdsts.h5
     event          time  s1_peak  ...       Phi        Xrms       Yrms
0    16000  6.400556e+09        0  ...  0.998406  319.862200  24.850649
1    16005  6.403636e+09        0  ... -1.269036   22.963558  35.860261
2    16010  6.405475e+09        0  ...  1.378215  200.673534  31.245318
3    16010  6.405475e+09        1  ...  1.378215  200.673534  31.245318
4    16015  6.407016e+09        0  ...  1.461090  190.528446  15.843778
..     ...           ...      ...  ...       ...         ...        ...
101  16475  6.591859e+09        0  ...  1.890286  276.692796  18.183058
102  16480  6.592827e+09        0  ... -2.728973   23.677932  18.924156
103  16485  6.594493e+09        0  ...  2.803283  237.340452  21.714057
104  16490  6.597012e+09        0  ... -1.364680   28.323563  34.472839
105  16495  6.599501e+09        0  ...  0.231996  192.761195  22.347692

[106 rows x 26 columns]
S2 selection efficiency:  100.0 %
/n/holystore01/LABS/guenette_lab/Lab/data/NEXT/FLEX/mc/eres_22072022/full_sims/s1.3mmp2.4mm/kr83m/kdsts/sthresh/hdf5/flex.kr83m.32.kdsts.h5
     event          time  s1_peak  ...       Phi       Xrms       Yrms
0    16000  6.401487e+09        0  ...  0.676758  28.978721  27.434690
1    16005  6.403440e+09        0  ...  2.132273  24.518844  22.357798
2    16010  6.404875e+09        0  ...  1.700823  19.605910  21.325897
3    16015  6.407371e+09        0  ...  2.597343  24.199331  22.194637
4    16020  6.409949e+09        0  ...  2.718156  23.926607  26.022462
..     ...           ...      ...  ...       ...        ...        ...
96   16475  6.590297e+09        0  ...  0.595432  29.731087  27.602696
97   16480  6.593655e+09        0  ... -1.137673  23.438461  24.830552
98   16485  6.594369e+09        0  ... -1.555373  24.762018  27.018844
99   16490  6.596680e+09        0  ... -2.453700  25.348184  23.646188
100  16495  6.598538e+09        0  ...  2.697943  28.042206  25.822912

[101 rows x 26 columns]
S2 selection efficiency:  100.0 %
/n/holystore01/LABS/guenette_lab/Lab/data/NEXT/FLEX/mc/eres_22072022/full_sims/s3mmp5.5mm/kr83m/kdsts/sthresh/hdf5/flex.kr83m.32.kdsts.h5
    event          time  s1_peak  ...       Phi       Xrms       Yrms
0   16000  6.400827e+09        0  ...  0.677551  38.603137  40.173302
1   16005  6.403001e+09        0  ...  1.995896  35.836832  35.761290
2   16010  6.405961e+09        0  ...  0.407708  33.576029  31.679120
3   16015  6.407815e+09        0  ...  2.957532  42.553542  35.421136
4   16020  6.409042e+09        0  ...  2.729662  39.226827  38.098054
..    ...           ...      ...  ...       ...        ...        ...
92  16475  6.590269e+09        0  ...  2.981001  39.306969  37.537557
93  16480  6.592695e+09        0  ...  1.770002  35.020338  36.456857
94  16485  6.594362e+09        0  ... -2.911976  38.695124  34.257404
95  16490  6.597158e+09        0  ... -0.489301  35.019978  31.712436
96  16495  6.599780e+09        0  ... -1.551493  33.035673  36.136538

[97 rows x 26 columns]
S2 selection efficiency:  100.0 %
/n/holystore01/LABS/guenette_lab/Lab/data/NEXT/FLEX/mc/eres_22072022/full_sims/s6mmp11mm/kr83m/kdsts/sthresh/hdf5/flex.kr83m.32.kdsts.h5
    event          time  s1_peak  ...       Phi        Xrms        Yrms
0   16000  6.401626e+09        0  ...  0.677076  101.875863   97.038848
1   16005  6.403145e+09        0  ... -0.997519   95.929355  113.824305
2   16010  6.404132e+09        0  ...  2.748704  109.288696   80.574667
3   16015  6.406409e+09        0  ...  2.992616  118.076075   74.558854
4   16020  6.408930e+09        0  ...  1.001814  102.977410  107.285956
..    ...           ...      ...  ...       ...         ...         ...
93  16475  6.591843e+09        0  ... -0.505608  110.902682   90.024734
94  16480  6.593117e+09        0  ... -0.881991  104.644424  106.840099
95  16485  6.594301e+09        0  ... -2.035147   87.935727  112.595190
96  16490  6.597925e+09        0  ... -0.658480  111.481751  102.803559
97  16495  6.598636e+09        0  ...  2.484980   97.693060   97.105386

[98 rows x 26 columns]
S2 selection efficiency:  100.0 %
/n/holystore01/LABS/guenette_lab/Lab/data/NEXT/FLEX/mc/eres_22072022/full_sims/s6mmp7.8mm/kr83m/kdsts/sthresh/hdf5/flex.kr83m.32.kdsts.h5
     event          time  s1_peak  ...       Phi        Xrms        Yrms
0    16000  6.400630e+09        0  ...  0.676425  101.761297   97.833867
1    16010  6.404533e+09        0  ...  0.143219  118.933442   94.284754
2    16015  6.407444e+09        0  ... -3.016543  129.386676   84.134551
3    16020  6.409564e+09        0  ...  1.213302   97.568440  107.541497
4    16025  6.411272e+09        0  ... -0.822845  104.671378  102.606236
..     ...           ...      ...  ...       ...         ...         ...
97   16480  6.592908e+09        0  ...  3.051964  119.368097   89.219000
98   16485  6.595764e+09        0  ...  0.372594  121.468568   89.281073
99   16490  6.596481e+09        0  ... -2.852022  114.406037   80.370429
100  16490  6.596481e+09        1  ... -2.852022  114.406037   80.370429
101  16495  6.598966e+09        0  ...  1.607595   94.817849  121.211622

[102 rows x 26 columns]
S2 selection efficiency:  100.0 %
