Defining Conda Paths
Sourcing Conda
Finished!
/n/holystore01/LABS/guenette_lab/Lab/data/NEXT/FLEX/mc/eres_22072022/full_sims/s1.3mmp3.5mm/kr83m/kdsts/sthresh/hdf5/flex.kr83m.7.kdsts.h5
    event          time  s1_peak  ...       Phi        Xrms       Yrms
0    3500  1.401314e+09        0  ... -2.434879   28.040977  23.737118
1    3505  1.403123e+09        0  ...  0.032433   59.560389  20.026723
2    3510  1.405675e+09        0  ... -0.441360   23.323243  20.115080
3    3515  1.406261e+09        0  ... -1.191497   19.613026  19.438858
4    3520  1.408997e+09        0  ... -1.586295   20.151297  20.704467
..    ...           ...      ...  ...       ...         ...        ...
92   3980  1.592386e+09        1  ... -1.362760   25.721364  27.243543
93   3985  1.594404e+09        0  ...  1.551672  230.481465  34.740512
94   3985  1.594404e+09        1  ...  1.551672  230.481465  34.740512
95   3990  1.596225e+09        0  ...  1.625912  213.725510  16.252783
96   3995  1.598717e+09        0  ...  1.537891  244.262866  26.483704

[97 rows x 26 columns]
S2 selection efficiency:  100.0 %
/n/holystore01/LABS/guenette_lab/Lab/data/NEXT/FLEX/mc/eres_22072022/full_sims/s1.3mmp2.4mm/kr83m/kdsts/sthresh/hdf5/flex.kr83m.7.kdsts.h5
     event          time  s1_peak  ...       Phi       Xrms       Yrms
0     3500  1.401348e+09        0  ... -2.433814  23.540661  26.712284
1     3500  1.401348e+09        1  ... -2.433814  23.540661  26.712284
2     3505  1.402938e+09        0  ... -2.634979  19.776698  20.005434
3     3510  1.404526e+09        0  ...  1.740011  20.203320  16.959426
4     3515  1.406788e+09        0  ... -2.302679  23.129703  23.058521
..     ...           ...      ...  ...       ...        ...        ...
96    3975  1.591996e+09        0  ...  0.862768  19.353502  21.321237
97    3980  1.592747e+09        0  ...  1.987776  21.797398  17.575397
98    3985  1.594493e+09        0  ... -3.082026  31.112903  23.826641
99    3990  1.596512e+09        0  ...  1.905129  22.722997  30.009580
100   3995  1.599186e+09        0  ... -0.896618  23.714457  20.872307

[101 rows x 26 columns]
S2 selection efficiency:  100.0 %
/n/holystore01/LABS/guenette_lab/Lab/data/NEXT/FLEX/mc/eres_22072022/full_sims/s3mmp5.5mm/kr83m/kdsts/sthresh/hdf5/flex.kr83m.7.kdsts.h5
    event          time  s1_peak  ...       Phi       Xrms       Yrms
0    3500  1.400923e+09        0  ... -2.433121  39.234513  35.898828
1    3505  1.402361e+09        0  ... -3.020307  42.075252  36.548098
2    3510  1.405984e+09        0  ...  1.904267  36.606975  37.412004
3    3515  1.407939e+09        0  ...  0.437168  39.474597  35.355765
4    3515  1.407939e+09        1  ...  0.437168  39.474597  35.355765
..    ...           ...      ...  ...       ...        ...        ...
93   3975  1.590046e+09        0  ...  0.546618  34.207881  33.964604
94   3980  1.593727e+09        0  ...  0.604942  37.210898  36.961570
95   3985  1.594023e+09        0  ... -0.054486  36.739638  34.429984
96   3990  1.596289e+09        0  ... -2.952016  35.745334  33.575569
97   3995  1.598997e+09        0  ... -0.084641  37.308643  33.103760

[98 rows x 26 columns]
S2 selection efficiency:  100.0 %
/n/holystore01/LABS/guenette_lab/Lab/data/NEXT/FLEX/mc/eres_22072022/full_sims/s6mmp11mm/kr83m/kdsts/sthresh/hdf5/flex.kr83m.7.kdsts.h5
    event          time  s1_peak  ...       Phi        Xrms        Yrms
0    3500  1.401914e+09        0  ... -2.431707  102.682940   97.579294
1    3505  1.402891e+09        0  ... -3.104964  116.368448   78.173415
2    3510  1.405892e+09        0  ...  2.243894  101.211288  110.261027
3    3515  1.407920e+09        0  ... -3.093781  110.637780   91.334713
4    3520  1.409568e+09        0  ...  1.544991   86.994365  112.406079
..    ...           ...      ...  ...       ...         ...         ...
94   3975  1.591062e+09        0  ...  1.519379   90.956824   96.061499
95   3980  1.593854e+09        0  ...  3.116701  101.069500   94.639301
96   3985  1.595512e+09        0  ... -1.292980   91.556395  108.211235
97   3990  1.597236e+09        0  ...  1.543410   77.676290  116.158647
98   3995  1.598593e+09        0  ...  2.852783   97.078735   96.488926

[99 rows x 26 columns]
S2 selection efficiency:  100.0 %
/n/holystore01/LABS/guenette_lab/Lab/data/NEXT/FLEX/mc/eres_22072022/full_sims/s6mmp7.8mm/kr83m/kdsts/sthresh/hdf5/flex.kr83m.7.kdsts.h5
    event          time  s1_peak  ...       Phi        Xrms        Yrms
0    3500  1.400252e+09        0  ... -2.433695  104.669455  103.620601
1    3505  1.402454e+09        0  ... -2.238969  102.837020  108.523087
2    3510  1.405728e+09        0  ...  1.204082   96.711633  119.749533
3    3515  1.406917e+09        0  ... -1.277050   82.779387  119.452408
4    3520  1.409128e+09        0  ... -0.715336   99.654770   98.042074
..    ...           ...      ...  ...       ...         ...         ...
95   3975  1.591690e+09        0  ...  2.905601  129.797589   87.620447
96   3980  1.592831e+09        0  ... -2.034283   90.057043  122.079212
97   3985  1.595862e+09        0  ... -1.048003   92.422682  113.889705
98   3990  1.597217e+09        0  ... -1.410504   83.184427  128.160146
99   3995  1.599190e+09        0  ...  2.327363   99.321095  100.801337

[100 rows x 26 columns]
S2 selection efficiency:  100.0 %
