Defining Conda Paths
Sourcing Conda
Finished!
/n/holystore01/LABS/guenette_lab/Lab/data/NEXT/FLEX/mc/eres_22072022/full_sims/s1.3mmp3.5mm/kr83m/kdsts/sthresh/hdf5/flex.kr83m.2.kdsts.h5
     event          time  s1_peak  ...       Phi        Xrms       Yrms
0     1000  4.017613e+08        0  ... -0.999255   27.811246  28.326169
1     1005  4.028071e+08        0  ...  1.467666  265.481408  21.122053
2     1010  4.056794e+08        0  ... -1.188766   23.206797  22.141580
3     1015  4.064182e+08        0  ...  3.133381   61.864889  18.989662
4     1020  4.095172e+08        0  ...  1.599602  240.056556  17.742062
..     ...           ...      ...  ...       ...         ...        ...
96    1470  5.886465e+08        0  ... -2.780730   29.672513  22.044267
97    1475  5.917547e+08        0  ...  1.469731  241.977074  19.051305
98    1480  5.925306e+08        0  ...  1.536924  241.780728  22.601375
99    1485  5.957757e+08        0  ...  0.034226   70.994047  20.165765
100   1495  5.985682e+08        0  ...  0.062540  101.734241  19.418425

[101 rows x 26 columns]
S2 selection efficiency:  100.0 %
/n/holystore01/LABS/guenette_lab/Lab/data/NEXT/FLEX/mc/eres_22072022/full_sims/s1.3mmp2.4mm/kr83m/kdsts/sthresh/hdf5/flex.kr83m.2.kdsts.h5
    event          time  s1_peak  ...       Phi       Xrms       Yrms
0    1000  4.015837e+08        0  ... -1.000266  25.902023  26.994275
1    1005  4.021551e+08        0  ... -0.155490  25.260086  22.396619
2    1010  4.049862e+08        0  ...  0.854180  27.687000  29.694260
3    1015  4.074957e+08        0  ... -0.971154  30.962378  34.372642
4    1020  4.095221e+08        0  ... -1.977350  22.638749  24.261399
..    ...           ...      ...  ...       ...        ...        ...
95   1475  5.909439e+08        0  ...  3.091061  28.738660  22.579440
96   1480  5.921411e+08        0  ... -1.588638  22.846583  29.866096
97   1485  5.959188e+08        0  ...  0.436307  29.848305  20.804863
98   1490  5.972147e+08        0  ...  1.278363  20.854517  23.653135
99   1495  5.983503e+08        0  ...  1.430468  21.654586  21.081697

[100 rows x 26 columns]
S2 selection efficiency:  100.0 %
/n/holystore01/LABS/guenette_lab/Lab/data/NEXT/FLEX/mc/eres_22072022/full_sims/s3mmp5.5mm/kr83m/kdsts/sthresh/hdf5/flex.kr83m.2.kdsts.h5
    event          time  s1_peak  ...       Phi       Xrms       Yrms
0    1000  4.004575e+08        0  ... -0.999949  36.801940  38.996429
1    1005  4.037642e+08        0  ...  1.471994  35.995932  41.057794
2    1010  4.045617e+08        0  ...  0.291476  36.513289  37.608394
3    1015  4.069384e+08        0  ...  1.268924  36.037133  37.331920
4    1015  4.069384e+08        1  ...  1.268924  36.037133  37.331920
..    ...           ...      ...  ...       ...        ...        ...
94   1475  5.916804e+08        0  ...  0.056668  34.298638  34.478693
95   1480  5.929236e+08        0  ...  1.502465  35.056787  38.469383
96   1485  5.945207e+08        0  ...  1.501637  34.723303  39.605334
97   1490  5.976149e+08        0  ...  0.182711  26.783761  29.289515
98   1495  5.986845e+08        0  ... -2.280392  37.234994  37.795399

[99 rows x 26 columns]
S2 selection efficiency:  100.0 %
/n/holystore01/LABS/guenette_lab/Lab/data/NEXT/FLEX/mc/eres_22072022/full_sims/s6mmp11mm/kr83m/kdsts/sthresh/hdf5/flex.kr83m.2.kdsts.h5
    event          time  s1_peak  ...       Phi        Xrms        Yrms
0    1000  4.005815e+08        0  ... -1.000832   97.500005  104.765506
1    1005  4.026318e+08        0  ...  0.385992  118.894725   80.015914
2    1010  4.049693e+08        0  ... -1.889664   87.688014  114.389097
3    1015  4.077835e+08        0  ... -1.091776   94.676070  112.932019
4    1020  4.084531e+08        0  ...  3.131194  115.855412   74.113926
..    ...           ...      ...  ...       ...         ...         ...
92   1475  5.900066e+08        0  ...  2.649909  119.407324   95.424380
93   1475  5.900066e+08        1  ...  2.649909  119.407324   95.424380
94   1485  5.942801e+08        0  ...  2.545695  112.625037   98.485199
95   1490  5.960966e+08        0  ...  2.097980  100.135951  106.609473
96   1495  5.983414e+08        0  ... -2.251014  110.337540  113.954197

[97 rows x 26 columns]
S2 selection efficiency:  100.0 %
/n/holystore01/LABS/guenette_lab/Lab/data/NEXT/FLEX/mc/eres_22072022/full_sims/s6mmp7.8mm/kr83m/kdsts/sthresh/hdf5/flex.kr83m.2.kdsts.h5
    event          time  s1_peak  ...       Phi        Xrms        Yrms
0    1000  4.004385e+08        0  ... -0.997980   95.412975  104.577718
1    1005  4.026606e+08        0  ... -0.215757   93.006124   94.563938
2    1010  4.059516e+08        0  ... -1.430190   92.818945  111.426264
3    1015  4.067713e+08        0  ...  0.567714  111.744423   91.134044
4    1020  4.088439e+08        0  ...  0.848177   99.879587  102.197208
..    ...           ...      ...  ...       ...         ...         ...
94   1470  5.883311e+08        0  ... -1.333735   81.486168  126.420386
95   1475  5.919264e+08        0  ...  0.664508  101.739719   98.666010
96   1480  5.930544e+08        0  ...  3.106677  122.159186   79.013265
97   1485  5.942965e+08        0  ...  0.184123  122.143714   80.968822
98   1495  5.991741e+08        0  ...  2.220854  101.496237  109.272249

[99 rows x 26 columns]
S2 selection efficiency:  100.0 %
