Defining Conda Paths
Sourcing Conda
Finished!
/n/holystore01/LABS/guenette_lab/Lab/data/NEXT/FLEX/mc/eres_22072022/full_sims/s1.3mmp3.5mm/kr83m/kdsts/sthresh/hdf5/flex.kr83m.53.kdsts.h5
    event          time  s1_peak  ...       Phi        Xrms       Yrms
0   26500  1.060061e+10        0  ...  1.444662  278.307597  21.132028
1   26505  1.060337e+10        0  ... -2.886799   23.538487  20.109839
2   26510  1.060423e+10        0  ...  1.537201  220.837117  31.532164
3   26515  1.060733e+10        0  ... -0.207165   22.987307  20.878618
4   26520  1.060885e+10        0  ...  1.038297  220.223871  20.545794
..    ...           ...      ...  ...       ...         ...        ...
95  26975  1.079038e+10        0  ... -1.492430   23.061909  23.946169
96  26980  1.079328e+10        0  ...  2.453915  118.178174  28.545218
97  26985  1.079577e+10        0  ...  1.523928  229.293802  27.945800
98  26990  1.079760e+10        0  ... -2.532180   34.734768  29.490783
99  26995  1.079885e+10        0  ... -1.945454   23.227650  23.816465

[100 rows x 26 columns]
S2 selection efficiency:  100.0 %
/n/holystore01/LABS/guenette_lab/Lab/data/NEXT/FLEX/mc/eres_22072022/full_sims/s1.3mmp2.4mm/kr83m/kdsts/sthresh/hdf5/flex.kr83m.53.kdsts.h5
     event          time  s1_peak  ...       Phi       Xrms       Yrms
0    26500  1.060104e+10        0  ...  1.088473  26.138055  29.447339
1    26505  1.060271e+10        0  ...  2.314169  28.629002  28.702933
2    26510  1.060531e+10        0  ...  2.825146  21.923548  21.117220
3    26515  1.060623e+10        0  ... -0.119804  26.565774  21.105123
4    26520  1.060831e+10        0  ... -0.867255  23.942378  24.572342
..     ...           ...      ...  ...       ...        ...        ...
96   26975  1.079079e+10        1  ... -2.823225  21.040595  22.049898
97   26980  1.079398e+10        0  ... -2.040536  20.575851  22.568681
98   26985  1.079576e+10        0  ... -1.942917  23.127165  22.393045
99   26990  1.079699e+10        0  ...  1.312548  23.813406  26.835344
100  26995  1.079905e+10        0  ...  0.639836  28.877390  24.882068

[101 rows x 26 columns]
S2 selection efficiency:  100.0 %
/n/holystore01/LABS/guenette_lab/Lab/data/NEXT/FLEX/mc/eres_22072022/full_sims/s3mmp5.5mm/kr83m/kdsts/sthresh/hdf5/flex.kr83m.53.kdsts.h5
     event          time  s1_peak  ...       Phi       Xrms       Yrms
0    26500  1.060050e+10        0  ...  1.087253  35.533239  37.203071
1    26505  1.060326e+10        0  ... -2.534768  30.985972  30.957483
2    26510  1.060431e+10        0  ... -0.663478  27.705473  27.899806
3    26510  1.060431e+10        1  ... -0.663478  27.705473  27.899806
4    26515  1.060625e+10        0  ... -1.344473  36.629764  38.908555
..     ...           ...      ...  ...       ...        ...        ...
98   26975  1.079123e+10        0  ...  1.551060  36.273898  37.670121
99   26980  1.079276e+10        0  ...  1.405383  34.975500  37.578559
100  26985  1.079498e+10        0  ... -3.075823  36.205711  35.186001
101  26990  1.079638e+10        0  ... -0.397663  34.580834  32.310175
102  26995  1.079846e+10        0  ... -0.291354  31.251437  30.407634

[103 rows x 26 columns]
S2 selection efficiency:  100.0 %
/n/holystore01/LABS/guenette_lab/Lab/data/NEXT/FLEX/mc/eres_22072022/full_sims/s6mmp11mm/kr83m/kdsts/sthresh/hdf5/flex.kr83m.53.kdsts.h5
    event          time  s1_peak  ...       Phi        Xrms        Yrms
0   26500  1.060115e+10        0  ...  1.087895   94.668941  103.544012
1   26505  1.060203e+10        0  ...  1.892844   85.706514  115.208895
2   26510  1.060525e+10        0  ... -3.063023  117.558237   86.945841
3   26515  1.060724e+10        0  ... -0.026812  104.688290   94.944807
4   26520  1.060972e+10        0  ...  2.101156   91.997003  112.959441
..    ...           ...      ...  ...       ...         ...         ...
94  26975  1.079089e+10        0  ...  2.208500   95.260321  107.233677
95  26980  1.079247e+10        0  ...  2.731200   92.136922   70.380910
96  26985  1.079511e+10        0  ...  2.917728  128.692592   83.475797
97  26990  1.079613e+10        0  ... -2.460659   98.842288   93.927534
98  26995  1.079928e+10        0  ...  2.319108  101.465143  102.507436

[99 rows x 26 columns]
S2 selection efficiency:  100.0 %
/n/holystore01/LABS/guenette_lab/Lab/data/NEXT/FLEX/mc/eres_22072022/full_sims/s6mmp7.8mm/kr83m/kdsts/sthresh/hdf5/flex.kr83m.53.kdsts.h5
     event          time  s1_peak  ...       Phi        Xrms        Yrms
0    26500  1.060106e+10        0  ...  1.091296   97.307459  105.716434
1    26505  1.060342e+10        0  ...  0.128638  119.241262   75.969535
2    26510  1.060427e+10        0  ... -2.266824  100.033480  101.358591
3    26515  1.060690e+10        0  ... -2.092430   94.885536  118.048400
4    26520  1.060879e+10        0  ...  1.339621  101.721877  110.528587
..     ...           ...      ...  ...       ...         ...         ...
99   26975  1.079091e+10        1  ... -2.612866  108.619110   97.686879
100  26980  1.079208e+10        0  ...  1.853370   97.207580  106.571328
101  26985  1.079464e+10        0  ...  1.758287   97.174940  126.760376
102  26990  1.079637e+10        0  ...  0.858223   93.656433  100.657218
103  26995  1.079981e+10        0  ... -2.673325  114.338220   90.352503

[104 rows x 26 columns]
S2 selection efficiency:  100.0 %
