Defining Conda Paths
Sourcing Conda
Finished!
/n/holystore01/LABS/guenette_lab/Lab/data/NEXT/FLEX/mc/eres_22072022/full_sims/s1.3mmp3.5mm/kr83m/kdsts/sthresh/hdf5/flex.kr83m.93.kdsts.h5
    event          time  s1_peak  ...       Phi        Xrms       Yrms
0   46500  1.860171e+10        0  ...  1.556640  230.870073  23.581015
1   46505  1.860329e+10        0  ...  1.637713  259.079251  24.372504
2   46510  1.860545e+10        0  ...  2.189717  389.571251  20.909768
3   46515  1.860756e+10        0  ... -1.299189   20.187166  22.439007
4   46520  1.860850e+10        0  ... -0.843810   21.508034  22.858392
..    ...           ...      ...  ...       ...         ...        ...
92  46970  1.878948e+10        0  ...  1.587138  225.238321  16.125944
93  46975  1.879197e+10        0  ...  3.133046  418.840528  21.590885
94  46980  1.879232e+10        0  ...  1.511159  249.898685  22.447442
95  46985  1.879518e+10        0  ...  1.560225  237.847751  22.663240
96  46995  1.879898e+10        0  ... -2.630096   27.659566  24.334134

[97 rows x 26 columns]
S2 selection efficiency:  100.0 %
/n/holystore01/LABS/guenette_lab/Lab/data/NEXT/FLEX/mc/eres_22072022/full_sims/s1.3mmp2.4mm/kr83m/kdsts/sthresh/hdf5/flex.kr83m.93.kdsts.h5
    event          time  s1_peak  ...       Phi       Xrms       Yrms
0   46500  1.860159e+10        0  ...  0.994943  22.652040  25.895851
1   46505  1.860231e+10        0  ...  1.213215  22.806773  24.880366
2   46510  1.860504e+10        0  ...  0.642775  26.692731  24.147832
3   46515  1.860721e+10        0  ... -1.812451  21.083497  23.871105
4   46520  1.860842e+10        0  ...  1.091390  25.215025  26.169918
..    ...           ...      ...  ...       ...        ...        ...
95  46975  1.879072e+10        0  ... -1.770472  28.284650  33.236749
96  46980  1.879340e+10        0  ... -0.281698  29.260689  26.276591
97  46985  1.879436e+10        0  ...  2.919168  19.052161  19.302725
98  46990  1.879739e+10        0  ... -1.268583  26.730796  28.857737
99  46995  1.879966e+10        0  ... -1.666712  22.427535  26.734055

[100 rows x 26 columns]
S2 selection efficiency:  100.0 %
/n/holystore01/LABS/guenette_lab/Lab/data/NEXT/FLEX/mc/eres_22072022/full_sims/s3mmp5.5mm/kr83m/kdsts/sthresh/hdf5/flex.kr83m.93.kdsts.h5
     event          time  s1_peak  ...       Phi       Xrms       Yrms
0    46500  1.860003e+10        0  ...  0.995684  35.619653  35.013553
1    46505  1.860217e+10        0  ... -0.866831  37.250425  39.106686
2    46505  1.860217e+10        1  ... -0.866831  37.250425  39.106686
3    46510  1.860431e+10        0  ...  2.955128  37.827022  36.311930
4    46515  1.860672e+10        0  ... -0.968534  39.153752  39.623009
..     ...           ...      ...  ...       ...        ...        ...
99   46975  1.879157e+10        0  ... -1.303565  34.867258  34.916520
100  46975  1.879157e+10        1  ... -1.303565  34.867258  34.916520
101  46980  1.879379e+10        0  ...  1.400050  32.292929  30.992972
102  46985  1.879453e+10        0  ... -1.847169  34.753053  39.140931
103  46990  1.879708e+10        0  ...  0.764083  36.241119  35.178897

[104 rows x 26 columns]
S2 selection efficiency:  100.0 %
/n/holystore01/LABS/guenette_lab/Lab/data/NEXT/FLEX/mc/eres_22072022/full_sims/s6mmp11mm/kr83m/kdsts/sthresh/hdf5/flex.kr83m.93.kdsts.h5
     event          time  s1_peak  ...       Phi        Xrms        Yrms
0    46500  1.860067e+10        0  ...  0.994887   94.539566  106.541734
1    46500  1.860067e+10        1  ...  0.994887   94.539566  106.541734
2    46505  1.860248e+10        0  ... -0.164678  112.130266   71.702556
3    46505  1.860248e+10        1  ... -0.164678  112.130266   71.702556
4    46510  1.860426e+10        0  ...  2.936618   95.292241   91.852981
..     ...           ...      ...  ...       ...         ...         ...
99   46975  1.879190e+10        1  ...  2.672727  114.590287   95.363178
100  46980  1.879214e+10        0  ...  2.776146  104.082900   87.822934
101  46985  1.879596e+10        0  ... -1.854764   84.489196  116.061826
102  46990  1.879719e+10        0  ... -2.910735  105.621258   91.195359
103  46995  1.879961e+10        0  ...  1.419130   93.667016   98.607606

[104 rows x 26 columns]
S2 selection efficiency:  100.0 %
/n/holystore01/LABS/guenette_lab/Lab/data/NEXT/FLEX/mc/eres_22072022/full_sims/s6mmp7.8mm/kr83m/kdsts/sthresh/hdf5/flex.kr83m.93.kdsts.h5
    event          time  s1_peak  ...       Phi        Xrms        Yrms
0   46500  1.860126e+10        0  ...  0.993266   95.935945  112.131835
1   46505  1.860343e+10        0  ...  1.205766   94.449284  131.374017
2   46510  1.860529e+10        0  ...  1.147895   95.655551   98.144843
3   46515  1.860768e+10        0  ...  2.445521  104.703125  104.223152
4   46520  1.860889e+10        0  ...  2.309850  105.741117  112.655333
..    ...           ...      ...  ...       ...         ...         ...
92  46975  1.879151e+10        0  ...  1.759399   85.988771  115.800833
93  46980  1.879364e+10        0  ... -0.834966   98.739437  104.387956
94  46985  1.879432e+10        0  ...  2.839947  128.790510  102.484330
95  46990  1.879648e+10        0  ... -0.854527  103.195286  104.068193
96  46995  1.879968e+10        0  ...  3.138474  129.340816   97.258082

[97 rows x 26 columns]
S2 selection efficiency:  100.0 %
