Defining Conda Paths
Sourcing Conda
Finished!
/n/holystore01/LABS/guenette_lab/Lab/data/NEXT/FLEX/mc/eres_22072022/full_sims/s1.3mmp3.5mm/kr83m/kdsts/sthresh/hdf5/flex.kr83m.58.kdsts.h5
    event          time  s1_peak  ...       Phi        Xrms       Yrms
0   29000  1.160018e+10        0  ... -2.994222   30.881663  22.025142
1   29010  1.160448e+10        0  ...  1.553883  200.578723  14.328610
2   29015  1.160745e+10        0  ... -0.950692   25.456352  22.912828
3   29020  1.160842e+10        0  ...  1.704811  244.708892  22.177195
4   29025  1.161107e+10        0  ... -2.880006   22.278393  20.328425
..    ...           ...      ...  ...       ...         ...        ...
94  29475  1.179154e+10        0  ... -0.004642  365.341254  19.331189
95  29480  1.179399e+10        0  ...  1.597629  238.821297  21.010809
96  29485  1.179497e+10        0  ... -3.061714   62.045675  25.801777
97  29490  1.179628e+10        0  ...  1.554248  241.274022  23.763801
98  29495  1.179936e+10        0  ...  1.557736  221.561051  19.565099

[99 rows x 26 columns]
S2 selection efficiency:  100.0 %
/n/holystore01/LABS/guenette_lab/Lab/data/NEXT/FLEX/mc/eres_22072022/full_sims/s1.3mmp2.4mm/kr83m/kdsts/sthresh/hdf5/flex.kr83m.58.kdsts.h5
    event          time  s1_peak  ...       Phi       Xrms       Yrms
0   29000  1.160069e+10        0  ... -2.996440  35.279909  27.593366
1   29005  1.160324e+10        0  ... -1.389437  25.182754  26.633185
2   29010  1.160534e+10        0  ... -2.045682  27.492924  29.531456
3   29015  1.160798e+10        0  ...  2.958647  23.131665  20.120317
4   29020  1.160922e+10        0  ... -0.393138  24.238128  24.238966
..    ...           ...      ...  ...       ...        ...        ...
93  29475  1.179096e+10        0  ...  2.311934  28.829330  29.745161
94  29480  1.179224e+10        0  ...  1.331679  24.372951  27.760765
95  29485  1.179524e+10        0  ... -1.943577  21.121935  23.474855
96  29490  1.179774e+10        0  ... -2.797493  36.955263  26.562435
97  29495  1.179974e+10        0  ... -2.996657  24.402694  22.709334

[98 rows x 26 columns]
S2 selection efficiency:  100.0 %
/n/holystore01/LABS/guenette_lab/Lab/data/NEXT/FLEX/mc/eres_22072022/full_sims/s3mmp5.5mm/kr83m/kdsts/sthresh/hdf5/flex.kr83m.58.kdsts.h5
     event          time  s1_peak  ...       Phi       Xrms       Yrms
0    29000  1.160169e+10        0  ... -2.996473  40.172193  37.891509
1    29005  1.160212e+10        0  ...  0.092527  35.865536  36.219859
2    29010  1.160559e+10        0  ...  0.019944  37.341215  32.906948
3    29015  1.160657e+10        0  ... -0.620811  34.682298  35.551211
4    29020  1.160907e+10        0  ...  0.815218  36.108475  38.874676
..     ...           ...      ...  ...       ...        ...        ...
98   29470  1.178900e+10        0  ...  0.508156  37.343560  35.454082
99   29475  1.179073e+10        0  ...  0.056138  38.662487  35.827459
100  29480  1.179337e+10        0  ... -3.004239  36.124349  34.811034
101  29485  1.179508e+10        0  ...  3.133431  35.677037  35.950571
102  29495  1.179891e+10        0  ...  2.745014  40.022619  36.059372

[103 rows x 26 columns]
S2 selection efficiency:  100.0 %
/n/holystore01/LABS/guenette_lab/Lab/data/NEXT/FLEX/mc/eres_22072022/full_sims/s6mmp11mm/kr83m/kdsts/sthresh/hdf5/flex.kr83m.58.kdsts.h5
    event          time  s1_peak  ...       Phi        Xrms        Yrms
0   29000  1.160061e+10        0  ... -2.994811  107.389090   88.192695
1   29005  1.160335e+10        0  ... -1.859872   97.306640  127.665261
2   29010  1.160462e+10        0  ... -1.899784   79.649512  116.380438
3   29015  1.160792e+10        0  ... -0.235963  112.437603   90.983598
4   29020  1.160870e+10        0  ... -0.713392  103.003064  100.470892
..    ...           ...      ...  ...       ...         ...         ...
91  29475  1.179030e+10        0  ...  1.300658   97.685359  117.903272
92  29480  1.179301e+10        0  ... -1.689804   91.001795  106.423656
93  29485  1.179434e+10        0  ... -0.173760  109.099640   91.427802
94  29490  1.179736e+10        0  ... -1.282386   91.557681  106.629675
95  29495  1.179894e+10        0  ... -0.359126  111.431508   89.523625

[96 rows x 26 columns]
S2 selection efficiency:  100.0 %
/n/holystore01/LABS/guenette_lab/Lab/data/NEXT/FLEX/mc/eres_22072022/full_sims/s6mmp7.8mm/kr83m/kdsts/sthresh/hdf5/flex.kr83m.58.kdsts.h5
     event          time  s1_peak  ...       Phi        Xrms        Yrms
0    29000  1.160010e+10        0  ... -2.992278  111.979365   89.436287
1    29005  1.160316e+10        0  ... -2.141870   97.629202  109.438740
2    29010  1.160510e+10        0  ... -1.090350   96.305777  106.524031
3    29015  1.160667e+10        0  ...  2.860583  124.240793   91.030872
4    29020  1.160891e+10        0  ...  2.516752  111.572306  100.492787
..     ...           ...      ...  ...       ...         ...         ...
96   29480  1.179349e+10        0  ...  2.732426  118.534952   92.708724
97   29485  1.179494e+10        0  ...  1.220876   47.050202   55.703198
98   29490  1.179641e+10        0  ...  2.106968  101.763253  123.426200
99   29495  1.179881e+10        0  ...  1.232430   81.924166  116.159492
100  29495  1.179881e+10        1  ...  1.232430   81.924166  116.159492

[101 rows x 26 columns]
S2 selection efficiency:  100.0 %
