Defining Conda Paths
Sourcing Conda
Finished!
/n/holystore01/LABS/guenette_lab/Lab/data/NEXT/FLEX/mc/eres_22072022/full_sims/s1.3mmp3.5mm/kr83m/kdsts/sthresh/hdf5/flex.kr83m.12.kdsts.h5
     event          time  s1_peak  ...       Phi        Xrms       Yrms
0     6000  2.400304e+09        0  ... -2.542832   30.515735  23.544008
1     6005  2.403166e+09        0  ...  1.559445  245.425189  21.299374
2     6010  2.404065e+09        0  ...  1.816514  181.514649  21.602220
3     6015  2.406091e+09        0  ... -2.655032   22.471651  23.824415
4     6020  2.408229e+09        0  ...  1.635548  208.201614  18.548771
..     ...           ...      ...  ...       ...         ...        ...
98    6475  2.590926e+09        0  ... -2.134378   19.359937  21.036142
99    6480  2.592420e+09        0  ... -1.848632   31.927674  41.081809
100   6485  2.594152e+09        0  ... -1.399265   24.234133  22.119937
101   6490  2.596259e+09        0  ...  2.923191  208.241448  23.405317
102   6495  2.598844e+09        0  ... -0.063978   29.135511  20.442315

[103 rows x 26 columns]
S2 selection efficiency:  100.0 %
/n/holystore01/LABS/guenette_lab/Lab/data/NEXT/FLEX/mc/eres_22072022/full_sims/s1.3mmp2.4mm/kr83m/kdsts/sthresh/hdf5/flex.kr83m.12.kdsts.h5
     event          time  s1_peak  ...       Phi       Xrms       Yrms
0     6000  2.400525e+09        0  ... -2.543581  28.008550  29.425023
1     6005  2.403787e+09        0  ...  1.698413  24.200948  31.928441
2     6010  2.404331e+09        0  ... -1.517277  23.640953  29.038954
3     6015  2.406724e+09        0  ...  3.014492  26.218681  20.818863
4     6020  2.408929e+09        0  ... -2.450624  18.508704  22.647807
..     ...           ...      ...  ...       ...        ...        ...
100   6470  2.588856e+09        0  ...  1.452542  26.374526  30.421010
101   6480  2.593496e+09        0  ...  2.690060  33.106815  23.894793
102   6485  2.594492e+09        0  ...  2.008861  25.662130  25.554870
103   6490  2.596656e+09        0  ...  2.691001  30.633184  27.457249
104   6495  2.599490e+09        0  ... -0.419660  24.484638  20.985543

[105 rows x 26 columns]
S2 selection efficiency:  100.0 %
/n/holystore01/LABS/guenette_lab/Lab/data/NEXT/FLEX/mc/eres_22072022/full_sims/s3mmp5.5mm/kr83m/kdsts/sthresh/hdf5/flex.kr83m.12.kdsts.h5
     event          time  s1_peak  ...       Phi       Xrms       Yrms
0     6000  2.400718e+09        0  ... -2.541125  39.727946  36.760658
1     6000  2.400718e+09        1  ... -2.541125  39.727946  36.760658
2     6005  2.403036e+09        0  ... -1.538188  29.070687  32.057931
3     6010  2.405212e+09        0  ... -0.918787  33.847772  33.841819
4     6015  2.406036e+09        0  ... -0.148243  35.753417  33.971752
..     ...           ...      ...  ...       ...        ...        ...
98    6470  2.589140e+09        0  ... -1.627435  34.501590  39.441537
99    6475  2.591526e+09        0  ...  3.005768  39.163712  36.137952
100   6480  2.592357e+09        0  ... -2.293052  37.847922  37.933498
101   6485  2.594253e+09        0  ... -1.301266  35.992002  39.037054
102   6495  2.599087e+09        0  ... -2.992137  26.339686  29.348369

[103 rows x 26 columns]
S2 selection efficiency:  100.0 %
/n/holystore01/LABS/guenette_lab/Lab/data/NEXT/FLEX/mc/eres_22072022/full_sims/s6mmp11mm/kr83m/kdsts/sthresh/hdf5/flex.kr83m.12.kdsts.h5
    event          time  s1_peak  ...       Phi        Xrms        Yrms
0    6000  2.400761e+09        0  ... -2.544909  103.576940   94.318919
1    6005  2.403809e+09        0  ... -2.625387  119.369498  102.831111
2    6010  2.405175e+09        0  ...  1.185097   95.803180  107.377678
3    6015  2.406957e+09        0  ...  3.041719  125.540132   85.698313
4    6020  2.409363e+09        0  ... -0.706027  100.321741   95.067099
..    ...           ...      ...  ...       ...         ...         ...
92   6475  2.591782e+09        0  ... -2.245104   94.329627  103.219908
93   6480  2.592989e+09        0  ...  1.921812   94.658447  100.986096
94   6485  2.595028e+09        0  ... -0.713593  104.288773   99.791463
95   6490  2.597843e+09        0  ... -0.746665  108.152195  104.149766
96   6495  2.598546e+09        0  ... -0.748974  109.120821  105.449377

[97 rows x 26 columns]
S2 selection efficiency:  100.0 %
/n/holystore01/LABS/guenette_lab/Lab/data/NEXT/FLEX/mc/eres_22072022/full_sims/s6mmp7.8mm/kr83m/kdsts/sthresh/hdf5/flex.kr83m.12.kdsts.h5
    event          time  s1_peak  ...       Phi        Xrms        Yrms
0    6000  2.401861e+09        0  ... -2.541855  109.785526   97.588272
1    6005  2.403707e+09        0  ... -1.196045   95.022411  106.100146
2    6010  2.405117e+09        0  ... -3.000115  128.321393   83.520687
3    6015  2.407209e+09        0  ... -0.144237  119.672380   84.767488
4    6020  2.409386e+09        0  ... -1.783558   82.619698  125.316769
..    ...           ...      ...  ...       ...         ...         ...
95   6470  2.588302e+09        0  ...  0.199917  123.202328   97.070410
96   6475  2.590562e+09        0  ... -2.461880  113.283041  111.453726
97   6480  2.593774e+09        0  ... -1.034751   98.002565  104.743305
98   6490  2.597724e+09        0  ... -2.390321   99.880213   93.923207
99   6495  2.599610e+09        0  ...  1.077476   96.326661   99.411786

[100 rows x 26 columns]
S2 selection efficiency:  100.0 %
