Defining Conda Paths
Sourcing Conda
Finished!
/n/holystore01/LABS/guenette_lab/Lab/data/NEXT/FLEX/mc/eres_22072022/full_sims/s1.3mmp3.5mm/kr83m/kdsts/sthresh/hdf5/flex.kr83m.59.kdsts.h5
     event          time  s1_peak  ...       Phi        Xrms       Yrms
0    29500  1.180046e+10        0  ... -1.200095   27.409025  31.395683
1    29505  1.180334e+10        0  ...  1.398401  282.605888  18.665430
2    29510  1.180451e+10        0  ... -0.781571   28.052419  24.814276
3    29515  1.180617e+10        0  ...  1.514399  215.397505  26.288710
4    29520  1.180825e+10        0  ...  1.614942  238.726338  24.527870
..     ...           ...      ...  ...       ...         ...        ...
99   29980  1.199392e+10        0  ... -2.962210   22.443164  20.603163
100  29985  1.199592e+10        0  ... -0.114409   27.928047  22.826736
101  29985  1.199592e+10        1  ... -0.114409   27.928047  22.826736
102  29990  1.199629e+10        0  ... -0.023666   35.721983  20.175088
103  29995  1.199951e+10        0  ... -1.966237   23.671863  26.647432

[104 rows x 26 columns]
S2 selection efficiency:  100.0 %
/n/holystore01/LABS/guenette_lab/Lab/data/NEXT/FLEX/mc/eres_22072022/full_sims/s1.3mmp2.4mm/kr83m/kdsts/sthresh/hdf5/flex.kr83m.59.kdsts.h5
     event          time  s1_peak  ...       Phi       Xrms       Yrms
0    29500  1.180034e+10        0  ... -1.198819  21.466158  22.987955
1    29505  1.180350e+10        0  ... -2.837474  36.123870  21.527236
2    29510  1.180504e+10        0  ...  3.023721  29.097366  23.210056
3    29515  1.180711e+10        0  ...  1.559266  22.780309  23.017338
4    29520  1.180907e+10        0  ...  1.358973  20.671618  21.279796
..     ...           ...      ...  ...       ...        ...        ...
97   29975  1.199003e+10        0  ... -2.650198  33.449638  28.869503
98   29980  1.199365e+10        0  ...  3.028774  22.021709  21.732229
99   29985  1.199464e+10        0  ... -1.560419  22.487354  29.245629
100  29990  1.199753e+10        0  ...  0.772603  23.465776  24.790524
101  29995  1.199850e+10        0  ... -0.858630  27.122794  27.081777

[102 rows x 26 columns]
S2 selection efficiency:  100.0 %
/n/holystore01/LABS/guenette_lab/Lab/data/NEXT/FLEX/mc/eres_22072022/full_sims/s3mmp5.5mm/kr83m/kdsts/sthresh/hdf5/flex.kr83m.59.kdsts.h5
     event          time  s1_peak  ...       Phi       Xrms       Yrms
0    29500  1.180125e+10        0  ... -1.200173  35.998319  37.676551
1    29505  1.180221e+10        0  ...  2.255683  34.836409  34.325356
2    29510  1.180459e+10        0  ... -2.971596  34.728163  36.736585
3    29510  1.180459e+10        1  ... -2.971596  34.728163  36.736585
4    29515  1.180744e+10        0  ... -1.319174  36.409111  40.875309
..     ...           ...      ...  ...       ...        ...        ...
98   29970  1.198930e+10        0  ... -0.516812  39.263782  35.818375
99   29975  1.199114e+10        0  ...  1.235674  36.307728  35.933217
100  29980  1.199367e+10        0  ...  0.118707  38.845791  34.301975
101  29985  1.199494e+10        0  ...  3.071458  38.339820  34.011181
102  29990  1.199605e+10        0  ...  0.476577  35.462306  36.116415

[103 rows x 26 columns]
S2 selection efficiency:  100.0 %
/n/holystore01/LABS/guenette_lab/Lab/data/NEXT/FLEX/mc/eres_22072022/full_sims/s6mmp11mm/kr83m/kdsts/sthresh/hdf5/flex.kr83m.59.kdsts.h5
    event          time  s1_peak  ...       Phi        Xrms        Yrms
0   29500  1.180158e+10        0  ... -1.199114   90.699152  116.589179
1   29505  1.180381e+10        0  ...  1.670346   89.659136  111.275961
2   29510  1.180406e+10        0  ...  1.741283   81.404615  126.008774
3   29515  1.180647e+10        0  ...  2.895634   96.975403   62.081146
4   29520  1.180899e+10        0  ... -0.743084   89.199731   88.771007
..    ...           ...      ...  ...       ...         ...         ...
90  29975  1.199144e+10        0  ... -2.510736  105.921714   97.785155
91  29980  1.199290e+10        0  ... -2.287730   97.946385  101.116556
92  29985  1.199567e+10        0  ...  0.842454  100.810768  103.690466
93  29990  1.199612e+10        0  ... -0.329046  113.099777   94.453214
94  29995  1.199894e+10        0  ...  2.710721  104.561319   80.472881

[95 rows x 26 columns]
S2 selection efficiency:  100.0 %
/n/holystore01/LABS/guenette_lab/Lab/data/NEXT/FLEX/mc/eres_22072022/full_sims/s6mmp7.8mm/kr83m/kdsts/sthresh/hdf5/flex.kr83m.59.kdsts.h5
     event          time  s1_peak  ...       Phi        Xrms        Yrms
0    29500  1.180189e+10        0  ... -1.199449   96.537331  121.186425
1    29505  1.180373e+10        0  ...  3.139972  118.320982   89.030132
2    29510  1.180575e+10        0  ...  1.112032   94.778574  103.877192
3    29520  1.180816e+10        0  ...  0.684189  110.930440  100.069312
4    29525  1.181124e+10        0  ...  2.792022  103.923586   99.479742
..     ...           ...      ...  ...       ...         ...         ...
98   29980  1.199364e+10        0  ...  0.518152  102.396317   98.906372
99   29985  1.199475e+10        0  ...  2.003174   94.297669  118.997709
100  29985  1.199475e+10        1  ...  2.003174   94.297669  118.997709
101  29990  1.199792e+10        0  ...  0.381900  116.181094  100.332538
102  29995  1.199938e+10        0  ...  1.069148   95.189608  113.875398

[103 rows x 26 columns]
S2 selection efficiency:  100.0 %
