Defining Conda Paths
Sourcing Conda
Finished!
/n/holystore01/LABS/guenette_lab/Lab/data/NEXT/FLEX/mc/eres_22072022/full_sims/s1.3mmp3.5mm/kr83m/kdsts/sthresh/hdf5/flex.kr83m.8.kdsts.h5
    event          time  s1_peak  ...       Phi        Xrms       Yrms
0    4000  1.600691e+09        0  ... -2.186306   20.969466  21.247499
1    4005  1.603848e+09        0  ... -3.042452   37.906213  21.690356
2    4010  1.605274e+09        0  ... -0.116515   23.107634  19.333253
3    4015  1.606852e+09        0  ... -1.695937   19.959678  20.423785
4    4025  1.611278e+09        0  ...  1.612125  209.856358  20.996411
..    ...           ...      ...  ...       ...         ...        ...
94   4475  1.790671e+09        0  ...  1.550751  236.484172  23.034212
95   4480  1.793262e+09        0  ...  0.981639  269.109542  23.804428
96   4485  1.795153e+09        0  ...  1.603683  225.314614  24.359562
97   4490  1.797066e+09        0  ... -2.156118   25.954610  24.560107
98   4495  1.798537e+09        0  ... -1.650176   23.809617  22.269046

[99 rows x 26 columns]
S2 selection efficiency:  100.0 %
/n/holystore01/LABS/guenette_lab/Lab/data/NEXT/FLEX/mc/eres_22072022/full_sims/s1.3mmp2.4mm/kr83m/kdsts/sthresh/hdf5/flex.kr83m.8.kdsts.h5
    event          time  s1_peak  ...       Phi       Xrms       Yrms
0    4000  1.601168e+09        0  ... -2.190501  20.049318  19.627056
1    4005  1.603208e+09        0  ... -0.958809  21.425133  21.606249
2    4010  1.604996e+09        0  ...  3.104328  28.782361  23.366014
3    4015  1.607858e+09        0  ...  1.526635  21.695864  28.144021
4    4020  1.608004e+09        0  ... -1.189953  21.890307  27.347900
..    ...           ...      ...  ...       ...        ...        ...
93   4475  1.790299e+09        0  ...  1.932814  22.808911  26.428016
94   4480  1.792801e+09        0  ...  1.859765  20.871324  25.842326
95   4485  1.795700e+09        0  ...  3.117543  20.520390  21.383032
96   4490  1.797382e+09        0  ...  1.558555  21.812792  22.762164
97   4495  1.798534e+09        0  ...  0.619538  26.084479  22.159269

[98 rows x 26 columns]
S2 selection efficiency:  100.0 %
/n/holystore01/LABS/guenette_lab/Lab/data/NEXT/FLEX/mc/eres_22072022/full_sims/s3mmp5.5mm/kr83m/kdsts/sthresh/hdf5/flex.kr83m.8.kdsts.h5
     event          time  s1_peak  ...       Phi       Xrms       Yrms
0     4000  1.601590e+09        0  ... -2.193756  33.944098  33.015983
1     4005  1.602889e+09        0  ... -1.165795  35.821124  37.736954
2     4010  1.604161e+09        0  ...  0.912407  35.952560  37.949482
3     4015  1.606455e+09        0  ...  2.984601  37.555322  34.324016
4     4015  1.606455e+09        1  ...  2.984601  37.555322  34.324016
..     ...           ...      ...  ...       ...        ...        ...
99    4475  1.790690e+09        0  ... -1.400575  34.350590  35.329541
100   4480  1.793068e+09        0  ... -1.191052  35.807713  34.445189
101   4485  1.795405e+09        0  ...  0.669985  33.296234  33.951047
102   4490  1.797934e+09        0  ... -0.872278  28.598439  26.268168
103   4495  1.799670e+09        0  ...  2.981778  38.829607  35.821309

[104 rows x 26 columns]
S2 selection efficiency:  100.0 %
/n/holystore01/LABS/guenette_lab/Lab/data/NEXT/FLEX/mc/eres_22072022/full_sims/s6mmp11mm/kr83m/kdsts/sthresh/hdf5/flex.kr83m.8.kdsts.h5
Empty DataFrame
Columns: [event, time, s1_peak, s2_peak, nS1, nS2, S1w, S1h, S1e, S1t, S2w, S2h, S2e, S2q, S2t, qmax, Nsipm, DT, Z, Zrms, X, Y, R, Phi, Xrms, Yrms]
Index: []
