Defining Conda Paths
Sourcing Conda
Finished!
/n/holystore01/LABS/guenette_lab/Lab/data/NEXT/FLEX/mc/eres_22072022/full_sims/s1.3mmp3.5mm/kr83m/kdsts/sthresh/hdf5/flex.kr83m.5.kdsts.h5
    event          time  s1_peak  ...       Phi       Xrms       Yrms
0    2500  1.001497e+09        0  ...  3.116323  54.464385  20.944062
1    2505  1.002725e+09        0  ... -0.244827  21.067074  20.195995
2    2510  1.004312e+09        0  ... -1.407152  24.546499  25.144844
3    2515  1.007595e+09        0  ...  0.001268  66.688310  19.551657
4    2520  1.008188e+09        0  ... -2.358541  20.345468  19.398935
..    ...           ...      ...  ...       ...        ...        ...
92   2975  1.190894e+09        0  ... -2.117594  27.760916  30.343642
93   2980  1.192184e+09        0  ... -2.593255  22.345709  22.121247
94   2985  1.194088e+09        0  ... -0.024920  30.355723  20.085532
95   2990  1.197888e+09        0  ... -1.480924  24.216332  25.688966
96   2995  1.199886e+09        0  ... -1.468540  21.110502  26.170925

[97 rows x 26 columns]
S2 selection efficiency:  100.0 %
/n/holystore01/LABS/guenette_lab/Lab/data/NEXT/FLEX/mc/eres_22072022/full_sims/s1.3mmp2.4mm/kr83m/kdsts/sthresh/hdf5/flex.kr83m.5.kdsts.h5
    event          time  s1_peak  ...       Phi       Xrms       Yrms
0    2500  1.001441e+09        0  ...  2.293353  22.408718  21.867547
1    2505  1.002152e+09        0  ...  1.594418  21.677378  23.934006
2    2510  1.005909e+09        0  ... -0.726568  29.806070  25.611753
3    2515  1.007023e+09        0  ...  1.704355  19.891596  22.004922
4    2520  1.009150e+09        0  ...  2.959106  24.272804  25.168668
..    ...           ...      ...  ...       ...        ...        ...
92   2975  1.191453e+09        0  ...  0.938044  29.417061  25.917214
93   2980  1.192207e+09        0  ...  0.467921  29.259809  25.283174
94   2985  1.195733e+09        0  ... -2.927315  19.371096  19.049240
95   2990  1.197840e+09        0  ... -1.253215  23.754299  27.708973
96   2995  1.198811e+09        0  ...  0.883710  22.200570  24.892365

[97 rows x 26 columns]
S2 selection efficiency:  100.0 %
/n/holystore01/LABS/guenette_lab/Lab/data/NEXT/FLEX/mc/eres_22072022/full_sims/s3mmp5.5mm/kr83m/kdsts/sthresh/hdf5/flex.kr83m.5.kdsts.h5
     event          time  s1_peak  ...       Phi       Xrms       Yrms
0     2500  1.000429e+09        0  ...  2.294500  35.746808  34.842459
1     2505  1.003040e+09        0  ... -2.554186  34.366360  34.729699
2     2505  1.003040e+09        1  ... -2.554186  34.366360  34.729699
3     2510  1.005860e+09        0  ... -1.992500  35.452854  37.640338
4     2515  1.006070e+09        0  ... -1.832673  37.809116  41.932968
..     ...           ...      ...  ...       ...        ...        ...
101   2975  1.191319e+09        0  ...  1.243291  29.786339  30.936038
102   2980  1.192128e+09        0  ... -1.814326  37.000544  40.298831
103   2985  1.195613e+09        0  ... -0.747351  34.580813  33.672069
104   2990  1.196946e+09        0  ...  3.086228  38.807057  34.554810
105   2995  1.198664e+09        0  ... -2.901179  36.492766  34.810139

[106 rows x 26 columns]
S2 selection efficiency:  100.0 %
/n/holystore01/LABS/guenette_lab/Lab/data/NEXT/FLEX/mc/eres_22072022/full_sims/s6mmp11mm/kr83m/kdsts/sthresh/hdf5/flex.kr83m.5.kdsts.h5
    event          time  s1_peak  ...       Phi        Xrms        Yrms
0    2500  1.001864e+09        0  ...  2.321144   97.007805   96.318280
1    2505  1.003348e+09        0  ... -2.934939   97.320661   95.906143
2    2510  1.005358e+09        0  ... -0.291688  111.020332   89.194830
3    2515  1.007751e+09        0  ... -1.462879   84.325095  120.569155
4    2520  1.008277e+09        0  ... -2.227647  101.195338  108.108485
..    ...           ...      ...  ...       ...         ...         ...
93   2970  1.189753e+09        0  ...  0.547186  109.418707  100.598889
94   2975  1.190002e+09        0  ...  0.970234   97.537431  108.329888
95   2980  1.192448e+09        0  ...  0.684555  113.637013  110.248248
96   2985  1.195509e+09        0  ... -0.718323  106.608640   96.824008
97   2995  1.199363e+09        0  ... -0.862447   97.921240  106.984823

[98 rows x 26 columns]
S2 selection efficiency:  100.0 %
/n/holystore01/LABS/guenette_lab/Lab/data/NEXT/FLEX/mc/eres_22072022/full_sims/s6mmp7.8mm/kr83m/kdsts/sthresh/hdf5/flex.kr83m.5.kdsts.h5
    event          time  s1_peak  ...       Phi        Xrms        Yrms
0    2500  1.001495e+09        0  ...  2.301363   98.349351   97.553439
1    2505  1.003123e+09        0  ...  2.469043  101.993658   94.084903
2    2510  1.005830e+09        0  ... -0.968470   92.311719  105.361946
3    2510  1.005830e+09        1  ... -0.968470   92.311719  105.361946
4    2515  1.007506e+09        0  ...  0.507792  103.508717   97.355955
..    ...           ...      ...  ...       ...         ...         ...
95   2975  1.191974e+09        0  ...  2.342978  110.620571  113.016157
96   2980  1.192251e+09        0  ... -0.052472  127.745383   82.653033
97   2985  1.195413e+09        0  ...  0.397337  110.469232  102.169381
98   2990  1.197488e+09        0  ... -0.192173  128.050090   92.097771
99   2995  1.198466e+09        0  ...  3.103293   98.609678   99.380474

[100 rows x 26 columns]
S2 selection efficiency:  100.0 %
