Defining Conda Paths
Sourcing Conda
Finished!
/n/holystore01/LABS/guenette_lab/Lab/data/NEXT/FLEX/mc/eres_22072022/full_sims/s1.3mmp3.5mm/kr83m/kdsts/sthresh/hdf5/flex.kr83m.39.kdsts.h5
     event          time  s1_peak  ...       Phi        Xrms       Yrms
0    19500  7.800614e+09        0  ...  2.613261  243.400253  19.537379
1    19505  7.802788e+09        0  ... -2.719746   20.124888  21.320686
2    19510  7.805850e+09        0  ... -0.015807  416.979882  21.822270
3    19515  7.806308e+09        0  ...  1.515375  206.451673  18.477237
4    19520  7.808361e+09        0  ...  1.644714  240.538417  26.032198
..     ...           ...      ...  ...       ...         ...        ...
101  19975  7.990366e+09        0  ... -2.783254   29.830629  23.511248
102  19980  7.993869e+09        0  ... -2.920290   25.362270  22.346722
103  19985  7.995619e+09        0  ...  1.597859  244.066371  25.929177
104  19990  7.997235e+09        0  ...  2.570627  263.029592  25.121044
105  19995  7.998670e+09        0  ...  0.429357  118.087721  23.001192

[106 rows x 26 columns]
S2 selection efficiency:  100.0 %
/n/holystore01/LABS/guenette_lab/Lab/data/NEXT/FLEX/mc/eres_22072022/full_sims/s1.3mmp2.4mm/kr83m/kdsts/sthresh/hdf5/flex.kr83m.39.kdsts.h5
     event          time  s1_peak  ...       Phi       Xrms       Yrms
0    19500  7.800518e+09        0  ...  0.414467  20.958916  21.222241
1    19505  7.802074e+09        0  ...  0.395283  31.635548  28.375678
2    19510  7.804688e+09        0  ...  2.419130  24.590437  25.090447
3    19515  7.806394e+09        0  ...  0.433911  31.035423  27.267079
4    19520  7.808392e+09        0  ...  1.754324  23.983169  27.011007
..     ...           ...      ...  ...       ...        ...        ...
101  19980  7.992974e+09        0  ...  0.042691  24.693536  22.023723
102  19985  7.995521e+09        0  ...  1.528202  19.806360  23.013817
103  19990  7.996510e+09        0  ... -0.136226  25.829780  22.609060
104  19990  7.996510e+09        1  ... -0.136226  25.829780  22.609060
105  19995  7.998037e+09        0  ... -0.255194  32.154339  27.292076

[106 rows x 26 columns]
S2 selection efficiency:  100.0 %
/n/holystore01/LABS/guenette_lab/Lab/data/NEXT/FLEX/mc/eres_22072022/full_sims/s3mmp5.5mm/kr83m/kdsts/sthresh/hdf5/flex.kr83m.39.kdsts.h5
    event          time  s1_peak  ...       Phi       Xrms       Yrms
0   19500  7.801335e+09        0  ...  0.418346  35.065620  36.007521
1   19505  7.802009e+09        0  ... -2.941612  36.082090  37.375536
2   19510  7.805904e+09        0  ... -2.512990  36.609161  36.017216
3   19515  7.806160e+09        0  ... -2.798155  36.658746  34.044910
4   19520  7.809290e+09        0  ...  0.505613  36.938122  34.510215
..    ...           ...      ...  ...       ...        ...        ...
93  19970  7.989176e+09        0  ... -2.683820  35.622339  34.440794
94  19975  7.990518e+09        0  ...  0.385360  35.677149  35.104200
95  19985  7.995688e+09        0  ... -0.125276  38.704228  36.095407
96  19990  7.996929e+09        0  ...  0.349511  38.281078  36.928790
97  19995  7.998329e+09        0  ...  0.921940  37.442595  37.933452

[98 rows x 26 columns]
S2 selection efficiency:  100.0 %
/n/holystore01/LABS/guenette_lab/Lab/data/NEXT/FLEX/mc/eres_22072022/full_sims/s6mmp11mm/kr83m/kdsts/sthresh/hdf5/flex.kr83m.39.kdsts.h5
     event          time  s1_peak  ...       Phi        Xrms        Yrms
0    19500  7.800247e+09        0  ...  0.418075  113.986229   92.760424
1    19505  7.802663e+09        0  ...  2.354003   96.676608   98.148312
2    19510  7.805928e+09        0  ...  1.513452   83.354887  112.418824
3    19515  7.807745e+09        0  ... -0.781915   92.888042   93.957081
4    19520  7.809946e+09        0  ... -2.349486   95.500949   96.432678
..     ...           ...      ...  ...       ...         ...         ...
101  19975  7.990246e+09        0  ...  1.819164   97.315163   98.883289
102  19980  7.993190e+09        0  ... -2.850508   98.489291   96.014574
103  19985  7.994314e+09        0  ...  2.871865  114.581502   99.088753
104  19990  7.997034e+09        0  ... -1.602066   47.545974   68.505974
105  19995  7.999622e+09        0  ...  1.376589   90.059370  124.645347

[106 rows x 26 columns]
S2 selection efficiency:  100.0 %
/n/holystore01/LABS/guenette_lab/Lab/data/NEXT/FLEX/mc/eres_22072022/full_sims/s6mmp7.8mm/kr83m/kdsts/sthresh/hdf5/flex.kr83m.39.kdsts.h5
     event          time  s1_peak  ...       Phi        Xrms        Yrms
0    19500  7.801239e+09        0  ...  0.417375  122.265242   97.730899
1    19505  7.803132e+09        0  ... -1.717774   99.866310  108.017166
2    19510  7.805771e+09        0  ... -0.518468  104.799083   98.481070
3    19515  7.807291e+09        0  ...  2.500081   97.855943   98.379897
4    19515  7.807291e+09        1  ...  2.500081   97.855943   98.379897
..     ...           ...      ...  ...       ...         ...         ...
98   19975  7.990255e+09        0  ...  2.187001  101.990653  106.728585
99   19980  7.993902e+09        0  ... -0.030745  117.784488   94.964419
100  19985  7.994615e+09        0  ... -1.076386   89.665896  115.481675
101  19990  7.996537e+09        0  ... -1.578738   99.884895  118.015743
102  19995  7.998402e+09        0  ... -0.922807   85.115561   96.374409

[103 rows x 26 columns]
S2 selection efficiency:  100.0 %
