Defining Conda Paths
Sourcing Conda
Finished!
/n/holystore01/LABS/guenette_lab/Lab/data/NEXT/FLEX/mc/eres_22072022/full_sims/s1.3mmp3.5mm/kr83m/kdsts/sthresh/hdf5/flex.kr83m.76.kdsts.h5
     event          time  s1_peak  ...       Phi        Xrms       Yrms
0    38000  1.520125e+10        0  ... -1.858750   21.228059  22.061500
1    38005  1.520250e+10        0  ...  1.625614  202.312548  18.285416
2    38010  1.520474e+10        0  ... -1.663539   21.918061  23.207664
3    38015  1.520712e+10        0  ...  1.645347  227.674435  26.966598
4    38020  1.520946e+10        0  ... -0.002113   37.441296  16.775923
..     ...           ...      ...  ...       ...         ...        ...
96   38480  1.539205e+10        0  ...  1.553596  226.625105  25.500705
97   38485  1.539441e+10        0  ...  0.144329   63.289460  17.545329
98   38485  1.539441e+10        1  ...  0.144329   63.289460  17.545329
99   38490  1.539690e+10        0  ...  1.553935  226.887622  28.765307
100  38495  1.539916e+10        0  ... -2.671260   33.627338  22.903029

[101 rows x 26 columns]
S2 selection efficiency:  100.0 %
/n/holystore01/LABS/guenette_lab/Lab/data/NEXT/FLEX/mc/eres_22072022/full_sims/s1.3mmp2.4mm/kr83m/kdsts/sthresh/hdf5/flex.kr83m.76.kdsts.h5
    event          time  s1_peak  ...       Phi       Xrms       Yrms
0   38000  1.520107e+10        0  ... -1.858802  22.616888  26.224838
1   38010  1.520429e+10        0  ...  0.522761  24.486478  20.346466
2   38015  1.520795e+10        0  ...  2.442445  20.700342  20.692973
3   38020  1.520915e+10        0  ... -0.010098  24.325733  23.176942
4   38025  1.521050e+10        0  ... -1.042465  25.879177  26.478967
..    ...           ...      ...  ...       ...        ...        ...
91  38480  1.539354e+10        0  ...  1.855231  19.833980  22.895920
92  38485  1.539558e+10        0  ... -0.559630  23.712034  24.862494
93  38490  1.539662e+10        0  ... -2.275195  26.549189  25.290653
94  38495  1.539836e+10        0  ... -3.113294  27.682908  24.838546
95  38495  1.539836e+10        1  ... -3.113294  27.682908  24.838546

[96 rows x 26 columns]
S2 selection efficiency:  100.0 %
/n/holystore01/LABS/guenette_lab/Lab/data/NEXT/FLEX/mc/eres_22072022/full_sims/s3mmp5.5mm/kr83m/kdsts/sthresh/hdf5/flex.kr83m.76.kdsts.h5
    event          time  s1_peak  ...       Phi       Xrms       Yrms
0   38000  1.520066e+10        0  ... -1.859748  34.576802  34.270250
1   38005  1.520313e+10        0  ...  0.439984  38.140214  37.051198
2   38010  1.520545e+10        0  ... -0.113597  37.275417  35.487665
3   38015  1.520750e+10        0  ...  1.533301  35.317796  37.917180
4   38020  1.520960e+10        0  ...  0.700410  33.396626  31.588448
..    ...           ...      ...  ...       ...        ...        ...
95  38475  1.539043e+10        0  ... -1.107824  34.901868  37.729562
96  38480  1.539283e+10        0  ...  1.890726  30.924328  36.733931
97  38485  1.539555e+10        0  ... -0.516543  39.026305  37.562486
98  38490  1.539708e+10        0  ... -2.931743  36.606402  35.168042
99  38495  1.539819e+10        0  ...  1.889203  33.689164  37.305245

[100 rows x 26 columns]
S2 selection efficiency:  100.0 %
/n/holystore01/LABS/guenette_lab/Lab/data/NEXT/FLEX/mc/eres_22072022/full_sims/s6mmp11mm/kr83m/kdsts/sthresh/hdf5/flex.kr83m.76.kdsts.h5
    event          time  s1_peak  ...       Phi        Xrms        Yrms
0   38000  1.520130e+10        0  ... -1.858686   82.897026  117.260085
1   38005  1.520296e+10        0  ... -1.710228  100.060355  112.062258
2   38005  1.520296e+10        1  ... -1.710228  100.060355  112.062258
3   38010  1.520470e+10        0  ... -2.748967  118.831589   89.556694
4   38015  1.520657e+10        0  ...  0.726092  108.090302  105.365056
..    ...           ...      ...  ...       ...         ...         ...
93  38475  1.539047e+10        0  ...  1.016550   95.865408  103.680465
94  38480  1.539295e+10        0  ... -0.046495  104.790096   94.627736
95  38485  1.539533e+10        0  ... -0.926587  100.926415  105.850589
96  38490  1.539643e+10        0  ... -2.393503  103.437136  103.726216
97  38495  1.539860e+10        0  ...  2.012836   95.414905  114.898809

[98 rows x 26 columns]
S2 selection efficiency:  100.0 %
/n/holystore01/LABS/guenette_lab/Lab/data/NEXT/FLEX/mc/eres_22072022/full_sims/s6mmp7.8mm/kr83m/kdsts/sthresh/hdf5/flex.kr83m.76.kdsts.h5
     event          time  s1_peak  ...       Phi        Xrms        Yrms
0    38005  1.520360e+10        0  ...  1.636099   74.579724  119.611467
1    38010  1.520491e+10        0  ...  0.568725   98.288939   93.951528
2    38015  1.520778e+10        0  ...  0.691876  109.016044  102.408679
3    38020  1.520915e+10        0  ...  1.059779   50.782249   49.906242
4    38020  1.520915e+10        0  ...  1.088096   66.994517   67.664663
..     ...           ...      ...  ...       ...         ...         ...
97   38475  1.539006e+10        0  ...  1.611281   90.348935  116.348449
98   38480  1.539377e+10        0  ...  1.747759   90.377819  110.652609
99   38485  1.539530e+10        0  ... -0.363115  114.064617   81.758347
100  38490  1.539795e+10        0  ... -1.865970   97.354063  110.371991
101  38495  1.539825e+10        0  ...  0.385837  111.407700   95.770012

[102 rows x 26 columns]
S2 selection efficiency:  98.9247311827957 %
