Defining Conda Paths
Sourcing Conda
Finished!
/n/holystore01/LABS/guenette_lab/Lab/data/NEXT/FLEX/mc/eres_22072022/full_sims/s1.3mmp3.5mm/kr83m/kdsts/sthresh/hdf5/flex.kr83m.15.kdsts.h5
    event          time  s1_peak  ...       Phi        Xrms       Yrms
0    7500  3.000012e+09        0  ...  2.504159  252.680397  23.976400
1    7505  3.002497e+09        0  ...  1.899389  250.383519  21.403401
2    7510  3.005235e+09        0  ...  0.000483   46.229907  18.269161
3    7515  3.007650e+09        0  ...  1.627068  221.098500  19.021587
4    7520  3.008945e+09        0  ...  2.885919  370.290657  18.797856
..    ...           ...      ...  ...       ...         ...        ...
95   7970  3.188502e+09        0  ... -0.119428   23.017116  20.563812
96   7975  3.191530e+09        0  ... -1.758933   26.251915  24.283831
97   7980  3.193709e+09        0  ... -3.011627   36.522312  23.060688
98   7985  3.194069e+09        0  ...  3.013720  122.252739  18.805525
99   7990  3.196297e+09        0  ...  1.036639  193.880344  25.613774

[100 rows x 26 columns]
S2 selection efficiency:  100.0 %
/n/holystore01/LABS/guenette_lab/Lab/data/NEXT/FLEX/mc/eres_22072022/full_sims/s1.3mmp2.4mm/kr83m/kdsts/sthresh/hdf5/flex.kr83m.15.kdsts.h5
    event          time  s1_peak  ...       Phi       Xrms       Yrms
0    7500  3.001344e+09        0  ...  0.380752  30.420599  25.241064
1    7505  3.002373e+09        0  ...  0.833258  21.827830  23.327674
2    7510  3.004957e+09        0  ... -0.844882  23.774772  20.843951
3    7515  3.007351e+09        0  ...  2.530377  25.103326  23.740070
4    7520  3.008160e+09        0  ... -2.843213  22.938211  23.010502
..    ...           ...      ...  ...       ...        ...        ...
94   7975  3.191965e+09        0  ...  2.445149  20.330721  17.662614
95   7980  3.192475e+09        0  ... -1.444493  22.331343  27.989209
96   7985  3.194916e+09        0  ... -1.144409  24.593978  26.252427
97   7990  3.197741e+09        0  ... -0.750485  21.345793  23.164993
98   7995  3.199877e+09        0  ... -2.364568  29.812936  28.784109

[99 rows x 26 columns]
S2 selection efficiency:  100.0 %
/n/holystore01/LABS/guenette_lab/Lab/data/NEXT/FLEX/mc/eres_22072022/full_sims/s3mmp5.5mm/kr83m/kdsts/sthresh/hdf5/flex.kr83m.15.kdsts.h5
    event          time  s1_peak  ...       Phi       Xrms       Yrms
0    7500  3.001704e+09        0  ...  0.379756  38.409179  36.268456
1    7505  3.003765e+09        0  ...  1.632877  35.414244  36.348072
2    7510  3.004263e+09        0  ... -2.964122  35.531260  34.044881
3    7520  3.009353e+09        0  ...  2.925287  36.398946  35.427157
4    7525  3.010762e+09        0  ...  1.224262  36.788430  40.923937
..    ...           ...      ...  ...       ...        ...        ...
95   7975  3.191633e+09        0  ... -0.235320  37.198408  35.189701
96   7980  3.192143e+09        0  ...  2.260310  35.232496  37.427759
97   7985  3.195105e+09        0  ... -0.874474  37.196102  38.576644
98   7990  3.197218e+09        0  ... -3.053254  38.582036  32.651875
99   7995  3.199478e+09        0  ...  2.276145  34.711210  33.857007

[100 rows x 26 columns]
S2 selection efficiency:  100.0 %
/n/holystore01/LABS/guenette_lab/Lab/data/NEXT/FLEX/mc/eres_22072022/full_sims/s6mmp11mm/kr83m/kdsts/sthresh/hdf5/flex.kr83m.15.kdsts.h5
    event          time  s1_peak  ...       Phi        Xrms        Yrms
0    7500  3.000596e+09        0  ...  0.380788  114.115166   82.597251
1    7505  3.003743e+09        0  ...  0.846500   98.966777   98.854168
2    7510  3.004388e+09        0  ...  1.041158   91.181987  112.194141
3    7515  3.006369e+09        0  ... -2.684104  106.074531   79.510572
4    7520  3.008257e+09        0  ... -1.402759   83.834031  114.764258
..    ...           ...      ...  ...       ...         ...         ...
90   7965  3.186401e+09        0  ...  2.875843   59.476574   43.829093
91   7970  3.188600e+09        0  ... -1.789193   93.340166  115.103305
92   7980  3.193527e+09        0  ...  0.951298   88.346397  103.101707
93   7985  3.194662e+09        0  ...  2.375267  101.853724  103.167352
94   7990  3.197119e+09        0  ...  0.302591  123.663270   91.807979

[95 rows x 26 columns]
S2 selection efficiency:  100.0 %
/n/holystore01/LABS/guenette_lab/Lab/data/NEXT/FLEX/mc/eres_22072022/full_sims/s6mmp7.8mm/kr83m/kdsts/sthresh/hdf5/flex.kr83m.15.kdsts.h5
     event          time  s1_peak  ...       Phi        Xrms        Yrms
0     7500  3.001051e+09        0  ...  0.377340  113.585440   85.484529
1     7505  3.002823e+09        0  ... -1.572502   97.813112  110.662312
2     7510  3.005755e+09        0  ...  1.892085   93.706691  116.204473
3     7515  3.007121e+09        0  ... -2.662701  110.896071  103.210777
4     7520  3.009643e+09        0  ... -1.434269   81.142242  122.163475
..     ...           ...      ...  ...       ...         ...         ...
97    7975  3.191424e+09        0  ...  0.261660  117.136121   78.441714
98    7980  3.193769e+09        0  ...  2.597670  112.192811   92.708283
99    7985  3.195873e+09        0  ...  0.207912  114.721427   96.665804
100   7990  3.196758e+09        0  ... -3.105244  129.899027   99.737489
101   7995  3.198585e+09        0  ... -2.652999  117.773246  100.456608

[102 rows x 26 columns]
S2 selection efficiency:  100.0 %
