Defining Conda Paths
Sourcing Conda
Finished!
/n/holystore01/LABS/guenette_lab/Lab/data/NEXT/FLEX/mc/eres_22072022/full_sims/s1.3mmp3.5mm/kr83m/kdsts/sthresh/hdf5/flex.kr83m.62.kdsts.h5
    event          time  s1_peak  ...       Phi        Xrms       Yrms
0   31000  1.240106e+10        0  ... -1.492203   23.965530  26.292019
1   31005  1.240266e+10        0  ...  1.556858  233.959011  21.819552
2   31010  1.240485e+10        0  ...  0.542951   84.537644  20.255903
3   31015  1.240791e+10        0  ... -0.134966   30.446621  24.009551
4   31020  1.240815e+10        0  ... -1.324102   25.389098  20.920718
..    ...           ...      ...  ...       ...         ...        ...
94  31475  1.259119e+10        0  ... -0.558116   24.088028  22.067039
95  31480  1.259226e+10        0  ...  0.016913   62.234255  21.861386
96  31485  1.259546e+10        0  ... -0.693466   23.202053  24.000557
97  31490  1.259755e+10        0  ...  2.161351  200.343270  24.976707
98  31495  1.259899e+10        0  ... -1.655398   20.659727  21.827746

[99 rows x 26 columns]
S2 selection efficiency:  100.0 %
/n/holystore01/LABS/guenette_lab/Lab/data/NEXT/FLEX/mc/eres_22072022/full_sims/s1.3mmp2.4mm/kr83m/kdsts/sthresh/hdf5/flex.kr83m.62.kdsts.h5
    event          time  s1_peak  ...       Phi       Xrms       Yrms
0   31000  1.240161e+10        0  ... -1.493123  24.389305  24.501111
1   31005  1.240215e+10        0  ... -1.409586  24.961268  30.626915
2   31010  1.240474e+10        0  ...  0.267048  27.400617  24.694514
3   31015  1.240633e+10        0  ...  2.710088  24.610613  23.615234
4   31020  1.240831e+10        0  ...  1.062148  25.396396  25.261832
..    ...           ...      ...  ...       ...        ...        ...
94  31475  1.259029e+10        0  ... -1.829205  23.660550  24.507531
95  31480  1.259240e+10        0  ... -1.720936  21.329331  22.795275
96  31485  1.259561e+10        0  ...  2.138037  23.703533  26.456925
97  31490  1.259610e+10        0  ...  0.661437  27.908424  26.433086
98  31495  1.259838e+10        0  ... -0.208386  26.454337  21.571648

[99 rows x 26 columns]
S2 selection efficiency:  100.0 %
/n/holystore01/LABS/guenette_lab/Lab/data/NEXT/FLEX/mc/eres_22072022/full_sims/s3mmp5.5mm/kr83m/kdsts/sthresh/hdf5/flex.kr83m.62.kdsts.h5
    event          time  s1_peak  ...       Phi       Xrms       Yrms
0   31000  1.240064e+10        0  ... -1.493848  37.450844  40.607901
1   31010  1.240521e+10        0  ... -3.009257  39.458537  34.596369
2   31015  1.240689e+10        0  ... -0.920983  37.969193  39.780594
3   31020  1.240889e+10        0  ...  2.147558  31.569442  31.931879
4   31025  1.241098e+10        0  ... -0.075286  35.977089  34.730655
..    ...           ...      ...  ...       ...        ...        ...
91  31475  1.259078e+10        0  ...  1.867812  35.753676  37.633099
92  31480  1.259233e+10        0  ... -0.816956  35.516359  35.729703
93  31485  1.259598e+10        0  ... -0.395013  38.100142  34.737038
94  31490  1.259702e+10        0  ...  2.240700  37.071851  37.269352
95  31495  1.259970e+10        0  ... -0.954352  35.481174  33.595658

[96 rows x 26 columns]
S2 selection efficiency:  100.0 %
/n/holystore01/LABS/guenette_lab/Lab/data/NEXT/FLEX/mc/eres_22072022/full_sims/s6mmp11mm/kr83m/kdsts/sthresh/hdf5/flex.kr83m.62.kdsts.h5
    event          time  s1_peak  ...       Phi        Xrms        Yrms
0   31000  1.240125e+10        0  ... -1.493951   89.625172  105.901630
1   31005  1.240210e+10        0  ... -0.367389  113.663707   84.280549
2   31010  1.240514e+10        0  ... -2.758668  109.562156   89.123924
3   31015  1.240776e+10        0  ...  0.578846   85.091158   70.871430
4   31020  1.240883e+10        0  ...  2.459279  106.290338  100.127044
..    ...           ...      ...  ...       ...         ...         ...
95  31475  1.259030e+10        1  ...  3.090993   94.912346   56.797695
96  31480  1.259303e+10        0  ...  2.396624   93.007906   93.216799
97  31485  1.259458e+10        0  ...  2.957629  116.585933   82.988129
98  31490  1.259763e+10        0  ... -1.471428   91.828431  108.707614
99  31495  1.259874e+10        0  ... -1.994201   81.062357  107.019352

[100 rows x 26 columns]
S2 selection efficiency:  100.0 %
/n/holystore01/LABS/guenette_lab/Lab/data/NEXT/FLEX/mc/eres_22072022/full_sims/s6mmp7.8mm/kr83m/kdsts/sthresh/hdf5/flex.kr83m.62.kdsts.h5
    event          time  s1_peak  ...       Phi        Xrms        Yrms
0   31000  1.240152e+10        0  ... -1.494541   94.454592  107.247829
1   31005  1.240244e+10        0  ... -3.124538  111.424494   94.865926
2   31010  1.240460e+10        0  ...  0.824683  103.374329  104.832864
3   31015  1.240771e+10        0  ...  0.465319  108.821661   96.404645
4   31020  1.240965e+10        0  ...  2.580805   97.867274   83.343558
..    ...           ...      ...  ...       ...         ...         ...
92  31480  1.259296e+10        0  ... -0.360105  113.531824   95.509011
93  31480  1.259296e+10        1  ... -0.360105  113.531824   95.509011
94  31485  1.259487e+10        0  ... -0.381965  100.192759   96.920184
95  31490  1.259696e+10        0  ... -1.591655   94.979429  110.955602
96  31495  1.259847e+10        0  ...  2.843067  110.007219   96.149380

[97 rows x 26 columns]
S2 selection efficiency:  100.0 %
