Defining Conda Paths
Sourcing Conda
Finished!
/n/holystore01/LABS/guenette_lab/Lab/data/NEXT/FLEX/mc/eres_22072022/full_sims/s1.3mmp3.5mm/kr83m/kdsts/sthresh/hdf5/flex.kr83m.19.kdsts.h5
    event          time  s1_peak  ...       Phi        Xrms       Yrms
0    9500  3.800417e+09        0  ... -2.815370   18.998123  23.114331
1    9505  3.802455e+09        0  ...  1.565072  230.071226  37.905840
2    9510  3.804113e+09        0  ...  1.624832  199.658473  18.663388
3    9515  3.807246e+09        0  ... -3.028752   32.834006  21.017754
4    9520  3.808806e+09        0  ...  0.128368   90.148229  22.332842
..    ...           ...      ...  ...       ...         ...        ...
95   9975  3.990170e+09        0  ... -0.003065   54.070360  24.624685
96   9980  3.992073e+09        0  ... -0.068737   28.824613  21.362797
97   9985  3.994172e+09        0  ...  1.580711  238.644106  22.513576
98   9990  3.997592e+09        0  ... -0.779187   26.556123  23.229027
99   9995  3.999681e+09        0  ...  1.875831  111.250107  18.586108

[100 rows x 26 columns]
S2 selection efficiency:  100.0 %
/n/holystore01/LABS/guenette_lab/Lab/data/NEXT/FLEX/mc/eres_22072022/full_sims/s1.3mmp2.4mm/kr83m/kdsts/sthresh/hdf5/flex.kr83m.19.kdsts.h5
    event          time  s1_peak  ...       Phi       Xrms       Yrms
0    9500  3.801223e+09        0  ... -2.813967  35.284618  25.170222
1    9515  3.807407e+09        0  ... -1.356736  22.768526  27.334517
2    9520  3.809844e+09        0  ... -2.406420  25.688961  23.689860
3    9525  3.811624e+09        0  ... -2.008328  23.899190  28.010218
4    9530  3.813063e+09        0  ...  2.116098  19.940221  20.205567
..    ...           ...      ...  ...       ...        ...        ...
93   9975  3.990035e+09        0  ... -2.181646  30.262182  27.825795
94   9980  3.992503e+09        0  ... -2.271738  25.410225  25.089442
95   9985  3.994918e+09        0  ...  1.029662  22.271736  23.153756
96   9990  3.996147e+09        0  ... -1.705787  23.869468  35.299935
97   9995  3.999108e+09        0  ... -0.851710  24.554403  26.068989

[98 rows x 26 columns]
S2 selection efficiency:  100.0 %
/n/holystore01/LABS/guenette_lab/Lab/data/NEXT/FLEX/mc/eres_22072022/full_sims/s3mmp5.5mm/kr83m/kdsts/sthresh/hdf5/flex.kr83m.19.kdsts.h5
     event          time  s1_peak  ...       Phi       Xrms       Yrms
0     9500  3.800957e+09        0  ... -2.815614  34.703713  34.443246
1     9505  3.802267e+09        0  ... -1.682466  35.987866  36.314013
2     9510  3.804540e+09        0  ...  1.496076  32.311635  38.459827
3     9515  3.806027e+09        0  ... -0.555476  37.439924  36.440750
4     9520  3.809263e+09        0  ...  1.877143  37.023688  40.334835
..     ...           ...      ...  ...       ...        ...        ...
98    9980  3.993823e+09        0  ... -2.869399  35.252062  34.861399
99    9985  3.994657e+09        0  ... -0.485627  40.871338  36.915892
100   9990  3.996149e+09        0  ...  1.749471  35.871629  40.553268
101   9990  3.996149e+09        1  ...  1.749471  35.871629  40.553268
102   9995  3.998340e+09        0  ... -1.407792  36.191845  37.927524

[103 rows x 26 columns]
S2 selection efficiency:  100.0 %
/n/holystore01/LABS/guenette_lab/Lab/data/NEXT/FLEX/mc/eres_22072022/full_sims/s6mmp11mm/kr83m/kdsts/sthresh/hdf5/flex.kr83m.19.kdsts.h5
     event          time  s1_peak  ...       Phi        Xrms        Yrms
0     9500  3.800027e+09        0  ... -2.813781  113.246642   78.196079
1     9505  3.802652e+09        0  ...  0.989272   96.311444  100.353659
2     9510  3.805469e+09        0  ... -2.164989   92.731254  107.690439
3     9515  3.806344e+09        0  ...  0.711087  109.752399  105.140174
4     9520  3.809611e+09        0  ...  2.587381  105.125641   95.202156
..     ...           ...      ...  ...       ...         ...         ...
98    9975  3.990997e+09        0  ...  0.364046  116.591767   95.492488
99    9980  3.993271e+09        0  ...  2.425543   99.198063   93.058769
100   9985  3.994844e+09        0  ...  1.397377   76.023501  111.798904
101   9990  3.996226e+09        0  ... -2.966573  111.862805   88.160080
102   9995  3.999577e+09        0  ...  1.395839   59.899897   87.216500

[103 rows x 26 columns]
S2 selection efficiency:  100.0 %
/n/holystore01/LABS/guenette_lab/Lab/data/NEXT/FLEX/mc/eres_22072022/full_sims/s6mmp7.8mm/kr83m/kdsts/sthresh/hdf5/flex.kr83m.19.kdsts.h5
     event          time  s1_peak  ...       Phi        Xrms        Yrms
0     9500  3.800306e+09        0  ... -2.812864  117.721095   78.833604
1     9505  3.802896e+09        0  ... -1.496875   77.877012  123.451558
2     9510  3.805837e+09        0  ...  0.859211   99.913544  104.303104
3     9515  3.807669e+09        0  ... -2.097192   84.676567  106.741757
4     9520  3.809187e+09        0  ...  1.937183   95.039040  104.831564
..     ...           ...      ...  ...       ...         ...         ...
96    9975  3.990687e+09        0  ... -1.316760   94.121917  119.477479
97    9980  3.992817e+09        0  ... -2.335206   98.687395  100.002000
98    9985  3.995415e+09        0  ...  2.560149  111.244346   97.653559
99    9990  3.996967e+09        0  ... -1.022494  100.113768  108.574816
100   9995  3.999624e+09        0  ...  2.909634  114.425790   93.991523

[101 rows x 26 columns]
S2 selection efficiency:  100.0 %
