Defining Conda Paths
Sourcing Conda
Finished!
/n/holystore01/LABS/guenette_lab/Lab/data/NEXT/FLEX/mc/eres_22072022/full_sims/s1.3mmp3.5mm/kr83m/kdsts/sthresh/hdf5/flex.kr83m.44.kdsts.h5
     event          time  s1_peak  ...       Phi        Xrms       Yrms
0    22000  8.800314e+09        0  ... -2.481093   26.118597  24.457561
1    22005  8.802113e+09        0  ...  3.137331   85.894258  22.533743
2    22010  8.805310e+09        0  ... -3.003765   43.886764  22.582275
3    22015  8.806056e+09        0  ... -2.626380   23.755270  21.141777
4    22020  8.809830e+09        0  ...  2.559715  101.645454  22.748583
..     ...           ...      ...  ...       ...         ...        ...
97   22475  8.990360e+09        1  ... -0.769534   29.006305  28.807277
98   22480  8.993559e+09        0  ... -1.828975   23.437372  21.030599
99   22485  8.994453e+09        0  ...  1.512637  223.179690  22.549089
100  22490  8.997059e+09        0  ... -0.858137   31.611353  27.515393
101  22495  8.998742e+09        0  ...  1.543612  211.129550  21.116778

[102 rows x 26 columns]
S2 selection efficiency:  100.0 %
/n/holystore01/LABS/guenette_lab/Lab/data/NEXT/FLEX/mc/eres_22072022/full_sims/s1.3mmp2.4mm/kr83m/kdsts/sthresh/hdf5/flex.kr83m.44.kdsts.h5
     event          time  s1_peak  ...       Phi       Xrms       Yrms
0    22000  8.801285e+09        0  ... -2.480363  23.604577  22.373116
1    22005  8.803635e+09        0  ... -3.081500  23.578698  20.273152
2    22010  8.805374e+09        0  ...  0.669544  23.172884  22.542739
3    22015  8.806909e+09        0  ... -2.185992  21.665240  29.701494
4    22020  8.809952e+09        0  ... -1.588157  22.782243  26.379080
..     ...           ...      ...  ...       ...        ...        ...
96   22480  8.993376e+09        0  ...  1.024931  23.556906  23.703531
97   22485  8.994936e+09        0  ... -2.463745  29.575646  26.869552
98   22485  8.994936e+09        1  ... -2.463745  29.575646  26.869552
99   22490  8.996686e+09        0  ... -0.280142  26.409677  22.835245
100  22495  8.998943e+09        0  ... -1.903571  23.813919  25.392803

[101 rows x 26 columns]
S2 selection efficiency:  100.0 %
/n/holystore01/LABS/guenette_lab/Lab/data/NEXT/FLEX/mc/eres_22072022/full_sims/s3mmp5.5mm/kr83m/kdsts/sthresh/hdf5/flex.kr83m.44.kdsts.h5
    event          time  s1_peak  ...       Phi       Xrms       Yrms
0   22000  8.800989e+09        0  ... -2.478510  37.984032  35.150585
1   22005  8.803025e+09        0  ... -0.231997  36.164589  33.981733
2   22010  8.804114e+09        0  ... -3.081878  37.414344  35.165973
3   22015  8.806289e+09        0  ... -2.521148  33.846977  33.265272
4   22020  8.809811e+09        0  ...  0.712280  36.545639  38.016522
..    ...           ...      ...  ...       ...        ...        ...
95  22475  8.990448e+09        0  ...  0.537796  36.547233  33.808811
96  22480  8.993932e+09        0  ...  2.283472  36.641664  35.982864
97  22485  8.994503e+09        0  ... -1.829079  33.587336  38.266965
98  22490  8.997614e+09        0  ...  0.278441  29.473016  26.968920
99  22495  8.999406e+09        0  ... -1.909375  28.595686  30.204092

[100 rows x 26 columns]
S2 selection efficiency:  100.0 %
/n/holystore01/LABS/guenette_lab/Lab/data/NEXT/FLEX/mc/eres_22072022/full_sims/s6mmp11mm/kr83m/kdsts/sthresh/hdf5/flex.kr83m.44.kdsts.h5
     event          time  s1_peak  ...       Phi        Xrms        Yrms
0    22000  8.800927e+09        0  ... -2.483221   95.770638   95.411348
1    22005  8.802104e+09        0  ...  1.849847   83.233042  109.843225
2    22010  8.805521e+09        0  ... -2.177348  100.929268  103.071905
3    22015  8.806938e+09        0  ... -1.121311   96.664964  104.880359
4    22020  8.808621e+09        0  ...  1.517503   84.034394  104.937951
..     ...           ...      ...  ...       ...         ...         ...
97   22475  8.991235e+09        0  ...  0.022821  118.701562   88.051628
98   22480  8.993291e+09        0  ...  2.811132  107.248076   79.276289
99   22485  8.995150e+09        0  ... -1.118048   90.996779  106.449354
100  22490  8.997554e+09        0  ... -0.316449  113.183860   78.455071
101  22495  8.998071e+09        0  ...  1.724834   76.403192  112.432418

[102 rows x 26 columns]
S2 selection efficiency:  100.0 %
/n/holystore01/LABS/guenette_lab/Lab/data/NEXT/FLEX/mc/eres_22072022/full_sims/s6mmp7.8mm/kr83m/kdsts/sthresh/hdf5/flex.kr83m.44.kdsts.h5
    event          time  s1_peak  ...       Phi        Xrms        Yrms
0   22000  8.800392e+09        0  ... -2.474752   97.575932   93.882403
1   22005  8.803720e+09        0  ... -1.405444   86.606837  111.687105
2   22010  8.805665e+09        0  ...  0.588930  113.493732   99.782686
3   22015  8.807698e+09        0  ... -1.203227   79.720236  117.806592
4   22020  8.808070e+09        0  ... -2.980128  100.530565   97.944250
..    ...           ...      ...  ...       ...         ...         ...
94  22470  8.988387e+09        0  ...  1.347834   95.965811  103.909111
95  22475  8.990295e+09        0  ... -2.583737  105.794412   88.350966
96  22480  8.992408e+09        0  ...  1.351071  100.863554  104.279281
97  22485  8.994912e+09        0  ...  1.386845   92.705593  115.764077
98  22495  8.998464e+09        0  ...  2.669917  115.908536   96.758907

[99 rows x 26 columns]
S2 selection efficiency:  98.88888888888889 %
