Defining Conda Paths
Sourcing Conda
Finished!
/n/holystore01/LABS/guenette_lab/Lab/data/NEXT/FLEX/mc/eres_22072022/full_sims/s1.3mmp3.5mm/kr83m/kdsts/sthresh/hdf5/flex.kr83m.9.kdsts.h5
     event          time  s1_peak  ...       Phi        Xrms       Yrms
0     4500  1.800811e+09        0  ... -1.703774   28.122758  49.665447
1     4505  1.802481e+09        0  ...  1.657580  209.280334  24.336444
2     4510  1.805249e+09        0  ... -1.311427   21.953415  27.570835
3     4515  1.807572e+09        0  ... -2.760212   34.231626  22.407360
4     4520  1.808996e+09        0  ...  2.637416  127.114820  21.035546
..     ...           ...      ...  ...       ...         ...        ...
96    4975  1.991008e+09        0  ...  1.674526  252.050393  22.194936
97    4980  1.993280e+09        0  ... -2.332452   25.153777  24.051553
98    4985  1.995913e+09        0  ...  3.126623   36.283355  18.433431
99    4990  1.996188e+09        0  ...  3.140490   95.696934  23.974393
100   4995  1.998041e+09        0  ...  1.577054  253.845124  24.574020

[101 rows x 26 columns]
S2 selection efficiency:  100.0 %
/n/holystore01/LABS/guenette_lab/Lab/data/NEXT/FLEX/mc/eres_22072022/full_sims/s1.3mmp2.4mm/kr83m/kdsts/sthresh/hdf5/flex.kr83m.9.kdsts.h5
    event          time  s1_peak  ...       Phi       Xrms       Yrms
0    4500  1.801437e+09        0  ... -1.703282  25.074320  35.787413
1    4505  1.803698e+09        0  ...  0.535471  23.049353  23.469295
2    4510  1.804583e+09        0  ...  2.146323  23.879971  29.360410
3    4515  1.806231e+09        0  ...  0.588502  25.092909  29.824983
4    4520  1.808853e+09        0  ... -0.039795  26.065866  24.608341
..    ...           ...      ...  ...       ...        ...        ...
95   4975  1.991651e+09        0  ...  1.576419  20.830374  24.277680
96   4980  1.993362e+09        0  ... -1.298213  23.171279  24.784426
97   4985  1.995433e+09        0  ...  0.737600  24.807435  22.367860
98   4990  1.996270e+09        0  ... -0.436453  31.817461  25.946486
99   4995  1.999176e+09        0  ... -0.177298  35.684498  28.470585

[100 rows x 26 columns]
S2 selection efficiency:  100.0 %
/n/holystore01/LABS/guenette_lab/Lab/data/NEXT/FLEX/mc/eres_22072022/full_sims/s3mmp5.5mm/kr83m/kdsts/sthresh/hdf5/flex.kr83m.9.kdsts.h5
    event          time  s1_peak  ...       Phi       Xrms       Yrms
0    4500  1.800444e+09        0  ... -1.704370  27.654448  33.340406
1    4505  1.803267e+09        0  ... -2.969726  39.425746  34.969839
2    4510  1.804020e+09        0  ...  0.851210  36.986752  36.204160
3    4515  1.806199e+09        0  ... -0.653599  39.804111  34.012650
4    4520  1.808278e+09        0  ...  2.492178  38.201643  36.800543
..    ...           ...      ...  ...       ...        ...        ...
95   4975  1.991220e+09        0  ... -1.554313  35.128196  39.040174
96   4980  1.992381e+09        0  ... -2.443988  35.645831  35.264442
97   4985  1.994357e+09        0  ...  1.543670  35.662518  36.467731
98   4990  1.996941e+09        0  ... -2.972002  34.727640  33.674334
99   4995  1.998959e+09        0  ...  1.543005  34.868502  34.673765

[100 rows x 26 columns]
S2 selection efficiency:  100.0 %
/n/holystore01/LABS/guenette_lab/Lab/data/NEXT/FLEX/mc/eres_22072022/full_sims/s6mmp11mm/kr83m/kdsts/sthresh/hdf5/flex.kr83m.9.kdsts.h5
    event          time  s1_peak  ...       Phi        Xrms        Yrms
0    4500  1.800598e+09        0  ... -1.701847   51.627834   73.485895
1    4505  1.802666e+09        0  ... -0.114882  103.632604   90.242794
2    4510  1.804594e+09        0  ...  0.419095   98.260425   72.159416
3    4515  1.806438e+09        0  ... -0.799808  102.544088  101.126573
4    4520  1.809744e+09        0  ...  3.071586  123.845671   85.615364
..    ...           ...      ...  ...       ...         ...         ...
95   4975  1.991164e+09        0  ...  1.911380   96.775728  130.173316
96   4980  1.992162e+09        0  ... -1.632558   96.103673  107.205314
97   4985  1.994234e+09        0  ...  1.582163   80.657589  120.596198
98   4990  1.997784e+09        0  ...  1.643663   87.313288  122.958579
99   4995  1.999357e+09        0  ...  0.652111  107.578930   97.955378

[100 rows x 26 columns]
S2 selection efficiency:  100.0 %
/n/holystore01/LABS/guenette_lab/Lab/data/NEXT/FLEX/mc/eres_22072022/full_sims/s6mmp7.8mm/kr83m/kdsts/sthresh/hdf5/flex.kr83m.9.kdsts.h5
    event          time  s1_peak  ...       Phi        Xrms        Yrms
0    4500  1.800791e+09        0  ... -1.704582   51.634537   70.527526
1    4505  1.802788e+09        0  ... -1.993290   94.895168  107.870414
2    4510  1.804189e+09        0  ...  2.329679  102.921127  105.970795
3    4515  1.807433e+09        0  ...  0.271612  111.769293   97.218566
4    4520  1.809045e+09        0  ...  0.590434  104.678193  103.017194
..    ...           ...      ...  ...       ...         ...         ...
94   4975  1.991427e+09        0  ... -0.681944  112.324450  106.521111
95   4980  1.992224e+09        0  ...  3.044854  114.887252   71.931055
96   4985  1.994298e+09        0  ... -0.886667   99.010632  106.232463
97   4990  1.997164e+09        0  ... -1.033185   95.311416  114.158085
98   4995  1.999620e+09        0  ...  1.990487   95.391300  121.870239

[99 rows x 26 columns]
S2 selection efficiency:  100.0 %
