Defining Conda Paths
Sourcing Conda
Finished!
/n/holystore01/LABS/guenette_lab/Lab/data/NEXT/FLEX/mc/eres_22072022/full_sims/s1.3mmp3.5mm/kr83m/kdsts/sthresh/hdf5/flex.kr83m.29.kdsts.h5
     event          time  s1_peak  ...       Phi        Xrms       Yrms
0    14500  5.801872e+09        0  ... -2.649437   23.633533  23.724000
1    14505  5.803800e+09        0  ...  1.634382  241.935183  28.523469
2    14510  5.804886e+09        0  ...  1.512370  226.300600  20.941023
3    14515  5.806330e+09        0  ... -2.185640   28.526396  27.130624
4    14520  5.809248e+09        0  ... -0.018880   34.794565  20.557126
..     ...           ...      ...  ...       ...         ...        ...
97   14980  5.992469e+09        0  ... -2.388123   34.653504  29.852824
98   14985  5.994337e+09        0  ... -2.266031   22.246653  26.578014
99   14985  5.994337e+09        1  ... -2.266031   22.246653  26.578014
100  14990  5.996128e+09        0  ...  1.552401  233.216705  25.674913
101  14995  5.998369e+09        0  ... -2.392546   32.858487  28.261701

[102 rows x 26 columns]
S2 selection efficiency:  100.0 %
/n/holystore01/LABS/guenette_lab/Lab/data/NEXT/FLEX/mc/eres_22072022/full_sims/s1.3mmp2.4mm/kr83m/kdsts/sthresh/hdf5/flex.kr83m.29.kdsts.h5
     event          time  s1_peak  ...       Phi       Xrms       Yrms
0    14500  5.800073e+09        0  ... -2.650679  27.158732  26.115438
1    14505  5.802474e+09        0  ... -3.024911  21.618341  21.592752
2    14510  5.805970e+09        0  ... -2.422547  26.298810  22.672738
3    14515  5.806697e+09        0  ...  2.525801  18.731679  18.793630
4    14520  5.809966e+09        0  ...  0.142578  40.515885  26.539738
..     ...           ...      ...  ...       ...        ...        ...
98   14970  5.989703e+09        0  ...  0.555780  25.953525  26.497486
99   14975  5.990331e+09        0  ...  0.243649  34.468090  28.475406
100  14985  5.995708e+09        0  ...  0.812362  27.307567  28.223293
101  14990  5.997061e+09        0  ... -1.135593  23.396230  25.610972
102  14995  5.998915e+09        0  ... -0.439007  19.270768  20.529573

[103 rows x 26 columns]
S2 selection efficiency:  100.0 %
/n/holystore01/LABS/guenette_lab/Lab/data/NEXT/FLEX/mc/eres_22072022/full_sims/s3mmp5.5mm/kr83m/kdsts/sthresh/hdf5/flex.kr83m.29.kdsts.h5
    event          time  s1_peak  ...       Phi       Xrms       Yrms
0   14500  5.800867e+09        0  ... -2.649857  35.586230  35.223121
1   14510  5.805354e+09        0  ... -1.619971  35.569395  34.997096
2   14515  5.806831e+09        0  ... -1.935403  35.337269  35.412352
3   14520  5.808508e+09        0  ...  1.047355  29.773879  32.068711
4   14525  5.811904e+09        0  ...  2.193753  32.989195  31.362224
..    ...           ...      ...  ...       ...        ...        ...
93  14965  5.986521e+09        1  ...  1.719142  34.403058  34.492229
94  14975  5.990761e+09        0  ...  2.749522  33.107210  31.550536
95  14980  5.992347e+09        0  ...  2.589656  38.512989  36.462520
96  14985  5.995448e+09        0  ... -2.620820  33.343145  33.009178
97  14995  5.999508e+09        0  ...  0.441521  34.733361  34.622451

[98 rows x 26 columns]
S2 selection efficiency:  100.0 %
/n/holystore01/LABS/guenette_lab/Lab/data/NEXT/FLEX/mc/eres_22072022/full_sims/s6mmp11mm/kr83m/kdsts/sthresh/hdf5/flex.kr83m.29.kdsts.h5
     event          time  s1_peak  ...       Phi        Xrms        Yrms
0    14500  5.800365e+09        0  ... -2.644917   95.400264   92.604679
1    14505  5.802212e+09        0  ... -0.563475  100.441664   93.239546
2    14510  5.804922e+09        0  ... -1.236363   93.097816  110.162273
3    14515  5.807317e+09        0  ...  1.130868  102.560897  109.269315
4    14520  5.809076e+09        0  ... -0.001547  107.596419   97.042946
..     ...           ...      ...  ...       ...         ...         ...
99   14975  5.990629e+09        0  ...  0.465096  108.198946   91.793257
100  14980  5.993206e+09        0  ...  1.310390   91.007449  112.547995
101  14985  5.995992e+09        0  ... -0.074421  108.235245   94.906075
102  14985  5.995992e+09        1  ... -0.074421  108.235245   94.906075
103  14990  5.997836e+09        0  ...  0.469323  102.900493   93.842749

[104 rows x 26 columns]
S2 selection efficiency:  100.0 %
/n/holystore01/LABS/guenette_lab/Lab/data/NEXT/FLEX/mc/eres_22072022/full_sims/s6mmp7.8mm/kr83m/kdsts/sthresh/hdf5/flex.kr83m.29.kdsts.h5
    event          time  s1_peak  ...       Phi        Xrms        Yrms
0   14500  5.801870e+09        0  ... -2.662242   99.395011   96.290137
1   14505  5.802632e+09        0  ...  1.743737   91.679823  136.307120
2   14510  5.805698e+09        0  ... -0.279779  117.518118   80.044817
3   14515  5.806724e+09        0  ...  2.202091  105.277784  109.152701
4   14520  5.809938e+09        0  ... -0.451106  103.997138   97.180984
..    ...           ...      ...  ...       ...         ...         ...
94  14980  5.993822e+09        0  ...  2.086139   88.426747  109.910276
95  14980  5.993822e+09        1  ...  2.086139   88.426747  109.910276
96  14985  5.994864e+09        0  ...  2.260799   96.116098  107.744947
97  14990  5.997631e+09        0  ... -1.426504   96.189174  105.244167
98  14995  5.999223e+09        0  ... -2.441145  108.509804  105.862547

[99 rows x 26 columns]
S2 selection efficiency:  100.0 %
