Defining Conda Paths
Sourcing Conda
Finished!
/n/holystore01/LABS/guenette_lab/Lab/data/NEXT/FLEX/mc/eres_22072022/full_sims/s1.3mmp3.5mm/kr83m/kdsts/sthresh/hdf5/flex.kr83m.51.kdsts.h5
    event          time  s1_peak  ...       Phi        Xrms       Yrms
0   25500  1.020185e+10        0  ... -1.119986   23.968702  28.117771
1   25505  1.020249e+10        0  ...  1.096819  101.439441  22.313945
2   25510  1.020466e+10        0  ... -2.730003   28.618793  21.684598
3   25515  1.020694e+10        0  ... -2.326063   21.434926  22.094519
4   25520  1.020810e+10        0  ... -0.522928   28.647583  23.209044
..    ...           ...      ...  ...       ...         ...        ...
95  25970  1.038963e+10        0  ... -2.499347   16.340496  18.226387
96  25975  1.039173e+10        0  ... -1.972801   23.106242  23.636433
97  25980  1.039345e+10        0  ...  1.556349  231.050889  18.217592
98  25990  1.039757e+10        0  ...  1.546902  220.761001  23.567526
99  25995  1.039957e+10        0  ... -0.280238   25.152243  20.352964

[100 rows x 26 columns]
S2 selection efficiency:  100.0 %
/n/holystore01/LABS/guenette_lab/Lab/data/NEXT/FLEX/mc/eres_22072022/full_sims/s1.3mmp2.4mm/kr83m/kdsts/sthresh/hdf5/flex.kr83m.51.kdsts.h5
    event          time  s1_peak  ...       Phi       Xrms       Yrms
0   25505  1.020383e+10        0  ... -1.023409  20.604889  25.790675
1   25510  1.020566e+10        0  ...  0.456521  33.071332  26.584957
2   25515  1.020637e+10        0  ... -0.586744  25.231393  25.876453
3   25520  1.020949e+10        0  ... -1.746239  24.720969  30.898186
4   25525  1.021192e+10        0  ... -0.213945  26.317715  20.808585
..    ...           ...      ...  ...       ...        ...        ...
92  25975  1.039131e+10        0  ...  0.062882  20.647812  19.125422
93  25980  1.039226e+10        0  ... -1.155118  28.553429  31.570718
94  25985  1.039598e+10        0  ...  2.953209  25.015574  22.595285
95  25990  1.039722e+10        0  ...  1.225281  21.625560  25.420052
96  25995  1.039992e+10        0  ...  0.989708  26.691730  29.536519

[97 rows x 26 columns]
S2 selection efficiency:  100.0 %
/n/holystore01/LABS/guenette_lab/Lab/data/NEXT/FLEX/mc/eres_22072022/full_sims/s3mmp5.5mm/kr83m/kdsts/sthresh/hdf5/flex.kr83m.51.kdsts.h5
    event          time  s1_peak  ...       Phi       Xrms       Yrms
0   25500  1.020051e+10        0  ... -1.119608  35.152934  36.345989
1   25505  1.020239e+10        0  ...  1.368102  36.490827  40.140948
2   25510  1.020458e+10        0  ... -1.176862  38.396121  39.198076
3   25515  1.020713e+10        0  ... -0.293864  35.456192  32.619287
4   25520  1.020808e+10        0  ... -1.585416  34.623509  38.998892
..    ...           ...      ...  ...       ...        ...        ...
91  25980  1.039266e+10        0  ... -2.030775  34.662135  35.803437
92  25980  1.039266e+10        1  ... -2.030775  34.662135  35.803437
93  25985  1.039494e+10        0  ...  2.132824  37.964049  40.863339
94  25990  1.039685e+10        0  ... -1.164357  35.351212  37.942584
95  25995  1.039853e+10        0  ...  2.154621  37.332154  34.833844

[96 rows x 26 columns]
S2 selection efficiency:  100.0 %
/n/holystore01/LABS/guenette_lab/Lab/data/NEXT/FLEX/mc/eres_22072022/full_sims/s6mmp11mm/kr83m/kdsts/sthresh/hdf5/flex.kr83m.51.kdsts.h5
     event          time  s1_peak  ...       Phi        Xrms        Yrms
0    25500  1.020192e+10        0  ... -1.122185   93.829513  112.370220
1    25505  1.020296e+10        0  ...  1.853776   78.919830  114.800297
2    25510  1.020499e+10        0  ... -0.996328   92.343453  104.633442
3    25515  1.020768e+10        0  ...  0.995521   98.719247  116.819438
4    25520  1.020994e+10        0  ... -0.369268  110.796528   87.931547
..     ...           ...      ...  ...       ...         ...         ...
99   25975  1.039125e+10        0  ...  3.115983  124.112539   79.049074
100  25980  1.039248e+10        0  ... -2.382001  107.973480  107.153892
101  25985  1.039419e+10        0  ... -2.997201  120.645355   86.467617
102  25990  1.039607e+10        0  ... -1.591354   99.334710  109.540235
103  25995  1.039940e+10        0  ... -2.132787   90.654634  110.554086

[104 rows x 26 columns]
S2 selection efficiency:  100.0 %
/n/holystore01/LABS/guenette_lab/Lab/data/NEXT/FLEX/mc/eres_22072022/full_sims/s6mmp7.8mm/kr83m/kdsts/sthresh/hdf5/flex.kr83m.51.kdsts.h5
     event          time  s1_peak  ...       Phi        Xrms        Yrms
0    25500  1.020003e+10        0  ... -1.118241   92.716765  118.178557
1    25505  1.020281e+10        0  ...  1.693489   99.308007  108.595926
2    25510  1.020502e+10        0  ... -2.874906  110.351251   92.526000
3    25520  1.020807e+10        0  ... -0.954370   86.903520  100.438019
4    25525  1.021102e+10        0  ... -2.214246  107.025181  112.835909
..     ...           ...      ...  ...       ...         ...         ...
97   25980  1.039201e+10        0  ... -0.070825  117.531514   80.263394
98   25980  1.039201e+10        1  ... -0.070825  117.531514   80.263394
99   25985  1.039568e+10        0  ... -2.747386  104.182254   95.403243
100  25990  1.039701e+10        0  ...  0.332488  112.735947   96.092699
101  25995  1.039929e+10        0  ...  2.483082  109.181005  100.309370

[102 rows x 26 columns]
S2 selection efficiency:  100.0 %
