Defining Conda Paths
Sourcing Conda
Finished!
/n/holystore01/LABS/guenette_lab/Lab/data/NEXT/FLEX/mc/eres_22072022/full_sims/s1.3mmp3.5mm/kr83m/kdsts/sthresh/hdf5/flex.kr83m.99.kdsts.h5
     event          time  s1_peak  ...       Phi        Xrms       Yrms
0    49500  1.980016e+10        0  ... -0.487276   19.543766  19.806462
1    49505  1.980245e+10        0  ... -3.113491   51.965136  16.851182
2    49510  1.980521e+10        0  ...  2.046196  232.361681  25.657382
3    49515  1.980656e+10        0  ...  1.577133  228.536273  19.320579
4    49520  1.980819e+10        0  ...  2.134044  213.843463  23.542811
..     ...           ...      ...  ...       ...         ...        ...
98   49975  1.999097e+10        0  ...  3.099850   64.314784  23.110262
99   49980  1.999221e+10        0  ...  2.859477  296.481612  21.471392
100  49985  1.999454e+10        0  ...  1.680662  244.325532  19.504019
101  49990  1.999671e+10        0  ... -2.979576   27.228408  19.060968
102  49995  1.999953e+10        0  ...  2.990881  152.196803  18.283472

[103 rows x 26 columns]
S2 selection efficiency:  100.0 %
/n/holystore01/LABS/guenette_lab/Lab/data/NEXT/FLEX/mc/eres_22072022/full_sims/s1.3mmp2.4mm/kr83m/kdsts/sthresh/hdf5/flex.kr83m.99.kdsts.h5
    event          time  s1_peak  ...       Phi       Xrms       Yrms
0   49500  1.980081e+10        0  ... -0.484114  20.364247  22.205371
1   49505  1.980272e+10        0  ...  1.244654  20.561740  23.758104
2   49510  1.980517e+10        0  ... -1.409898  21.489671  25.066436
3   49510  1.980517e+10        1  ... -1.409898  21.489671  25.066436
4   49515  1.980786e+10        0  ... -2.743183  25.075841  21.584838
..    ...           ...      ...  ...       ...        ...        ...
95  49975  1.999026e+10        0  ...  1.969323  23.411519  27.987711
96  49980  1.999228e+10        0  ...  2.886543  27.115405  26.516662
97  49985  1.999402e+10        0  ...  0.719304  24.504353  23.472480
98  49990  1.999723e+10        0  ... -1.647477  22.502260  20.646740
99  49995  1.999861e+10        0  ...  0.119117  23.629885  23.219442

[100 rows x 26 columns]
S2 selection efficiency:  100.0 %
/n/holystore01/LABS/guenette_lab/Lab/data/NEXT/FLEX/mc/eres_22072022/full_sims/s3mmp5.5mm/kr83m/kdsts/sthresh/hdf5/flex.kr83m.99.kdsts.h5
    event          time  s1_peak  ...       Phi       Xrms       Yrms
0   49500  1.980042e+10        0  ... -0.481960  34.562478  34.185401
1   49510  1.980598e+10        0  ... -0.531859  38.402005  36.125696
2   49515  1.980689e+10        0  ... -0.266534  41.651342  36.145054
3   49520  1.980887e+10        0  ...  1.414755  34.491529  40.071474
4   49520  1.980887e+10        1  ...  1.414755  34.491529  40.071474
..    ...           ...      ...  ...       ...        ...        ...
93  49975  1.999062e+10        0  ... -2.118465  36.110480  37.259513
94  49980  1.999251e+10        0  ... -0.345410  38.171998  35.460702
95  49985  1.999519e+10        0  ... -0.932118  34.813663  35.266833
96  49990  1.999685e+10        0  ... -3.119655  42.918935  36.007172
97  49995  1.999837e+10        0  ... -2.381226  38.039928  39.254155

[98 rows x 26 columns]
S2 selection efficiency:  100.0 %
/n/holystore01/LABS/guenette_lab/Lab/data/NEXT/FLEX/mc/eres_22072022/full_sims/s6mmp11mm/kr83m/kdsts/sthresh/hdf5/flex.kr83m.99.kdsts.h5
    event          time  s1_peak  ...       Phi        Xrms        Yrms
0   49500  1.980039e+10        0  ... -0.479711  103.814294   98.118613
1   49505  1.980242e+10        0  ...  1.009363   97.890584  110.893333
2   49515  1.980784e+10        0  ...  2.992361  113.805002   80.887561
3   49520  1.980991e+10        0  ...  1.657994   90.774702  106.770421
4   49525  1.981064e+10        0  ... -2.146379   82.395614  100.599046
..    ...           ...      ...  ...       ...         ...         ...
93  49975  1.999097e+10        0  ... -0.876425   98.454390  102.049914
94  49980  1.999342e+10        0  ...  2.642843  113.395186   89.908230
95  49985  1.999507e+10        0  ...  2.539613   79.379807   70.028673
96  49990  1.999673e+10        0  ...  2.453896  100.554595  102.894562
97  49995  1.999849e+10        0  ...  2.492843  102.521848   94.382672

[98 rows x 26 columns]
S2 selection efficiency:  100.0 %
/n/holystore01/LABS/guenette_lab/Lab/data/NEXT/FLEX/mc/eres_22072022/full_sims/s6mmp7.8mm/kr83m/kdsts/sthresh/hdf5/flex.kr83m.99.kdsts.h5
    event          time  s1_peak  ...       Phi        Xrms        Yrms
0   49500  1.980057e+10        0  ... -0.489004  108.390936  101.215196
1   49500  1.980057e+10        1  ... -0.489004  108.390936  101.215196
2   49505  1.980251e+10        0  ... -2.286997   98.986042  100.177936
3   49510  1.980404e+10        0  ... -2.823751  105.181662   93.970928
4   49515  1.980711e+10        0  ... -2.580984  108.036273   99.836461
..    ...           ...      ...  ...       ...         ...         ...
89  49960  1.998576e+10        0  ... -0.492481  113.665100   90.554913
90  49970  1.998893e+10        0  ...  2.705136   99.271100   96.617636
91  49975  1.999130e+10        0  ... -2.178363  106.848024  108.699675
92  49985  1.999468e+10        0  ...  1.548487   86.218608  122.623551
93  49990  1.999657e+10        0  ... -1.465708   83.357745  133.615207

[94 rows x 26 columns]
S2 selection efficiency:  100.0 %
