Defining Conda Paths
Sourcing Conda
Finished!
/n/holystore01/LABS/guenette_lab/Lab/data/NEXT/FLEX/mc/eres_22072022/full_sims/s1.3mmp3.5mm/kr83m/kdsts/sthresh/hdf5/flex.kr83m.94.kdsts.h5
    event          time  s1_peak  ...       Phi        Xrms       Yrms
0   47000  1.880069e+10        0  ...  0.177581  203.936107  22.439434
1   47005  1.880248e+10        0  ... -2.081201   24.133331  26.491637
2   47010  1.880562e+10        0  ... -1.867087   23.460394  23.744387
3   47015  1.880710e+10        0  ...  0.460252  277.148791  22.363197
4   47015  1.880710e+10        1  ...  0.460252  277.148791  22.363197
..    ...           ...      ...  ...       ...         ...        ...
94  47475  1.899199e+10        0  ... -3.132499   57.100124  16.908329
95  47480  1.899210e+10        0  ... -0.036485   50.433478  15.655451
96  47485  1.899456e+10        0  ...  0.962519  269.004680  24.730769
97  47490  1.899708e+10        0  ...  3.032440  164.704313  23.944359
98  47495  1.899881e+10        0  ... -0.937869   26.690307  24.489836

[99 rows x 26 columns]
S2 selection efficiency:  100.0 %
/n/holystore01/LABS/guenette_lab/Lab/data/NEXT/FLEX/mc/eres_22072022/full_sims/s1.3mmp2.4mm/kr83m/kdsts/sthresh/hdf5/flex.kr83m.94.kdsts.h5
    event          time  s1_peak  ...       Phi       Xrms       Yrms
0   47000  1.880172e+10        0  ...  2.823799  25.508199  26.429662
1   47005  1.880224e+10        0  ...  0.225223  26.050864  22.485558
2   47010  1.880588e+10        0  ... -0.221995  23.564570  20.173580
3   47015  1.880706e+10        0  ... -1.177071  24.214188  25.131453
4   47020  1.880967e+10        0  ...  2.750001  21.559936  18.814509
..    ...           ...      ...  ...       ...        ...        ...
93  47475  1.899043e+10        0  ... -2.055093  24.593725  33.913926
94  47480  1.899393e+10        0  ... -1.574557  25.088282  25.641429
95  47485  1.899535e+10        0  ... -1.824622  24.884841  24.337983
96  47490  1.899602e+10        0  ... -2.118193  20.784262  20.228824
97  47495  1.899877e+10        0  ... -2.154140  23.913633  24.083985

[98 rows x 26 columns]
S2 selection efficiency:  100.0 %
/n/holystore01/LABS/guenette_lab/Lab/data/NEXT/FLEX/mc/eres_22072022/full_sims/s3mmp5.5mm/kr83m/kdsts/sthresh/hdf5/flex.kr83m.94.kdsts.h5
    event          time  s1_peak  ...       Phi       Xrms       Yrms
0   47000  1.880024e+10        0  ...  2.823342  39.977726  35.488674
1   47010  1.880421e+10        0  ... -0.164255  37.399362  35.516830
2   47015  1.880668e+10        0  ... -0.296512  36.870793  34.619360
3   47020  1.880975e+10        0  ...  0.354946  31.447532  32.293380
4   47025  1.881144e+10        0  ...  1.358684  32.793237  33.090745
..    ...           ...      ...  ...       ...        ...        ...
94  47480  1.899319e+10        0  ... -2.139614  35.139071  34.330001
95  47485  1.899441e+10        0  ... -0.066250  36.807964  35.781892
96  47485  1.899441e+10        1  ... -0.066250  36.807964  35.781892
97  47490  1.899702e+10        0  ... -1.509697  34.777547  37.418922
98  47495  1.899820e+10        0  ... -1.128215  36.367160  35.008823

[99 rows x 26 columns]
S2 selection efficiency:  100.0 %
/n/holystore01/LABS/guenette_lab/Lab/data/NEXT/FLEX/mc/eres_22072022/full_sims/s6mmp11mm/kr83m/kdsts/sthresh/hdf5/flex.kr83m.94.kdsts.h5
    event          time  s1_peak  ...       Phi        Xrms        Yrms
0   47000  1.880184e+10        0  ...  2.823877  111.976753   91.070182
1   47005  1.880374e+10        0  ...  2.398917   98.732422   96.395034
2   47010  1.880559e+10        0  ... -2.473679  100.103743   93.740204
3   47015  1.880740e+10        0  ... -0.012274  113.709181   70.677851
4   47025  1.881145e+10        0  ...  0.026909  116.567143   82.607032
..    ...           ...      ...  ...       ...         ...         ...
93  47475  1.899012e+10        0  ... -1.091121  100.692492  108.101252
94  47480  1.899354e+10        0  ... -0.974075   78.928858   93.099020
95  47485  1.899539e+10        0  ... -1.160208   95.720142  103.831263
96  47490  1.899765e+10        0  ...  1.538980   99.069992  107.923848
97  47495  1.899829e+10        0  ... -2.490446  104.190815   92.296751

[98 rows x 26 columns]
S2 selection efficiency:  100.0 %
/n/holystore01/LABS/guenette_lab/Lab/data/NEXT/FLEX/mc/eres_22072022/full_sims/s6mmp7.8mm/kr83m/kdsts/sthresh/hdf5/flex.kr83m.94.kdsts.h5
    event          time  s1_peak  ...       Phi        Xrms        Yrms
0   47000  1.880074e+10        0  ...  2.826182  118.530353   94.996098
1   47005  1.880397e+10        0  ...  1.339806  100.263958   99.930889
2   47010  1.880548e+10        0  ...  0.198818  118.566824   83.987975
3   47015  1.880743e+10        0  ...  0.918727  101.480658  101.610650
4   47020  1.880804e+10        0  ... -1.745919   93.938035  106.054605
..    ...           ...      ...  ...       ...         ...         ...
91  47475  1.899045e+10        0  ... -1.968459   84.819938  114.253264
92  47480  1.899331e+10        0  ... -1.262890   94.347072  108.306499
93  47485  1.899463e+10        0  ...  1.731730   99.870666  111.577208
94  47490  1.899662e+10        0  ...  1.073223  103.689933  121.306516
95  47495  1.899904e+10        0  ... -1.195161  100.774966  123.692410

[96 rows x 26 columns]
S2 selection efficiency:  100.0 %
