Defining Conda Paths
Sourcing Conda
Finished!
/n/holystore01/LABS/guenette_lab/Lab/data/NEXT/FLEX/mc/eres_22072022/full_sims/s1.3mmp3.5mm/kr83m/kdsts/sthresh/hdf5/flex.kr83m.92.kdsts.h5
    event          time  s1_peak  ...       Phi        Xrms       Yrms
0   46000  1.840034e+10        0  ... -2.616251   21.746274  19.804508
1   46010  1.840508e+10        0  ... -2.895808   18.322024  21.588530
2   46015  1.840697e+10        0  ... -2.593014   22.196650  23.448956
3   46020  1.840826e+10        0  ... -0.281964   21.159414  21.377004
4   46025  1.841043e+10        0  ... -0.792169   27.195075  22.281896
..    ...           ...      ...  ...       ...         ...        ...
93  46475  1.859089e+10        1  ...  2.262692  316.562881  19.782744
94  46480  1.859309e+10        0  ... -0.647195   31.205662  26.085649
95  46485  1.859455e+10        0  ...  0.936990  265.220789  20.909845
96  46490  1.859659e+10        0  ... -0.003242   59.235683  23.663784
97  46495  1.859964e+10        0  ... -1.378132   22.417538  25.266841

[98 rows x 26 columns]
S2 selection efficiency:  100.0 %
/n/holystore01/LABS/guenette_lab/Lab/data/NEXT/FLEX/mc/eres_22072022/full_sims/s1.3mmp2.4mm/kr83m/kdsts/sthresh/hdf5/flex.kr83m.92.kdsts.h5
     event          time  s1_peak  ...       Phi       Xrms       Yrms
0    46000  1.840109e+10        0  ... -2.616816  22.416224  21.149902
1    46005  1.840359e+10        0  ...  2.141687  27.018694  28.559540
2    46010  1.840415e+10        0  ...  1.118035  23.384059  27.442102
3    46015  1.840687e+10        0  ...  2.288621  20.837219  20.828893
4    46020  1.840826e+10        0  ... -2.676837  27.052483  24.452588
..     ...           ...      ...  ...       ...        ...        ...
99   46475  1.859175e+10        0  ...  1.046088  26.852443  32.922633
100  46480  1.859253e+10        0  ... -2.683172  24.604856  23.973243
101  46485  1.859454e+10        0  ...  2.161828  21.573260  23.954956
102  46490  1.859715e+10        0  ...  0.079783  29.893668  23.799663
103  46495  1.859984e+10        0  ...  0.340361  20.885307  21.442047

[104 rows x 26 columns]
S2 selection efficiency:  100.0 %
/n/holystore01/LABS/guenette_lab/Lab/data/NEXT/FLEX/mc/eres_22072022/full_sims/s3mmp5.5mm/kr83m/kdsts/sthresh/hdf5/flex.kr83m.92.kdsts.h5
    event          time  s1_peak  ...       Phi       Xrms       Yrms
0   46000  1.840047e+10        0  ... -2.616238  36.875505  36.446349
1   46005  1.840249e+10        0  ...  1.820522  29.460972  34.514654
2   46010  1.840478e+10        0  ...  0.471608  37.365008  35.992770
3   46015  1.840662e+10        0  ...  2.587891  36.382141  35.681654
4   46015  1.840662e+10        1  ...  2.587891  36.382141  35.681654
..    ...           ...      ...  ...       ...        ...        ...
92  46475  1.859041e+10        0  ... -0.351093  34.100958  35.323030
93  46480  1.859254e+10        0  ...  1.763594  30.121889  29.515560
94  46485  1.859536e+10        0  ... -3.045032  33.830019  35.358095
95  46490  1.859745e+10        0  ...  1.778195  35.821378  36.164115
96  46495  1.859985e+10        0  ...  1.525019  34.485493  40.454348

[97 rows x 26 columns]
S2 selection efficiency:  98.91304347826086 %
/n/holystore01/LABS/guenette_lab/Lab/data/NEXT/FLEX/mc/eres_22072022/full_sims/s6mmp11mm/kr83m/kdsts/sthresh/hdf5/flex.kr83m.92.kdsts.h5
     event          time  s1_peak  ...       Phi        Xrms        Yrms
0    46005  1.840346e+10        0  ...  0.286115  100.294561   94.253959
1    46010  1.840545e+10        0  ...  1.486644   99.324380  102.729555
2    46015  1.840690e+10        0  ... -2.387633   97.066673   93.269724
3    46020  1.840914e+10        0  ... -1.928652   96.276766  115.175475
4    46025  1.841015e+10        0  ...  3.095246   99.870098   95.943227
..     ...           ...      ...  ...       ...         ...         ...
96   46480  1.859327e+10        0  ... -0.458820  110.006788   90.571056
97   46480  1.859327e+10        1  ... -0.458820  110.006788   90.571056
98   46485  1.859414e+10        0  ...  1.727816   83.618044  115.700755
99   46490  1.859695e+10        0  ... -2.922012  107.210536   99.980220
100  46495  1.859960e+10        0  ... -2.262954   95.283180  100.245128

[101 rows x 26 columns]
S2 selection efficiency:  100.0 %
/n/holystore01/LABS/guenette_lab/Lab/data/NEXT/FLEX/mc/eres_22072022/full_sims/s6mmp7.8mm/kr83m/kdsts/sthresh/hdf5/flex.kr83m.92.kdsts.h5
     event          time  s1_peak  ...       Phi        Xrms        Yrms
0    46005  1.840265e+10        0  ...  2.581193  100.571471   98.238339
1    46010  1.840495e+10        0  ...  0.341781  124.515250   87.587224
2    46015  1.840787e+10        0  ...  2.813846  112.409718   96.808633
3    46020  1.840904e+10        0  ...  1.971446   95.714125  121.885838
4    46025  1.841085e+10        0  ...  0.114284  117.522828   85.452376
..     ...           ...      ...  ...       ...         ...         ...
99   46475  1.859005e+10        0  ...  1.684379   93.057410  101.819076
100  46480  1.859368e+10        0  ... -0.303224  127.509692   94.713777
101  46485  1.859571e+10        0  ... -1.920514   83.854347  121.493563
102  46490  1.859607e+10        0  ...  1.003638   96.186761  105.490773
103  46495  1.859926e+10        0  ... -2.846406  118.921901   83.575280

[104 rows x 26 columns]
S2 selection efficiency:  100.0 %
