Defining Conda Paths
Sourcing Conda
Finished!
/n/holystore01/LABS/guenette_lab/Lab/data/NEXT/FLEX/mc/eres_22072022/full_sims/s1.3mmp3.5mm/kr83m/kdsts/sthresh/hdf5/flex.kr83m.30.kdsts.h5
    event          time  s1_peak  ...       Phi        Xrms       Yrms
0   15000  6.001462e+09        0  ... -1.906513   26.268604  35.360552
1   15005  6.003896e+09        0  ...  2.608386  281.541588  21.918013
2   15010  6.005941e+09        0  ...  1.497419  247.317188  27.426580
3   15015  6.007400e+09        0  ... -0.278878   25.250434  24.403313
4   15020  6.009597e+09        0  ... -0.314265   23.579142  21.318671
..    ...           ...      ...  ...       ...         ...        ...
91  15480  6.193281e+09        0  ...  1.180287  218.258441  21.553522
92  15480  6.193281e+09        1  ...  1.180287  218.258441  21.553522
93  15485  6.195713e+09        0  ...  2.843388   78.116212  20.153953
94  15490  6.197827e+09        0  ...  2.667949  196.358691  22.793235
95  15495  6.198105e+09        0  ... -2.531230   32.388934  25.265652

[96 rows x 26 columns]
S2 selection efficiency:  100.0 %
/n/holystore01/LABS/guenette_lab/Lab/data/NEXT/FLEX/mc/eres_22072022/full_sims/s1.3mmp2.4mm/kr83m/kdsts/sthresh/hdf5/flex.kr83m.30.kdsts.h5
     event          time  s1_peak  ...       Phi       Xrms       Yrms
0    15000  6.001984e+09        0  ... -1.905745  26.342103  30.282483
1    15005  6.003910e+09        0  ...  0.003234  22.923775  21.286039
2    15010  6.005835e+09        0  ...  2.365783  30.162219  26.412437
3    15015  6.006307e+09        0  ... -2.374673  24.512096  24.035960
4    15020  6.009824e+09        0  ...  0.586856  22.597649  23.771930
..     ...           ...      ...  ...       ...        ...        ...
98   15475  6.191923e+09        0  ...  0.066571  24.134905  22.269766
99   15480  6.192332e+09        0  ... -2.024264  25.092268  23.868155
100  15485  6.195785e+09        0  ...  2.146311  23.495416  25.801305
101  15490  6.196713e+09        0  ... -1.948946  23.195192  24.970008
102  15495  6.198434e+09        0  ...  0.506852  27.697778  23.844258

[103 rows x 26 columns]
S2 selection efficiency:  100.0 %
/n/holystore01/LABS/guenette_lab/Lab/data/NEXT/FLEX/mc/eres_22072022/full_sims/s3mmp5.5mm/kr83m/kdsts/sthresh/hdf5/flex.kr83m.30.kdsts.h5
    event          time  s1_peak  ...       Phi       Xrms       Yrms
0   15000  6.000830e+09        0  ... -1.904178  33.201051  35.391975
1   15005  6.002277e+09        0  ...  1.862791  35.940110  39.025506
2   15010  6.004985e+09        0  ... -2.634639  39.153990  36.099346
3   15015  6.007946e+09        0  ... -1.208101  36.298875  36.424565
4   15020  6.009992e+09        0  ...  0.098707  42.136893  35.603273
..    ...           ...      ...  ...       ...        ...        ...
94  15475  6.190241e+09        0  ...  0.583609  34.953076  36.336421
95  15480  6.192869e+09        0  ... -1.721265  35.524504  35.174895
96  15485  6.195962e+09        0  ...  0.054550  42.720439  35.443289
97  15490  6.196234e+09        0  ...  1.529932  27.654505  25.201311
98  15495  6.198395e+09        0  ...  0.694502  38.990735  38.062530

[99 rows x 26 columns]
S2 selection efficiency:  100.0 %
/n/holystore01/LABS/guenette_lab/Lab/data/NEXT/FLEX/mc/eres_22072022/full_sims/s6mmp11mm/kr83m/kdsts/sthresh/hdf5/flex.kr83m.30.kdsts.h5
    event          time  s1_peak  ...       Phi        Xrms        Yrms
0   15000  6.000966e+09        0  ... -1.904339   78.523379  109.946558
1   15005  6.003225e+09        0  ...  2.039255   89.376841  108.748450
2   15005  6.003225e+09        1  ...  2.039255   89.376841  108.748450
3   15010  6.004041e+09        0  ... -1.293196   92.287829  107.462370
4   15015  6.006083e+09        0  ...  2.956866  115.785099   90.974675
..    ...           ...      ...  ...       ...         ...         ...
92  15475  6.190001e+09        0  ... -0.040678  115.884881   83.267637
93  15480  6.193917e+09        0  ... -2.838101   97.619600   90.767835
94  15485  6.195820e+09        0  ... -2.277726   97.260888   98.646581
95  15490  6.196213e+09        0  ... -2.247459   97.301555  102.087208
96  15495  6.198527e+09        0  ... -3.077768  120.547714   98.050374

[97 rows x 26 columns]
S2 selection efficiency:  100.0 %
/n/holystore01/LABS/guenette_lab/Lab/data/NEXT/FLEX/mc/eres_22072022/full_sims/s6mmp7.8mm/kr83m/kdsts/sthresh/hdf5/flex.kr83m.30.kdsts.h5
     event          time  s1_peak  ...       Phi        Xrms        Yrms
0    15000  6.001418e+09        0  ... -1.906183   80.376387  113.032353
1    15005  6.003602e+09        0  ... -0.648049  112.521090  105.202507
2    15010  6.005847e+09        0  ...  0.416240  122.899975   97.604518
3    15015  6.006444e+09        0  ... -1.390344   97.294002  118.304656
4    15020  6.009862e+09        0  ...  2.882884  112.575358   95.151993
..     ...           ...      ...  ...       ...         ...         ...
98   15475  6.190934e+09        0  ...  1.089347   95.295435  112.891134
99   15480  6.192191e+09        0  ...  1.867528   97.811085  128.477839
100  15485  6.195701e+09        0  ... -2.530548  112.760412   94.735097
101  15490  6.197072e+09        0  ... -0.401608  127.932066   96.386545
102  15495  6.198834e+09        0  ...  2.348940  106.774904  106.678650

[103 rows x 26 columns]
S2 selection efficiency:  100.0 %
