Defining Conda Paths
Sourcing Conda
Finished!
/n/holystore01/LABS/guenette_lab/Lab/data/NEXT/FLEX/mc/eres_22072022/full_sims/s1.3mmp3.5mm/kr83m/kdsts/sthresh/hdf5/flex.kr83m.68.kdsts.h5
     event          time  s1_peak  ...       Phi        Xrms       Yrms
0    34000  1.360051e+10        0  ...  1.554410  225.327255  20.329389
1    34010  1.360416e+10        0  ... -1.510572   22.371349  33.297402
2    34015  1.360689e+10        0  ... -0.286364   22.700596  19.745928
3    34020  1.360854e+10        0  ... -1.796418   21.714545  23.616817
4    34025  1.361051e+10        0  ...  0.388457  102.183914  23.485385
..     ...           ...      ...  ...       ...         ...        ...
96   34475  1.379026e+10        0  ... -2.472108   25.599671  21.190653
97   34480  1.379294e+10        0  ... -2.146185   26.135845  24.811357
98   34485  1.379490e+10        0  ...  2.744413  167.535770  21.438060
99   34490  1.379702e+10        0  ...  3.055775   76.464747  22.416442
100  34495  1.379826e+10        0  ... -1.555182   25.972113  25.525770

[101 rows x 26 columns]
S2 selection efficiency:  100.0 %
/n/holystore01/LABS/guenette_lab/Lab/data/NEXT/FLEX/mc/eres_22072022/full_sims/s1.3mmp2.4mm/kr83m/kdsts/sthresh/hdf5/flex.kr83m.68.kdsts.h5
     event          time  s1_peak  ...       Phi       Xrms       Yrms
0    34000  1.360035e+10        0  ...  1.348073  23.850909  26.419507
1    34005  1.360272e+10        0  ...  1.831797  19.514761  19.985341
2    34010  1.360459e+10        0  ...  0.234398  31.255929  24.747871
3    34015  1.360797e+10        0  ... -0.418364  27.643328  23.884286
4    34015  1.360797e+10        1  ... -0.418364  27.643328  23.884286
..     ...           ...      ...  ...       ...        ...        ...
99   34475  1.379062e+10        0  ...  1.491426  20.475182  21.939349
100  34480  1.379226e+10        0  ...  1.221563  21.563868  22.736482
101  34485  1.379567e+10        0  ... -0.374276  21.556691  21.441653
102  34490  1.379604e+10        0  ... -1.998998  20.789270  20.204140
103  34495  1.379842e+10        0  ... -1.080005  23.004057  23.535314

[104 rows x 26 columns]
S2 selection efficiency:  100.0 %
/n/holystore01/LABS/guenette_lab/Lab/data/NEXT/FLEX/mc/eres_22072022/full_sims/s3mmp5.5mm/kr83m/kdsts/sthresh/hdf5/flex.kr83m.68.kdsts.h5
    event          time  s1_peak  ...       Phi       Xrms       Yrms
0   34000  1.360079e+10        0  ...  1.348254  35.143201  38.965389
1   34005  1.360231e+10        0  ...  0.619289  35.206546  36.422371
2   34010  1.360472e+10        0  ... -1.810758  35.932922  36.264568
3   34015  1.360683e+10        0  ...  0.208059  40.005640  35.465178
4   34020  1.360884e+10        0  ...  1.832943  34.773830  36.105061
..    ...           ...      ...  ...       ...        ...        ...
91  34475  1.379134e+10        0  ... -1.920558  34.684681  33.878152
92  34480  1.379222e+10        0  ... -1.933062  34.139351  34.304603
93  34485  1.379541e+10        0  ... -0.079259  36.940895  35.639226
94  34490  1.379790e+10        0  ...  2.329515  34.691766  36.164281
95  34495  1.379816e+10        0  ...  1.973501  35.232103  38.104043

[96 rows x 26 columns]
S2 selection efficiency:  100.0 %
/n/holystore01/LABS/guenette_lab/Lab/data/NEXT/FLEX/mc/eres_22072022/full_sims/s6mmp11mm/kr83m/kdsts/sthresh/hdf5/flex.kr83m.68.kdsts.h5
    event          time  s1_peak  ...       Phi        Xrms        Yrms
0   34000  1.360060e+10        0  ...  1.346936   85.574501  110.497583
1   34005  1.360220e+10        0  ... -0.529529  111.420860  101.017361
2   34010  1.360498e+10        0  ... -0.600532  102.342004  101.464983
3   34015  1.360643e+10        0  ... -0.725433   96.990375   95.972364
4   34020  1.360886e+10        0  ... -1.650846   89.121384  115.660874
..    ...           ...      ...  ...       ...         ...         ...
94  34475  1.379015e+10        0  ...  3.063483  111.500523   86.112165
95  34480  1.379344e+10        0  ...  0.624888  103.954328   96.243283
96  34485  1.379523e+10        0  ...  2.258608   96.337586  100.500029
97  34490  1.379794e+10        0  ...  2.715641   78.340438   59.151173
98  34495  1.379962e+10        0  ...  1.657007   91.797320  108.047629

[99 rows x 26 columns]
S2 selection efficiency:  100.0 %
/n/holystore01/LABS/guenette_lab/Lab/data/NEXT/FLEX/mc/eres_22072022/full_sims/s6mmp7.8mm/kr83m/kdsts/sthresh/hdf5/flex.kr83m.68.kdsts.h5
     event          time  s1_peak  ...       Phi        Xrms        Yrms
0    34000  1.360013e+10        0  ...  1.348894   88.481151  116.168355
1    34005  1.360346e+10        0  ...  0.907913  100.302833  105.882710
2    34010  1.360496e+10        0  ...  1.879193   96.766755  113.287604
3    34015  1.360657e+10        0  ...  1.831932   92.929008  113.451669
4    34020  1.360990e+10        0  ...  2.462740  113.156921  108.383450
..     ...           ...      ...  ...       ...         ...         ...
97   34480  1.379367e+10        0  ...  0.946006  102.610973  110.132472
98   34485  1.379408e+10        0  ...  0.544734  112.354187   95.149199
99   34490  1.379708e+10        0  ... -2.790605  112.854591   78.583792
100  34490  1.379708e+10        1  ... -2.790605  112.854591   78.583792
101  34495  1.379876e+10        0  ... -2.321150  106.415466  107.666490

[102 rows x 26 columns]
S2 selection efficiency:  100.0 %
