Defining Conda Paths
Sourcing Conda
Finished!
/n/holystore01/LABS/guenette_lab/Lab/data/NEXT/FLEX/mc/eres_22072022/full_sims/s1.3mmp3.5mm/kr83m/kdsts/sthresh/hdf5/flex.kr83m.67.kdsts.h5
    event          time  s1_peak  ...       Phi        Xrms       Yrms
0   33500  1.340117e+10        0  ... -2.391392   28.058372  22.286162
1   33505  1.340342e+10        0  ... -2.890273   22.963793  19.723222
2   33515  1.340702e+10        0  ... -2.250571   20.095489  20.748912
3   33520  1.340995e+10        0  ...  0.581910  251.509147  21.284796
4   33525  1.341193e+10        0  ... -0.655386   18.994892  19.430308
..    ...           ...      ...  ...       ...         ...        ...
94  33975  1.359037e+10        0  ... -2.521081   25.640306  21.229603
95  33980  1.359206e+10        0  ...  1.540551  233.750551  23.251847
96  33985  1.359507e+10        0  ...  0.944461  246.185984  25.381471
97  33990  1.359663e+10        0  ... -2.431143   26.213419  23.581893
98  33995  1.359858e+10        0  ... -3.030197   31.391650  22.198923

[99 rows x 26 columns]
S2 selection efficiency:  100.0 %
/n/holystore01/LABS/guenette_lab/Lab/data/NEXT/FLEX/mc/eres_22072022/full_sims/s1.3mmp2.4mm/kr83m/kdsts/sthresh/hdf5/flex.kr83m.67.kdsts.h5
    event          time  s1_peak  ...       Phi       Xrms       Yrms
0   33500  1.340011e+10        0  ... -2.393430  24.554114  26.159982
1   33505  1.340291e+10        0  ...  1.606412  23.244274  23.509506
2   33510  1.340511e+10        0  ...  2.949954  31.608823  25.008729
3   33515  1.340798e+10        0  ... -1.323906  23.038049  27.328612
4   33520  1.340884e+10        0  ... -0.807868  31.268723  27.532840
..    ...           ...      ...  ...       ...        ...        ...
92  33980  1.359384e+10        0  ...  1.327391  21.816272  25.317932
93  33985  1.359516e+10        0  ... -1.556947  25.277575  32.796661
94  33990  1.359780e+10        0  ...  1.595250  22.613377  25.741878
95  33990  1.359780e+10        1  ...  1.595250  22.613377  25.741878
96  33995  1.359813e+10        0  ...  0.809432  22.712141  25.866943

[97 rows x 26 columns]
S2 selection efficiency:  100.0 %
/n/holystore01/LABS/guenette_lab/Lab/data/NEXT/FLEX/mc/eres_22072022/full_sims/s3mmp5.5mm/kr83m/kdsts/sthresh/hdf5/flex.kr83m.67.kdsts.h5
     event          time  s1_peak  ...       Phi       Xrms       Yrms
0    33500  1.340067e+10        0  ... -2.394611  35.602536  35.933660
1    33505  1.340229e+10        0  ...  1.892678  34.686989  35.849188
2    33510  1.340511e+10        0  ...  1.404310  33.766824  34.561928
3    33515  1.340633e+10        0  ... -0.515151  36.062349  34.266736
4    33520  1.340831e+10        0  ...  1.764766  32.465011  37.352537
..     ...           ...      ...  ...       ...        ...        ...
96   33975  1.359170e+10        0  ... -1.876192  33.425605  32.831794
97   33980  1.359254e+10        0  ...  1.921519  36.470281  39.295022
98   33985  1.359408e+10        0  ... -0.668958  38.617577  39.287962
99   33990  1.359723e+10        0  ... -1.937098  36.585313  38.035304
100  33995  1.359979e+10        0  ...  1.244307  35.381122  37.227612

[101 rows x 26 columns]
S2 selection efficiency:  100.0 %
/n/holystore01/LABS/guenette_lab/Lab/data/NEXT/FLEX/mc/eres_22072022/full_sims/s6mmp11mm/kr83m/kdsts/sthresh/hdf5/flex.kr83m.67.kdsts.h5
     event          time  s1_peak  ...       Phi        Xrms        Yrms
0    33500  1.340021e+10        0  ... -2.405394   95.408463   95.843265
1    33505  1.340335e+10        0  ...  1.373248   95.312184   95.758435
2    33510  1.340551e+10        0  ...  2.057930   72.422359   89.179939
3    33515  1.340733e+10        0  ... -2.721501  105.757678   95.679759
4    33520  1.340877e+10        0  ... -1.130226   94.361330  104.848640
..     ...           ...      ...  ...       ...         ...         ...
96   33975  1.359128e+10        0  ... -1.342395   90.178045  124.304662
97   33980  1.359383e+10        0  ...  0.538095  108.678590   96.401591
98   33985  1.359568e+10        0  ... -2.333503  104.159401  105.686889
99   33990  1.359600e+10        0  ... -0.008410  129.744768   87.715575
100  33995  1.359821e+10        0  ... -0.568407   96.949247   97.225511

[101 rows x 26 columns]
S2 selection efficiency:  100.0 %
/n/holystore01/LABS/guenette_lab/Lab/data/NEXT/FLEX/mc/eres_22072022/full_sims/s6mmp7.8mm/kr83m/kdsts/sthresh/hdf5/flex.kr83m.67.kdsts.h5
     event          time  s1_peak  ...       Phi        Xrms        Yrms
0    33500  1.340196e+10        0  ... -2.395747   97.921396   99.342139
1    33505  1.340327e+10        0  ... -2.903818  113.786534   99.026930
2    33510  1.340568e+10        0  ...  2.704431  111.055252   99.186986
3    33515  1.340612e+10        0  ...  2.355506  105.597424  104.104446
4    33520  1.340815e+10        0  ...  2.962645  124.037544   81.100635
..     ...           ...      ...  ...       ...         ...         ...
99   33975  1.359168e+10        0  ...  0.285587  114.510285   87.926349
100  33980  1.359213e+10        0  ...  1.819877   93.953425  117.605959
101  33985  1.359415e+10        0  ... -2.242990   95.610140  105.263720
102  33990  1.359619e+10        0  ...  0.963236  104.921598  112.719222
103  33995  1.359930e+10        0  ... -2.738460  109.722014  101.843924

[104 rows x 26 columns]
S2 selection efficiency:  100.0 %
