Defining Conda Paths
Sourcing Conda
Finished!
/n/holystore01/LABS/guenette_lab/Lab/data/NEXT/FLEX/mc/eres_22072022/full_sims/s1.3mmp3.5mm/kr83m/kdsts/sthresh/hdf5/flex.kr83m.82.kdsts.h5
    event          time  s1_peak  ...       Phi        Xrms       Yrms
0   41005  1.640297e+10        0  ... -2.474972   29.631301  23.598843
1   41010  1.640507e+10        0  ...  3.038758   89.465355  21.879880
2   41015  1.640603e+10        0  ...  1.614873  223.269858  26.712876
3   41020  1.640834e+10        0  ... -0.310626   38.586583  24.805933
4   41025  1.641195e+10        0  ... -0.707121   27.851879  22.737555
..    ...           ...      ...  ...       ...         ...        ...
95  41475  1.659102e+10        0  ...  3.052317   97.382540  19.428541
96  41480  1.659392e+10        0  ...  2.259910  212.690102  29.026837
97  41485  1.659445e+10        0  ...  0.014645   68.839813  22.468746
98  41490  1.659679e+10        0  ... -2.246952   33.831968  27.597352
99  41495  1.659977e+10        0  ...  0.030761   69.765889  19.427240

[100 rows x 26 columns]
S2 selection efficiency:  100.0 %
/n/holystore01/LABS/guenette_lab/Lab/data/NEXT/FLEX/mc/eres_22072022/full_sims/s1.3mmp2.4mm/kr83m/kdsts/sthresh/hdf5/flex.kr83m.82.kdsts.h5
    event          time  s1_peak  ...       Phi       Xrms       Yrms
0   41000  1.640087e+10        0  ... -2.953355  18.876953  19.169441
1   41005  1.640318e+10        0  ...  1.827229  22.943883  29.650730
2   41010  1.640583e+10        0  ...  1.865486  26.250315  34.595530
3   41015  1.640670e+10        0  ...  0.561548  30.756967  26.945498
4   41020  1.640966e+10        0  ...  0.096816  35.975032  26.801490
..    ...           ...      ...  ...       ...        ...        ...
95  41475  1.659118e+10        0  ...  1.584730  21.059105  24.778377
96  41480  1.659376e+10        0  ...  2.226466  25.036676  24.792331
97  41485  1.659509e+10        0  ... -3.074989  28.568838  22.897386
98  41490  1.659653e+10        0  ... -1.279577  21.652021  23.809615
99  41495  1.659897e+10        0  ...  1.816224  20.183261  23.745034

[100 rows x 26 columns]
S2 selection efficiency:  100.0 %
/n/holystore01/LABS/guenette_lab/Lab/data/NEXT/FLEX/mc/eres_22072022/full_sims/s3mmp5.5mm/kr83m/kdsts/sthresh/hdf5/flex.kr83m.82.kdsts.h5
    event          time  s1_peak  ...       Phi       Xrms       Yrms
0   41000  1.640022e+10        0  ... -2.955417  36.672142  33.690933
1   41005  1.640224e+10        0  ...  1.061589  34.958118  34.098937
2   41010  1.640533e+10        0  ...  0.002222  36.590138  35.794401
3   41015  1.640705e+10        0  ... -2.677948  37.158488  36.302508
4   41020  1.640990e+10        0  ... -2.395253  42.988755  39.152577
..    ...           ...      ...  ...       ...        ...        ...
92  41475  1.659079e+10        0  ... -2.064824  33.618422  37.107606
93  41480  1.659358e+10        0  ... -1.055473  35.639914  36.248909
94  41485  1.659582e+10        0  ...  2.497409  39.013025  35.962609
95  41490  1.659636e+10        0  ...  2.594387  39.216533  37.538845
96  41495  1.659814e+10        0  ... -0.654873  35.518520  34.502918

[97 rows x 26 columns]
S2 selection efficiency:  100.0 %
/n/holystore01/LABS/guenette_lab/Lab/data/NEXT/FLEX/mc/eres_22072022/full_sims/s6mmp11mm/kr83m/kdsts/sthresh/hdf5/flex.kr83m.82.kdsts.h5
    event          time  s1_peak  ...       Phi        Xrms        Yrms
0   41000  1.640099e+10        0  ... -2.954897  116.184360  100.695681
1   41005  1.640252e+10        0  ...  1.003750   87.338178  106.657096
2   41010  1.640575e+10        0  ...  2.752805  111.769188   92.311649
3   41015  1.640609e+10        0  ...  1.240868   89.619847  103.918421
4   41020  1.640877e+10        0  ...  0.689414  109.894775  106.296876
..    ...           ...      ...  ...       ...         ...         ...
92  41470  1.658836e+10        0  ...  1.300146   77.820546  109.868832
93  41475  1.659022e+10        0  ...  1.404493   89.048718  109.517533
94  41480  1.659236e+10        0  ... -2.146511  100.580384  113.547605
95  41490  1.659739e+10        0  ... -1.621013   62.815131  100.297823
96  41495  1.659905e+10        0  ...  2.271448  103.838901  110.662568

[97 rows x 26 columns]
S2 selection efficiency:  100.0 %
/n/holystore01/LABS/guenette_lab/Lab/data/NEXT/FLEX/mc/eres_22072022/full_sims/s6mmp7.8mm/kr83m/kdsts/sthresh/hdf5/flex.kr83m.82.kdsts.h5
     event          time  s1_peak  ...       Phi        Xrms        Yrms
0    41000  1.640156e+10        0  ... -2.957224  117.031164  100.708072
1    41005  1.640258e+10        0  ...  0.635774  105.101519  100.805009
2    41010  1.640462e+10        0  ...  0.110116  125.538704   98.048758
3    41015  1.640797e+10        0  ...  2.118338   96.654751  118.162410
4    41020  1.640983e+10        0  ... -0.900098   96.474331  107.532740
..     ...           ...      ...  ...       ...         ...         ...
97   41475  1.659022e+10        0  ... -1.975604   92.378526  111.413450
98   41480  1.659230e+10        0  ... -0.132001  108.027667  105.959309
99   41485  1.659596e+10        0  ...  2.389324  103.070807  101.381872
100  41490  1.659778e+10        0  ... -2.797506  110.800124   77.551452
101  41495  1.659855e+10        0  ... -2.230576  107.383298  117.812986

[102 rows x 26 columns]
S2 selection efficiency:  100.0 %
