Defining Conda Paths
Sourcing Conda
Finished!
/n/holystore01/LABS/guenette_lab/Lab/data/NEXT/FLEX/mc/eres_22072022/full_sims/s1.3mmp3.5mm/kr83m/kdsts/sthresh/hdf5/flex.kr83m.0.kdsts.h5
     event          time  s1_peak  ...       Phi        Xrms       Yrms
0        0  5.607873e+05        0  ...  1.598574  253.941924  26.987381
1        5  3.129453e+06        0  ...  1.560864  232.389848  22.413625
2       20  8.213051e+06        0  ...  2.657097  375.766724  19.622929
3       25  1.159645e+07        0  ...  1.321601  242.099771  20.816491
4       30  1.307272e+07        0  ... -2.700048   22.692437  21.484050
..     ...           ...      ...  ...       ...         ...        ...
96     470  1.899426e+08        0  ...  1.820334  310.598206  21.194966
97     475  1.901924e+08        0  ...  1.918456  268.129882  24.280039
98     480  1.920430e+08        0  ...  1.611830  204.866941  26.442207
99     490  1.967068e+08        0  ... -1.998917   18.076015  22.856290
100    495  1.994302e+08        0  ...  1.655888  239.618629  23.238557

[101 rows x 26 columns]
S2 selection efficiency:  100.0 %
/n/holystore01/LABS/guenette_lab/Lab/data/NEXT/FLEX/mc/eres_22072022/full_sims/s1.3mmp2.4mm/kr83m/kdsts/sthresh/hdf5/flex.kr83m.0.kdsts.h5
     event          time  s1_peak  ...       Phi       Xrms       Yrms
0        0  1.780130e+06        0  ...  0.819639  26.821646  24.855614
1        5  3.137255e+06        0  ...  1.548287  25.915246  34.335071
2       10  4.636237e+06        0  ...  0.268600  22.791722  21.883823
3       15  7.143227e+06        0  ... -2.819661  24.175711  21.109266
4       20  8.330186e+06        0  ...  0.893836  23.540600  27.035561
..     ...           ...      ...  ...       ...        ...        ...
96     470  1.888691e+08        0  ... -1.811385  23.337779  30.455141
97     475  1.917083e+08        0  ... -0.541417  23.327753  22.743897
98     480  1.926748e+08        0  ... -1.653709  24.946319  34.704063
99     490  1.979406e+08        0  ... -2.221899  21.743044  22.159670
100    495  1.993399e+08        0  ...  1.220032  23.783112  24.934591

[101 rows x 26 columns]
S2 selection efficiency:  100.0 %
/n/holystore01/LABS/guenette_lab/Lab/data/NEXT/FLEX/mc/eres_22072022/full_sims/s3mmp5.5mm/kr83m/kdsts/sthresh/hdf5/flex.kr83m.0.kdsts.h5
     event          time  s1_peak  ...       Phi       Xrms       Yrms
0        0  5.651328e+05        0  ...  0.820131  37.460578  37.281585
1        5  3.409131e+06        0  ...  0.602813  26.214996  25.797519
2       10  4.788855e+06        0  ...  2.936925  37.567484  33.941922
3       15  6.426035e+06        0  ...  1.039448  29.950754  32.993195
4       20  9.865610e+06        0  ...  2.345239  36.600265  41.097578
..     ...           ...      ...  ...       ...        ...        ...
98     475  1.904482e+08        0  ...  1.445996  35.467617  36.658431
99     480  1.921338e+08        0  ... -1.968106  37.507048  39.369361
100    485  1.946947e+08        0  ... -2.604924  38.497896  38.076048
101    490  1.967074e+08        0  ...  2.262833  36.895060  32.533965
102    495  1.980588e+08        0  ...  1.762726  36.265522  36.961732

[103 rows x 26 columns]
S2 selection efficiency:  100.0 %
/n/holystore01/LABS/guenette_lab/Lab/data/NEXT/FLEX/mc/eres_22072022/full_sims/s6mmp11mm/kr83m/kdsts/sthresh/hdf5/flex.kr83m.0.kdsts.h5
     event          time  s1_peak  ...       Phi        Xrms        Yrms
0        0  1.160581e+06        0  ...  0.821532   93.973213   95.904115
1        5  3.851380e+06        0  ...  1.306154   73.782932  105.562010
2       10  4.398869e+06        0  ... -0.168738  113.963104   97.384107
3       15  7.394763e+06        0  ...  3.081087  109.737535   98.223661
4       20  9.561268e+06        0  ... -2.191946   92.593853  100.976441
..     ...           ...      ...  ...       ...         ...         ...
98     480  1.933630e+08        0  ...  0.887095   95.399620   95.529369
99     485  1.957351e+08        0  ... -1.236800   92.095323  105.837120
100    485  1.957351e+08        1  ... -1.236800   92.095323  105.837120
101    490  1.971949e+08        0  ... -0.341793  109.856578   91.246427
102    495  1.988800e+08        0  ...  1.849359  101.830132  110.595821

[103 rows x 26 columns]
S2 selection efficiency:  100.0 %
/n/holystore01/LABS/guenette_lab/Lab/data/NEXT/FLEX/mc/eres_22072022/full_sims/s6mmp7.8mm/kr83m/kdsts/sthresh/hdf5/flex.kr83m.0.kdsts.h5
    event          time  s1_peak  ...       Phi        Xrms        Yrms
0       0  1.782926e+06        0  ...  0.819673  101.848551  105.167323
1       5  3.689678e+06        0  ...  2.696866  118.792531   92.800855
2       5  3.689678e+06        1  ...  2.696866  118.792531   92.800855
3      10  5.050432e+06        0  ... -0.973111   70.442746   80.298140
4      15  7.025047e+06        0  ... -0.699291  104.926620   99.989268
..    ...           ...      ...  ...       ...         ...         ...
94    475  1.910497e+08        0  ...  1.663280   86.536454  119.099154
95    480  1.927256e+08        0  ...  2.214203   98.969268  103.911924
96    485  1.942087e+08        0  ... -0.307733  114.085670   95.272713
97    490  1.974333e+08        0  ...  3.055290  125.246685   83.528998
98    495  1.985620e+08        0  ... -2.709946   84.140826   62.475759

[99 rows x 26 columns]
S2 selection efficiency:  100.0 %
