Defining Conda Paths
Sourcing Conda
Finished!
/n/holystore01/LABS/guenette_lab/Lab/data/NEXT/FLEX/mc/eres_22072022/full_sims/s1.3mmp3.5mm/kr83m/kdsts/sthresh/hdf5/flex.kr83m.43.kdsts.h5
    event          time  s1_peak  ...       Phi        Xrms       Yrms
0   21500  8.601044e+09        0  ... -0.166691   30.622298  22.190498
1   21505  8.602991e+09        0  ...  1.184790  130.178497  22.905084
2   21510  8.605079e+09        0  ... -0.965967   22.231349  24.234303
3   21515  8.606770e+09        0  ... -2.315986   31.322264  23.616393
4   21520  8.608479e+09        0  ... -0.718170   28.730192  25.385146
..    ...           ...      ...  ...       ...         ...        ...
93  21975  8.791810e+09        1  ...  3.065368   79.763729  23.550345
94  21980  8.792477e+09        0  ...  3.012986   41.286725  19.554741
95  21985  8.795792e+09        0  ... -0.579278   22.071225  22.071976
96  21990  8.796482e+09        0  ... -0.929857   27.058531  27.640232
97  21995  8.799554e+09        0  ...  2.996270  134.745432  22.821382

[98 rows x 26 columns]
S2 selection efficiency:  100.0 %
/n/holystore01/LABS/guenette_lab/Lab/data/NEXT/FLEX/mc/eres_22072022/full_sims/s1.3mmp2.4mm/kr83m/kdsts/sthresh/hdf5/flex.kr83m.43.kdsts.h5
     event          time  s1_peak  ...       Phi       Xrms       Yrms
0    21500  8.601796e+09        0  ... -0.164927  22.027220  22.207370
1    21505  8.603828e+09        0  ... -2.146149  23.236714  24.500360
2    21510  8.604668e+09        0  ... -2.313529  21.882902  19.395923
3    21515  8.607060e+09        0  ...  2.790940  27.220083  23.616275
4    21520  8.609621e+09        0  ...  2.046607  19.844885  19.726397
..     ...           ...      ...  ...       ...        ...        ...
97   21975  8.791992e+09        0  ...  0.907635  24.256717  27.855062
98   21980  8.793730e+09        0  ...  1.444357  25.277848  24.404444
99   21985  8.795952e+09        0  ... -2.926354  25.338436  23.330048
100  21990  8.796071e+09        0  ... -1.161807  24.053272  24.447847
101  21995  8.798563e+09        0  ... -2.919021  26.133880  22.255969

[102 rows x 26 columns]
S2 selection efficiency:  100.0 %
/n/holystore01/LABS/guenette_lab/Lab/data/NEXT/FLEX/mc/eres_22072022/full_sims/s3mmp5.5mm/kr83m/kdsts/sthresh/hdf5/flex.kr83m.43.kdsts.h5
     event          time  s1_peak  ...       Phi       Xrms       Yrms
0    21500  8.601662e+09        0  ... -0.166483  37.341815  36.838385
1    21505  8.602623e+09        0  ... -0.793241  36.995329  38.766917
2    21510  8.605731e+09        0  ... -1.280739  35.920806  36.906544
3    21515  8.606644e+09        0  ... -2.877169  41.143258  38.221499
4    21520  8.608766e+09        0  ...  1.861982  36.859827  39.849404
..     ...           ...      ...  ...       ...        ...        ...
98   21975  8.790693e+09        0  ... -0.322785  38.795417  35.646972
99   21980  8.792472e+09        0  ...  0.979146  38.205520  40.059545
100  21985  8.795385e+09        0  ...  0.743029  36.277556  36.943797
101  21990  8.797274e+09        0  ... -1.302560  35.881606  36.459869
102  21995  8.799782e+09        0  ...  2.096302  36.165346  34.862573

[103 rows x 26 columns]
S2 selection efficiency:  100.0 %
/n/holystore01/LABS/guenette_lab/Lab/data/NEXT/FLEX/mc/eres_22072022/full_sims/s6mmp11mm/kr83m/kdsts/sthresh/hdf5/flex.kr83m.43.kdsts.h5
     event          time  s1_peak  ...       Phi        Xrms        Yrms
0    21500  8.600672e+09        0  ... -0.165830  120.088723   86.937713
1    21505  8.603288e+09        0  ... -0.500081  117.027218   99.541276
2    21515  8.607514e+09        0  ...  0.968825   93.745596  112.467751
3    21520  8.608834e+09        0  ... -0.323649  123.086485   86.418249
4    21525  8.610785e+09        0  ...  2.780452  108.799844   92.523829
..     ...           ...      ...  ...       ...         ...         ...
97   21980  8.793511e+09        0  ...  1.010666   93.539852  104.540690
98   21985  8.795649e+09        0  ... -1.692195   62.633682   93.999384
99   21990  8.796493e+09        0  ... -2.319293   98.899498   98.303163
100  21990  8.796493e+09        1  ... -2.319293   98.899498   98.303163
101  21995  8.799832e+09        0  ... -1.473503   90.460838  109.171301

[102 rows x 26 columns]
S2 selection efficiency:  100.0 %
/n/holystore01/LABS/guenette_lab/Lab/data/NEXT/FLEX/mc/eres_22072022/full_sims/s6mmp7.8mm/kr83m/kdsts/sthresh/hdf5/flex.kr83m.43.kdsts.h5
     event          time  s1_peak  ...       Phi        Xrms        Yrms
0    21500  8.601930e+09        0  ... -0.164920  127.774490   91.484846
1    21505  8.603076e+09        0  ...  2.210251  105.129484  112.489536
2    21510  8.605450e+09        0  ...  2.975768  123.539917   88.522137
3    21515  8.607986e+09        0  ... -0.137593  120.958332   83.607796
4    21515  8.607986e+09        1  ... -0.137593  120.958332   83.607796
..     ...           ...      ...  ...       ...         ...         ...
102  21980  8.792061e+09        0  ...  0.088870  132.100561   80.566711
103  21985  8.794682e+09        0  ...  2.629434  104.483380  100.107850
104  21990  8.797246e+09        0  ...  0.279262  115.107122   75.732104
105  21990  8.797246e+09        1  ...  0.279262  115.107122   75.732104
106  21995  8.799086e+09        0  ...  0.984430   98.021540  114.627537

[107 rows x 26 columns]
S2 selection efficiency:  100.0 %
