Defining Conda Paths
Sourcing Conda
Finished!
/n/holystore01/LABS/guenette_lab/Lab/data/NEXT/FLEX/mc/eres_22072022/full_sims/s1.3mmp3.5mm/kr83m/kdsts/sthresh/hdf5/flex.kr83m.98.kdsts.h5
     event          time  s1_peak  ...       Phi        Xrms       Yrms
0    49000  1.960199e+10        0  ... -0.774149   22.576904  22.538094
1    49005  1.960318e+10        0  ... -1.516408   20.137496  20.432801
2    49010  1.960482e+10        0  ...  2.138079  433.177095  18.946666
3    49015  1.960636e+10        0  ... -2.918105   29.696847  25.211955
4    49020  1.960947e+10        0  ... -1.253733   19.662105  20.115116
..     ...           ...      ...  ...       ...         ...        ...
96   49475  1.979083e+10        0  ... -0.152951   27.684985  22.559615
97   49480  1.979261e+10        0  ... -3.071887   48.353749  21.758858
98   49485  1.979567e+10        0  ...  3.074275   80.229095  20.898367
99   49490  1.979606e+10        0  ... -1.490517   23.288068  21.385975
100  49495  1.979877e+10        0  ... -0.043142   31.436701  20.737262

[101 rows x 26 columns]
S2 selection efficiency:  100.0 %
/n/holystore01/LABS/guenette_lab/Lab/data/NEXT/FLEX/mc/eres_22072022/full_sims/s1.3mmp2.4mm/kr83m/kdsts/sthresh/hdf5/flex.kr83m.98.kdsts.h5
    event          time  s1_peak  ...       Phi       Xrms       Yrms
0   49000  1.960187e+10        0  ... -0.773674  20.185683  20.973499
1   49005  1.960208e+10        0  ... -0.031900  27.053065  22.631952
2   49010  1.960430e+10        0  ... -2.054086  25.095101  39.578420
3   49015  1.960720e+10        0  ... -2.628792  29.140033  26.079946
4   49020  1.960903e+10        0  ... -1.351939  20.815092  20.770599
..    ...           ...      ...  ...       ...        ...        ...
95  49475  1.979105e+10        0  ... -2.985885  24.976602  23.070441
96  49480  1.979230e+10        0  ...  0.479946  19.657802  20.606876
97  49485  1.979413e+10        0  ...  1.212770  22.624996  23.245349
98  49490  1.979796e+10        0  ... -0.830796  24.544411  27.766559
99  49495  1.979902e+10        0  ... -2.370323  26.072201  26.157288

[100 rows x 26 columns]
S2 selection efficiency:  100.0 %
/n/holystore01/LABS/guenette_lab/Lab/data/NEXT/FLEX/mc/eres_22072022/full_sims/s3mmp5.5mm/kr83m/kdsts/sthresh/hdf5/flex.kr83m.98.kdsts.h5
    event          time  s1_peak  ...       Phi       Xrms       Yrms
0   49000  1.960181e+10        0  ... -0.773937  35.168150  33.897603
1   49005  1.960320e+10        0  ...  1.763640  34.094505  32.287573
2   49010  1.960428e+10        0  ...  1.103732  35.680291  37.104425
3   49015  1.960800e+10        0  ...  0.158869  33.874240  33.480938
4   49020  1.960887e+10        0  ...  0.182579  34.299094  33.046779
..    ...           ...      ...  ...       ...        ...        ...
92  49475  1.979118e+10        0  ... -1.768435  36.076365  36.050144
93  49480  1.979215e+10        0  ...  0.718516  36.179231  36.072370
94  49485  1.979516e+10        0  ... -0.182987  39.354174  35.713807
95  49490  1.979799e+10        0  ... -2.873073  40.867643  37.022019
96  49495  1.979998e+10        0  ...  1.664803  34.002812  33.041492

[97 rows x 26 columns]
S2 selection efficiency:  100.0 %
/n/holystore01/LABS/guenette_lab/Lab/data/NEXT/FLEX/mc/eres_22072022/full_sims/s6mmp11mm/kr83m/kdsts/sthresh/hdf5/flex.kr83m.98.kdsts.h5
    event          time  s1_peak  ...       Phi        Xrms        Yrms
0   49000  1.960118e+10        0  ... -0.772658   97.362171   97.009620
1   49005  1.960364e+10        0  ... -1.846189   94.489889  104.913874
2   49010  1.960506e+10        0  ...  3.045751  121.941557   95.818406
3   49015  1.960607e+10        0  ... -2.840942   98.049202   98.109515
4   49020  1.960877e+10        0  ... -2.695656  122.584189   95.729005
..    ...           ...      ...  ...       ...         ...         ...
94  49475  1.979009e+10        0  ...  3.056961  113.865322   91.773819
95  49480  1.979301e+10        0  ... -0.388535  119.217772   84.570391
96  49485  1.979557e+10        0  ...  0.778170   98.656994   98.585836
97  49490  1.979603e+10        0  ...  2.912136  109.663708   76.382065
98  49495  1.979890e+10        0  ...  1.386688   88.004738  104.854052

[99 rows x 26 columns]
S2 selection efficiency:  100.0 %
/n/holystore01/LABS/guenette_lab/Lab/data/NEXT/FLEX/mc/eres_22072022/full_sims/s6mmp7.8mm/kr83m/kdsts/sthresh/hdf5/flex.kr83m.98.kdsts.h5
     event          time  s1_peak  ...       Phi        Xrms        Yrms
0    49000  1.960115e+10        0  ... -0.773451  104.495627  103.539757
1    49005  1.960229e+10        0  ...  2.507218  108.022175   93.486087
2    49010  1.960426e+10        0  ...  1.341328   91.511545  123.512474
3    49010  1.960426e+10        1  ...  1.341328   91.511545  123.512474
4    49015  1.960616e+10        0  ... -1.988999   99.376685  125.139891
..     ...           ...      ...  ...       ...         ...         ...
97   49475  1.979121e+10        0  ... -0.819285   99.469324   99.793273
98   49480  1.979245e+10        0  ...  0.522891  119.059471   93.218992
99   49485  1.979419e+10        0  ...  0.422022   96.241325   95.752115
100  49490  1.979722e+10        0  ...  2.915659  111.214786   95.898533
101  49495  1.979859e+10        0  ... -0.703667  101.746934   95.558603

[102 rows x 26 columns]
S2 selection efficiency:  100.0 %
