Defining Conda Paths
Sourcing Conda
Finished!
/n/holystore01/LABS/guenette_lab/Lab/data/NEXT/FLEX/mc/eres_22072022/full_sims/s1.3mmp3.5mm/kr83m/kdsts/sthresh/hdf5/flex.kr83m.72.kdsts.h5
    event          time  s1_peak  ...       Phi        Xrms       Yrms
0   36000  1.440135e+10        0  ...  1.526290  232.690024  19.808168
1   36005  1.440400e+10        0  ... -0.260233   25.703830  20.491609
2   36010  1.440452e+10        0  ...  1.539986  245.284026  17.833355
3   36015  1.440788e+10        0  ... -1.669897   26.111406  27.956721
4   36020  1.440848e+10        0  ...  1.065847  295.648655  22.992519
..    ...           ...      ...  ...       ...         ...        ...
91  36475  1.459197e+10        0  ... -2.919319   29.782979  24.191246
92  36480  1.459317e+10        0  ... -0.750077   27.063199  24.036900
93  36485  1.459572e+10        0  ... -2.328114   24.722263  24.268311
94  36490  1.459734e+10        0  ...  1.840132  251.065065  19.027384
95  36495  1.459890e+10        0  ... -0.496182   24.172864  21.285011

[96 rows x 26 columns]
S2 selection efficiency:  100.0 %
/n/holystore01/LABS/guenette_lab/Lab/data/NEXT/FLEX/mc/eres_22072022/full_sims/s1.3mmp2.4mm/kr83m/kdsts/sthresh/hdf5/flex.kr83m.72.kdsts.h5
    event          time  s1_peak  ...       Phi       Xrms       Yrms
0   36000  1.440105e+10        0  ...  0.930260  25.701222  25.391595
1   36010  1.440454e+10        0  ...  1.985556  21.939866  25.358537
2   36010  1.440454e+10        1  ...  1.985556  21.939866  25.358537
3   36015  1.440749e+10        0  ... -3.026713  22.949583  22.395992
4   36020  1.440909e+10        0  ...  0.551052  25.062786  24.684962
..    ...           ...      ...  ...       ...        ...        ...
95  36475  1.459155e+10        0  ...  2.133890  22.955881  26.481957
96  36480  1.459397e+10        0  ... -2.720293  20.915721  21.683504
97  36485  1.459527e+10        0  ...  2.187084  19.145748  19.378429
98  36495  1.459812e+10        0  ... -0.583826  26.675326  24.052997
99  36495  1.459812e+10        1  ... -0.583826  26.675326  24.052997

[100 rows x 26 columns]
S2 selection efficiency:  100.0 %
/n/holystore01/LABS/guenette_lab/Lab/data/NEXT/FLEX/mc/eres_22072022/full_sims/s3mmp5.5mm/kr83m/kdsts/sthresh/hdf5/flex.kr83m.72.kdsts.h5
     event          time  s1_peak  ...       Phi       Xrms       Yrms
0    36000  1.440132e+10        0  ...  0.930946  35.672401  37.006269
1    36005  1.440392e+10        0  ... -2.785906  37.654786  36.269138
2    36010  1.440468e+10        0  ... -1.661010  35.693914  39.062948
3    36015  1.440690e+10        0  ...  0.100278  30.768291  31.504531
4    36020  1.440996e+10        0  ...  2.860387  39.801581  36.242297
..     ...           ...      ...  ...       ...        ...        ...
97   36475  1.459194e+10        0  ... -1.578073  34.416301  40.221028
98   36480  1.459294e+10        0  ... -1.818169  34.362042  34.984865
99   36485  1.459479e+10        0  ... -0.533463  37.067407  36.480574
100  36490  1.459717e+10        0  ...  2.317984  39.762825  39.803311
101  36495  1.459953e+10        0  ... -0.394477  33.445637  31.634226

[102 rows x 26 columns]
S2 selection efficiency:  100.0 %
/n/holystore01/LABS/guenette_lab/Lab/data/NEXT/FLEX/mc/eres_22072022/full_sims/s6mmp11mm/kr83m/kdsts/sthresh/hdf5/flex.kr83m.72.kdsts.h5
     event          time  s1_peak  ...       Phi        Xrms        Yrms
0    36000  1.440115e+10        0  ...  0.930494   93.021247  104.470013
1    36005  1.440388e+10        0  ... -1.949147   96.471919  119.621078
2    36010  1.440444e+10        0  ... -1.073430   92.990520  110.879964
3    36015  1.440789e+10        0  ... -1.511178   80.551233  125.001890
4    36020  1.440925e+10        0  ... -2.199786   93.797948  105.817865
..     ...           ...      ...  ...       ...         ...         ...
96   36475  1.459116e+10        0  ... -3.117443  110.561188   93.421403
97   36480  1.459368e+10        0  ...  0.103680  119.308974   79.257873
98   36485  1.459528e+10        0  ... -0.997725   94.561225   98.774873
99   36490  1.459735e+10        0  ... -0.067280  103.984378  101.105259
100  36495  1.459919e+10        0  ...  3.010846  109.454278   99.246503

[101 rows x 26 columns]
S2 selection efficiency:  100.0 %
/n/holystore01/LABS/guenette_lab/Lab/data/NEXT/FLEX/mc/eres_22072022/full_sims/s6mmp7.8mm/kr83m/kdsts/sthresh/hdf5/flex.kr83m.72.kdsts.h5
    event          time  s1_peak  ...       Phi        Xrms        Yrms
0   36000  1.440124e+10        0  ...  0.930314   94.590561  104.928019
1   36005  1.440242e+10        0  ... -0.442078  106.401193  101.840108
2   36010  1.440420e+10        0  ... -0.891800  103.838426  110.137034
3   36015  1.440786e+10        0  ...  2.279209  101.804069  110.538956
4   36020  1.440811e+10        0  ...  1.502125   87.058677  118.554809
..    ...           ...      ...  ...       ...         ...         ...
95  36480  1.459248e+10        0  ...  1.585114   83.067006  123.616970
96  36480  1.459248e+10        1  ...  1.585114   83.067006  123.616970
97  36485  1.459496e+10        0  ...  0.048943  125.028066   98.047679
98  36490  1.459741e+10        0  ... -0.115140  113.862923   68.596845
99  36495  1.459843e+10        0  ... -2.706399  122.380615   99.690631

[100 rows x 26 columns]
S2 selection efficiency:  100.0 %
