Defining Conda Paths
Sourcing Conda
Finished!
/n/holystore01/LABS/guenette_lab/Lab/data/NEXT/FLEX/mc/eres_22072022/full_sims/s1.3mmp3.5mm/kr83m/kdsts/sthresh/hdf5/flex.kr83m.25.kdsts.h5
     event          time  s1_peak  ...       Phi        Xrms       Yrms
0    12500  5.001122e+09        0  ...  2.736210  204.137270  20.079098
1    12505  5.002618e+09        0  ...  1.656939  227.530514  28.428177
2    12510  5.005380e+09        0  ... -1.717193   21.535913  21.710692
3    12515  5.007883e+09        0  ...  3.021753   95.467142  20.240702
4    12520  5.009101e+09        0  ... -1.497083   21.504900  24.310508
..     ...           ...      ...  ...       ...         ...        ...
97   12970  5.188361e+09        0  ...  1.089109  341.898838  22.494337
98   12975  5.190488e+09        0  ...  2.522810  221.018936  22.581659
99   12980  5.193120e+09        0  ... -1.158055   20.918834  21.947152
100  12985  5.195115e+09        0  ... -2.578491   26.957181  23.522740
101  12990  5.196006e+09        0  ... -0.353118   26.277793  22.794921

[102 rows x 26 columns]
S2 selection efficiency:  100.0 %
/n/holystore01/LABS/guenette_lab/Lab/data/NEXT/FLEX/mc/eres_22072022/full_sims/s1.3mmp2.4mm/kr83m/kdsts/sthresh/hdf5/flex.kr83m.25.kdsts.h5
    event          time  s1_peak  ...       Phi       Xrms       Yrms
0   12500  5.001912e+09        0  ...  0.545548  25.931450  26.875629
1   12505  5.003925e+09        0  ... -1.862247  19.319981  19.461239
2   12510  5.004746e+09        0  ...  2.294592  23.912586  32.283362
3   12515  5.007422e+09        0  ... -2.330096  25.602395  22.714686
4   12520  5.008641e+09        0  ...  2.739564  28.160029  27.696800
..    ...           ...      ...  ...       ...        ...        ...
94  12970  5.188315e+09        0  ... -2.567066  21.245933  20.184947
95  12980  5.192381e+09        0  ...  0.947849  28.086611  32.332696
96  12985  5.195660e+09        0  ...  1.535798  23.121276  25.178902
97  12990  5.196513e+09        0  ...  1.316821  26.084111  26.296330
98  12995  5.198472e+09        0  ... -1.454581  22.779937  34.587385

[99 rows x 26 columns]
S2 selection efficiency:  100.0 %
/n/holystore01/LABS/guenette_lab/Lab/data/NEXT/FLEX/mc/eres_22072022/full_sims/s3mmp5.5mm/kr83m/kdsts/sthresh/hdf5/flex.kr83m.25.kdsts.h5
     event          time  s1_peak  ...       Phi       Xrms       Yrms
0    12500  5.001831e+09        0  ...  0.541691  38.541858  37.407064
1    12505  5.003910e+09        0  ... -0.413630  33.744360  35.509836
2    12510  5.004424e+09        0  ... -2.505215  30.718141  28.884727
3    12515  5.006836e+09        0  ...  0.555526  32.990274  32.630820
4    12520  5.009657e+09        0  ... -3.082458  38.620625  35.708235
..     ...           ...      ...  ...       ...        ...        ...
102  12975  5.190628e+09        0  ...  0.861696  33.945425  32.412157
103  12980  5.192151e+09        0  ... -0.573946  36.132765  35.323005
104  12985  5.194516e+09        0  ... -1.999838  32.211579  30.247295
105  12990  5.196659e+09        0  ...  1.789122  34.088037  32.490407
106  12995  5.199146e+09        0  ... -2.344760  37.386084  40.760773

[107 rows x 26 columns]
S2 selection efficiency:  100.0 %
/n/holystore01/LABS/guenette_lab/Lab/data/NEXT/FLEX/mc/eres_22072022/full_sims/s6mmp11mm/kr83m/kdsts/sthresh/hdf5/flex.kr83m.25.kdsts.h5
     event          time  s1_peak  ...       Phi        Xrms        Yrms
0    12500  5.001643e+09        0  ...  0.544119  104.651350   96.372194
1    12505  5.002175e+09        0  ... -2.816257  103.208271   89.628051
2    12510  5.004214e+09        0  ...  1.609313   95.330090  113.025870
3    12515  5.007288e+09        0  ... -2.070759   77.745951   95.397877
4    12520  5.009225e+09        0  ... -0.598065  101.608360   95.553000
..     ...           ...      ...  ...       ...         ...         ...
96   12980  5.193327e+09        0  ... -1.031273   97.187432  101.464463
97   12980  5.193327e+09        1  ... -1.031273   97.187432  101.464463
98   12985  5.194121e+09        0  ...  2.340358   99.346525   99.223370
99   12990  5.197241e+09        0  ...  0.414048  109.763331   98.857014
100  12995  5.199231e+09        0  ... -0.818351  102.733814  103.623217

[101 rows x 26 columns]
S2 selection efficiency:  100.0 %
/n/holystore01/LABS/guenette_lab/Lab/data/NEXT/FLEX/mc/eres_22072022/full_sims/s6mmp7.8mm/kr83m/kdsts/sthresh/hdf5/flex.kr83m.25.kdsts.h5
    event          time  s1_peak  ...       Phi        Xrms        Yrms
0   12500  5.001169e+09        0  ...  0.542746  108.384505  100.706198
1   12505  5.002144e+09        0  ...  0.199936  106.882760   94.632003
2   12510  5.004672e+09        0  ... -0.820747   50.280558   50.147780
3   12515  5.006716e+09        0  ... -2.085446  101.045664  107.308127
4   12520  5.008788e+09        0  ... -1.749629   86.879865  117.923587
..    ...           ...      ...  ...       ...         ...         ...
92  12975  5.191571e+09        0  ... -2.329287  104.752954  105.268389
93  12980  5.193484e+09        0  ...  0.080981  109.801311   92.902058
94  12985  5.195967e+09        0  ...  2.828256  113.498447  101.491751
95  12990  5.197688e+09        0  ... -2.867797  116.012168   90.486741
96  12995  5.198909e+09        0  ... -3.104504  112.457187   91.100880

[97 rows x 26 columns]
S2 selection efficiency:  100.0 %
