Defining Conda Paths
Sourcing Conda
Finished!
/n/holystore01/LABS/guenette_lab/Lab/data/NEXT/FLEX/mc/eres_22072022/full_sims/s1.3mmp3.5mm/kr83m/kdsts/sthresh/hdf5/flex.kr83m.88.kdsts.h5
     event          time  s1_peak  ...       Phi        Xrms       Yrms
0    44000  1.760148e+10        0  ...  1.643710  187.687992  15.453225
1    44005  1.760224e+10        0  ...  1.610774  221.598681  16.792196
2    44010  1.760600e+10        0  ...  1.565498  243.151702  24.835214
3    44015  1.760743e+10        0  ... -1.030754   22.128173  22.261070
4    44020  1.760924e+10        0  ...  3.012692  113.650184  18.816255
..     ...           ...      ...  ...       ...         ...        ...
99   44480  1.779333e+10        0  ...  1.469364  192.283191  11.178083
100  44485  1.779534e+10        0  ... -2.635283   27.594530  24.003421
101  44490  1.779732e+10        0  ...  2.859648  260.219936  20.328643
102  44490  1.779732e+10        1  ...  2.859648  260.219936  20.328643
103  44495  1.779853e+10        0  ...  1.552624  232.319775  16.470162

[104 rows x 26 columns]
S2 selection efficiency:  100.0 %
/n/holystore01/LABS/guenette_lab/Lab/data/NEXT/FLEX/mc/eres_22072022/full_sims/s1.3mmp2.4mm/kr83m/kdsts/sthresh/hdf5/flex.kr83m.88.kdsts.h5
    event          time  s1_peak  ...       Phi       Xrms       Yrms
0   44000  1.760196e+10        0  ...  1.578185  20.645466  22.094752
1   44005  1.760203e+10        0  ... -0.119967  27.729047  23.767979
2   44010  1.760513e+10        0  ...  2.941146  25.416263  24.067040
3   44015  1.760677e+10        0  ...  1.920629  22.574125  29.230964
4   44020  1.760973e+10        0  ...  1.279554  21.493430  25.933467
..    ...           ...      ...  ...       ...        ...        ...
95  44475  1.779038e+10        0  ... -2.799173  21.382575  20.462904
96  44480  1.779257e+10        0  ...  2.329963  27.285863  24.123251
97  44485  1.779406e+10        0  ...  1.924186  20.634157  21.144622
98  44490  1.779627e+10        0  ... -0.666891  25.396033  25.096526
99  44495  1.779964e+10        0  ...  0.736934  30.862474  25.720597

[100 rows x 26 columns]
S2 selection efficiency:  100.0 %
/n/holystore01/LABS/guenette_lab/Lab/data/NEXT/FLEX/mc/eres_22072022/full_sims/s3mmp5.5mm/kr83m/kdsts/sthresh/hdf5/flex.kr83m.88.kdsts.h5
    event          time  s1_peak  ...       Phi       Xrms       Yrms
0   44000  1.760019e+10        0  ...  1.579171  35.114803  35.865222
1   44005  1.760285e+10        0  ...  1.982272  34.800304  35.485165
2   44010  1.760451e+10        0  ... -3.048036  39.092439  36.735701
3   44015  1.760612e+10        0  ...  3.134437  35.634148  34.473148
4   44020  1.760921e+10        0  ... -2.248155  33.023283  32.833883
..    ...           ...      ...  ...       ...        ...        ...
94  44475  1.779033e+10        0  ... -0.409461  39.679258  36.016963
95  44480  1.779296e+10        0  ...  2.426191  37.511879  35.419647
96  44485  1.779559e+10        0  ...  2.688697  37.187728  35.112301
97  44490  1.779774e+10        0  ... -1.431435  34.879284  39.148075
98  44495  1.779954e+10        0  ... -0.400331  38.532513  36.729659

[99 rows x 26 columns]
S2 selection efficiency:  100.0 %
/n/holystore01/LABS/guenette_lab/Lab/data/NEXT/FLEX/mc/eres_22072022/full_sims/s6mmp11mm/kr83m/kdsts/sthresh/hdf5/flex.kr83m.88.kdsts.h5
    event          time  s1_peak  ...       Phi        Xrms        Yrms
0   44000  1.760027e+10        0  ...  1.576594   81.302227  127.396200
1   44005  1.760204e+10        0  ...  0.534711  100.663786   97.522075
2   44010  1.760424e+10        0  ... -1.354284   89.538689  109.124646
3   44015  1.760695e+10        0  ...  0.507294  111.152393   93.132579
4   44020  1.760893e+10        0  ...  1.942440   81.275067  111.742766
..    ...           ...      ...  ...       ...         ...         ...
92  44480  1.779287e+10        0  ...  0.512121  104.812597   94.662388
93  44485  1.779596e+10        0  ...  0.091229  115.879740   70.266899
94  44490  1.779668e+10        0  ... -0.266847  112.825557   85.790070
95  44490  1.779668e+10        1  ... -0.266847  112.825557   85.790070
96  44495  1.779840e+10        0  ... -2.758150  102.654508   92.875387

[97 rows x 26 columns]
S2 selection efficiency:  100.0 %
/n/holystore01/LABS/guenette_lab/Lab/data/NEXT/FLEX/mc/eres_22072022/full_sims/s6mmp7.8mm/kr83m/kdsts/sthresh/hdf5/flex.kr83m.88.kdsts.h5
     event          time  s1_peak  ...       Phi        Xrms        Yrms
0    44000  1.760128e+10        0  ...  1.578788   81.180851  128.161092
1    44005  1.760210e+10        0  ... -0.667135  107.628930  100.892076
2    44010  1.760426e+10        0  ...  0.339656  122.741815   96.464050
3    44015  1.760671e+10        0  ...  2.558937  112.774624   98.227701
4    44020  1.761000e+10        0  ...  2.738484  105.640026  105.782034
..     ...           ...      ...  ...       ...         ...         ...
97   44475  1.779103e+10        0  ...  0.991441   93.150540  106.490873
98   44480  1.779361e+10        0  ... -3.057140  114.772641   89.871035
99   44485  1.779584e+10        0  ...  2.155447  102.588403  114.815840
100  44490  1.779614e+10        0  ... -2.722160  117.609187   96.627083
101  44495  1.779821e+10        0  ... -3.078856  123.074887   76.221907

[102 rows x 26 columns]
S2 selection efficiency:  100.0 %
