Defining Conda Paths
Sourcing Conda
Finished!
/n/holystore01/LABS/guenette_lab/Lab/data/NEXT/FLEX/mc/eres_22072022/full_sims/s1.3mmp3.5mm/kr83m/kdsts/sthresh/hdf5/flex.kr83m.4.kdsts.h5
     event          time  s1_peak  ...       Phi        Xrms       Yrms
0     2000  8.014252e+08        0  ... -1.002490   30.481596  28.309850
1     2005  8.029651e+08        0  ... -2.754421   28.782083  25.396908
2     2005  8.029651e+08        1  ... -2.754421   28.782083  25.396908
3     2010  8.053306e+08        0  ...  0.929556  303.256993  19.208566
4     2015  8.063361e+08        0  ...  3.134387   56.591178  19.592550
..     ...           ...      ...  ...       ...         ...        ...
100   2485  9.953161e+08        0  ...  0.883683  131.485919  21.945337
101   2485  9.953161e+08        1  ...  0.883683  131.485919  21.945337
102   2490  9.965067e+08        0  ...  2.041656  297.802882  18.777244
103   2490  9.965067e+08        1  ...  2.041656  297.802882  18.777244
104   2495  9.981741e+08        0  ... -0.390995   20.780372  20.498430

[105 rows x 26 columns]
S2 selection efficiency:  100.0 %
/n/holystore01/LABS/guenette_lab/Lab/data/NEXT/FLEX/mc/eres_22072022/full_sims/s1.3mmp2.4mm/kr83m/kdsts/sthresh/hdf5/flex.kr83m.4.kdsts.h5
     event          time  s1_peak  ...       Phi       Xrms       Yrms
0     2000  8.001205e+08        0  ... -1.000576  28.249892  27.105816
1     2005  8.035836e+08        0  ...  2.627782  29.914774  27.159474
2     2010  8.044938e+08        0  ... -2.260439  24.016949  28.756567
3     2015  8.079294e+08        0  ... -0.824538  24.002167  24.337719
4     2020  8.099907e+08        0  ...  1.829306  20.762025  24.288831
..     ...           ...      ...  ...       ...        ...        ...
96    2475  9.918958e+08        0  ...  2.621774  24.302778  23.558663
97    2480  9.932161e+08        0  ... -0.125254  21.008290  22.667949
98    2485  9.944143e+08        0  ...  1.431427  21.299119  23.082429
99    2490  9.966762e+08        0  ... -0.253317  28.930400  24.851527
100   2495  9.982907e+08        0  ... -0.490252  21.064813  21.589558

[101 rows x 26 columns]
S2 selection efficiency:  100.0 %
/n/holystore01/LABS/guenette_lab/Lab/data/NEXT/FLEX/mc/eres_22072022/full_sims/s3mmp5.5mm/kr83m/kdsts/sthresh/hdf5/flex.kr83m.4.kdsts.h5
    event          time  s1_peak  ...       Phi       Xrms       Yrms
0    2000  8.010825e+08        0  ... -0.999653  31.834076  32.390100
1    2005  8.037887e+08        0  ... -1.348739  34.480742  34.032803
2    2010  8.054861e+08        0  ...  0.385876  37.899661  35.026946
3    2015  8.072950e+08        0  ...  2.499046  34.316113  35.597335
4    2020  8.082354e+08        0  ... -0.577006  37.116185  36.425937
..    ...           ...      ...  ...       ...        ...        ...
94   2480  9.937669e+08        0  ... -0.016920  35.143513  34.323389
95   2485  9.941953e+08        0  ...  0.970547  35.325563  36.223686
96   2490  9.976350e+08        0  ...  3.103697  34.225717  35.229586
97   2495  9.987190e+08        0  ... -2.564674  31.607659  32.992856
98   2495  9.987190e+08        1  ... -2.564674  31.607659  32.992856

[99 rows x 26 columns]
S2 selection efficiency:  100.0 %
/n/holystore01/LABS/guenette_lab/Lab/data/NEXT/FLEX/mc/eres_22072022/full_sims/s6mmp11mm/kr83m/kdsts/sthresh/hdf5/flex.kr83m.4.kdsts.h5
     event          time  s1_peak  ...       Phi        Xrms        Yrms
0     2000  8.001027e+08        0  ... -0.998036   72.869237   90.579103
1     2005  8.033362e+08        0  ... -0.075022   98.431757   61.363633
2     2015  8.066402e+08        0  ...  2.808735  114.319911   79.260890
3     2020  8.084085e+08        0  ...  1.359499   96.520190  111.519433
4     2025  8.108984e+08        0  ...  0.712433   75.510409   70.869336
..     ...           ...      ...  ...       ...         ...         ...
97    2480  9.928923e+08        0  ... -0.129373  105.404415   89.908867
98    2485  9.959179e+08        0  ... -0.800318  101.434062  102.327099
99    2485  9.959179e+08        1  ... -0.800318  101.434062  102.327099
100   2490  9.979524e+08        0  ...  1.631388   88.540453  110.112808
101   2495  9.989915e+08        0  ... -0.306740  114.042716   78.193720

[102 rows x 26 columns]
S2 selection efficiency:  100.0 %
/n/holystore01/LABS/guenette_lab/Lab/data/NEXT/FLEX/mc/eres_22072022/full_sims/s6mmp7.8mm/kr83m/kdsts/sthresh/hdf5/flex.kr83m.4.kdsts.h5
     event          time  s1_peak  ...       Phi        Xrms        Yrms
0     2000  8.017482e+08        0  ... -1.001420   76.879663   92.196293
1     2005  8.039823e+08        0  ...  0.220123  101.125449   95.712881
2     2010  8.044103e+08        0  ... -1.646795  102.829656  113.125080
3     2015  8.074176e+08        0  ... -2.600603  111.676727  104.837427
4     2020  8.085965e+08        0  ... -1.950774   80.768052  110.532520
..     ...           ...      ...  ...       ...         ...         ...
102   2475  9.900045e+08        0  ...  0.896446   97.979112  108.166763
103   2480  9.926436e+08        0  ...  0.149282  101.701706  100.204258
104   2485  9.958336e+08        0  ...  2.499239  104.296927   97.513948
105   2490  9.968470e+08        0  ...  0.775777   99.978054  100.153565
106   2495  9.988796e+08        0  ...  2.406281   98.531690   98.737025

[107 rows x 26 columns]
S2 selection efficiency:  100.0 %
