Defining Conda Paths
Sourcing Conda
Finished!
/n/holystore01/LABS/guenette_lab/Lab/data/NEXT/FLEX/mc/eres_22072022/full_sims/s1.3mmp3.5mm/kr83m/kdsts/sthresh/hdf5/flex.kr83m.6.kdsts.h5
     event          time  s1_peak  ...       Phi        Xrms       Yrms
0     3000  1.200020e+09        0  ...  1.527997  220.471368  16.571798
1     3005  1.203535e+09        0  ...  1.673164  202.321271  27.659624
2     3010  1.204647e+09        0  ... -0.036443   31.383549  22.413501
3     3015  1.206576e+09        0  ...  3.129135   34.896942  16.303006
4     3020  1.209391e+09        0  ... -0.438190   25.851655  25.351025
..     ...           ...      ...  ...       ...         ...        ...
96    3475  1.390829e+09        0  ...  2.624658   83.365065  20.881154
97    3480  1.392908e+09        0  ... -2.675710   18.822345  18.566389
98    3485  1.395672e+09        0  ...  1.616155  236.988239  26.330185
99    3490  1.397305e+09        0  ...  3.137370   90.396240  20.595685
100   3495  1.399273e+09        0  ... -1.426578   22.857898  24.158347

[101 rows x 26 columns]
S2 selection efficiency:  100.0 %
/n/holystore01/LABS/guenette_lab/Lab/data/NEXT/FLEX/mc/eres_22072022/full_sims/s1.3mmp2.4mm/kr83m/kdsts/sthresh/hdf5/flex.kr83m.6.kdsts.h5
    event          time  s1_peak  ...       Phi       Xrms       Yrms
0    3000  1.200188e+09        0  ...  1.762366  21.881683  24.089659
1    3005  1.203395e+09        0  ...  2.062168  23.908410  26.088200
2    3010  1.204142e+09        0  ...  2.329195  26.944191  29.949115
3    3015  1.207457e+09        0  ... -2.111038  20.625469  19.408366
4    3020  1.209516e+09        0  ... -1.288618  21.835992  23.318162
..    ...           ...      ...  ...       ...        ...        ...
93   3475  1.391255e+09        0  ... -3.012705  18.294288  19.165628
94   3480  1.392445e+09        0  ...  3.088198  28.824634  22.968828
95   3485  1.394523e+09        0  ...  0.494145  25.589722  23.053312
96   3490  1.397287e+09        0  ... -1.736035  21.047413  21.654992
97   3495  1.398644e+09        0  ...  0.453395  19.041985  19.170966

[98 rows x 26 columns]
S2 selection efficiency:  100.0 %
/n/holystore01/LABS/guenette_lab/Lab/data/NEXT/FLEX/mc/eres_22072022/full_sims/s3mmp5.5mm/kr83m/kdsts/sthresh/hdf5/flex.kr83m.6.kdsts.h5
    event          time  s1_peak  ...       Phi       Xrms       Yrms
0    3000  1.201589e+09        0  ...  1.763869  35.791797  36.797886
1    3000  1.201589e+09        1  ...  1.763869  35.791797  36.797886
2    3005  1.203469e+09        0  ... -1.770054  33.744901  36.034396
3    3010  1.205502e+09        0  ... -0.557861  34.249264  34.298780
4    3015  1.206039e+09        0  ... -1.554664  35.187753  41.708233
..    ...           ...      ...  ...       ...        ...        ...
94   3475  1.391371e+09        0  ... -0.512260  37.547379  35.276707
95   3480  1.392624e+09        0  ... -0.604106  37.254890  36.904777
96   3485  1.394365e+09        0  ... -1.749928  34.814398  37.919152
97   3490  1.397171e+09        0  ...  1.751310  37.188991  38.386991
98   3495  1.398008e+09        0  ... -1.739433  32.176452  31.522134

[99 rows x 26 columns]
S2 selection efficiency:  100.0 %
/n/holystore01/LABS/guenette_lab/Lab/data/NEXT/FLEX/mc/eres_22072022/full_sims/s6mmp11mm/kr83m/kdsts/sthresh/hdf5/flex.kr83m.6.kdsts.h5
    event          time  s1_peak  ...       Phi        Xrms        Yrms
0    3000  1.201635e+09        0  ...  1.760348   86.759001  114.930829
1    3005  1.203838e+09        0  ... -1.025585  100.577877  116.402044
2    3010  1.205225e+09        0  ... -0.501672  102.288697   99.763557
3    3015  1.206134e+09        0  ... -1.238881   74.348505  106.670591
4    3020  1.209957e+09        0  ...  1.264968   89.253351  123.654161
..    ...           ...      ...  ...       ...         ...         ...
94   3465  1.387758e+09        0  ...  0.803511   96.371839   96.357436
95   3470  1.389632e+09        0  ...  0.165476  112.321610   92.713596
96   3475  1.390634e+09        0  ... -1.403811   99.207783  102.021793
97   3480  1.392493e+09        0  ... -1.667694   83.623391  115.206791
98   3495  1.398148e+09        0  ...  2.039998   91.191862   96.474663

[99 rows x 26 columns]
S2 selection efficiency:  100.0 %
/n/holystore01/LABS/guenette_lab/Lab/data/NEXT/FLEX/mc/eres_22072022/full_sims/s6mmp7.8mm/kr83m/kdsts/sthresh/hdf5/flex.kr83m.6.kdsts.h5
    event          time  s1_peak  ...       Phi        Xrms        Yrms
0    3000  1.201265e+09        0  ...  1.763090   88.552023  122.012495
1    3000  1.201265e+09        1  ...  1.763090   88.552023  122.012495
2    3005  1.203311e+09        0  ... -2.615428  113.254552   90.882887
3    3010  1.204426e+09        0  ... -2.630967   98.310254   98.141437
4    3015  1.207376e+09        0  ... -1.381400   95.391323  106.235999
..    ...           ...      ...  ...       ...         ...         ...
95   3475  1.391309e+09        0  ... -1.008292   97.382703  103.328887
96   3480  1.392897e+09        0  ... -0.821624   85.335182   84.702951
97   3485  1.395111e+09        0  ...  0.431610   89.488160   67.877362
98   3490  1.397313e+09        0  ... -3.056728  109.282797   94.330184
99   3495  1.398953e+09        0  ...  0.545439  116.668211   94.034998

[100 rows x 26 columns]
S2 selection efficiency:  100.0 %
