Defining Conda Paths
Sourcing Conda
Finished!
/n/holystore01/LABS/guenette_lab/Lab/data/NEXT/FLEX/mc/eres_22072022/full_sims/s1.3mmp3.5mm/kr83m/kdsts/sthresh/hdf5/flex.kr83m.23.kdsts.h5
     event          time  s1_peak  ...       Phi        Xrms       Yrms
0    11500  4.601043e+09        0  ...  2.368215  186.233534  21.615112
1    11505  4.602564e+09        0  ... -2.947045   23.601153  19.700815
2    11510  4.605431e+09        0  ... -1.098349   25.062588  24.760268
3    11510  4.605431e+09        1  ... -1.098349   25.062588  24.760268
4    11515  4.607999e+09        0  ...  1.535409  200.552585  22.998935
..     ...           ...      ...  ...       ...         ...        ...
98   11975  4.790694e+09        0  ...  1.574885  223.800029  23.552775
99   11980  4.792175e+09        0  ...  1.714891  248.220931  23.840149
100  11985  4.794150e+09        0  ...  3.096980  155.496220  18.173878
101  11990  4.797118e+09        0  ... -2.177260   30.518717  28.801417
102  11995  4.799016e+09        0  ...  1.982360  178.472155  25.296849

[103 rows x 26 columns]
S2 selection efficiency:  100.0 %
/n/holystore01/LABS/guenette_lab/Lab/data/NEXT/FLEX/mc/eres_22072022/full_sims/s1.3mmp2.4mm/kr83m/kdsts/sthresh/hdf5/flex.kr83m.23.kdsts.h5
     event          time  s1_peak  ...       Phi       Xrms       Yrms
0    11500  4.601516e+09        0  ...  2.787585  23.071619  21.856013
1    11500  4.601516e+09        1  ...  2.787585  23.071619  21.856013
2    11505  4.602384e+09        0  ...  0.556056  25.745275  25.527625
3    11510  4.604517e+09        0  ... -0.808019  28.264982  24.969593
4    11515  4.607495e+09        0  ... -2.817160  22.605397  21.554836
..     ...           ...      ...  ...       ...        ...        ...
96   11975  4.790728e+09        0  ... -2.556231  24.085405  22.038042
97   11980  4.792676e+09        0  ... -1.335683  24.811938  25.989564
98   11985  4.794945e+09        0  ... -2.345459  28.273063  33.063732
99   11990  4.797299e+09        0  ... -2.001438  25.635682  30.170888
100  11995  4.798271e+09        0  ...  0.733419  25.016867  28.537511

[101 rows x 26 columns]
S2 selection efficiency:  100.0 %
/n/holystore01/LABS/guenette_lab/Lab/data/NEXT/FLEX/mc/eres_22072022/full_sims/s3mmp5.5mm/kr83m/kdsts/sthresh/hdf5/flex.kr83m.23.kdsts.h5
     event          time  s1_peak  ...       Phi       Xrms       Yrms
0    11500  4.601448e+09        0  ...  2.786757  34.176771  33.227216
1    11510  4.604283e+09        0  ... -1.241209  35.928979  34.085707
2    11520  4.609377e+09        0  ...  2.019434  34.944461  38.256838
3    11525  4.610325e+09        0  ... -0.388772  38.011078  32.265929
4    11530  4.612008e+09        0  ... -3.125387  28.139465  28.801893
..     ...           ...      ...  ...       ...        ...        ...
97   11980  4.792607e+09        0  ... -2.797740  36.026927  33.076937
98   11985  4.795666e+09        0  ...  0.451805  42.053438  38.059588
99   11990  4.797356e+09        0  ... -1.032493  34.317841  36.334187
100  11995  4.799873e+09        0  ...  2.325471  27.532338  27.915502
101  11995  4.799873e+09        1  ...  2.325471  27.532338  27.915502

[102 rows x 26 columns]
S2 selection efficiency:  100.0 %
/n/holystore01/LABS/guenette_lab/Lab/data/NEXT/FLEX/mc/eres_22072022/full_sims/s6mmp11mm/kr83m/kdsts/sthresh/hdf5/flex.kr83m.23.kdsts.h5
    event          time  s1_peak  ...       Phi        Xrms        Yrms
0   11500  4.600287e+09        0  ...  2.787608  115.311198   80.315609
1   11505  4.603591e+09        0  ...  2.740575   98.045603   91.768524
2   11510  4.604697e+09        0  ... -0.335969  116.433159   85.074906
3   11515  4.607918e+09        0  ...  0.781917  100.614801   96.446410
4   11520  4.609954e+09        0  ... -2.515479  112.020085   99.825090
..    ...           ...      ...  ...       ...         ...         ...
92  11975  4.791508e+09        0  ...  1.131264   90.249313  106.287631
93  11980  4.793584e+09        0  ... -2.580481  118.778500  102.533525
94  11985  4.794148e+09        0  ... -0.891027   94.509713  100.938579
95  11990  4.796828e+09        0  ...  2.115436   97.518536  109.562452
96  11995  4.799477e+09        0  ...  0.284468  107.388990   95.986698

[97 rows x 26 columns]
S2 selection efficiency:  100.0 %
/n/holystore01/LABS/guenette_lab/Lab/data/NEXT/FLEX/mc/eres_22072022/full_sims/s6mmp7.8mm/kr83m/kdsts/sthresh/hdf5/flex.kr83m.23.kdsts.h5
     event          time  s1_peak  ...       Phi        Xrms        Yrms
0    11500  4.601004e+09        0  ...  2.787009  123.316517   85.918111
1    11505  4.602463e+09        0  ... -2.055635  103.791164  104.211333
2    11510  4.604647e+09        0  ...  0.777243  106.917666  105.341025
3    11515  4.606851e+09        0  ...  0.085877  100.702317   99.966253
4    11520  4.608577e+09        0  ...  2.020649   95.394621  112.460052
..     ...           ...      ...  ...       ...         ...         ...
96   11975  4.790613e+09        0  ...  1.435591   95.629483  127.738298
97   11980  4.793318e+09        0  ... -1.501922   91.810808  111.843764
98   11985  4.795510e+09        0  ...  2.048920   99.140284  104.256186
99   11990  4.797300e+09        0  ... -2.046978   97.198449  107.810692
100  11995  4.799271e+09        0  ...  2.293240  103.126900  108.099856

[101 rows x 26 columns]
S2 selection efficiency:  100.0 %
