Defining Conda Paths
Sourcing Conda
Finished!
/n/holystore01/LABS/guenette_lab/Lab/data/NEXT/FLEX/mc/eres_22072022/full_sims/s1.3mmp3.5mm/kr83m/kdsts/sthresh/hdf5/flex.kr83m.22.kdsts.h5
    event          time  s1_peak  ...       Phi        Xrms       Yrms
0   11000  4.400844e+09        0  ... -2.781461   32.900371  22.376853
1   11005  4.403983e+09        0  ...  1.523806  192.788339  24.825112
2   11010  4.405945e+09        0  ... -2.357908   22.960259  21.446072
3   11015  4.407442e+09        0  ... -0.572543   26.242832  25.350568
4   11020  4.409432e+09        0  ... -2.405610   21.052299  19.660215
..    ...           ...      ...  ...       ...         ...        ...
95  11475  4.590066e+09        0  ...  1.475904  317.943189  18.712781
96  11480  4.593395e+09        0  ...  1.543756  220.001483  20.330807
97  11485  4.595788e+09        0  ...  1.690921  197.745685  35.807856
98  11490  4.596427e+09        0  ... -0.058118   25.464083  19.930735
99  11495  4.599197e+09        0  ...  1.474410  244.788407  19.811079

[100 rows x 26 columns]
S2 selection efficiency:  100.0 %
/n/holystore01/LABS/guenette_lab/Lab/data/NEXT/FLEX/mc/eres_22072022/full_sims/s1.3mmp2.4mm/kr83m/kdsts/sthresh/hdf5/flex.kr83m.22.kdsts.h5
    event          time  s1_peak  ...       Phi       Xrms       Yrms
0   11000  4.400463e+09        0  ... -2.782650  28.933275  25.987181
1   11000  4.400463e+09        1  ... -2.782650  28.933275  25.987181
2   11005  4.402230e+09        0  ...  1.979486  25.152994  24.522980
3   11010  4.405364e+09        0  ...  0.604480  26.762661  24.905862
4   11015  4.406313e+09        0  ... -1.738812  21.003476  21.503148
..    ...           ...      ...  ...       ...        ...        ...
95  11475  4.590194e+09        0  ... -1.735750  19.031598  18.874845
96  11480  4.593941e+09        0  ... -0.135308  31.588822  26.295239
97  11485  4.595820e+09        0  ... -2.018450  24.215946  28.128979
98  11490  4.597470e+09        0  ... -1.697987  19.092249  19.454857
99  11495  4.598227e+09        0  ... -2.963289  22.608901  21.317151

[100 rows x 26 columns]
S2 selection efficiency:  100.0 %
/n/holystore01/LABS/guenette_lab/Lab/data/NEXT/FLEX/mc/eres_22072022/full_sims/s3mmp5.5mm/kr83m/kdsts/sthresh/hdf5/flex.kr83m.22.kdsts.h5
    event          time  s1_peak  ...       Phi       Xrms       Yrms
0   11000  4.401899e+09        0  ... -2.782775  36.904749  34.573695
1   11010  4.404784e+09        0  ...  2.637377  37.404835  36.035744
2   11015  4.406626e+09        0  ... -0.389462  39.574427  38.802183
3   11020  4.409317e+09        0  ... -0.807941  37.148067  37.599578
4   11025  4.410555e+09        0  ... -0.488846  36.670144  35.364412
..    ...           ...      ...  ...       ...        ...        ...
91  11475  4.591934e+09        0  ...  0.256800  37.107538  35.117093
92  11480  4.592609e+09        0  ...  2.525543  37.309148  35.866748
93  11485  4.594677e+09        0  ... -2.765155  35.240724  34.515903
94  11490  4.596917e+09        0  ... -2.372911  35.886520  37.811149
95  11495  4.599253e+09        0  ...  0.195827  31.745957  31.459967

[96 rows x 26 columns]
S2 selection efficiency:  100.0 %
/n/holystore01/LABS/guenette_lab/Lab/data/NEXT/FLEX/mc/eres_22072022/full_sims/s6mmp11mm/kr83m/kdsts/sthresh/hdf5/flex.kr83m.22.kdsts.h5
    event          time  s1_peak  ...       Phi        Xrms        Yrms
0   11000  4.400831e+09        0  ... -2.782626  113.654524   87.704824
1   11005  4.403828e+09        0  ...  1.297906   98.618224  117.773757
2   11010  4.404822e+09        0  ...  1.090165   95.336504  107.942220
3   11015  4.406719e+09        0  ...  2.079083   92.991661   95.545323
4   11020  4.409674e+09        0  ... -0.295009  122.762260   82.656692
..    ...           ...      ...  ...       ...         ...         ...
95  11470  4.588745e+09        0  ...  1.235377   93.908511  106.058295
96  11475  4.590427e+09        0  ... -0.076743  114.630458   74.489773
97  11480  4.592131e+09        0  ...  1.432874   96.312327  106.301817
98  11485  4.594567e+09        0  ... -2.989868  102.892054   89.581450
99  11495  4.599842e+09        0  ...  2.786270  121.743983   96.619084

[100 rows x 26 columns]
S2 selection efficiency:  100.0 %
/n/holystore01/LABS/guenette_lab/Lab/data/NEXT/FLEX/mc/eres_22072022/full_sims/s6mmp7.8mm/kr83m/kdsts/sthresh/hdf5/flex.kr83m.22.kdsts.h5
    event          time  s1_peak  ...       Phi        Xrms        Yrms
0   11000  4.401299e+09        0  ... -2.781496  115.345898   87.567724
1   11005  4.403964e+09        0  ...  2.167612   97.738860  103.181361
2   11010  4.404540e+09        0  ... -2.521743   99.577738   98.971231
3   11015  4.407115e+09        0  ...  2.028386   96.795410  108.011494
4   11020  4.409735e+09        0  ...  0.387353  109.178111   92.995092
..    ...           ...      ...  ...       ...         ...         ...
95  11475  4.591168e+09        0  ... -1.953464  100.881034  124.258730
96  11480  4.593282e+09        0  ... -2.764308   97.704651   95.953497
97  11485  4.595115e+09        0  ...  2.439864  106.565830  101.008088
98  11490  4.596258e+09        0  ... -1.253676   84.994690  121.735861
99  11495  4.598375e+09        0  ... -2.606270  121.339508  108.325440

[100 rows x 26 columns]
S2 selection efficiency:  100.0 %
