Defining Conda Paths
Sourcing Conda
Finished!
/n/holystore01/LABS/guenette_lab/Lab/data/NEXT/FLEX/mc/eres_22072022/full_sims/s1.3mmp3.5mm/kr83m/kdsts/sthresh/hdf5/flex.kr83m.86.kdsts.h5
    event          time  s1_peak  ...       Phi        Xrms       Yrms
0   43000  1.720105e+10        0  ... -0.863998   20.597917  18.550122
1   43005  1.720357e+10        0  ...  1.423858  119.606545  22.819645
2   43010  1.720536e+10        0  ...  1.519616  232.274065  22.245328
3   43015  1.720786e+10        0  ... -2.032150   26.949004  24.689881
4   43020  1.720966e+10        0  ...  0.988838  247.785296  22.723959
..    ...           ...      ...  ...       ...         ...        ...
95  43475  1.739080e+10        0  ...  1.733223  304.510773  19.958448
96  43480  1.739353e+10        0  ...  1.614206  235.401540  29.728434
97  43485  1.739525e+10        0  ...  1.447381  272.493016  23.609669
98  43490  1.739610e+10        0  ...  1.748115  282.700981  20.096503
99  43495  1.739825e+10        0  ... -0.115404   32.404910  23.851757

[100 rows x 26 columns]
S2 selection efficiency:  100.0 %
/n/holystore01/LABS/guenette_lab/Lab/data/NEXT/FLEX/mc/eres_22072022/full_sims/s1.3mmp2.4mm/kr83m/kdsts/sthresh/hdf5/flex.kr83m.86.kdsts.h5
    event          time  s1_peak  ...       Phi       Xrms       Yrms
0   43000  1.720027e+10        0  ... -0.861366  21.369579  20.244313
1   43005  1.720336e+10        0  ...  0.667629  24.181697  25.282862
2   43010  1.720505e+10        0  ... -0.325572  22.294344  21.236513
3   43015  1.720774e+10        0  ...  2.525237  24.828200  25.795970
4   43020  1.720853e+10        0  ... -2.901186  26.813345  24.562736
..    ...           ...      ...  ...       ...        ...        ...
95  43470  1.738914e+10        0  ... -0.355573  26.562873  23.049658
96  43475  1.739170e+10        0  ... -2.977577  29.384631  24.863107
97  43485  1.739483e+10        0  ...  1.093563  23.416908  24.229075
98  43490  1.739730e+10        0  ... -0.860933  26.781626  27.259085
99  43495  1.739912e+10        0  ...  0.201528  25.760499  21.302370

[100 rows x 26 columns]
S2 selection efficiency:  100.0 %
/n/holystore01/LABS/guenette_lab/Lab/data/NEXT/FLEX/mc/eres_22072022/full_sims/s3mmp5.5mm/kr83m/kdsts/sthresh/hdf5/flex.kr83m.86.kdsts.h5
     event          time  s1_peak  ...       Phi       Xrms       Yrms
0    43000  1.720136e+10        0  ... -0.861424  32.609785  31.255305
1    43005  1.720365e+10        0  ... -1.252574  36.479606  43.225188
2    43010  1.720591e+10        0  ...  1.891799  36.384252  34.916067
3    43015  1.720680e+10        0  ... -1.822168  34.905840  37.186456
4    43020  1.720978e+10        0  ...  0.707335  40.402364  37.270676
..     ...           ...      ...  ...       ...        ...        ...
97   43480  1.739278e+10        0  ... -1.092794  35.664985  40.196789
98   43480  1.739278e+10        1  ... -1.092794  35.664985  40.196789
99   43485  1.739577e+10        0  ...  2.941112  37.055931  33.751021
100  43490  1.739677e+10        0  ... -1.609077  34.687868  36.929815
101  43495  1.739934e+10        0  ... -2.930993  35.656821  34.602765

[102 rows x 26 columns]
S2 selection efficiency:  100.0 %
/n/holystore01/LABS/guenette_lab/Lab/data/NEXT/FLEX/mc/eres_22072022/full_sims/s6mmp11mm/kr83m/kdsts/sthresh/hdf5/flex.kr83m.86.kdsts.h5
    event          time  s1_peak  ...       Phi        Xrms        Yrms
0   43000  1.720018e+10        0  ... -0.876708  103.586297  100.359441
1   43005  1.720216e+10        0  ...  1.648336   85.899405  127.580995
2   43010  1.720423e+10        0  ...  2.293522   96.343614  100.037137
3   43015  1.720788e+10        0  ... -1.763187   84.004785  111.104774
4   43020  1.720993e+10        0  ... -1.326744   96.416450  115.521471
..    ...           ...      ...  ...       ...         ...         ...
95  43475  1.739134e+10        0  ... -2.966895  125.964197   80.008966
96  43480  1.739231e+10        0  ... -1.892465   83.964352  109.915565
97  43485  1.739415e+10        0  ... -2.596916  112.879273  103.352812
98  43490  1.739661e+10        0  ... -0.885970  100.058940  102.627601
99  43495  1.739801e+10        0  ... -1.677346   94.558222  117.965907

[100 rows x 26 columns]
S2 selection efficiency:  100.0 %
/n/holystore01/LABS/guenette_lab/Lab/data/NEXT/FLEX/mc/eres_22072022/full_sims/s6mmp7.8mm/kr83m/kdsts/sthresh/hdf5/flex.kr83m.86.kdsts.h5
    event          time  s1_peak  ...       Phi        Xrms        Yrms
0   43000  1.720198e+10        0  ... -0.860277  105.699006  105.226967
1   43005  1.720215e+10        0  ... -1.982426   95.382955  103.613390
2   43010  1.720480e+10        0  ... -1.813470   96.454198  117.805295
3   43015  1.720646e+10        0  ... -3.027517  101.880072   99.449368
4   43020  1.720985e+10        0  ...  1.355119   95.397688  125.791487
..    ...           ...      ...  ...       ...         ...         ...
93  43475  1.739169e+10        0  ...  2.549687  109.451456   98.661245
94  43480  1.739384e+10        0  ...  2.705811  116.781936  103.122371
95  43485  1.739476e+10        0  ...  1.708894  101.210876  110.353616
96  43490  1.739722e+10        0  ... -0.483104  102.727075   77.253289
97  43495  1.739881e+10        0  ... -0.080747  119.578915   83.208702

[98 rows x 26 columns]
S2 selection efficiency:  100.0 %
