Defining Conda Paths
Sourcing Conda
Finished!
/n/holystore01/LABS/guenette_lab/Lab/data/NEXT/FLEX/mc/eres_22072022/full_sims/s1.3mmp3.5mm/kr83m/kdsts/sthresh/hdf5/flex.kr83m.70.kdsts.h5
    event          time  s1_peak  ...       Phi        Xrms       Yrms
0   35000  1.400004e+10        0  ... -0.001905   41.032432  18.768519
1   35005  1.400271e+10        0  ... -1.391341   20.533768  22.932476
2   35010  1.400454e+10        0  ...  1.137016  367.461936  27.400965
3   35015  1.400666e+10        0  ... -0.597347   23.565489  21.519893
4   35020  1.400962e+10        0  ... -1.736608   21.891591  21.764369
..    ...           ...      ...  ...       ...         ...        ...
94  35470  1.418995e+10        0  ... -0.100718   36.287346  25.655467
95  35475  1.419011e+10        0  ... -2.438733   28.300894  24.903243
96  35480  1.419279e+10        0  ...  1.574496  250.453185  26.496789
97  35490  1.419695e+10        0  ...  1.538722  250.576341  20.465639
98  35495  1.419899e+10        0  ...  0.114779  250.140254  21.444461

[99 rows x 26 columns]
S2 selection efficiency:  100.0 %
/n/holystore01/LABS/guenette_lab/Lab/data/NEXT/FLEX/mc/eres_22072022/full_sims/s1.3mmp2.4mm/kr83m/kdsts/sthresh/hdf5/flex.kr83m.70.kdsts.h5
     event          time  s1_peak  ...       Phi       Xrms       Yrms
0    35000  1.400124e+10        0  ...  0.024351  30.052146  23.657297
1    35005  1.400389e+10        0  ...  0.007232  24.047284  24.210406
2    35010  1.400527e+10        0  ...  0.953260  21.812100  22.569168
3    35015  1.400696e+10        0  ...  2.339723  22.743975  22.418091
4    35020  1.400898e+10        0  ...  2.847593  21.712141  19.557894
..     ...           ...      ...  ...       ...        ...        ...
104  35475  1.419068e+10        0  ...  2.721879  22.445851  21.532006
105  35480  1.419281e+10        0  ...  0.689762  21.270526  21.949868
106  35485  1.419440e+10        0  ... -1.432124  23.056587  22.178915
107  35490  1.419761e+10        0  ... -2.204632  26.380333  29.108933
108  35495  1.419946e+10        0  ... -2.980012  27.298924  22.232677

[109 rows x 26 columns]
S2 selection efficiency:  100.0 %
/n/holystore01/LABS/guenette_lab/Lab/data/NEXT/FLEX/mc/eres_22072022/full_sims/s3mmp5.5mm/kr83m/kdsts/sthresh/hdf5/flex.kr83m.70.kdsts.h5
    event          time  s1_peak  ...       Phi       Xrms       Yrms
0   35000  1.400039e+10        0  ...  0.023125  38.791332  36.621898
1   35005  1.400306e+10        0  ...  2.356946  37.723059  37.255855
2   35005  1.400306e+10        1  ...  2.356946  37.723059  37.255855
3   35010  1.400460e+10        0  ... -1.780776  34.823872  36.156304
4   35015  1.400688e+10        0  ... -1.157784  35.895609  34.665161
..    ...           ...      ...  ...       ...        ...        ...
94  35475  1.419106e+10        1  ... -0.080144  40.818994  35.968697
95  35480  1.419274e+10        0  ...  0.662429  39.026941  35.565164
96  35485  1.419469e+10        0  ...  2.047234  37.424703  38.401279
97  35490  1.419633e+10        0  ... -0.171964  36.887048  36.311817
98  35495  1.419966e+10        0  ... -2.483085  34.768840  36.624263

[99 rows x 26 columns]
S2 selection efficiency:  100.0 %
/n/holystore01/LABS/guenette_lab/Lab/data/NEXT/FLEX/mc/eres_22072022/full_sims/s6mmp11mm/kr83m/kdsts/sthresh/hdf5/flex.kr83m.70.kdsts.h5
    event          time  s1_peak  ...       Phi        Xrms        Yrms
0   35000  1.400146e+10        0  ...  0.023861  117.928025   83.943634
1   35005  1.400385e+10        0  ... -1.543978   94.174598   99.617513
2   35010  1.400422e+10        0  ... -1.621937   72.661159  115.765956
3   35015  1.400662e+10        0  ... -0.542124   82.251592   70.161343
4   35020  1.400981e+10        0  ... -1.244574   90.548807  115.402237
..    ...           ...      ...  ...       ...         ...         ...
95  35475  1.419028e+10        0  ... -1.424444   80.287336  116.579654
96  35480  1.419308e+10        0  ...  0.709240   94.566196   94.901980
97  35485  1.419551e+10        0  ... -2.875326  104.806101   93.403489
98  35490  1.419753e+10        0  ... -3.065748  125.999360   95.051685
99  35495  1.419910e+10        0  ... -1.149059   95.946550  115.266800

[100 rows x 26 columns]
S2 selection efficiency:  100.0 %
/n/holystore01/LABS/guenette_lab/Lab/data/NEXT/FLEX/mc/eres_22072022/full_sims/s6mmp7.8mm/kr83m/kdsts/sthresh/hdf5/flex.kr83m.70.kdsts.h5
     event          time  s1_peak  ...       Phi        Xrms        Yrms
0    35000  1.400016e+10        0  ...  0.023904  123.322729   87.106259
1    35005  1.400268e+10        0  ... -0.482546  116.378612   94.969952
2    35005  1.400268e+10        1  ... -0.482546  116.378612   94.969952
3    35010  1.400501e+10        0  ... -0.644046  107.257749   99.197367
4    35015  1.400659e+10        0  ... -2.030465   48.082953   56.756502
..     ...           ...      ...  ...       ...         ...         ...
96   35475  1.419179e+10        0  ... -0.382102  104.763754  102.072997
97   35480  1.419269e+10        0  ... -0.333939  115.183292   94.687581
98   35485  1.419459e+10        0  ... -1.229328   89.721025  112.955314
99   35490  1.419640e+10        0  ... -2.042290   87.356329  115.082909
100  35495  1.419988e+10        0  ...  2.959440  116.847233   76.593669

[101 rows x 26 columns]
S2 selection efficiency:  100.0 %
