Defining Conda Paths
Sourcing Conda
Finished!
/n/holystore01/LABS/guenette_lab/Lab/data/NEXT/FLEX/mc/eres_22072022/full_sims/s1.3mmp3.5mm/kr83m/kdsts/sthresh/hdf5/flex.kr83m.91.kdsts.h5
    event          time  s1_peak  ...       Phi        Xrms       Yrms
0   45500  1.820018e+10        0  ...  1.703983  166.503616  22.549024
1   45505  1.820379e+10        0  ...  3.109028  251.264714  21.614581
2   45510  1.820479e+10        0  ... -0.809741   20.835697  19.807288
3   45515  1.820667e+10        0  ... -1.666131   27.474728  30.580031
4   45515  1.820667e+10        1  ... -1.666131   27.474728  30.580031
..    ...           ...      ...  ...       ...         ...        ...
94  45975  1.839176e+10        0  ... -2.287599   23.504239  25.370028
95  45980  1.839247e+10        0  ... -0.551592   26.960329  20.239593
96  45985  1.839597e+10        0  ...  1.571619  234.094651  20.876660
97  45990  1.839775e+10        0  ...  1.507278  244.283397  22.277492
98  45995  1.839929e+10        0  ...  1.421460  234.010665  18.035842

[99 rows x 26 columns]
S2 selection efficiency:  100.0 %
/n/holystore01/LABS/guenette_lab/Lab/data/NEXT/FLEX/mc/eres_22072022/full_sims/s1.3mmp2.4mm/kr83m/kdsts/sthresh/hdf5/flex.kr83m.91.kdsts.h5
    event          time  s1_peak  ...       Phi       Xrms       Yrms
0   45500  1.820191e+10        0  ...  2.787832  23.853359  21.087214
1   45505  1.820227e+10        0  ...  0.579118  28.532920  25.683934
2   45510  1.820439e+10        0  ...  0.797608  24.524208  25.041081
3   45515  1.820678e+10        0  ... -2.161350  22.087734  22.991875
4   45520  1.820982e+10        0  ... -2.400464  19.095469  19.040514
..    ...           ...      ...  ...       ...        ...        ...
92  45975  1.839030e+10        0  ...  1.205937  24.800302  25.832289
93  45980  1.839210e+10        0  ... -1.215388  20.748677  20.735580
94  45985  1.839430e+10        0  ...  1.225879  25.225542  33.843471
95  45990  1.839604e+10        0  ...  0.850499  28.203819  28.405539
96  45995  1.839972e+10        0  ...  1.276555  20.749832  22.007559

[97 rows x 26 columns]
S2 selection efficiency:  100.0 %
/n/holystore01/LABS/guenette_lab/Lab/data/NEXT/FLEX/mc/eres_22072022/full_sims/s3mmp5.5mm/kr83m/kdsts/sthresh/hdf5/flex.kr83m.91.kdsts.h5
     event          time  s1_peak  ...       Phi       Xrms       Yrms
0    45500  1.820145e+10        0  ...  2.788900  34.816816  35.087739
1    45505  1.820324e+10        0  ... -0.734125  34.982039  36.732765
2    45510  1.820538e+10        0  ...  0.698804  36.318577  34.996455
3    45515  1.820716e+10        0  ...  1.538549  36.249253  39.690813
4    45520  1.820897e+10        0  ... -1.031708  35.930877  33.201619
..     ...           ...      ...  ...       ...        ...        ...
97   45980  1.839263e+10        0  ... -1.576090  34.699921  36.034042
98   45985  1.839531e+10        0  ...  1.346189  33.858675  39.300506
99   45990  1.839789e+10        0  ... -1.452933  36.539067  41.310180
100  45995  1.839890e+10        0  ... -1.494261  35.064551  38.043945
101  45995  1.839890e+10        1  ... -1.494261  35.064551  38.043945

[102 rows x 26 columns]
S2 selection efficiency:  100.0 %
/n/holystore01/LABS/guenette_lab/Lab/data/NEXT/FLEX/mc/eres_22072022/full_sims/s6mmp11mm/kr83m/kdsts/sthresh/hdf5/flex.kr83m.91.kdsts.h5
    event          time  s1_peak  ...       Phi        Xrms        Yrms
0   45500  1.820093e+10        0  ...  2.788121  120.476662   87.120001
1   45505  1.820363e+10        0  ...  0.502458  112.665950   97.492955
2   45510  1.820473e+10        0  ...  0.317527  110.488361   75.417751
3   45515  1.820635e+10        0  ... -1.147732   91.479819  107.839276
4   45520  1.820830e+10        0  ...  2.856481  103.709840   92.623340
..    ...           ...      ...  ...       ...         ...         ...
91  45975  1.839146e+10        0  ... -1.247504  101.176682   98.715839
92  45980  1.839378e+10        0  ... -0.495483  102.514746  100.161473
93  45985  1.839445e+10        0  ...  1.390595   91.442304  102.300094
94  45990  1.839792e+10        0  ... -1.815863   77.653351  113.571309
95  45995  1.839980e+10        0  ... -2.788873   99.476489   89.077570

[96 rows x 26 columns]
S2 selection efficiency:  100.0 %
/n/holystore01/LABS/guenette_lab/Lab/data/NEXT/FLEX/mc/eres_22072022/full_sims/s6mmp7.8mm/kr83m/kdsts/sthresh/hdf5/flex.kr83m.91.kdsts.h5
    event          time  s1_peak  ...       Phi        Xrms        Yrms
0   45500  1.820118e+10        0  ...  2.787348  119.775241   87.568021
1   45505  1.820268e+10        0  ...  1.961941   91.146223  117.678200
2   45515  1.820733e+10        0  ...  1.201309   97.721128  105.576882
3   45520  1.820833e+10        0  ...  1.490700  101.335408  108.682956
4   45525  1.821055e+10        0  ...  1.121212   89.829681  109.316885
..    ...           ...      ...  ...       ...         ...         ...
95  45975  1.839021e+10        0  ...  0.123839  123.976731   89.773976
96  45980  1.839338e+10        0  ...  0.224778   68.377002   48.942620
97  45985  1.839572e+10        0  ... -2.842021  111.761232   96.644342
98  45990  1.839650e+10        0  ...  2.637577  101.259008   96.074007
99  45995  1.839983e+10        0  ... -2.456847  106.538199  103.898717

[100 rows x 26 columns]
S2 selection efficiency:  100.0 %
