Defining Conda Paths
Sourcing Conda
Finished!
/n/holystore01/LABS/guenette_lab/Lab/data/NEXT/FLEX/mc/eres_22072022/full_sims/s1.3mmp3.5mm/kr83m/kdsts/sthresh/hdf5/flex.kr83m.36.kdsts.h5
    event          time  s1_peak  ...       Phi        Xrms       Yrms
0   18000  7.201780e+09        0  ... -1.585952   21.648307  25.419895
1   18005  7.202221e+09        0  ...  1.626312  216.259285  23.196641
2   18010  7.204737e+09        0  ... -0.451983   29.490206  25.764551
3   18015  7.206117e+09        0  ...  0.017446  196.942851  22.999418
4   18020  7.209809e+09        0  ... -0.032221   24.620291  19.533348
..    ...           ...      ...  ...       ...         ...        ...
94  18475  7.390828e+09        0  ...  0.162351   92.460474  22.119605
95  18480  7.392205e+09        0  ...  1.561547  226.317557  14.854324
96  18485  7.395106e+09        0  ...  1.572789  196.611577  24.440363
97  18490  7.396518e+09        0  ...  1.566104  218.660537  22.399546
98  18495  7.399076e+09        0  ... -0.265971   23.119102  20.933401

[99 rows x 26 columns]
S2 selection efficiency:  100.0 %
/n/holystore01/LABS/guenette_lab/Lab/data/NEXT/FLEX/mc/eres_22072022/full_sims/s1.3mmp2.4mm/kr83m/kdsts/sthresh/hdf5/flex.kr83m.36.kdsts.h5
    event          time  s1_peak  ...       Phi       Xrms       Yrms
0   18000  7.200362e+09        0  ... -1.585373  21.067794  20.862143
1   18005  7.203643e+09        0  ...  2.616805  28.836774  28.524596
2   18015  7.206983e+09        0  ... -1.702552  22.938528  25.422933
3   18020  7.209464e+09        0  ...  1.475977  23.646611  29.388866
4   18025  7.211463e+09        0  ...  2.920090  29.807225  25.356698
..    ...           ...      ...  ...       ...        ...        ...
95  18480  7.392017e+09        0  ...  3.100727  22.323498  21.194023
96  18485  7.394940e+09        0  ...  2.004744  23.366198  24.128591
97  18490  7.396150e+09        0  ...  0.947904  26.191211  24.845946
98  18490  7.396150e+09        1  ...  0.947904  26.191211  24.845946
99  18495  7.398706e+09        0  ... -0.483166  22.345534  22.674353

[100 rows x 26 columns]
S2 selection efficiency:  100.0 %
/n/holystore01/LABS/guenette_lab/Lab/data/NEXT/FLEX/mc/eres_22072022/full_sims/s3mmp5.5mm/kr83m/kdsts/sthresh/hdf5/flex.kr83m.36.kdsts.h5
    event          time  s1_peak  ...       Phi       Xrms       Yrms
0   18000  7.200828e+09        0  ... -1.584600  35.719686  40.060236
1   18005  7.202563e+09        0  ... -2.437687  37.214546  37.463145
2   18010  7.204987e+09        0  ... -2.459979  38.624668  36.299869
3   18015  7.206862e+09        0  ... -1.407424  34.462466  37.144194
4   18020  7.208071e+09        0  ... -2.591953  38.448917  35.904086
..    ...           ...      ...  ...       ...        ...        ...
94  18475  7.390872e+09        0  ...  2.817891  37.568163  35.451235
95  18480  7.392891e+09        0  ...  1.929514  35.752734  40.235193
96  18485  7.394251e+09        0  ...  3.126280  35.258937  30.970388
97  18490  7.396199e+09        0  ... -2.245637  36.310571  35.078345
98  18495  7.399706e+09        0  ...  2.050967  33.999064  33.639265

[99 rows x 26 columns]
S2 selection efficiency:  100.0 %
/n/holystore01/LABS/guenette_lab/Lab/data/NEXT/FLEX/mc/eres_22072022/full_sims/s6mmp11mm/kr83m/kdsts/sthresh/hdf5/flex.kr83m.36.kdsts.h5
     event          time  s1_peak  ...       Phi        Xrms        Yrms
0    18000  7.200612e+09        0  ... -1.585538   95.093077  118.414884
1    18005  7.202454e+09        0  ... -2.941518   99.954770   93.984437
2    18010  7.205350e+09        0  ...  0.420307  116.697650   86.987221
3    18015  7.207139e+09        0  ... -0.607941  114.638317  101.296316
4    18020  7.208113e+09        0  ...  1.793395   88.756088  122.885457
..     ...           ...      ...  ...       ...         ...         ...
99   18475  7.391376e+09        0  ... -1.571328   87.944822  125.852411
100  18480  7.392385e+09        0  ... -1.143649   84.463549  113.297234
101  18485  7.395762e+09        0  ... -1.449991   76.623592  114.068052
102  18490  7.397605e+09        0  ... -2.315615   98.636291  104.205840
103  18495  7.398352e+09        0  ... -1.001819   95.396735   97.056076

[104 rows x 26 columns]
S2 selection efficiency:  100.0 %
/n/holystore01/LABS/guenette_lab/Lab/data/NEXT/FLEX/mc/eres_22072022/full_sims/s6mmp7.8mm/kr83m/kdsts/sthresh/hdf5/flex.kr83m.36.kdsts.h5
    event          time  s1_peak  ...       Phi        Xrms        Yrms
0   18000  7.200908e+09        0  ... -1.583537   95.193461  118.713297
1   18005  7.202565e+09        0  ... -1.966698   94.988916   99.188799
2   18010  7.204719e+09        0  ... -0.665719   97.251734   88.063983
3   18015  7.206518e+09        0  ... -0.532918  101.248113   97.608651
4   18020  7.209195e+09        0  ... -0.275315  121.248566   87.160255
..    ...           ...      ...  ...       ...         ...         ...
94  18475  7.390486e+09        0  ... -0.123633  109.603489   96.214885
95  18480  7.393790e+09        0  ... -1.995428  100.995247  117.574615
96  18485  7.395509e+09        0  ... -0.170142   99.535300   98.371410
97  18490  7.396135e+09        0  ... -0.386118  112.467818  103.414064
98  18495  7.399424e+09        0  ...  1.530873   91.280702  112.558502

[99 rows x 26 columns]
S2 selection efficiency:  100.0 %
