Defining Conda Paths
Sourcing Conda
Finished!
/n/holystore01/LABS/guenette_lab/Lab/data/NEXT/FLEX/mc/eres_22072022/full_sims/s1.3mmp3.5mm/kr83m/kdsts/sthresh/hdf5/flex.kr83m.34.kdsts.h5
    event          time  s1_peak  ...       Phi        Xrms       Yrms
0   17000  6.800292e+09        0  ... -1.024245   25.005239  25.695513
1   17005  6.802020e+09        0  ... -0.074678   36.010430  23.661174
2   17010  6.804183e+09        0  ... -0.913182   24.356028  24.347989
3   17015  6.806926e+09        0  ...  0.042572   72.662006  20.583805
4   17020  6.809977e+09        0  ...  1.571115  247.382056  21.621817
..    ...           ...      ...  ...       ...         ...        ...
94  17475  6.990509e+09        0  ...  2.301568  355.443191  19.384992
95  17480  6.992429e+09        0  ... -0.072279   27.234772  20.954616
96  17485  6.995996e+09        0  ... -0.727782   19.895948  19.837647
97  17490  6.997903e+09        0  ... -1.700349   22.477460  23.804047
98  17495  6.998880e+09        0  ... -2.628430   22.485223  20.263840

[99 rows x 26 columns]
S2 selection efficiency:  100.0 %
/n/holystore01/LABS/guenette_lab/Lab/data/NEXT/FLEX/mc/eres_22072022/full_sims/s1.3mmp2.4mm/kr83m/kdsts/sthresh/hdf5/flex.kr83m.34.kdsts.h5
     event          time  s1_peak  ...       Phi       Xrms       Yrms
0    17000  6.800190e+09        0  ... -1.024270  24.841439  23.763738
1    17005  6.802526e+09        0  ... -3.134301  24.354736  23.022875
2    17010  6.805202e+09        0  ... -3.039548  25.601746  24.962743
3    17015  6.807747e+09        0  ... -1.999775  29.247117  35.453391
4    17015  6.807747e+09        1  ... -1.999775  29.247117  35.453391
..     ...           ...      ...  ...       ...        ...        ...
99   17480  6.993959e+09        0  ... -1.737789  23.546626  28.506656
100  17485  6.995978e+09        0  ...  0.256429  23.001223  20.235719
101  17485  6.995978e+09        1  ...  0.256429  23.001223  20.235719
102  17490  6.996436e+09        0  ... -1.982154  24.487190  25.857621
103  17495  6.999612e+09        0  ... -0.465451  24.344102  23.662384

[104 rows x 26 columns]
S2 selection efficiency:  100.0 %
/n/holystore01/LABS/guenette_lab/Lab/data/NEXT/FLEX/mc/eres_22072022/full_sims/s3mmp5.5mm/kr83m/kdsts/sthresh/hdf5/flex.kr83m.34.kdsts.h5
     event          time  s1_peak  ...       Phi       Xrms       Yrms
0    17000  6.801145e+09        0  ... -1.024808  36.119593  35.038713
1    17005  6.803009e+09        0  ... -2.936817  33.638213  33.729017
2    17010  6.804831e+09        0  ...  2.023454  35.700984  34.502252
3    17015  6.807336e+09        0  ...  1.764849  33.338008  36.106887
4    17020  6.808063e+09        0  ...  1.064467  32.887708  33.064020
..     ...           ...      ...  ...       ...        ...        ...
98   17480  6.992570e+09        0  ... -1.138399  34.709342  38.127837
99   17485  6.995537e+09        0  ...  2.353145  38.138727  36.180125
100  17490  6.996719e+09        0  ...  1.032197  34.925417  38.406050
101  17495  6.998370e+09        0  ...  0.058681  34.033279  33.390613
102  17495  6.998370e+09        1  ...  0.058681  34.033279  33.390613

[103 rows x 26 columns]
S2 selection efficiency:  100.0 %
/n/holystore01/LABS/guenette_lab/Lab/data/NEXT/FLEX/mc/eres_22072022/full_sims/s6mmp11mm/kr83m/kdsts/sthresh/hdf5/flex.kr83m.34.kdsts.h5
     event          time  s1_peak  ...       Phi        Xrms        Yrms
0    17000  6.801682e+09        0  ... -1.026502   98.347642  104.137179
1    17005  6.802384e+09        0  ... -2.633953  121.523419  103.464347
2    17010  6.804457e+09        0  ... -1.591750   88.719118  107.233288
3    17015  6.806477e+09        0  ... -1.796427   92.051189  122.310579
4    17020  6.809347e+09        0  ... -2.132743   93.783450   95.201006
..     ...           ...      ...  ...       ...         ...         ...
97   17475  6.991924e+09        0  ...  2.835341   95.702026   93.644187
98   17480  6.992670e+09        0  ...  1.513595   84.100436  118.426938
99   17485  6.995593e+09        0  ... -1.124743   88.435644  118.442832
100  17490  6.996833e+09        0  ...  2.946066  110.045414   92.788055
101  17495  6.999313e+09        0  ...  1.913100   94.096260   95.246794

[102 rows x 26 columns]
S2 selection efficiency:  100.0 %
/n/holystore01/LABS/guenette_lab/Lab/data/NEXT/FLEX/mc/eres_22072022/full_sims/s6mmp7.8mm/kr83m/kdsts/sthresh/hdf5/flex.kr83m.34.kdsts.h5
    event          time  s1_peak  ...       Phi        Xrms        Yrms
0   17000  6.800322e+09        0  ... -1.022840   99.023413  108.382792
1   17005  6.803261e+09        0  ...  1.797540   60.333430   91.846140
2   17010  6.805588e+09        0  ...  1.561732   93.702032  123.074022
3   17010  6.805588e+09        1  ...  1.561732   93.702032  123.074022
4   17015  6.807493e+09        0  ... -2.862217  106.579748   99.507042
..    ...           ...      ...  ...       ...         ...         ...
93  17475  6.990905e+09        0  ...  2.842176  122.547828   82.753522
94  17480  6.993000e+09        0  ... -2.972733  120.059064   91.100478
95  17485  6.994297e+09        0  ...  2.451321  102.263922  101.622420
96  17490  6.996271e+09        0  ...  0.849613  101.273009  106.012470
97  17495  6.999362e+09        0  ...  0.421702  127.173347   99.904826

[98 rows x 26 columns]
S2 selection efficiency:  100.0 %
