Defining Conda Paths
Sourcing Conda
Finished!
/n/holystore01/LABS/guenette_lab/Lab/data/NEXT/FLEX/mc/eres_22072022/full_sims/s1.3mmp3.5mm/kr83m/kdsts/sthresh/hdf5/flex.kr83m.97.kdsts.h5
    event          time  s1_peak  ...       Phi        Xrms       Yrms
0   48500  1.940096e+10        0  ... -0.004545   35.244694  19.545905
1   48505  1.940230e+10        0  ...  1.621127  241.576824  18.232677
2   48510  1.940573e+10        0  ...  1.644699  340.361821  25.998427
3   48515  1.940675e+10        0  ...  2.954129  103.490862  23.192492
4   48520  1.940885e+10        0  ... -2.969258   29.550142  23.077143
..    ...           ...      ...  ...       ...         ...        ...
94  48975  1.959129e+10        0  ... -0.242422   28.936189  23.617994
95  48980  1.959376e+10        0  ... -2.205989   25.797892  23.267064
96  48985  1.959461e+10        0  ... -2.919132   28.629267  23.191256
97  48990  1.959696e+10        0  ... -0.255116   21.104912  20.027420
98  48995  1.959805e+10        0  ... -0.759967   29.740524  22.810890

[99 rows x 26 columns]
S2 selection efficiency:  100.0 %
/n/holystore01/LABS/guenette_lab/Lab/data/NEXT/FLEX/mc/eres_22072022/full_sims/s1.3mmp2.4mm/kr83m/kdsts/sthresh/hdf5/flex.kr83m.97.kdsts.h5
     event          time  s1_peak  ...       Phi       Xrms       Yrms
0    48500  1.940118e+10        0  ...  0.035530  22.619606  21.098146
1    48505  1.940335e+10        0  ...  2.106253  27.151074  30.031506
2    48510  1.940533e+10        0  ... -3.089456  29.434034  23.980048
3    48520  1.940915e+10        0  ... -2.395727  27.419882  24.081516
4    48525  1.941090e+10        0  ...  1.629205  22.178563  28.700637
..     ...           ...      ...  ...       ...        ...        ...
96   48975  1.959020e+10        0  ...  2.763299  29.000554  25.622145
97   48980  1.959281e+10        0  ...  2.644865  21.919936  20.095686
98   48985  1.959571e+10        0  ...  0.262118  34.476431  23.183778
99   48990  1.959661e+10        0  ... -2.392096  25.042160  23.059182
100  48995  1.959870e+10        0  ... -2.243161  26.119052  26.442887

[101 rows x 26 columns]
S2 selection efficiency:  100.0 %
/n/holystore01/LABS/guenette_lab/Lab/data/NEXT/FLEX/mc/eres_22072022/full_sims/s3mmp5.5mm/kr83m/kdsts/sthresh/hdf5/flex.kr83m.97.kdsts.h5
    event          time  s1_peak  ...       Phi       Xrms       Yrms
0   48500  1.940082e+10        0  ...  0.031330  36.360288  34.264837
1   48505  1.940353e+10        0  ... -2.692707  33.659827  33.017253
2   48510  1.940568e+10        0  ... -0.104198  38.189318  35.143127
3   48515  1.940625e+10        0  ... -1.133005  34.112464  34.616321
4   48520  1.940920e+10        0  ... -0.432199  39.316898  37.930678
..    ...           ...      ...  ...       ...        ...        ...
92  48975  1.959146e+10        0  ...  2.031388  30.920253  32.100130
93  48980  1.959287e+10        0  ...  1.393822  36.605841  38.909857
94  48985  1.959592e+10        0  ... -0.645705  36.387108  36.484222
95  48990  1.959725e+10        0  ... -1.053612  34.885003  37.231725
96  48995  1.959837e+10        0  ...  1.582911  34.713436  38.197926

[97 rows x 26 columns]
S2 selection efficiency:  100.0 %
/n/holystore01/LABS/guenette_lab/Lab/data/NEXT/FLEX/mc/eres_22072022/full_sims/s6mmp11mm/kr83m/kdsts/sthresh/hdf5/flex.kr83m.97.kdsts.h5
    event          time  s1_peak  ...       Phi        Xrms        Yrms
0   48505  1.940269e+10        0  ... -1.321334   92.163937  116.860148
1   48510  1.940468e+10        0  ...  0.913432  101.921307  102.862559
2   48515  1.940606e+10        0  ... -0.897190   98.526526  103.823772
3   48520  1.940950e+10        0  ... -0.117295  102.125399   97.145698
4   48525  1.941199e+10        0  ... -2.784114  123.371938   94.971789
..    ...           ...      ...  ...       ...         ...         ...
95  48975  1.959194e+10        0  ... -2.693695   83.462410   65.558083
96  48980  1.959258e+10        0  ... -0.513933  102.819796  102.578149
97  48985  1.959569e+10        0  ... -1.767011   92.574357  121.407579
98  48990  1.959626e+10        0  ...  1.830844   90.329415  117.764511
99  48995  1.959977e+10        0  ... -1.904810   85.599015  116.250920

[100 rows x 26 columns]
S2 selection efficiency:  100.0 %
/n/holystore01/LABS/guenette_lab/Lab/data/NEXT/FLEX/mc/eres_22072022/full_sims/s6mmp7.8mm/kr83m/kdsts/sthresh/hdf5/flex.kr83m.97.kdsts.h5
     event          time  s1_peak  ...       Phi        Xrms        Yrms
0    48500  1.940057e+10        0  ...  0.031626  111.879763  100.021545
1    48505  1.940341e+10        0  ...  0.249526  129.867070   93.602297
2    48510  1.940496e+10        0  ... -0.683846  111.157218   99.256847
3    48510  1.940496e+10        1  ... -0.683846  111.157218   99.256847
4    48515  1.940713e+10        0  ... -2.100889  102.389735  105.658341
..     ...           ...      ...  ...       ...         ...         ...
96   48970  1.958931e+10        0  ... -0.245417  101.775668   96.856126
97   48975  1.959037e+10        0  ...  0.067054  123.529525   90.403942
98   48985  1.959550e+10        0  ... -2.597528  108.315352  100.387231
99   48990  1.959748e+10        0  ...  2.504255   98.788816   96.613958
100  48995  1.959858e+10        0  ... -1.323454   83.957554  116.460323

[101 rows x 26 columns]
S2 selection efficiency:  100.0 %
