Defining Conda Paths
Sourcing Conda
Finished!
/n/holystore01/LABS/guenette_lab/Lab/data/NEXT/FLEX/mc/eres_22072022/full_sims/s1.3mmp3.5mm/kr83m/kdsts/sthresh/hdf5/flex.kr83m.87.kdsts.h5
     event          time  s1_peak  ...       Phi        Xrms       Yrms
0    43500  1.740090e+10        0  ...  3.133421   58.282635  18.616685
1    43505  1.740339e+10        0  ... -0.042132   30.050445  21.624652
2    43510  1.740499e+10        0  ... -2.951251   25.577210  22.681191
3    43515  1.740748e+10        0  ... -0.683157   26.065536  22.125378
4    43520  1.740959e+10        0  ... -2.698119   25.165404  21.958096
..     ...           ...      ...  ...       ...         ...        ...
99   43975  1.759181e+10        0  ... -1.265674   23.739652  22.470913
100  43980  1.759264e+10        0  ...  1.604809  298.747498  20.586838
101  43985  1.759493e+10        0  ... -2.153263   20.516095  22.068811
102  43990  1.759744e+10        0  ... -2.645178   30.316731  24.417279
103  43995  1.759803e+10        0  ...  1.592969  234.556126  29.574753

[104 rows x 26 columns]
S2 selection efficiency:  100.0 %
/n/holystore01/LABS/guenette_lab/Lab/data/NEXT/FLEX/mc/eres_22072022/full_sims/s1.3mmp2.4mm/kr83m/kdsts/sthresh/hdf5/flex.kr83m.87.kdsts.h5
     event          time  s1_peak  ...       Phi       Xrms       Yrms
0    43500  1.740177e+10        0  ...  3.000217  25.256944  23.118902
1    43505  1.740232e+10        0  ... -1.566037  23.714217  31.614905
2    43510  1.740511e+10        0  ...  2.393216  23.033268  22.204276
3    43515  1.740638e+10        0  ...  0.589857  25.433064  24.238741
4    43525  1.741159e+10        0  ... -2.950571  25.182306  23.651533
..     ...           ...      ...  ...       ...        ...        ...
96   43980  1.759289e+10        0  ... -2.962346  34.399139  24.189848
97   43985  1.759401e+10        0  ... -1.261789  27.225618  29.334988
98   43990  1.759647e+10        0  ...  0.340767  29.452124  25.936650
99   43990  1.759647e+10        1  ...  0.340767  29.452124  25.936650
100  43995  1.759815e+10        0  ... -0.500336  25.853122  28.381755

[101 rows x 26 columns]
S2 selection efficiency:  100.0 %
/n/holystore01/LABS/guenette_lab/Lab/data/NEXT/FLEX/mc/eres_22072022/full_sims/s3mmp5.5mm/kr83m/kdsts/sthresh/hdf5/flex.kr83m.87.kdsts.h5
     event          time  s1_peak  ...       Phi       Xrms       Yrms
0    43500  1.740166e+10        0  ...  2.996041  36.460806  35.379692
1    43505  1.740297e+10        0  ...  1.329473  36.956907  39.488965
2    43510  1.740476e+10        0  ... -2.801630  37.580779  35.128277
3    43515  1.740759e+10        0  ...  3.057465  26.125669  29.004972
4    43520  1.740986e+10        0  ... -1.911605  33.896816  35.127540
..     ...           ...      ...  ...       ...        ...        ...
98   43980  1.759367e+10        0  ... -1.179185  35.962337  37.601517
99   43980  1.759367e+10        1  ... -1.179185  35.962337  37.601517
100  43985  1.759566e+10        0  ... -1.388600  35.538625  36.768880
101  43990  1.759654e+10        0  ...  1.863547  34.301187  34.647253
102  43995  1.759893e+10        0  ... -1.651233  35.321510  37.236085

[103 rows x 26 columns]
S2 selection efficiency:  100.0 %
/n/holystore01/LABS/guenette_lab/Lab/data/NEXT/FLEX/mc/eres_22072022/full_sims/s6mmp11mm/kr83m/kdsts/sthresh/hdf5/flex.kr83m.87.kdsts.h5
    event          time  s1_peak  ...       Phi        Xrms        Yrms
0   43500  1.740174e+10        0  ...  2.994433  102.825795   94.686574
1   43505  1.740360e+10        0  ... -0.013071  119.897687   81.545079
2   43510  1.740419e+10        0  ...  2.429640  103.496699   98.578718
3   43515  1.740789e+10        0  ...  0.728634  101.050122   98.451087
4   43520  1.740953e+10        0  ... -2.296768   98.808698  101.839390
..    ...           ...      ...  ...       ...         ...         ...
94  43970  1.758973e+10        0  ... -0.646186   93.894409   92.423617
95  43975  1.759155e+10        0  ... -0.163242  123.775337   86.162060
96  43985  1.759503e+10        0  ...  2.825315  104.413570   98.406017
97  43990  1.759615e+10        0  ... -2.821364  120.004929   99.089714
98  43995  1.759954e+10        0  ...  1.559335   87.539921  121.237946

[99 rows x 26 columns]
S2 selection efficiency:  100.0 %
/n/holystore01/LABS/guenette_lab/Lab/data/NEXT/FLEX/mc/eres_22072022/full_sims/s6mmp7.8mm/kr83m/kdsts/sthresh/hdf5/flex.kr83m.87.kdsts.h5
     event          time  s1_peak  ...       Phi        Xrms        Yrms
0    43500  1.740045e+10        0  ...  2.997698  108.771434   96.143547
1    43505  1.740298e+10        0  ...  0.951080   93.869043  105.062799
2    43515  1.740614e+10        0  ...  0.754139   89.990728   88.766099
3    43520  1.740851e+10        0  ...  1.196991   96.226574  122.929278
4    43525  1.741173e+10        0  ... -3.073336  103.536993  100.735410
..     ...           ...      ...  ...       ...         ...         ...
98   43970  1.758983e+10        0  ...  0.583198  113.299905  102.783402
99   43975  1.759115e+10        0  ...  1.982271  100.262881  118.192652
100  43980  1.759362e+10        0  ... -2.517836  107.423035   99.191749
101  43985  1.759510e+10        0  ... -0.183667  124.489623   77.183507
102  43995  1.759848e+10        0  ...  0.387052  116.572514   87.695291

[103 rows x 26 columns]
S2 selection efficiency:  100.0 %
