Defining Conda Paths
Sourcing Conda
Finished!
/n/holystore01/LABS/guenette_lab/Lab/data/NEXT/FLEX/mc/eres_22072022/full_sims/s1.3mmp3.5mm/kr83m/kdsts/sthresh/hdf5/flex.kr83m.46.kdsts.h5
    event          time  s1_peak  ...       Phi        Xrms       Yrms
0   23000  9.201821e+09        0  ...  2.095011  329.733719  19.606743
1   23005  9.202355e+09        0  ...  1.551479  228.192710  28.305983
2   23010  9.205053e+09        0  ...  3.037477   80.811436  19.770668
3   23015  9.207943e+09        0  ...  3.088711  389.316747  18.802482
4   23020  9.209371e+09        0  ...  1.022194  243.266070  29.478571
..    ...           ...      ...  ...       ...         ...        ...
93  23475  9.390756e+09        0  ...  1.802827  228.418725  20.302509
94  23480  9.392444e+09        0  ... -0.003690   53.512455  22.286534
95  23485  9.394825e+09        0  ...  2.758371  221.296289  18.442224
96  23490  9.396161e+09        0  ... -0.025068   55.152742  18.130914
97  23495  9.399629e+09        0  ...  0.000454   49.992869  20.763622

[98 rows x 26 columns]
S2 selection efficiency:  100.0 %
/n/holystore01/LABS/guenette_lab/Lab/data/NEXT/FLEX/mc/eres_22072022/full_sims/s1.3mmp2.4mm/kr83m/kdsts/sthresh/hdf5/flex.kr83m.46.kdsts.h5
     event          time  s1_peak  ...       Phi       Xrms       Yrms
0    23000  9.201209e+09        0  ...  0.404055  22.252639  22.182223
1    23005  9.203733e+09        0  ... -0.378836  29.172320  25.021037
2    23010  9.205025e+09        0  ... -2.901819  30.986254  27.403560
3    23010  9.205025e+09        1  ... -2.901819  30.986254  27.403560
4    23015  9.206329e+09        0  ...  1.655477  22.354766  29.869928
..     ...           ...      ...  ...       ...        ...        ...
99   23475  9.391269e+09        0  ...  2.578227  29.276318  28.101315
100  23480  9.393947e+09        0  ...  2.516287  29.807107  23.654859
101  23485  9.395286e+09        0  ...  2.809323  25.624649  21.811000
102  23490  9.396052e+09        0  ...  2.836027  34.337369  26.493078
103  23495  9.398223e+09        0  ...  0.166432  20.608479  20.932701

[104 rows x 26 columns]
S2 selection efficiency:  100.0 %
/n/holystore01/LABS/guenette_lab/Lab/data/NEXT/FLEX/mc/eres_22072022/full_sims/s3mmp5.5mm/kr83m/kdsts/sthresh/hdf5/flex.kr83m.46.kdsts.h5
    event          time  s1_peak  ...       Phi       Xrms       Yrms
0   23000  9.200611e+09        0  ...  0.404530  33.963767  33.006441
1   23005  9.203787e+09        0  ...  0.424133  37.428554  35.029190
2   23010  9.204290e+09        0  ...  2.853727  36.648037  34.766405
3   23015  9.207267e+09        0  ...  2.530817  34.021429  34.818608
4   23020  9.208030e+09        0  ... -1.647253  37.062730  41.724632
..    ...           ...      ...  ...       ...        ...        ...
94  23475  9.390740e+09        0  ...  0.480450  35.769916  34.614100
95  23480  9.392609e+09        0  ... -1.225471  35.390044  35.284935
96  23485  9.395170e+09        0  ...  1.697092  30.266750  30.702469
97  23490  9.397399e+09        0  ...  0.375348  36.973326  37.428052
98  23495  9.399180e+09        0  ... -1.957605  36.013968  39.043195

[99 rows x 26 columns]
S2 selection efficiency:  100.0 %
/n/holystore01/LABS/guenette_lab/Lab/data/NEXT/FLEX/mc/eres_22072022/full_sims/s6mmp11mm/kr83m/kdsts/sthresh/hdf5/flex.kr83m.46.kdsts.h5
    event          time  s1_peak  ...       Phi        Xrms        Yrms
0   23000  9.200884e+09        0  ...  0.404897  119.406810   85.558754
1   23005  9.202671e+09        0  ...  3.089441  112.644674   86.436262
2   23010  9.205395e+09        0  ...  1.421193   80.683834  125.413139
3   23015  9.207552e+09        0  ... -0.637851  100.029529  101.266081
4   23020  9.208431e+09        0  ... -0.375183   96.734524   98.048703
..    ...           ...      ...  ...       ...         ...         ...
95  23475  9.391031e+09        0  ...  2.193428   91.872962  109.045811
96  23480  9.393311e+09        0  ... -1.659316   85.716135  118.451562
97  23485  9.395374e+09        0  ... -2.810407  102.300190   94.568985
98  23490  9.397682e+09        0  ... -1.650424   94.850402  108.173142
99  23495  9.398742e+09        0  ... -2.276149  102.244842  103.453258

[100 rows x 26 columns]
S2 selection efficiency:  100.0 %
/n/holystore01/LABS/guenette_lab/Lab/data/NEXT/FLEX/mc/eres_22072022/full_sims/s6mmp7.8mm/kr83m/kdsts/sthresh/hdf5/flex.kr83m.46.kdsts.h5
    event          time  s1_peak  ...       Phi        Xrms        Yrms
0   23000  9.201080e+09        0  ...  0.401904  120.908720   91.612869
1   23005  9.203432e+09        0  ... -2.057622   96.106272  121.488542
2   23010  9.204925e+09        0  ...  0.225127  101.152170   96.056700
3   23015  9.207831e+09        0  ... -0.887646   61.380292   66.149142
4   23020  9.208075e+09        0  ... -2.327830  100.540751  103.717248
..    ...           ...      ...  ...       ...         ...         ...
91  23475  9.390786e+09        0  ... -1.271021   94.612867  112.720053
92  23480  9.392178e+09        0  ... -0.418206  108.131385  107.288154
93  23485  9.394189e+09        0  ... -1.803174   95.551180   99.727900
94  23490  9.397149e+09        0  ... -1.269571  100.199361  122.045341
95  23495  9.399174e+09        0  ... -1.449261   73.724283  115.108969

[96 rows x 26 columns]
S2 selection efficiency:  100.0 %
