Defining Conda Paths
Sourcing Conda
Finished!
/n/holystore01/LABS/guenette_lab/Lab/data/NEXT/FLEX/mc/eres_22072022/full_sims/s1.3mmp3.5mm/kr83m/kdsts/sthresh/hdf5/flex.kr83m.96.kdsts.h5
     event          time  s1_peak  ...       Phi        Xrms       Yrms
0    48000  1.920146e+10        0  ...  1.581507  239.304136  22.256723
1    48005  1.920218e+10        0  ... -2.576561   29.323332  23.149953
2    48010  1.920567e+10        0  ... -0.001016   63.576825  19.431614
3    48015  1.920798e+10        0  ... -1.467186   26.523949  23.578025
4    48020  1.920863e+10        0  ... -3.080531   28.773297  23.133601
..     ...           ...      ...  ...       ...         ...        ...
96   48465  1.938683e+10        0  ...  1.184847  268.450408  23.838598
97   48470  1.938884e+10        0  ... -1.779437   26.366551  29.231536
98   48485  1.939546e+10        0  ... -2.539321   24.988186  21.627707
99   48490  1.939641e+10        0  ... -1.400862   22.861875  22.260045
100  48495  1.939829e+10        0  ... -0.787671   22.783843  20.796559

[101 rows x 26 columns]
S2 selection efficiency:  100.0 %
/n/holystore01/LABS/guenette_lab/Lab/data/NEXT/FLEX/mc/eres_22072022/full_sims/s1.3mmp2.4mm/kr83m/kdsts/sthresh/hdf5/flex.kr83m.96.kdsts.h5
    event          time  s1_peak  ...       Phi       Xrms       Yrms
0   48000  1.920179e+10        0  ...  2.208507  24.982792  24.750000
1   48005  1.920237e+10        0  ...  2.851609  24.907451  23.132651
2   48010  1.920497e+10        0  ...  1.766685  20.326156  21.566535
3   48015  1.920609e+10        0  ... -1.231805  24.972181  21.747294
4   48020  1.920818e+10        0  ... -2.251109  25.736200  24.070400
..    ...           ...      ...  ...       ...        ...        ...
95  48475  1.939193e+10        0  ... -0.383555  41.115386  27.598097
96  48480  1.939271e+10        0  ... -1.236959  24.107810  24.030253
97  48485  1.939418e+10        0  ... -2.721844  23.343725  20.408582
98  48490  1.939698e+10        0  ... -1.867799  21.848051  20.742788
99  48495  1.939950e+10        0  ...  2.247435  23.169750  23.871890

[100 rows x 26 columns]
S2 selection efficiency:  100.0 %
/n/holystore01/LABS/guenette_lab/Lab/data/NEXT/FLEX/mc/eres_22072022/full_sims/s3mmp5.5mm/kr83m/kdsts/sthresh/hdf5/flex.kr83m.96.kdsts.h5
    event          time  s1_peak  ...       Phi       Xrms       Yrms
0   48000  1.920090e+10        0  ...  2.208742  35.806217  35.443380
1   48005  1.920393e+10        0  ...  2.166820  34.483145  37.081619
2   48010  1.920464e+10        0  ...  2.214966  37.411501  37.118289
3   48015  1.920690e+10        0  ... -0.932552  36.000769  37.987953
4   48025  1.921031e+10        0  ...  0.009704  39.732617  35.688400
..    ...           ...      ...  ...       ...        ...        ...
90  48475  1.939021e+10        0  ... -0.853505  37.555567  37.208671
91  48480  1.939333e+10        0  ... -2.066209  35.336811  35.633974
92  48485  1.939543e+10        0  ... -1.014966  38.439389  36.053004
93  48490  1.939731e+10        0  ... -2.130923  37.533457  41.261707
94  48495  1.939848e+10        0  ... -2.833767  38.520967  35.618431

[95 rows x 26 columns]
S2 selection efficiency:  100.0 %
/n/holystore01/LABS/guenette_lab/Lab/data/NEXT/FLEX/mc/eres_22072022/full_sims/s6mmp11mm/kr83m/kdsts/sthresh/hdf5/flex.kr83m.96.kdsts.h5
    event          time  s1_peak  ...       Phi        Xrms        Yrms
0   48005  1.920358e+10        0  ... -2.974694  112.660405   87.531380
1   48010  1.920489e+10        0  ...  2.601047  108.497567   93.202559
2   48015  1.920690e+10        0  ... -1.374190   38.837039   48.503951
3   48020  1.920892e+10        0  ...  1.537147   90.325073  114.252221
4   48025  1.921074e+10        0  ... -2.035818   96.002499  113.269823
..    ...           ...      ...  ...       ...         ...         ...
95  48470  1.938973e+10        0  ...  1.716965   76.422663  114.997114
96  48475  1.939146e+10        0  ... -1.085163  101.742152  121.616310
97  48480  1.939386e+10        0  ...  0.384464  105.595841   92.991774
98  48485  1.939496e+10        0  ... -2.811283  101.405846   92.880596
99  48490  1.939689e+10        0  ... -0.513590  115.323728   89.996690

[100 rows x 26 columns]
S2 selection efficiency:  100.0 %
/n/holystore01/LABS/guenette_lab/Lab/data/NEXT/FLEX/mc/eres_22072022/full_sims/s6mmp7.8mm/kr83m/kdsts/sthresh/hdf5/flex.kr83m.96.kdsts.h5
     event          time  s1_peak  ...       Phi        Xrms        Yrms
0    48000  1.920052e+10        0  ...  2.208077  111.160663  120.971700
1    48005  1.920350e+10        0  ... -2.257778  107.039590  115.149288
2    48010  1.920552e+10        0  ...  1.555763  104.379922  113.507006
3    48015  1.920686e+10        0  ... -1.179167   97.764170  113.105846
4    48020  1.920967e+10        0  ...  1.573499   97.984083  126.602329
..     ...           ...      ...  ...       ...         ...         ...
97   48475  1.939042e+10        0  ...  2.245350  105.931760  110.243887
98   48480  1.939375e+10        0  ... -0.314518  119.790154   84.624577
99   48485  1.939575e+10        0  ... -0.366444  105.244633  101.952885
100  48490  1.939704e+10        0  ...  0.503146  109.887774  101.146092
101  48495  1.939932e+10        0  ...  2.588947  107.802986   99.473882

[102 rows x 26 columns]
S2 selection efficiency:  100.0 %
