Defining Conda Paths
Sourcing Conda
Finished!
/n/holystore01/LABS/guenette_lab/Lab/data/NEXT/FLEX/mc/eres_22072022/full_sims/s1.3mmp3.5mm/kr83m/kdsts/sthresh/hdf5/flex.kr83m.41.kdsts.h5
    event          time  s1_peak  ...       Phi        Xrms       Yrms
0   20500  8.200275e+09        0  ...  0.282896  112.950116  22.949972
1   20505  8.203209e+09        0  ... -0.542262   23.790914  20.287137
2   20510  8.205066e+09        0  ...  1.623471  206.264087  16.576432
3   20515  8.206091e+09        0  ... -2.740319   25.752233  20.353043
4   20520  8.209029e+09        0  ... -2.691510   22.656532  19.477613
..    ...           ...      ...  ...       ...         ...        ...
95  20975  8.390400e+09        0  ... -0.797674   20.287639  21.474477
96  20980  8.392632e+09        0  ...  1.581783  213.327162  19.489847
97  20985  8.395862e+09        0  ...  1.621810  246.017894  18.830654
98  20990  8.396481e+09        0  ... -2.015655   23.730762  24.184705
99  20995  8.399070e+09        0  ... -2.136922   22.979251  22.423650

[100 rows x 26 columns]
S2 selection efficiency:  100.0 %
/n/holystore01/LABS/guenette_lab/Lab/data/NEXT/FLEX/mc/eres_22072022/full_sims/s1.3mmp2.4mm/kr83m/kdsts/sthresh/hdf5/flex.kr83m.41.kdsts.h5
     event          time  s1_peak  ...       Phi       Xrms       Yrms
0    20500  8.200477e+09        0  ...  0.226361  28.293479  25.649744
1    20505  8.202205e+09        0  ...  2.417566  21.086546  21.132928
2    20510  8.205853e+09        0  ... -2.876999  20.717737  21.138187
3    20515  8.206857e+09        0  ...  0.142899  22.621118  23.803706
4    20520  8.209393e+09        0  ...  2.934212  24.357304  22.548788
..     ...           ...      ...  ...       ...        ...        ...
99   20980  8.393435e+09        0  ... -1.016020  20.114858  22.208003
100  20985  8.395759e+09        0  ...  0.332489  23.272406  22.177402
101  20990  8.397934e+09        0  ...  0.474013  31.160905  27.054197
102  20990  8.397934e+09        1  ...  0.474013  31.160905  27.054197
103  20995  8.399898e+09        0  ... -1.327880  24.668389  26.117786

[104 rows x 26 columns]
S2 selection efficiency:  100.0 %
/n/holystore01/LABS/guenette_lab/Lab/data/NEXT/FLEX/mc/eres_22072022/full_sims/s3mmp5.5mm/kr83m/kdsts/sthresh/hdf5/flex.kr83m.41.kdsts.h5
     event          time  s1_peak  ...       Phi       Xrms       Yrms
0    20500  8.200987e+09        0  ...  0.229704  37.000814  34.595746
1    20505  8.202475e+09        0  ...  1.972690  35.327476  36.130904
2    20510  8.205497e+09        0  ... -1.784712  35.872078  36.242600
3    20515  8.207201e+09        0  ... -1.181181  35.562205  38.065767
4    20520  8.208558e+09        0  ...  0.564657  40.125497  39.383301
..     ...           ...      ...  ...       ...        ...        ...
97   20975  8.391199e+09        0  ...  2.706811  37.092486  35.574066
98   20980  8.393682e+09        0  ... -2.587087  35.774387  34.552899
99   20985  8.395715e+09        0  ...  0.053263  40.135855  35.541296
100  20990  8.397068e+09        0  ... -1.984424  34.057744  34.754896
101  20995  8.399445e+09        0  ...  0.391670  39.537303  35.880006

[102 rows x 26 columns]
S2 selection efficiency:  100.0 %
/n/holystore01/LABS/guenette_lab/Lab/data/NEXT/FLEX/mc/eres_22072022/full_sims/s6mmp11mm/kr83m/kdsts/sthresh/hdf5/flex.kr83m.41.kdsts.h5
    event          time  s1_peak  ...       Phi        Xrms        Yrms
0   20500  8.201984e+09        0  ...  0.228172  114.238147   76.823167
1   20505  8.203281e+09        0  ... -1.372330   96.384544  102.003571
2   20510  8.205801e+09        0  ... -3.080959  108.129111   99.859612
3   20515  8.206751e+09        0  ...  2.722100  115.186500   82.780997
4   20520  8.208196e+09        0  ...  0.979033   95.750823  104.015136
..    ...           ...      ...  ...       ...         ...         ...
94  20975  8.390292e+09        0  ... -0.447513  120.073103  102.672772
95  20980  8.392425e+09        0  ... -0.710152  100.944336   96.769298
96  20985  8.395786e+09        0  ... -2.206146   96.496908  108.781253
97  20990  8.397002e+09        0  ... -1.406445   91.669404  116.112795
98  20995  8.399011e+09        0  ... -0.844195  103.504627  104.239817

[99 rows x 26 columns]
S2 selection efficiency:  100.0 %
/n/holystore01/LABS/guenette_lab/Lab/data/NEXT/FLEX/mc/eres_22072022/full_sims/s6mmp7.8mm/kr83m/kdsts/sthresh/hdf5/flex.kr83m.41.kdsts.h5
    event          time  s1_peak  ...       Phi        Xrms        Yrms
0   20500  8.200600e+09        0  ...  0.229617  114.482025   76.358467
1   20505  8.203769e+09        0  ... -0.672975  105.437104  104.181385
2   20515  8.206560e+09        0  ... -2.143463  100.668957  118.586376
3   20520  8.208770e+09        0  ... -2.306637  103.472506  103.441939
4   20525  8.211411e+09        0  ...  3.036244  107.704408  103.295243
..    ...           ...      ...  ...       ...         ...         ...
93  20975  8.391042e+09        0  ...  2.235188   98.776143  111.365062
94  20980  8.393313e+09        0  ...  0.230014  120.088064   89.797135
95  20985  8.395916e+09        0  ... -0.685336  107.744980  102.628584
96  20990  8.396322e+09        0  ...  1.152420   87.868455  126.067930
97  20995  8.398612e+09        0  ... -1.808119   97.088310  114.082025

[98 rows x 26 columns]
S2 selection efficiency:  100.0 %
