Defining Conda Paths
Sourcing Conda
Finished!
/n/holystore01/LABS/guenette_lab/Lab/data/NEXT/FLEX/mc/eres_22072022/full_sims/s1.3mmp3.5mm/kr83m/kdsts/sthresh/hdf5/flex.kr83m.26.kdsts.h5
     event          time  s1_peak  ...       Phi        Xrms       Yrms
0    13000  5.201553e+09        0  ...  1.547803  228.767313  17.378891
1    13005  5.203120e+09        0  ...  1.576179  232.441231  18.939641
2    13010  5.204941e+09        0  ... -1.062042   31.514168  36.664129
3    13015  5.207072e+09        0  ... -0.264089   28.523358  24.512669
4    13020  5.209835e+09        0  ...  1.653438  231.641888  22.709720
..     ...           ...      ...  ...       ...         ...        ...
98   13475  5.391399e+09        0  ...  2.149518  358.633244  22.065628
99   13480  5.393467e+09        0  ... -0.200715   26.072738  22.034192
100  13485  5.394553e+09        0  ... -1.965699   25.403489  24.844169
101  13490  5.396264e+09        0  ... -1.504870   25.301526  23.817736
102  13495  5.399205e+09        0  ...  0.893513  244.875028  21.121709

[103 rows x 26 columns]
S2 selection efficiency:  100.0 %
/n/holystore01/LABS/guenette_lab/Lab/data/NEXT/FLEX/mc/eres_22072022/full_sims/s1.3mmp2.4mm/kr83m/kdsts/sthresh/hdf5/flex.kr83m.26.kdsts.h5
     event          time  s1_peak  ...       Phi       Xrms       Yrms
0    13000  5.200779e+09        0  ...  1.011963  22.398789  22.650813
1    13005  5.202409e+09        0  ... -1.147700  23.910708  23.673718
2    13010  5.204177e+09        0  ... -2.056737  25.464696  22.381917
3    13015  5.206826e+09        0  ... -2.408604  21.499574  20.345493
4    13020  5.208628e+09        0  ... -2.708363  28.396081  24.298364
..     ...           ...      ...  ...       ...        ...        ...
96   13480  5.392083e+09        0  ... -3.097465  25.149840  22.457602
97   13485  5.395794e+09        0  ...  2.799911  43.074065  35.065567
98   13485  5.395794e+09        0  ...  2.803442  27.776303  23.617060
99   13490  5.396319e+09        0  ...  3.064517  25.696451  22.809570
100  13495  5.399462e+09        0  ...  2.606053  27.885530  24.118250

[101 rows x 26 columns]
S2 selection efficiency:  98.95833333333334 %
/n/holystore01/LABS/guenette_lab/Lab/data/NEXT/FLEX/mc/eres_22072022/full_sims/s3mmp5.5mm/kr83m/kdsts/sthresh/hdf5/flex.kr83m.26.kdsts.h5
    event          time  s1_peak  ...       Phi       Xrms       Yrms
0   13000  5.201289e+09        0  ...  1.011422  35.747150  38.775603
1   13005  5.202364e+09        0  ...  0.978548  33.573520  32.778973
2   13015  5.206887e+09        0  ... -1.034586  33.145587  35.079306
3   13020  5.209557e+09        0  ...  0.765726  32.317084  33.474356
4   13025  5.211778e+09        0  ...  0.718082  33.934926  31.126146
..    ...           ...      ...  ...       ...        ...        ...
95  13475  5.391224e+09        0  ... -2.277833  36.921645  36.024867
96  13480  5.393675e+09        0  ...  0.506965  38.064791  36.236290
97  13485  5.395988e+09        0  ... -0.604174  36.832036  36.483343
98  13490  5.396912e+09        0  ...  1.991587  36.344675  35.976275
99  13495  5.398635e+09        0  ...  0.918886  39.639974  43.025621

[100 rows x 26 columns]
S2 selection efficiency:  100.0 %
/n/holystore01/LABS/guenette_lab/Lab/data/NEXT/FLEX/mc/eres_22072022/full_sims/s6mmp11mm/kr83m/kdsts/sthresh/hdf5/flex.kr83m.26.kdsts.h5
    event          time  s1_peak  ...       Phi        Xrms        Yrms
0   13000  5.200961e+09        0  ...  1.011067   95.495886  112.234418
1   13005  5.203856e+09        0  ...  1.295196   80.770687  121.273194
2   13015  5.207032e+09        0  ... -2.820923  119.549289   86.728585
3   13020  5.208674e+09        0  ... -0.637776  111.715865   94.965828
4   13025  5.210633e+09        0  ... -3.021748  116.044631   79.452239
..    ...           ...      ...  ...       ...         ...         ...
92  13475  5.390814e+09        0  ...  0.302919  104.595662   96.298570
93  13480  5.392621e+09        0  ...  2.066731   88.991458  106.847043
94  13485  5.395093e+09        0  ...  2.742575  114.518273   84.985889
95  13490  5.397717e+09        0  ...  1.908119   90.817051  102.683444
96  13495  5.398161e+09        0  ... -0.600358  103.355247   97.727510

[97 rows x 26 columns]
S2 selection efficiency:  100.0 %
/n/holystore01/LABS/guenette_lab/Lab/data/NEXT/FLEX/mc/eres_22072022/full_sims/s6mmp7.8mm/kr83m/kdsts/sthresh/hdf5/flex.kr83m.26.kdsts.h5
    event          time  s1_peak  ...       Phi        Xrms        Yrms
0   13000  5.201064e+09        0  ...  1.010598   99.418809  116.351425
1   13005  5.202912e+09        0  ... -2.024354  106.220153  106.842206
2   13010  5.205280e+09        0  ... -2.492266  108.622609  101.252485
3   13015  5.207671e+09        0  ... -2.576196  110.134035  100.704679
4   13020  5.208014e+09        0  ...  3.106460  130.926325   77.519419
..    ...           ...      ...  ...       ...         ...         ...
95  13475  5.391884e+09        0  ...  3.033981  109.846595   94.553884
96  13480  5.392816e+09        0  ...  1.428873   80.965855  116.907021
97  13485  5.395073e+09        0  ... -1.910610   95.740437  109.906034
98  13490  5.396538e+09        0  ... -0.455576  113.189075   99.977972
99  13495  5.398719e+09        0  ...  0.607086  115.618135   98.932334

[100 rows x 26 columns]
S2 selection efficiency:  100.0 %
