Defining Conda Paths
Sourcing Conda
Finished!
/n/holystore01/LABS/guenette_lab/Lab/data/NEXT/FLEX/mc/eres_22072022/full_sims/s1.3mmp3.5mm/kr83m/kdsts/sthresh/hdf5/flex.kr83m.71.kdsts.h5
     event          time  s1_peak  ...       Phi        Xrms       Yrms
0    35500  1.420119e+10        0  ... -0.708586   45.502238  35.641539
1    35505  1.420347e+10        0  ... -3.056495   26.476177  20.829995
2    35510  1.420593e+10        0  ... -2.943334   30.154598  22.127437
3    35515  1.420694e+10        0  ...  0.134249   73.432154  22.419916
4    35520  1.420824e+10        0  ... -0.852111   31.061670  24.460971
..     ...           ...      ...  ...       ...         ...        ...
99   35980  1.439241e+10        1  ...  1.405954  203.598479   7.873694
100  35985  1.439461e+10        0  ...  1.878310  266.165265  22.378136
101  35985  1.439461e+10        1  ...  1.878310  266.165265  22.378136
102  35990  1.439660e+10        0  ...  0.670193  195.412340  19.315254
103  35995  1.439957e+10        0  ... -0.591465   21.466752  22.888964

[104 rows x 26 columns]
S2 selection efficiency:  100.0 %
/n/holystore01/LABS/guenette_lab/Lab/data/NEXT/FLEX/mc/eres_22072022/full_sims/s1.3mmp2.4mm/kr83m/kdsts/sthresh/hdf5/flex.kr83m.71.kdsts.h5
     event          time  s1_peak  ...       Phi       Xrms       Yrms
0    35500  1.420012e+10        0  ... -0.707028  39.046036  35.835913
1    35505  1.420229e+10        0  ...  2.283254  24.991619  25.704117
2    35505  1.420229e+10        1  ...  2.283254  24.991619  25.704117
3    35510  1.420520e+10        0  ...  1.968203  21.118711  21.633462
4    35515  1.420720e+10        0  ... -1.000631  27.436979  27.689399
..     ...           ...      ...  ...       ...        ...        ...
97   35970  1.438859e+10        0  ...  2.685958  28.601265  27.521919
98   35975  1.439166e+10        0  ...  2.321306  25.992792  22.539370
99   35980  1.439390e+10        0  ...  2.788495  21.290309  19.303104
100  35985  1.439422e+10        0  ... -0.716628  22.621845  20.817844
101  35990  1.439797e+10        0  ... -0.481038  19.401121  19.066268

[102 rows x 26 columns]
S2 selection efficiency:  100.0 %
/n/holystore01/LABS/guenette_lab/Lab/data/NEXT/FLEX/mc/eres_22072022/full_sims/s3mmp5.5mm/kr83m/kdsts/sthresh/hdf5/flex.kr83m.71.kdsts.h5
     event          time  s1_peak  ...       Phi       Xrms       Yrms
0    35500  1.420044e+10        0  ... -0.706857  29.580822  27.086987
1    35505  1.420377e+10        0  ...  1.472173  34.054475  34.652975
2    35510  1.420445e+10        0  ... -1.712124  33.852056  36.400897
3    35515  1.420730e+10        0  ... -0.578009  37.592835  36.748166
4    35520  1.420886e+10        0  ...  1.736209  35.019955  38.809600
..     ...           ...      ...  ...       ...        ...        ...
98   35975  1.439149e+10        0  ...  2.367385  34.997660  34.219807
99   35980  1.439270e+10        0  ... -0.766412  36.959966  36.448958
100  35985  1.439583e+10        0  ...  0.794993  37.455376  37.207081
101  35990  1.439762e+10        0  ...  1.519875  36.132456  43.300467
102  35995  1.439916e+10        0  ... -3.072503  35.534870  34.463791

[103 rows x 26 columns]
S2 selection efficiency:  100.0 %
/n/holystore01/LABS/guenette_lab/Lab/data/NEXT/FLEX/mc/eres_22072022/full_sims/s6mmp11mm/kr83m/kdsts/sthresh/hdf5/flex.kr83m.71.kdsts.h5
     event          time  s1_peak  ...       Phi        Xrms        Yrms
0    35500  1.420020e+10        0  ... -0.706354   61.133668   56.043479
1    35510  1.420511e+10        0  ... -2.093788   97.997977  110.793367
2    35515  1.420799e+10        0  ... -3.022291  106.150201   98.325122
3    35520  1.420805e+10        0  ... -2.980682  115.996155   84.382583
4    35525  1.421058e+10        0  ... -2.712961  101.614515  100.915458
..     ...           ...      ...  ...       ...         ...         ...
98   35975  1.439129e+10        0  ...  0.179305   98.481108   95.525295
99   35980  1.439284e+10        0  ...  1.846535   95.077732  117.864378
100  35985  1.439435e+10        0  ...  0.137210   96.855112   94.179151
101  35990  1.439781e+10        0  ...  0.053521  109.977459   92.913506
102  35995  1.439910e+10        0  ...  0.109318  111.793563   86.765691

[103 rows x 26 columns]
S2 selection efficiency:  100.0 %
/n/holystore01/LABS/guenette_lab/Lab/data/NEXT/FLEX/mc/eres_22072022/full_sims/s6mmp7.8mm/kr83m/kdsts/sthresh/hdf5/flex.kr83m.71.kdsts.h5
     event          time  s1_peak  ...       Phi        Xrms        Yrms
0    35500  1.420077e+10        0  ... -0.706072   64.833823   62.194181
1    35505  1.420306e+10        0  ... -1.369193  100.115328  110.204033
2    35510  1.420412e+10        0  ...  2.832195   98.486572   95.510941
3    35515  1.420752e+10        0  ...  0.813584  108.500418  109.967181
4    35520  1.420931e+10        0  ...  3.130576   96.550215   95.978110
..     ...           ...      ...  ...       ...         ...         ...
97   35975  1.439128e+10        0  ... -1.019558   99.180114  109.518668
98   35980  1.439393e+10        0  ... -2.984815  101.030519   64.799602
99   35985  1.439517e+10        0  ... -0.174091   99.547981   96.208010
100  35990  1.439671e+10        0  ...  2.907975  112.850394  103.122014
101  35995  1.439984e+10        0  ...  2.069740   99.014547  118.826900

[102 rows x 26 columns]
S2 selection efficiency:  100.0 %
