Defining Conda Paths
Sourcing Conda
Finished!
/n/holystore01/LABS/guenette_lab/Lab/data/NEXT/FLEX/mc/eres_22072022/full_sims/s1.3mmp3.5mm/kr83m/kdsts/sthresh/hdf5/flex.kr83m.17.kdsts.h5
    event          time  s1_peak  ...       Phi        Xrms       Yrms
0    8500  3.401220e+09        0  ... -1.390584   25.833915  24.271227
1    8505  3.402138e+09        0  ... -0.904798   22.379307  21.843122
2    8510  3.405980e+09        0  ...  2.730582  237.733467  23.627099
3    8515  3.406351e+09        0  ...  1.336828  177.400601  23.202599
4    8520  3.409059e+09        0  ... -1.837295   25.860505  23.341649
..    ...           ...      ...  ...       ...         ...        ...
95   8970  3.589562e+09        0  ...  0.082018   82.315474  21.359975
96   8975  3.591043e+09        0  ... -0.009568   47.023019  21.234000
97   8980  3.592046e+09        0  ... -2.932476   26.550883  20.481346
98   8985  3.594893e+09        0  ...  3.139669   53.827963  18.033302
99   8990  3.596557e+09        0  ... -0.716231   24.055520  24.049640

[100 rows x 26 columns]
S2 selection efficiency:  100.0 %
/n/holystore01/LABS/guenette_lab/Lab/data/NEXT/FLEX/mc/eres_22072022/full_sims/s1.3mmp2.4mm/kr83m/kdsts/sthresh/hdf5/flex.kr83m.17.kdsts.h5
     event          time  s1_peak  ...       Phi       Xrms       Yrms
0     8500  3.401707e+09        0  ... -1.393047  21.262620  24.013084
1     8505  3.403888e+09        0  ... -0.244931  22.774471  21.844029
2     8510  3.404654e+09        0  ...  0.478703  22.010757  21.339098
3     8515  3.406409e+09        0  ...  2.114377  23.641126  25.820952
4     8520  3.409486e+09        0  ...  2.667035  28.973863  24.947750
..     ...           ...      ...  ...       ...        ...        ...
98    8975  3.591671e+09        0  ...  2.417148  22.776031  28.154185
99    8980  3.593783e+09        0  ...  1.932019  22.665105  26.960805
100   8985  3.595208e+09        0  ...  1.399603  21.408372  23.855356
101   8990  3.597309e+09        0  ... -0.825670  20.122794  21.698778
102   8995  3.599816e+09        0  ... -1.623803  22.179532  24.883264

[103 rows x 26 columns]
S2 selection efficiency:  100.0 %
/n/holystore01/LABS/guenette_lab/Lab/data/NEXT/FLEX/mc/eres_22072022/full_sims/s3mmp5.5mm/kr83m/kdsts/sthresh/hdf5/flex.kr83m.17.kdsts.h5
    event          time  s1_peak  ...       Phi       Xrms       Yrms
0    8500  3.401089e+09        0  ... -1.390108  34.926415  39.267156
1    8505  3.402030e+09        0  ... -1.334855  35.302622  37.342909
2    8510  3.404041e+09        0  ... -3.020611  35.109047  33.851623
3    8515  3.407835e+09        0  ... -2.099011  35.184740  34.287784
4    8520  3.409198e+09        0  ...  1.494802  36.670116  44.271894
..    ...           ...      ...  ...       ...        ...        ...
91   8970  3.589366e+09        0  ...  0.458219  25.261398  26.411246
92   8975  3.591057e+09        0  ... -0.933589  34.572235  33.986251
93   8980  3.593161e+09        0  ... -1.307720  33.699731  33.763117
94   8985  3.595651e+09        0  ... -2.052109  33.512090  34.895110
95   8990  3.596143e+09        0  ... -2.237924  29.765323  31.781701

[96 rows x 26 columns]
S2 selection efficiency:  100.0 %
/n/holystore01/LABS/guenette_lab/Lab/data/NEXT/FLEX/mc/eres_22072022/full_sims/s6mmp11mm/kr83m/kdsts/sthresh/hdf5/flex.kr83m.17.kdsts.h5
     event          time  s1_peak  ...       Phi        Xrms        Yrms
0     8500  3.400911e+09        0  ... -1.394746   79.377891  113.434903
1     8505  3.403583e+09        0  ...  2.924763  119.663615   84.379087
2     8510  3.405338e+09        0  ...  2.856960  109.615402   83.589798
3     8515  3.407785e+09        0  ... -1.860123   92.967544  111.749571
4     8520  3.409571e+09        0  ... -2.711341   94.197688   71.361899
..     ...           ...      ...  ...       ...         ...         ...
97    8975  3.590724e+09        1  ... -0.577443  105.643842   90.513644
98    8980  3.592511e+09        0  ... -2.346416   97.463323   96.236450
99    8985  3.595233e+09        0  ... -0.708459  108.193333  100.537651
100   8990  3.596430e+09        0  ...  1.146410   86.974440  110.339239
101   8995  3.598897e+09        0  ... -0.861457  104.825017  106.275742

[102 rows x 26 columns]
S2 selection efficiency:  100.0 %
/n/holystore01/LABS/guenette_lab/Lab/data/NEXT/FLEX/mc/eres_22072022/full_sims/s6mmp7.8mm/kr83m/kdsts/sthresh/hdf5/flex.kr83m.17.kdsts.h5
    event          time  s1_peak  ...       Phi        Xrms        Yrms
0    8500  3.401427e+09        0  ... -1.391469   83.518407  119.883170
1    8510  3.405039e+09        0  ...  2.299473   84.115529   85.592681
2    8515  3.407379e+09        0  ... -0.930103   95.372945   98.453792
3    8520  3.409182e+09        0  ... -0.724640  105.765102   99.967087
4    8525  3.410062e+09        0  ... -0.466101   96.692717   95.308356
..    ...           ...      ...  ...       ...         ...         ...
93   8975  3.591421e+09        0  ...  2.210199  102.093975  101.954058
94   8980  3.593390e+09        0  ...  1.935758  101.255216  114.983426
95   8985  3.594303e+09        0  ... -2.158023  100.080741  104.230837
96   8990  3.596954e+09        0  ...  2.698130  115.689194   96.391941
97   8995  3.599465e+09        0  ...  2.212588   93.750084  106.250275

[98 rows x 26 columns]
S2 selection efficiency:  100.0 %
