Defining Conda Paths
Sourcing Conda
Finished!
/n/holystore01/LABS/guenette_lab/Lab/data/NEXT/FLEX/mc/eres_22072022/full_sims/s1.3mmp3.5mm/kr83m/kdsts/sthresh/hdf5/flex.kr83m.90.kdsts.h5
     event          time  s1_peak  ...       Phi        Xrms       Yrms
0    45000  1.800098e+10        0  ... -2.368186   32.001635  25.778098
1    45005  1.800230e+10        0  ...  1.579828  231.533821  25.618287
2    45010  1.800406e+10        0  ...  1.544061  235.017856  20.596941
3    45015  1.800684e+10        0  ...  1.565871  287.151590  25.757907
4    45020  1.800867e+10        0  ... -1.989745   23.719343  24.778814
..     ...           ...      ...  ...       ...         ...        ...
97   45475  1.819135e+10        0  ...  1.503535  258.169713  20.522912
98   45480  1.819248e+10        0  ... -1.372831   24.491416  24.188320
99   45485  1.819548e+10        0  ... -1.216815   22.591486  20.096202
100  45490  1.819758e+10        0  ...  0.440196  272.613075  24.632097
101  45495  1.819968e+10        0  ... -1.500885   22.619720  21.114874

[102 rows x 26 columns]
S2 selection efficiency:  100.0 %
/n/holystore01/LABS/guenette_lab/Lab/data/NEXT/FLEX/mc/eres_22072022/full_sims/s1.3mmp2.4mm/kr83m/kdsts/sthresh/hdf5/flex.kr83m.90.kdsts.h5
     event          time  s1_peak  ...       Phi       Xrms       Yrms
0    45000  1.800083e+10        0  ... -2.367191  24.441304  24.191471
1    45005  1.800317e+10        0  ...  2.340173  28.837756  28.832801
2    45010  1.800444e+10        0  ...  0.857051  23.738004  24.413458
3    45015  1.800624e+10        0  ...  0.340993  27.690978  24.249934
4    45020  1.800845e+10        0  ...  1.628547  22.138523  23.007377
..     ...           ...      ...  ...       ...        ...        ...
97   45475  1.819002e+10        0  ...  2.921206  22.057641  23.454492
98   45480  1.819335e+10        0  ... -0.809592  22.534122  21.517936
99   45485  1.819441e+10        0  ...  2.607672  28.141239  23.930973
100  45490  1.819672e+10        0  ... -2.667745  24.519376  24.652648
101  45495  1.819853e+10        0  ... -0.321372  34.312020  27.357976

[102 rows x 26 columns]
S2 selection efficiency:  100.0 %
/n/holystore01/LABS/guenette_lab/Lab/data/NEXT/FLEX/mc/eres_22072022/full_sims/s3mmp5.5mm/kr83m/kdsts/sthresh/hdf5/flex.kr83m.90.kdsts.h5
     event          time  s1_peak  ...       Phi       Xrms       Yrms
0    45000  1.800066e+10        0  ... -2.368908  36.522741  36.892585
1    45005  1.800313e+10        0  ...  2.639159  35.294027  36.309885
2    45010  1.800571e+10        0  ...  2.561758  38.609044  37.894342
3    45015  1.800617e+10        0  ... -1.454555  35.553946  38.578757
4    45020  1.800875e+10        0  ...  0.939472  28.180274  35.036263
..     ...           ...      ...  ...       ...        ...        ...
97   45480  1.819264e+10        0  ... -2.779985  25.221173  27.441609
98   45485  1.819506e+10        0  ... -1.674276  35.773129  39.297865
99   45485  1.819506e+10        1  ... -1.674276  35.773129  39.297865
100  45490  1.819652e+10        0  ...  0.255156  32.294380  30.101577
101  45495  1.819874e+10        0  ...  1.655206  34.557942  34.312126

[102 rows x 26 columns]
S2 selection efficiency:  100.0 %
/n/holystore01/LABS/guenette_lab/Lab/data/NEXT/FLEX/mc/eres_22072022/full_sims/s6mmp11mm/kr83m/kdsts/sthresh/hdf5/flex.kr83m.90.kdsts.h5
    event          time  s1_peak  ...       Phi        Xrms        Yrms
0   45000  1.800172e+10        0  ... -2.367986  103.485660  103.684281
1   45005  1.800234e+10        0  ... -1.835615   77.955728  119.435083
2   45010  1.800433e+10        0  ...  0.193351  117.737806   90.871419
3   45015  1.800711e+10        0  ... -1.818821   95.577840  109.062731
4   45020  1.800953e+10        0  ...  2.351653   98.610213  101.955877
..    ...           ...      ...  ...       ...         ...         ...
95  45480  1.819330e+10        0  ...  2.567054  105.783486   82.556367
96  45480  1.819330e+10        1  ...  2.567054  105.783486   82.556367
97  45485  1.819597e+10        0  ...  2.405220   94.578884   89.802110
98  45490  1.819709e+10        0  ... -1.468900   86.415128  108.531598
99  45495  1.819960e+10        0  ... -2.756267  114.521003   84.421999

[100 rows x 26 columns]
S2 selection efficiency:  100.0 %
/n/holystore01/LABS/guenette_lab/Lab/data/NEXT/FLEX/mc/eres_22072022/full_sims/s6mmp7.8mm/kr83m/kdsts/sthresh/hdf5/flex.kr83m.90.kdsts.h5
    event          time  s1_peak  ...       Phi        Xrms        Yrms
0   45000  1.800072e+10        0  ... -2.368153  102.772906  102.230724
1   45005  1.800289e+10        0  ... -3.051288  125.221246   93.366533
2   45010  1.800478e+10        0  ...  1.066227  107.529758  122.058069
3   45015  1.800685e+10        0  ...  0.700339  106.632485  103.674367
4   45020  1.800926e+10        0  ...  0.254421  123.905222   87.697287
..    ...           ...      ...  ...       ...         ...         ...
91  45475  1.819011e+10        0  ...  1.799685   82.970947  128.548916
92  45480  1.819314e+10        0  ... -0.706851  101.122200  100.933253
93  45485  1.819519e+10        0  ...  2.568121  101.337155   99.214565
94  45490  1.819679e+10        0  ...  1.884288  103.688949  113.604718
95  45495  1.819847e+10        0  ...  2.400274  106.550654  100.925408

[96 rows x 26 columns]
S2 selection efficiency:  100.0 %
