Defining Conda Paths
Sourcing Conda
Finished!
/n/holystore01/LABS/guenette_lab/Lab/data/NEXT/FLEX/mc/eres_22072022/full_sims/s1.3mmp3.5mm/kr83m/kdsts/sthresh/hdf5/flex.kr83m.16.kdsts.h5
    event          time  s1_peak  ...       Phi        Xrms       Yrms
0    8005  3.203015e+09        0  ... -0.032983   30.416131  20.842133
1    8010  3.205162e+09        0  ...  1.578227  232.197490  20.029311
2    8015  3.207083e+09        0  ... -1.617054   24.333445  30.753572
3    8020  3.208158e+09        0  ...  1.544246  226.465535  28.976215
4    8025  3.211821e+09        0  ... -0.024209   34.481554  21.340255
..    ...           ...      ...  ...       ...         ...        ...
92   8475  3.391203e+09        0  ... -0.586322   24.050623  26.132015
93   8480  3.393084e+09        0  ... -3.032504   17.290357  19.904218
94   8485  3.394486e+09        0  ... -0.946959   25.346337  22.842446
95   8490  3.396742e+09        0  ... -1.292983   26.524473  28.996170
96   8495  3.398578e+09        0  ... -2.402259   26.382713  25.999458

[97 rows x 26 columns]
S2 selection efficiency:  100.0 %
/n/holystore01/LABS/guenette_lab/Lab/data/NEXT/FLEX/mc/eres_22072022/full_sims/s1.3mmp2.4mm/kr83m/kdsts/sthresh/hdf5/flex.kr83m.16.kdsts.h5
     event          time  s1_peak  ...       Phi       Xrms       Yrms
0     8000  3.201737e+09        0  ...  2.305805  19.862414  19.996800
1     8005  3.203924e+09        0  ...  2.505141  22.925914  22.017063
2     8010  3.204900e+09        0  ... -0.248032  30.615812  22.812937
3     8015  3.206026e+09        0  ... -2.571595  27.090841  22.729721
4     8020  3.209206e+09        0  ... -0.225089  25.269904  23.931990
..     ...           ...      ...  ...       ...        ...        ...
97    8480  3.393324e+09        0  ...  2.806542  28.287281  24.357585
98    8485  3.395283e+09        0  ...  0.237181  24.120842  21.304389
99    8485  3.395283e+09        1  ...  0.237181  24.120842  21.304389
100   8490  3.396220e+09        0  ...  2.899172  28.369761  24.463012
101   8495  3.399420e+09        0  ... -0.336535  24.079495  21.216146

[102 rows x 26 columns]
S2 selection efficiency:  100.0 %
/n/holystore01/LABS/guenette_lab/Lab/data/NEXT/FLEX/mc/eres_22072022/full_sims/s3mmp5.5mm/kr83m/kdsts/sthresh/hdf5/flex.kr83m.16.kdsts.h5
    event          time  s1_peak  ...       Phi       Xrms       Yrms
0    8000  3.201622e+09        0  ...  2.305606  35.339132  35.547267
1    8005  3.203137e+09        0  ... -1.109366  36.837722  38.053638
2    8010  3.205065e+09        0  ... -0.715821  23.372487  25.786848
3    8015  3.206789e+09        0  ... -0.069771  39.178234  35.439128
4    8020  3.208285e+09        0  ... -1.720304  34.927895  39.450981
..    ...           ...      ...  ...       ...        ...        ...
95   8475  3.390795e+09        0  ... -2.146565  35.070939  40.063213
96   8480  3.393573e+09        0  ...  2.116518  35.258000  34.611325
97   8485  3.395810e+09        0  ... -2.847804  40.166707  35.726854
98   8490  3.397383e+09        0  ...  1.432358  35.625799  40.680647
99   8495  3.398242e+09        0  ... -0.477623  35.851306  34.948650

[100 rows x 26 columns]
S2 selection efficiency:  100.0 %
/n/holystore01/LABS/guenette_lab/Lab/data/NEXT/FLEX/mc/eres_22072022/full_sims/s6mmp11mm/kr83m/kdsts/sthresh/hdf5/flex.kr83m.16.kdsts.h5
    event          time  s1_peak  ...       Phi        Xrms        Yrms
0    8000  3.200119e+09        0  ...  2.305209  108.767751  112.163793
1    8005  3.203155e+09        0  ...  0.433499  104.244061   92.514099
2    8010  3.205788e+09        0  ...  0.896227   99.414276  104.005385
3    8015  3.206673e+09        0  ...  0.043937  113.266339   71.622286
4    8020  3.208028e+09        0  ...  0.611354  117.204828   96.867446
..    ...           ...      ...  ...       ...         ...         ...
95   8475  3.390506e+09        0  ... -2.907414  112.741384   74.197540
96   8480  3.393802e+09        0  ... -2.619603   96.230273   95.624713
97   8485  3.395458e+09        0  ... -0.840892  106.178942  109.567663
98   8490  3.397527e+09        0  ... -2.094042   87.608629  113.704879
99   8495  3.398084e+09        0  ... -2.242565   96.736217  108.858843

[100 rows x 26 columns]
S2 selection efficiency:  100.0 %
/n/holystore01/LABS/guenette_lab/Lab/data/NEXT/FLEX/mc/eres_22072022/full_sims/s6mmp7.8mm/kr83m/kdsts/sthresh/hdf5/flex.kr83m.16.kdsts.h5
    event          time  s1_peak  ...       Phi        Xrms        Yrms
0    8005  3.203214e+09        0  ...  1.435793   95.498931  102.708117
1    8010  3.205237e+09        0  ... -1.960771   94.912339  105.726013
2    8015  3.206547e+09        0  ...  2.347115  103.816486  104.524294
3    8020  3.209345e+09        0  ...  1.990723   94.297514  116.807794
4    8025  3.211447e+09        0  ...  1.368192   97.183964  119.411031
..    ...           ...      ...  ...       ...         ...         ...
92   8470  3.388839e+09        0  ...  0.385829  115.552398   90.420459
93   8475  3.390098e+09        0  ... -2.980142  116.694127   94.380868
94   8480  3.393470e+09        0  ... -2.221601   96.132236   97.590904
95   8485  3.394078e+09        0  ...  2.051781   96.318581  108.996354
96   8490  3.397042e+09        0  ...  2.526169   95.549009   95.416977

[97 rows x 26 columns]
S2 selection efficiency:  100.0 %
