Defining Conda Paths
Sourcing Conda
Finished!
Num events after cut = 2616/9990
1.3 mm size, 2.4 pitch-------------------
Coverage = 28.865494349853595
Mean and std 4406010.75764526 299718.24666318553
Eres err 0.020529743298879456
  Fit was valid = True
 Emu       = 4448718.493384959 +-569.3940695074405 
 E sigma   = 24297.306255513853 +-388.5740430737935 
 chi2    = 6.016256655378326 
 Eres(FWHM)     (%) =1.2834857900170726
 Eres (FWHM) Qbb (%) =0.16576470072052646 
data event_id
12.0      4406696.0
19.0      4448789.0
101.0     4394742.0
105.0     4450318.0
1004.0    4441096.0
            ...    
9981.0    4428185.0
9985.0    4419546.0
9989.0    4471489.0
9992.0    2020732.0
9998.0    4503380.0
Name: charge, Length: 2616, dtype: float64
plot_range (4394189.963334203, 4544049.086665796)
data in range event_id
12.0      4406696.0
19.0      4448789.0
101.0     4394742.0
105.0     4450318.0
1004.0    4441096.0
            ...    
9971.0    4468392.0
9981.0    4428185.0
9985.0    4419546.0
9989.0    4471489.0
9998.0    4503380.0
Name: charge, Length: 2506, dtype: float64
y [1.32337704e-06 1.51901446e-06 1.73681908e-06 1.97816092e-06
 2.24431089e-06 2.53640605e-06 2.85541283e-06 3.20208898e-06
 3.57694488e-06 3.98020520e-06 4.41177180e-06 4.87118902e-06
 5.35761234e-06 5.86978175e-06 6.40600073e-06 6.96412211e-06
 7.54154165e-06 8.13520036e-06 8.74159610e-06 9.35680507e-06
 9.97651341e-06 1.05960589e-05 1.12104823e-05 1.18145884e-05
 1.24030146e-05 1.29703077e-05 1.35110054e-05 1.40197225e-05
 1.44912394e-05 1.49205903e-05 1.53031504e-05 1.56347178e-05
 1.59115912e-05 1.61306379e-05 1.62893529e-05 1.63859071e-05
 1.64191816e-05 1.63887898e-05 1.62950850e-05 1.61391529e-05
 1.59227914e-05 1.56484757e-05 1.53193111e-05 1.49389748e-05
 1.45116473e-05 1.40419364e-05 1.35347940e-05 1.29954302e-05
 1.24292245e-05 1.18416378e-05 1.12381253e-05 1.06240556e-05
 1.00046330e-05 9.38482872e-06 8.76931970e-06 8.16243656e-06
 7.56812153e-06 6.98989641e-06 6.43084059e-06 5.89357903e-06
 5.38027957e-06 4.89265887e-06 4.43199634e-06 3.99915478e-06
 3.59460684e-06 3.21846613e-06 2.87052182e-06 2.55027565e-06
 2.25698025e-06 1.98967782e-06 1.74723821e-06 1.52839583e-06
 1.33178442e-06 1.15596952e-06 9.99477898e-07 8.60824010e-07
 7.38533009e-07 6.31160504e-07 5.37308956e-07 4.55640908e-07
 3.84889178e-07 3.23864283e-07 2.71459330e-07 2.26652678e-07
 1.88508657e-07 1.56176651e-07 1.28888828e-07 1.05956794e-07
 8.67674243e-08 7.07781106e-08 5.75116182e-08 4.65507383e-08
 3.75328827e-08 3.01447463e-08 2.41171346e-08 1.92200337e-08
 1.52579767e-08 1.20657441e-08 9.50442038e-09 7.45781364e-09]
amp 2616
max data 4518141.0
original y [ 10.46247279  13.59107491  17.38861131  21.91127363  27.19330375
  33.23900035  40.01525266  47.44547529  55.40585596  63.72475356
  72.1858857   80.53562685  88.49432604  95.77109164 102.08103819
 107.16361311 110.80037906 112.83056775 113.16286383 111.78221597
 108.75096738 104.20418753  98.33969198  91.4037775   83.6741047
  75.44138151  66.99151822  58.5897489   50.46788236  42.81541484
  35.77477076  29.44050068  23.86190721  19.04832281  14.97614241
  11.59671033   8.84425561   6.64323157   4.91461074   3.58088595
   2.56970625   1.81621853   1.26428316]
A 0.00010316486314453744
