Defining Conda Paths
Sourcing Conda
Finished!
Num events after cut = 2702/10000
1.3 mm size, 3.5 pitch-------------------
Coverage = 13.56793128395485
Mean and std 2199971.251295337 132442.92844358916
Eres err 0.007088238046198201
  Fit was valid = True
 Emu       = 2219885.746586799 +-95.45142193663172 
 E sigma   = 4759.523697179058 +-66.95605411429202 
 chi2    = 1.980453846511723 
 Eres(FWHM)     (%) =0.5038493852923818
 Eres (FWHM) Qbb (%) =0.06507313381327107 
data event_id
6.0       2222547.0
8.0       2219319.0
13.0      2223893.0
15.0      2219839.0
16.0      2225393.0
            ...    
9951.0    2219239.0
9956.0    2218513.0
9964.0    2229433.0
9979.0    2223248.0
9992.0    2214687.0
Name: charge, Length: 2702, dtype: float64
plot_range (2185454.4478891026, 2251675.912110897)
data in range event_id
6.0       2222547.0
8.0       2219319.0
13.0      2223893.0
15.0      2219839.0
16.0      2225393.0
            ...    
9951.0    2219239.0
9956.0    2218513.0
9964.0    2229433.0
9979.0    2223248.0
9992.0    2214687.0
Name: charge, Length: 2599, dtype: float64
y [3.62468597e-16 9.92032116e-16 2.66196971e-15 7.00329654e-15
 1.80644172e-14 4.56843471e-14 1.13274700e-13 2.75372426e-13
 6.56341720e-13 1.53377481e-12 3.51410895e-12 7.89388644e-12
 1.73855549e-11 3.75412103e-11 7.94785643e-11 1.64973348e-10
 3.35737299e-10 6.69896066e-10 1.31050081e-09 2.51355961e-09
 4.72675527e-09 8.71483310e-09 1.57535002e-08 2.79201072e-08
 4.85153458e-08 8.26538734e-08 1.38060462e-07 2.26098386e-07
 3.63034279e-07 5.71504740e-07 8.82092378e-07 1.33484344e-06
 1.98047164e-06 2.88090509e-06 4.10876504e-06 5.74533944e-06
 7.87666017e-06 1.05874301e-05 1.39527892e-05 1.80282487e-05
 2.28385265e-05 2.83664279e-05 3.45432542e-05 4.12423952e-05
 4.82776965e-05 5.54078415e-05 6.23473436e-05 6.87838859e-05
 7.44007803e-05 7.89024165e-05 8.20399050e-05 8.36338374e-05
 8.35912712e-05 8.19147039e-05 7.87018304e-05 7.41361161e-05
 6.84694530e-05 6.19991759e-05 5.50423549e-05 4.79104363e-05
 4.08870028e-05 3.42107391e-05 2.80647817e-05 2.25726689e-05
 1.78002533e-05 1.37623148e-05 1.04322700e-05 7.75332849e-06
 5.64962445e-06 4.03620304e-06 2.82714746e-06 1.94153824e-06
 1.30727051e-06 8.62992484e-07 5.58560978e-07 3.54450996e-07
 2.20528052e-07 1.34522060e-07 8.04535499e-08 4.71757641e-08
 2.71215624e-08 1.52873602e-08 8.44835823e-09 4.57756136e-09
 2.43174515e-09 1.26655477e-09 6.46773055e-10 3.23818678e-10
 1.58954893e-10 7.65011456e-11 3.60980720e-11 1.67002166e-11
 7.57499297e-12 3.36871595e-12 1.46882002e-12 6.27906248e-13
 2.63174045e-13 1.08146716e-13 4.35718149e-14 1.72115504e-14]
amp 2702
max data 2234217.0
original y [  3.99166825   8.65659449  17.37443283  32.27343024  55.48180065
  88.27279871 129.97929396 177.13010482 223.39914898 260.76036352
 281.69073952 281.62713089 260.5837564  223.14703389 176.85030999
 129.71537664  88.05378427  55.31915253  32.16428784  17.30785668
   8.61952968   3.97278239]
A 0.0005266552777364391
