Defining Conda Paths
Sourcing Conda
Finished!
Num events after cut = 2615/9990
1.3 mm size, 2.4 pitch-------------------
Coverage = 28.865494349853595
Mean and std 4707032.206118546 264244.1080072391
Eres err 0.006513959888380765
  Fit was valid = True
 Emu       = 4745284.249958253 +-198.59188433931874 
 E sigma   = 9630.63213566818 +-131.5310207058267 
 chi2    = 4.415450209755912 
 Eres(FWHM)     (%) =0.4769363504203005
 Eres (FWHM) Qbb (%) =0.06159726270838544 
data event_id
12.0      4751662.0
19.0      4743492.0
101.0     4744891.0
105.0     4741314.0
1004.0    4748121.0
            ...    
9981.0    4752155.0
9985.0    4754855.0
9989.0    4750330.0
9992.0    2638786.0
9998.0    4746257.0
Name: charge, Length: 2615, dtype: float64
plot_range (4678410.703998191, 4810532.75800181)
data in range event_id
12.0      4751662.0
19.0      4743492.0
101.0     4744891.0
105.0     4741314.0
1004.0    4748121.0
            ...    
9971.0    4728608.0
9981.0    4752155.0
9985.0    4754855.0
9989.0    4750330.0
9998.0    4746257.0
Name: charge, Length: 2521, dtype: float64
y [1.40311267e-15 3.63763900e-15 9.25138730e-15 2.30809851e-14
 5.64887587e-14 1.35621935e-13 3.19417018e-13 7.37983039e-13
 1.67261090e-12 3.71880732e-12 8.11096720e-12 1.73540892e-11
 3.64243004e-11 7.49964706e-11 1.51478378e-10 3.00137787e-10
 5.83379174e-10 1.11234980e-09 2.08061655e-09 3.81770998e-09
 6.87185567e-09 1.21340377e-08 2.10182648e-08 3.57148306e-08
 5.95333803e-08 9.73492708e-08 1.56158301e-07 2.45729707e-07
 3.79324122e-07 5.74411959e-07 8.53290081e-07 1.24345518e-06
 1.77755802e-06 2.49274382e-06 3.42919139e-06 4.62770870e-06
 6.12633181e-06 7.95600833e-06 1.01356162e-05 1.26667529e-05
 1.55288985e-05 1.86756711e-05 2.20329168e-05 2.54992840e-05
 2.89497082e-05 3.22418986e-05 3.52255058e-05 3.77532271e-05
 3.96927452e-05 4.09381681e-05 4.14195987e-05 4.11096312e-05
 4.00259352e-05 3.82295872e-05 3.58193698e-05 3.29227790e-05
 2.96848764e-05 2.62563418e-05 2.27820815e-05 1.93915622e-05
 1.61916985e-05 1.32627087e-05 1.06569338e-05 8.40025587e-06
 6.49550582e-06 4.92712579e-06 3.66635520e-06 2.67630519e-06
 1.91644760e-06 1.34622755e-06 9.27684314e-07 6.27107745e-07
 4.15857299e-07 2.70524564e-07 1.72635177e-07 1.08071729e-07
 6.63674472e-08 3.99814317e-08 2.36277182e-08 1.36976302e-08
 7.78985373e-09 4.34583650e-09 2.37836046e-09 1.27685676e-09
 6.72460685e-10 3.47417611e-10 1.76074707e-10 8.75391510e-11
 4.26941036e-11 2.04264870e-11 9.58693267e-12 4.41393451e-12
 1.99357375e-12 8.83281105e-13 3.83906784e-13 1.63686494e-13
 6.84636609e-14 2.80910261e-14 1.13066852e-14 4.46440116e-15]
amp 2615
max data 4777298.0
original y [  3.27870811   7.12375844  14.35556572  26.83095542  46.51110548
  74.77938424 111.50948393 154.2220336  197.82708129 235.35843089
 259.70390202 265.78586966 252.28416951 222.10217431 181.35115204
 137.3385715   96.46492507  62.84215003  37.96971502  21.27787917
  11.05920829   5.33119337   2.38357889]
A 0.0002602766089826448
