Defining Conda Paths
Sourcing Conda
Finished!
Num events after cut = 2615/9990
1.3 mm size, 2.4 pitch-------------------
Coverage = 28.865494349853595
Mean and std 4707079.371319312 263828.48728658166
Eres err 0.006511480241366076
  Fit was valid = True
 Emu       = 4745360.795424736 +-199.1263658423518 
 E sigma   = 9658.959830173928 +-131.48303116743688 
 chi2    = 4.238226782739771 
 Eres(FWHM)     (%) =0.4783315026919272
 Eres (FWHM) Qbb (%) =0.06177744935366391 
data event_id
12.0      4751683.0
19.0      4743501.0
101.0     4744912.0
105.0     4741325.0
1004.0    4748135.0
            ...    
9981.0    4752166.0
9985.0    4754863.0
9989.0    4750337.0
9992.0    2640191.0
9998.0    4746263.0
Name: charge, Length: 2615, dtype: float64
plot_range (4678724.767178355, 4810639.010821646)
data in range event_id
12.0      4751683.0
19.0      4743501.0
101.0     4744912.0
105.0     4741325.0
1004.0    4748135.0
            ...    
9971.0    4728613.0
9981.0    4752166.0
9985.0    4754863.0
9989.0    4750337.0
9998.0    4746263.0
Name: charge, Length: 2521, dtype: float64
y [1.90962567e-15 4.89934973e-15 1.23328588e-14 3.04595999e-14
 7.38107724e-14 1.75489212e-13 4.09370194e-13 9.36951546e-13
 2.10403599e-12 4.63579601e-12 1.00214506e-11 2.12555320e-11
 4.42332134e-11 9.03150486e-11 1.80928453e-10 3.55622096e-10
 6.85813019e-10 1.29765078e-09 2.40904581e-09 4.38800794e-09
 7.84196446e-09 1.37504672e-08 2.36562095e-08 3.99307973e-08
 6.61311271e-08 1.07458058e-07 1.71319646e-07 2.67984989e-07
 4.11290700e-07 6.19330443e-07 9.15021055e-07 1.32640108e-06
 1.88648677e-06 2.63249637e-06 3.60426668e-06 4.84173675e-06
 6.38146729e-06 8.25230065e-06 1.04704333e-05 1.30343503e-05
 1.59202265e-05 1.90784994e-05 2.24323258e-05 2.58785248e-05
 2.92913808e-05 3.25293432e-05 3.54442559e-05 3.78923510e-05
 3.97459022e-05 4.09042360e-05 4.13027846e-05 4.09190458e-05
 3.97746881e-05 3.79335237e-05 3.54956154e-05 3.25882736e-05
 2.93550697e-05 2.59441829e-05 2.24973828e-05 1.91407574e-05
 1.59779611e-05 1.30863556e-05 1.05160150e-05 8.29122680e-06
 6.41389007e-06 4.86809841e-06 3.62520279e-06 2.64874641e-06
 1.89881903e-06 1.33555534e-06 9.21669727e-07 6.24056450e-07
 4.14579237e-07 2.70225507e-07 1.72814529e-07 1.08434949e-07
 6.67564803e-08 4.03229874e-08 2.38972039e-08 1.38955774e-08
 7.92759077e-09 4.43752661e-09 2.43711395e-09 1.31324520e-09
 6.94306012e-10 3.60156411e-10 1.83301700e-10 9.15328439e-11
 4.48458787e-11 2.15577405e-11 1.01676142e-11 4.70511238e-12
 2.13626960e-12 9.51649972e-13 4.15942729e-13 1.78371291e-13
 7.50501375e-14 3.09822639e-14 1.25490233e-14 4.98702815e-15]
amp 2615
max data 4777308.0
original y [  3.54072358   7.6110798   15.18444383  28.11576244  48.31691565
  77.06317584 114.07565324 156.72467865 199.83896587 236.49465036
 259.75315469 264.78824567 250.51569255 219.97307767 179.26788243
 135.59191918  95.18389864  62.01425524  37.498849    21.04469834
  10.96139515   5.29891954   2.37742693]
A 0.00025951327251620465
