Defining Conda Paths
Sourcing Conda
Finished!
Num events after cut = 2770/10000
3.0 mm size, 5.5 pitch-------------------
Coverage = 29.28886475043297
Mean and std 5859069.771119134 475818.0437441374
Eres err 0.006548866463573539
  Fit was valid = True
 Emu       = 5952038.980596678 +-241.49446139177044 
 E sigma   = 12183.65617362765 +-165.8644786415472 
 chi2    = 1.2917391346046545 
 Eres(FWHM)     (%) =0.4810383819958573
 Eres (FWHM) Qbb (%) =0.06212704811135377 
data event_id
3.0       5957675.0
6.0       5954553.0
7.0       5956315.0
8.0       4660988.0
18.0      5962617.0
            ...    
9979.0    5955111.0
9983.0    5924954.0
9989.0    5964247.0
9991.0    5962943.0
9996.0    5961761.0
Name: charge, Length: 2770, dtype: float64
plot_range (5829686.936563966, 6067595.958436034)
data in range event_id
3.0       5957675.0
6.0       5954553.0
7.0       5956315.0
18.0      5962617.0
106.0     5970706.0
            ...    
9979.0    5955111.0
9983.0    5924954.0
9989.0    5964247.0
9991.0    5962943.0
9996.0    5961761.0
Name: charge, Length: 2601, dtype: float64
y [4.13306801e-27 2.93803794e-26 2.00884477e-25 1.32111156e-24
 8.35673712e-24 5.08438140e-23 2.97538819e-22 1.67476271e-21
 9.06707195e-21 4.72155415e-20 2.36486864e-19 1.13928716e-18
 5.27914408e-18 2.35287016e-17 1.00864082e-16 4.15890743e-16
 1.64940042e-15 6.29183144e-15 2.30851229e-14 8.14688222e-14
 2.76537999e-13 9.02863984e-13 2.83526707e-12 8.56386384e-12
 2.48799593e-11 6.95238335e-11 1.86862386e-10 4.83074598e-10
 1.20118706e-09 2.87283858e-09 6.60869846e-09 1.46226061e-08
 3.11198689e-08 6.37022644e-08 1.25422691e-07 2.37520715e-07
 4.32644317e-07 7.57992046e-07 1.27732798e-06 2.07035270e-06
 3.22767933e-06 4.83994646e-06 6.98063400e-06 9.68396725e-06
 1.29215880e-05 1.65837446e-05 2.04716781e-05 2.43068354e-05
 2.77592373e-05 3.04923414e-05 3.22164846e-05 3.27393203e-05
 3.20011291e-05 3.00860435e-05 2.72062690e-05 2.36633938e-05
 1.97965361e-05 1.59296237e-05 1.23289462e-05 9.17805243e-06
 6.57172291e-06 4.52597432e-06 2.99812034e-06 1.91024983e-06
 1.17067249e-06 6.90056716e-07 3.91235537e-07 2.13351616e-07
 1.11907118e-07 5.64577570e-08 2.73964103e-08 1.27869756e-08
 5.74045272e-09 2.47872636e-09 1.02947347e-09 4.11249959e-10
 1.58015871e-10 5.83982298e-11 2.07588261e-11 7.09757567e-12
 2.33411046e-12 7.38306875e-13 2.24624205e-13 6.57325267e-14
 1.85015551e-14 5.00887592e-15 1.30429685e-15 3.26675642e-16
 7.86975466e-17 1.82351679e-17 4.06408210e-18 8.71202901e-19
 1.79630586e-19 3.56242223e-20 6.79539383e-21 1.24677477e-21
 2.20021697e-22 3.73462628e-23 6.09723482e-24 9.57464823e-25]
amp 2770
max data 5987427.0
original y [  2.33778547   7.58178654  21.11056683  50.46493057 103.57165348
 182.49609804 276.07539407 358.56117492 399.8160901  382.75310038
 314.58543456 221.98311848 134.48155731  69.94665574  31.23436093
  11.97456478   3.94137988]
A 0.00020573695111790555
