Defining Conda Paths
Sourcing Conda
Finished!
Num events after cut = 2702/10000
1.3 mm size, 3.5 pitch-------------------
Coverage = 13.56793128395485
Mean and std 2199998.121391562 132221.63539493378
Eres err 0.007097468860985913
  Fit was valid = True
 Emu       = 2219894.0462896596 +-95.4345994101846 
 E sigma   = 4762.314488583012 +-67.04350288465069 
 chi2    = 1.7824556983801834 
 Eres(FWHM)     (%) =0.5041429372215083
 Eres (FWHM) Qbb (%) =0.06511104661920633 
data event_id
6.0       2222556.0
8.0       2219330.0
13.0      2223901.0
15.0      2219844.0
16.0      2225404.0
            ...    
9951.0    2219243.0
9956.0    2218515.0
9964.0    2229438.0
9979.0    2223261.0
9992.0    2214693.0
Name: charge, Length: 2702, dtype: float64
plot_range (2185582.2066512667, 2251693.024348734)
data in range event_id
6.0       2222556.0
8.0       2219330.0
13.0      2223901.0
15.0      2219844.0
16.0      2225404.0
            ...    
9951.0    2219243.0
9956.0    2218515.0
9964.0    2229438.0
9979.0    2223261.0
9992.0    2214693.0
Name: charge, Length: 2599, dtype: float64
y [4.47669020e-16 1.21744651e-15 3.24641044e-15 8.48824002e-15
 2.17616873e-14 5.47051446e-14 1.34841776e-13 3.25897812e-13
 7.72323260e-13 1.79464054e-12 4.08899446e-12 9.13516211e-12
 2.00113637e-11 4.29831064e-11 9.05273074e-11 1.86948548e-10
 3.78551766e-10 7.51604111e-10 1.46323374e-09 2.79318020e-09
 5.22811210e-09 9.59514444e-09 1.72670772e-08 3.04682026e-08
 5.27151598e-08 8.94303456e-08 1.48763018e-07 2.42641867e-07
 3.88058487e-07 6.08540270e-07 9.35711892e-07 1.41076821e-06
 2.08559447e-06 3.02318525e-06 4.29695040e-06 5.98848010e-06
 8.18339604e-06 1.09650652e-05 1.44062038e-05 1.85587440e-05
 2.34427359e-05 2.90354592e-05 3.52622314e-05 4.19905508e-05
 4.90291136e-05 5.61328639e-05 6.30145804e-05 6.93626354e-05
 7.48636179e-05 7.92276411e-05 8.22135363e-05 8.36509006e-05
 8.34561993e-05 8.16408039e-05 7.83098931e-05 7.36523620e-05
 6.79230870e-05 6.14198627e-05 5.44579082e-05 4.73449606e-05
 4.03596370e-05 3.37350558e-05 2.76488010e-05 2.22193762e-05
 1.75084665e-05 1.35277337e-05 1.02485558e-05 7.61309038e-06
 5.54523542e-06 3.96040574e-06 2.77344822e-06 1.90441298e-06
 1.28222102e-06 8.46496835e-07 5.47959518e-07 3.47802181e-07
 2.16459582e-07 1.32093674e-07 7.90401781e-08 4.63739929e-08
 2.66785217e-08 1.50490720e-08 8.32373734e-09 4.51427180e-09
 2.40058854e-09 1.25172361e-09 6.39970340e-10 3.20827760e-10
 1.57704730e-10 7.60113051e-11 3.59229793e-11 1.66466633e-11
 7.56384694e-12 3.36991508e-12 1.47216291e-12 6.30599286e-13
 2.64857190e-13 1.09076388e-13 4.40463999e-14 1.74401725e-14]
amp 2702
max data 2234220.0
original y [  4.22287021   9.09321054  18.12797292  33.4582888   57.17164549
  90.44407955 132.4652853  179.61661181 225.48279273 262.06124212
 281.97763901 280.89824724 259.06328809 221.20004051 174.85860756
 127.97092639  86.70778593  54.39104017  31.58778087  16.98374081
   8.45415245   3.8960927 ]
A 0.0005263466494370109
