Defining Conda Paths
Sourcing Conda
Finished!
Num events after cut = 2702/10000
1.3 mm size, 3.5 pitch-------------------
Coverage = 13.56793128395485
Mean and std 2184164.3860103628 144881.19775359926
Eres err 0.005113406350110158
  Fit was valid = True
 Emu       = 2205790.1626520213 +-68.09097972882189 
 E sigma   = 3436.606167900677 +-47.99552881630723 
 chi2    = 1.6975636920674573 
 Eres(FWHM)     (%) =0.36612841199984264
 Eres (FWHM) Qbb (%) =0.047286200682929436 
data event_id
6.0       2203948.0
8.0       2205842.0
13.0      2210904.0
15.0      2206078.0
16.0      2207467.0
            ...    
9951.0    2205491.0
9956.0    2208829.0
9964.0    2213430.0
9979.0    2205503.0
9992.0    2204166.0
Name: charge, Length: 2702, dtype: float64
plot_range (2169521.2530616005, 2241961.8519384)
data in range event_id
6.0       2203948.0
8.0       2205842.0
13.0      2210904.0
15.0      2206078.0
16.0      2207467.0
            ...    
9951.0    2205491.0
9956.0    2208829.0
9964.0    2213430.0
9979.0    2205503.0
9992.0    2204166.0
Name: charge, Length: 2600, dtype: float64
y [7.56475886e-29 6.99604352e-28 6.18331188e-27 5.22277165e-26
 4.21591804e-25 3.25232934e-24 2.39777325e-23 1.68940175e-22
 1.13754610e-21 7.32008805e-21 4.50168230e-20 2.64572447e-19
 1.48602331e-18 7.97660098e-18 4.09186548e-17 2.00602372e-16
 9.39857511e-16 4.20822745e-15 1.80072597e-14 7.36388993e-14
 2.87791647e-13 1.07488083e-12 3.83666326e-12 1.30875480e-11
 4.26652334e-11 1.32923327e-10 3.95766939e-10 1.12613138e-09
 3.06231486e-09 7.95832848e-09 1.97653776e-08 4.69136913e-08
 1.06415608e-07 2.30686561e-07 4.77914814e-07 9.46215215e-07
 1.79036095e-06 3.23744577e-06 5.59468507e-06 9.23974578e-06
 1.45832942e-05 2.19969509e-05 3.17088558e-05 4.36827420e-05
 5.75109377e-05 7.23606138e-05 8.70092191e-05 9.99860786e-05
 1.09805738e-04 1.15244915e-04 1.15592524e-04 1.10802345e-04
 1.01503121e-04 8.88630219e-05 7.43488053e-05 5.94481229e-05
 4.54269453e-05 3.31741770e-05 2.31525066e-05 1.54421267e-05
 9.84299907e-06 5.99596392e-06 3.49061390e-06 1.94202964e-06
 1.03257386e-06 5.24683780e-07 2.54791764e-07 1.18245431e-07
 5.24438525e-08 2.22288012e-08 9.00427461e-09 3.48572128e-09
 1.28957861e-09 4.55946848e-10 1.54060695e-10 4.97485837e-11
 1.53525608e-11 4.52785143e-12 1.27618826e-12 3.43754632e-13
 8.84898804e-14 2.17695721e-14 5.11820191e-15 1.14999558e-15
 2.46936998e-16 5.06742573e-17 9.93801978e-18 1.86261698e-18
 3.33624928e-19 5.71090145e-20 9.34247779e-21 1.46059805e-21
 2.18228063e-22 3.11603060e-23 4.25210583e-24 5.54520559e-25
 6.91102519e-26 8.23149152e-27 9.36970312e-28 1.01925855e-28]
amp 2702
max data 2219111.0
original y [  2.79128383   9.74335667  28.47248489  69.65532304 142.65776621
 244.59563209 351.0865114  421.8827426  424.40603032 357.42382714
 251.99830787 148.73867816  73.49577601  30.40276     10.52872571
   3.05246562]
A 0.0007293906115992996
