Defining Conda Paths
Sourcing Conda
Finished!
Num events after cut = 2615/9990
1.3 mm size, 2.4 pitch-------------------
Coverage = 28.865494349853595
Mean and std 4642899.919311663 295062.08422515384
Eres err 0.00595520118583492
  Fit was valid = True
 Emu       = 4685919.455265091 +-168.5734937736669 
 E sigma   = 8266.939786737588 +-118.74514799705469 
 chi2    = 1.6115822407437652 
 Eres(FWHM)     (%) =0.41458904030040133
 Eres (FWHM) Qbb (%) =0.053544985633609675 
data event_id
12.0      4672000.0
19.0      4682571.0
101.0     4663947.0
105.0     4682219.0
1004.0    4682858.0
            ...    
9981.0    4681661.0
9985.0    4681006.0
9989.0    4696437.0
9992.0    2269390.0
9998.0    4702672.0
Name: charge, Length: 2615, dtype: float64
plot_range (4614171.244943711, 4761702.287056289)
data in range event_id
12.0      4672000.0
19.0      4682571.0
101.0     4663947.0
105.0     4682219.0
1004.0    4682858.0
            ...    
9971.0    4682022.0
9981.0    4681661.0
9985.0    4681006.0
9989.0    4696437.0
9998.0    4702672.0
Name: charge, Length: 2520, dtype: float64
y [2.12420208e-21 9.99043471e-21 4.54842310e-20 2.00458854e-19
 8.55219397e-19 3.53197611e-18 1.41203638e-17 5.46464471e-17
 2.04722648e-16 7.42433848e-16 2.60637890e-15 8.85737954e-15
 2.91380760e-14 9.27906901e-14 2.86045982e-13 8.53601586e-13
 2.46582635e-12 6.89537167e-12 1.86655498e-11 4.89115929e-11
 1.24071131e-10 3.04661510e-10 7.24189719e-10 1.66638380e-09
 3.71180906e-09 8.00357716e-09 1.67059262e-08 3.37555274e-08
 6.60248084e-08 1.25013616e-07 2.29137093e-07 4.06556955e-07
 6.98289169e-07 1.16101313e-06 1.86864530e-06 2.91141776e-06
 4.39106734e-06 6.41096760e-06 9.06076738e-06 1.23963633e-05
 1.64176701e-05 2.10482826e-05 2.61221984e-05 3.13827283e-05
 3.64972031e-05 4.10881309e-05 4.47776299e-05 4.72382428e-05
 4.82407754e-05 4.76894969e-05 4.56372131e-05 4.22769264e-05
 3.79119053e-05 3.29105947e-05 2.76556432e-05 2.24967464e-05
 1.77150987e-05 1.35037800e-05 9.96448933e-06 7.11774875e-06
 4.92173443e-06 3.29444008e-06 2.13468090e-06 1.33897427e-06
 8.13016596e-07 4.77875215e-07 2.71905202e-07 1.49764348e-07
 7.98522727e-08 4.12148796e-08 2.05924824e-08 9.95981536e-09
 4.66317577e-09 2.11349001e-09 9.27270676e-10 3.93822721e-10
 1.61913449e-10 6.44396239e-11 2.48262419e-11 9.25884650e-12
 3.34264842e-12 1.16818716e-12 3.95204676e-13 1.29425435e-13
 4.10303393e-14 1.25915298e-14 3.74058735e-15 1.07569468e-15
 2.99451265e-16 8.06958500e-17 2.10505847e-17 5.31575602e-18
 1.29943282e-18 3.07489675e-19 7.04360769e-20 1.56188011e-20
 3.35264944e-21 6.96652998e-22 1.40130538e-22 2.72858184e-23]
amp 2615
max data 4714574.0
original y [  7.25378312  18.42211733  41.18978283  81.08013088 140.51230582
 214.38246538 287.96462619 340.53676312 354.53886173 324.96655702
 262.23368202 186.30017267 116.52336628  64.16345902  31.10552209
  13.27584589   4.98840712]
A 0.0003032111445461731
