Defining Conda Paths
Sourcing Conda
Finished!
Num events after cut = 2615/9990
1.3 mm size, 2.4 pitch-------------------
Coverage = 28.865494349853595
Mean and std 4702527.554875717 274248.3391246744
Eres err 0.006192495731712602
  Fit was valid = True
 Emu       = 4742101.37619772 +-184.33496589314063 
 E sigma   = 8981.145314222105 +-124.95663665695368 
 chi2    = 4.244120882875235 
 Eres(FWHM)     (%) =0.44507044059325385
 Eres (FWHM) Qbb (%) =0.05748171811353846 
data event_id
12.0      4746486.0
19.0      4739814.0
101.0     4739465.0
105.0     4737914.0
1004.0    4744302.0
            ...    
9981.0    4747632.0
9985.0    4750166.0
9989.0    4747579.0
9992.0    2553756.0
9998.0    4744231.0
Name: charge, Length: 2615, dtype: float64
plot_range (4673430.272718831, 4810554.442281169)
data in range event_id
12.0      4746486.0
19.0      4739814.0
101.0     4739465.0
105.0     4737914.0
1004.0    4744302.0
            ...    
9971.0    4726406.0
9981.0    4747632.0
9985.0    4750166.0
9989.0    4747579.0
9998.0    4744231.0
Name: charge, Length: 2521, dtype: float64
y [8.96182864e-18 2.87974623e-17 9.03612686e-17 2.76873213e-16
 8.28419056e-16 2.42041446e-15 6.90557612e-15 1.92389167e-14
 5.23397725e-14 1.39044420e-13 3.60699733e-13 9.13710454e-13
 2.26017406e-12 5.45940984e-12 1.28771581e-11 2.96595720e-11
 6.67083576e-11 1.46509618e-10 3.14211839e-10 6.58035723e-10
 1.34569586e-09 2.68729213e-09 5.24026639e-09 9.97843351e-09
 1.85541853e-08 3.36892956e-08 5.97327475e-08 1.03419771e-07
 1.74849812e-07 2.88667098e-07 4.65371650e-07 7.32610399e-07
 1.12620319e-06 1.69056140e-06 2.47808193e-06 3.54707926e-06
 4.95788724e-06 6.76694919e-06 9.01902737e-06 1.17380786e-05
 1.49178021e-05 1.85132723e-05 2.24353090e-05 2.65492000e-05
 3.06790102e-05 3.46179836e-05 3.81445688e-05 4.10425345e-05
 4.31227206e-05 4.42434161e-05 4.43263194e-05 4.33655850e-05
 4.14285055e-05 3.86477168e-05 3.52061827e-05 3.13173173e-05
 2.72032433e-05 2.30742365e-05 1.91119284e-05 1.54579608e-05
 1.22087278e-05 9.41584154e-06 7.09117804e-06 5.21492608e-06
 3.74497086e-06 2.62614831e-06 1.79829350e-06 1.20246493e-06
 7.85153879e-07 5.00619385e-07 3.11695881e-07 1.89506881e-07
 1.12509559e-07 6.52265461e-08 3.69257955e-08 2.04129540e-08
 1.10192585e-08 5.80857240e-09 2.98990205e-09 1.50284792e-09
 7.37638586e-10 3.53543403e-10 1.65467372e-10 7.56227591e-11
 3.37491770e-11 1.47076869e-11 6.25887218e-12 2.60086798e-12
 1.05538533e-12 4.18190649e-13 1.61811022e-13 6.11381656e-14
 2.25573057e-14 8.12704316e-15 2.85922562e-15 9.82278877e-16
 3.29527530e-16 1.07949123e-16 3.45316282e-17 1.07866233e-17]
amp 2615
max data 4772471.0
original y [  4.27720241   9.93644086  21.02839879  40.54019751  71.19833194
 113.90901092 166.01626764 220.41823173 266.59296528 293.73395959
 294.82474883 269.57400933 224.54138736 170.38018622 117.7730924
  74.16130643  42.54151657  22.23068615  10.58271426   4.58929078]
A 0.0002790989553037991
