Defining Conda Paths
Sourcing Conda
Finished!
Num events after cut = 2702/10000
1.3 mm size, 3.5 pitch-------------------
Coverage = 13.56793128395485
Mean and std 2199818.4267209475 133310.56025535066
Eres err 0.006963866466126238
  Fit was valid = True
 Emu       = 2219864.7013968704 +-94.44060037807394 
 E sigma   = 4724.311989642568 +-65.78060795162827 
 chi2    = 1.9155614957467872 
 Eres(FWHM)     (%) =0.5001265693658679
 Eres (FWHM) Qbb (%) =0.0645923248532529 
data event_id
6.0       2222463.0
8.0       2219283.0
13.0      2223839.0
15.0      2219769.0
16.0      2225309.0
            ...    
9951.0    2219203.0
9956.0    2218479.0
9964.0    2229355.0
9979.0    2223136.0
9992.0    2214643.0
Name: charge, Length: 2702, dtype: float64
plot_range (2184984.6109361625, 2251639.891063838)
data in range event_id
6.0       2222463.0
8.0       2219283.0
13.0      2223839.0
15.0      2219769.0
16.0      2225309.0
            ...    
9951.0    2219203.0
9956.0    2218479.0
9964.0    2229355.0
9979.0    2223136.0
9992.0    2214643.0
Name: charge, Length: 2600, dtype: float64
y [1.22977054e-16 3.48642210e-16 9.68534491e-16 2.63651021e-15
 7.03271579e-15 1.83821336e-14 4.70812529e-14 1.18162412e-13
 2.90596196e-13 7.00292936e-13 1.65366985e-12 3.82645943e-12
 8.67610221e-12 1.92766450e-11 4.19679233e-11 8.95329209e-11
 1.87166133e-10 3.83399044e-10 7.69580449e-10 1.51368765e-09
 2.91741192e-09 5.50983355e-09 1.01966720e-08 1.84908833e-08
 3.28576207e-08 5.72128797e-08 9.76181887e-08 1.63210060e-07
 2.67388267e-07 4.29256629e-07 6.75259833e-07 1.04088815e-06
 1.57223137e-06 2.32706272e-06 3.37504031e-06 4.79655117e-06
 6.67972282e-06 9.11521766e-06 1.21886298e-05 1.59706273e-05
 2.05054027e-05 2.57984654e-05 3.18052406e-05 3.84222453e-05
 4.54826790e-05 5.27580308e-05 5.99667288e-05 6.67899906e-05
 7.28939775e-05 7.79562889e-05 8.16939522e-05 8.38895567e-05
 8.44121835e-05 8.32303290e-05 8.04150489e-05 7.61328858e-05
 7.06295592e-05 6.42066397e-05 5.71942842e-05 4.99234465e-05
 4.27007725e-05 3.57887184e-05 2.93924510e-05 2.36540060e-05
 1.86531784e-05 1.44138576e-05 1.09140730e-05 8.09790580e-06
 5.88759368e-06 4.19451916e-06 2.92823399e-06 2.00312760e-06
 1.34273619e-06 8.81966346e-07 5.67665600e-07 3.58024200e-07
 2.21264342e-07 1.33995348e-07 7.95146684e-08 4.62364015e-08
 2.63451116e-08 1.47094116e-08 8.04766338e-09 4.31443117e-09
 2.26650421e-09 1.16672568e-09 5.88518647e-10 2.90891439e-10
 1.40890235e-10 6.68667307e-11 3.10970025e-11 1.41711864e-11
 6.32809706e-12 2.76897667e-12 1.18725691e-12 4.98826312e-13
 2.05368223e-13 8.28507376e-14 3.27520701e-14 1.26870419e-14]
amp 2702
max data 2234171.0
original y [  3.11599557   6.99996143  14.5215697   27.8195808   49.21604384
  80.40478977 121.30431285 169.00115179 217.43136285 258.32938657
 283.42916575 287.16689038 268.68492075 232.15140833 185.23303941
 136.48492466  92.86883915  58.35451322  33.8608601   18.14431685
   8.97847047   4.10282692]
A 0.0005305805967358745
