Defining Conda Paths
Sourcing Conda
Finished!
Num events after cut = 2771/10000
3.0 mm size, 5.5 pitch-------------------
Coverage = 29.28886475043297
Mean and std 5857011.574160953 487845.4346538146
Eres err 0.006657589486594419
  Fit was valid = True
 Emu       = 5952003.921354419 +-243.92855695106206 
 E sigma   = 12259.70836873409 +-168.61713731581796 
 chi2    = 1.7793563457834152 
 Eres(FWHM)     (%) =0.4840439463280651
 Eres (FWHM) Qbb (%) =0.06251522262477638 
data event_id
3.0       5957675.0
6.0       5954553.0
7.0       5956315.0
8.0       4660988.0
18.0      5962617.0
            ...    
9979.0    5955111.0
9983.0    5924954.0
9989.0    5964247.0
9991.0    5962943.0
9996.0    5961761.0
Name: charge, Length: 2771, dtype: float64
plot_range (5834014.259836546, 6077936.977163454)
data in range event_id
3.0       5957675.0
6.0       5954553.0
7.0       5956315.0
18.0      5962617.0
106.0     5970706.0
            ...    
9979.0    5955111.0
9983.0    5924954.0
9989.0    5964247.0
9991.0    5962943.0
9996.0    5961761.0
Name: charge, Length: 2601, dtype: float64
y [2.50722913e-25 1.69994387e-24 1.10696525e-23 6.92296663e-23
 4.15823793e-22 2.39875162e-21 1.32898498e-20 7.07153525e-20
 3.61381732e-19 1.77368922e-18 8.36079752e-18 3.78509454e-17
 1.64575280e-16 6.87244578e-16 2.75623909e-15 1.06164984e-14
 3.92739479e-14 1.39536127e-13 4.76132272e-13 1.56036938e-12
 4.91118241e-12 1.48457984e-11 4.31002607e-11 1.20175264e-10
 3.21817100e-10 8.27679117e-10 2.04443696e-09 4.85002859e-09
 1.10502911e-08 2.41803168e-08 5.08170091e-08 1.02568750e-07
 1.98829064e-07 3.70171964e-07 6.61890312e-07 1.13665161e-06
 1.87468182e-06 2.96952242e-06 4.51756590e-06 6.60056682e-06
 9.26225671e-06 1.24827779e-05 1.61571411e-05 2.00852222e-05
 2.39799133e-05 2.74965005e-05 3.02807123e-05 3.20268035e-05
 3.25326883e-05 3.17384092e-05 2.97378252e-05 2.67603692e-05
 2.31277745e-05 1.91970472e-05 1.53036093e-05 1.17168846e-05
 8.61567451e-06 6.08450512e-06 4.12686331e-06 2.68827538e-06
 1.68184618e-06 1.01054960e-06 5.83160161e-07 3.23204132e-07
 1.72038168e-07 8.79491325e-08 4.31814437e-08 2.03620548e-08
 9.22157057e-09 4.01094801e-09 1.67551383e-09 6.72214458e-10
 2.59015961e-10 9.58526343e-11 3.40675126e-11 1.16288199e-11
 3.81232318e-12 1.20033542e-12 3.62973050e-13 1.05415625e-13
 2.94031893e-14 7.87667161e-15 2.02651529e-15 5.00744144e-16
 1.18834001e-16 2.70847234e-17 5.92880189e-18 1.24643122e-18
 2.51668317e-19 4.88031236e-20 9.08919749e-21 1.62578199e-21
 2.79291630e-22 4.60799906e-23 7.30172865e-24 1.11121436e-24
 1.62416013e-25 2.27991519e-26 3.07374183e-27 3.97992538e-28]
amp 2771
max data 5987427.0
original y [  3.79952469  11.8546732   31.57050756  71.76376327 139.23887591
 230.59371974 325.96134748 393.29316304 405.04040809 356.05080338
 267.15127486 171.09376957  93.52824855  43.63983213  17.38020937
   5.9082464 ]
A 0.00020446067714168875
