Defining Conda Paths
Sourcing Conda
Finished!
Num events after cut = 2615/9990
1.3 mm size, 2.4 pitch-------------------
Coverage = 28.865494349853595
Mean and std 4676341.574760994 288265.19252358266
Eres err 0.004771753885208924
  Fit was valid = True
 Emu       = 4718233.116734234 +-135.93186865249749 
 E sigma   = 6742.059678541903 +-95.80421986433072 
 chi2    = 1.0964106881770688 
 Eres(FWHM)     (%) =0.33580028482229646
 Eres (FWHM) Qbb (%) =0.04336926372569742 
data event_id
12.0      4713272.0
19.0      4715646.0
101.0     4705821.0
105.0     4713845.0
1004.0    4717382.0
            ...    
9981.0    4718698.0
9985.0    4719562.0
9989.0    4726215.0
9992.0    2375608.0
9998.0    4727172.0
Name: charge, Length: 2615, dtype: float64
plot_range (4644513.706869104, 4788646.303130896)
data in range event_id
12.0      4713272.0
19.0      4715646.0
101.0     4705821.0
105.0     4713845.0
1004.0    4717382.0
            ...    
9971.0    4708265.0
9981.0    4718698.0
9985.0    4719562.0
9989.0    4726215.0
9998.0    4727172.0
Name: charge, Length: 2521, dtype: float64
y [6.46301544e-31 6.69490155e-30 6.61914484e-29 6.24609036e-28
 5.62552850e-27 4.83578612e-26 3.96752368e-25 3.10685267e-24
 2.32204418e-23 1.65641436e-22 1.12775870e-21 7.32844900e-21
 4.54523815e-20 2.69060475e-19 1.52016894e-18 8.19752017e-18
 4.21911945e-17 2.07257300e-16 9.71732080e-16 4.34842449e-15
 1.85723138e-14 7.57092218e-14 2.94564387e-13 1.09385658e-12
 3.87694124e-12 1.31149531e-11 4.23441045e-11 1.30487182e-10
 3.83788042e-10 1.07736711e-09 2.88658719e-09 7.38166501e-09
 1.80165932e-08 4.19700709e-08 9.33158509e-08 1.98024911e-07
 4.01081769e-07 7.75344489e-07 1.43055703e-06 2.51920979e-06
 4.23420795e-06 6.79248550e-06 1.04000145e-05 1.51980496e-05
 2.11977839e-05 2.82190085e-05 3.58543396e-05 4.34800860e-05
 5.03254596e-05 5.55947515e-05 5.86176665e-05 5.89891238e-05
 5.66583671e-05 5.19403476e-05 4.54458611e-05 3.79518115e-05
 3.02495816e-05 2.30120296e-05 1.67085654e-05 1.15790276e-05
 7.65867614e-06 4.83486118e-06 2.91315103e-06 1.67529265e-06
 9.19532432e-07 4.81717151e-07 2.40860650e-07 1.14944525e-07
 5.23551504e-08 2.27603650e-08 9.44382047e-09 3.73994237e-09
 1.41361383e-09 5.09970848e-10 1.75593568e-10 5.77059434e-11
 1.81001084e-11 5.41864242e-12 1.54827642e-12 4.22235937e-13
 1.09903261e-13 2.73032691e-14 6.47392120e-15 1.46510536e-15
 3.16460124e-16 6.52405809e-17 1.28370530e-17 2.41080195e-18
 4.32122047e-19 7.39264758e-20 1.20709728e-20 1.88119244e-21
 2.79816210e-22 3.97247526e-23 5.38267579e-24 6.96119710e-25
 8.59247601e-26 1.01228177e-26 1.13823828e-27 1.22155676e-28]
amp 2615
max data 4747446.0
original y [  4.40034222  14.63441865  40.53883413  93.53492276 179.75587248
 287.7392721  383.63829469 426.0411232  394.08313375 303.62038944
 194.84119111 104.14474877  46.36611792  17.19375967   5.31065057]
A 0.00037178968952305473
