Defining Conda Paths
Sourcing Conda
Finished!
Num events after cut = 2703/10000
1.3 mm size, 3.5 pitch-------------------
Coverage = 13.56793128395485
Mean and std 2051876.6740658528 148404.33220373336
Eres err 0.018931769891502543
  Fit was valid = True
 Emu       = 2074267.1691974632 +-246.9815855449684 
 E sigma   = 11222.527236398599 +-167.07495490664874 
 chi2    = 5.286071107647613 
 Eres(FWHM)     (%) =1.2714340465476506
 Eres (FWHM) Qbb (%) =0.16420819447409368 
data event_id
6.0       2056799.0
8.0       2077159.0
13.0      2084596.0
15.0      2076368.0
16.0      2064766.0
            ...    
9951.0    2079272.0
9956.0    2092299.0
9964.0    2076048.0
9979.0    2062485.0
9992.0    2083852.0
Name: charge, Length: 2703, dtype: float64
plot_range (2045707.2544490665, 2119909.420550933)
data in range event_id
6.0       2056799.0
8.0       2077159.0
13.0      2084596.0
15.0      2076368.0
16.0      2064766.0
            ...    
9951.0    2079272.0
9956.0    2092299.0
9964.0    2076048.0
9979.0    2062485.0
9992.0    2083852.0
Name: charge, Length: 2592, dtype: float64
y [1.39473227e-06 1.64944067e-06 1.94198284e-06 2.27623404e-06
 2.65614195e-06 3.08566295e-06 3.56868758e-06 4.10895525e-06
 4.70995907e-06 5.37484189e-06 6.10628530e-06 6.90639367e-06
 7.77657575e-06 8.71742705e-06 9.72861633e-06 1.08087798e-05
 1.19554273e-05 1.31648639e-05 1.44321317e-05 1.57509746e-05
 1.71138302e-05 1.85118509e-05 1.99349573e-05 2.13719236e-05
 2.28104975e-05 2.42375511e-05 2.56392643e-05 2.70013338e-05
 2.83092078e-05 2.95483376e-05 3.07044434e-05 3.17637847e-05
 3.27134311e-05 3.35415238e-05 3.42375217e-05 3.47924243e-05
 3.51989655e-05 3.54517720e-05 3.55474813e-05 3.54848161e-05
 3.52646131e-05 3.48898038e-05 3.43653498e-05 3.36981337e-05
 3.28968087e-05 3.19716115e-05 3.09341456e-05 2.97971386e-05
 2.85741839e-05 2.72794713e-05 2.59275155e-05 2.45328890e-05
 2.31099669e-05 2.16726887e-05 2.02343427e-05 1.88073778e-05
 1.74032450e-05 1.60322715e-05 1.47035676e-05 1.34249669e-05
 1.22029987e-05 1.10428900e-05 9.94859529e-06 8.92285060e-06
 7.96724767e-06 7.08232502e-06 6.26767152e-06 5.52203863e-06
 4.84345749e-06 4.22935736e-06 3.67668237e-06 3.18200370e-06
 2.74162523e-06 2.35168058e-06 2.00822060e-06 1.70729018e-06
 1.44499420e-06 1.21755253e-06 1.02134425e-06 8.52941853e-07
 7.09136016e-07 5.86951883e-07 4.83657911e-07 3.96768267e-07
 3.24039836e-07 2.63464870e-07 2.13260227e-07 1.71854084e-07
 1.37870924e-07 1.10115474e-07 8.75561907e-08 6.93087719e-08
 5.46200870e-08 4.28528204e-08 3.34710450e-08 2.60268718e-08
 2.01482584e-08 1.55280132e-08 1.19139866e-08 9.10041428e-09]
amp 2703
max data 2104186.0
original y [  5.86715055   8.07207813  10.91312262  14.49833955  18.92749115
  24.28138137  30.60971472  37.91846318  46.15807897  55.21413564
  64.90204529  74.96732973  85.09249428  94.91088427 104.02706334
 112.04235045 118.5833286  123.33053511 126.04428191 126.58470513
 124.92371003 121.14739116 115.44863765 108.11080767  99.48439536
  89.95936289  79.93616903  69.7984605   59.88994444  50.49722701
  41.83952094  34.06523819  27.25471907  21.42779799  16.55460909
  12.56799127   9.37601652   6.87347585   4.9515368    3.50517064
   2.43828166   1.6667257    1.11956663]
A 0.00022335684483804362
