Defining Conda Paths
Sourcing Conda
Finished!
Num events after cut = 2702/10000
1.3 mm size, 3.5 pitch-------------------
Coverage = 13.56793128395485
Mean and std 2199254.498889711 135148.00735258768
Eres err 0.006840601779152719
  Fit was valid = True
 Emu       = 2219480.1623486136 +-93.0518028986602 
 E sigma   = 4634.840460915931 +-64.6051093789177 
 chi2    = 2.100316541278458 
 Eres(FWHM)     (%) =0.4907399159462121
 Eres (FWHM) Qbb (%) =0.06338002020058056 
data event_id
6.0       2221902.0
8.0       2218896.0
13.0      2223542.0
15.0      2219436.0
16.0      2224769.0
            ...    
9951.0    2218876.0
9956.0    2218239.0
9964.0    2228944.0
9979.0    2222593.0
9992.0    2214421.0
Name: charge, Length: 2702, dtype: float64
plot_range (2185485.326661853, 2253059.3303381465)
data in range event_id
6.0       2221902.0
8.0       2218896.0
13.0      2223542.0
15.0      2219436.0
16.0      2224769.0
            ...    
9951.0    2218876.0
9956.0    2218239.0
9964.0    2228944.0
9979.0    2222593.0
9992.0    2214421.0
Name: charge, Length: 2599, dtype: float64
y [1.79082056e-16 5.21734823e-16 1.48740282e-15 4.14942962e-15
 1.13273737e-14 3.02587568e-14 7.90958974e-14 2.02319554e-13
 5.06410598e-13 1.24036281e-12 2.97286860e-12 6.97242282e-12
 1.60019438e-11 3.59370806e-11 7.89757702e-11 1.69834521e-10
 3.57387285e-10 7.35924479e-10 1.48288826e-09 2.92391422e-09
 5.64159432e-09 1.06517289e-08 1.96797411e-08 3.55794870e-08
 6.29449667e-08 1.08969099e-07 1.84597891e-07 3.06006842e-07
 4.96382616e-07 7.87921614e-07 1.22385648e-06 1.86019722e-06
 2.76674107e-06 4.02679081e-06 5.73496332e-06 7.99251106e-06
 1.08997584e-05 1.45455961e-05 1.89944708e-05 2.42719070e-05
 3.03502048e-05 3.71364492e-05 4.44651900e-05 5.20979882e-05
 5.97314117e-05 6.70140136e-05 7.35714822e-05 7.90377205e-05
 8.30883878e-05 8.54726724e-05 8.60389811e-05 8.47508884e-05
 8.16910136e-05 7.70522518e-05 7.11176522e-05 6.42318620e-05
 5.67681364e-05 4.90952853e-05 4.15485587e-05 3.44075036e-05
 2.78824794e-05 2.21100966e-05 1.71565877e-05 1.30272340e-05
 9.67953604e-06 7.03781573e-06 5.00728449e-06 3.48616282e-06
 2.37505731e-06 1.58336683e-06 1.03292792e-06 6.59385691e-07
 4.11898342e-07 2.51780212e-07 1.50603189e-07 8.81511068e-08
 5.04896540e-08 2.82981500e-08 1.55201073e-08 8.32937510e-09
 4.37432599e-09 2.24797199e-09 1.13045081e-09 5.56280031e-10
 2.67865200e-10 1.26217666e-10 5.81975926e-11 2.62585609e-11
 1.15935875e-11 5.00893960e-12 2.11765286e-12 8.76082025e-13
 3.54662928e-13 1.40497257e-13 5.44629196e-14 2.06592723e-14
 7.66849509e-15 2.78539181e-15 9.90018860e-16 3.44335396e-16]
amp 2702
max data 2233757.0
original y [  5.66767362  12.34294437  24.68917403  45.35949393  76.54268463
 118.63505357 168.88700002 220.8275541  265.20649351 292.54245054
 296.39268904 275.81630059 235.74702545 185.07440618 133.45054687
  88.38289063  53.76379237  30.03899783  15.41540127   7.26604493
   3.14568458]
A 0.0005408229896516533
