Defining Conda Paths
Sourcing Conda
Finished!
Num events after cut = 2703/10000
1.3 mm size, 3.5 pitch-------------------
Coverage = 13.56793128395485
Mean and std 2101745.43100259 149995.07299677466
Eres err 0.01394015296341654
  Fit was valid = True
 Emu       = 2124374.1898068585 +-195.40979825395024 
 E sigma   = 9334.570443662724 +-126.00129616733993 
 chi2    = 4.681410408340852 
 Eres(FWHM)     (%) =1.0325977715160328
 Eres (FWHM) Qbb (%) =0.1333620223078285 
data event_id
6.0       2110389.0
8.0       2126519.0
13.0      2132776.0
15.0      2125668.0
16.0      2116956.0
            ...    
9951.0    2128222.0
9956.0    2139999.0
9964.0    2126978.0
9979.0    2113975.0
9992.0    2132852.0
Name: charge, Length: 2703, dtype: float64
plot_range (2092981.9622508064, 2167979.4987491937)
data in range event_id
6.0       2110389.0
8.0       2126519.0
13.0      2132776.0
15.0      2125668.0
16.0      2116956.0
            ...    
9951.0    2128222.0
9956.0    2139999.0
9964.0    2126978.0
9979.0    2113975.0
9992.0    2132852.0
Name: charge, Length: 2598, dtype: float64
y [1.49596036e-07 1.95893607e-07 2.54835595e-07 3.29336272e-07
 4.22823085e-07 5.39283914e-07 6.83307032e-07 8.60109935e-07
 1.07555268e-06 1.33613106e-06 1.64894467e-06 2.02163504e-06
 2.46228930e-06 2.97930558e-06 3.58121727e-06 4.27647504e-06
 5.07318689e-06 5.97881935e-06 6.99986478e-06 8.14148298e-06
 9.40712767e-06 1.07981711e-05 1.23135428e-05 1.39493988e-05
 1.56988416e-05 1.75517075e-05 1.94944411e-05 2.15100716e-05
 2.35783044e-05 2.56757380e-05 2.77762076e-05 2.98512563e-05
 3.18707237e-05 3.38034392e-05 3.56179977e-05 3.72835934e-05
 3.87708814e-05 4.00528326e-05 4.11055484e-05 4.19090008e-05
 4.24476661e-05 4.27110232e-05 4.26938957e-05 4.23966209e-05
 4.18250387e-05 4.09903012e-05 3.99085103e-05 3.86002017e-05
 3.70896965e-05 3.54043508e-05 3.35737337e-05 3.16287695e-05
 2.96008786e-05 2.75211486e-05 2.54195676e-05 2.33243426e-05
 2.12613245e-05 1.92535523e-05 1.73209246e-05 1.54799988e-05
 1.37439138e-05 1.21224269e-05 1.06220508e-05 9.24627539e-06
 7.99585525e-06 6.86914482e-06 5.86246241e-06 4.97046614e-06
 4.18652624e-06 3.50308088e-06 2.91196507e-06 2.40470501e-06
 1.97277295e-06 1.60780009e-06 1.30174718e-06 1.04703425e-06
 8.36632602e-07 6.64122705e-07 5.23722849e-07 4.10293243e-07
 3.19320542e-07 2.46887442e-07 1.89631636e-07 1.44697901e-07
 1.09686537e-07 8.26007639e-08 6.17951590e-08 4.59266209e-08
 3.39089376e-08 2.48715884e-08 1.81231010e-08 1.31190125e-08
 9.43429463e-09 6.73996082e-09 4.78349097e-09 3.37265715e-09
 2.36232192e-09 1.64378728e-09 1.13629684e-09 7.80328798e-10]
amp 2703
max data 2150616.0
original y [  1.95127341   3.10003838   4.79956962   7.2414211   10.64710637
  15.25547254  21.30129558  28.98495663  38.43488388  49.66663924
  62.54466297  76.75417739  91.7909931  106.97551793 121.49404993
 134.46581944 145.02907552 152.43494434 156.13500325 155.84838238
 151.59699873 143.70278665 132.74741071 119.50145957 104.83508287
  89.62441999  74.66762809  60.62121483  47.96265294  36.98009658
  27.78556084  20.3449476   14.51711329  10.09462613   6.84047868
   4.517197     2.90695193   1.82302637]
A 0.0002685317219211474
