Defining Conda Paths
Sourcing Conda
Finished!
Num events after cut = 2615/9990
1.3 mm size, 2.4 pitch-------------------
Coverage = 28.865494349853595
Mean and std 4706762.499808796 265796.47460574406
Eres err 0.006433693907057242
  Fit was valid = True
 Emu       = 4745361.857734869 +-197.10076515636078 
 E sigma   = 9641.343962423905 +-129.91236031729238 
 chi2    = 3.657016188144373 
 Eres(FWHM)     (%) =0.47745902190294187
 Eres (FWHM) Qbb (%) =0.06166476675289383 
data event_id
12.0      4751464.0
19.0      4743364.0
101.0     4744647.0
105.0     4741188.0
1004.0    4747963.0
            ...    
9981.0    4752035.0
9985.0    4754679.0
9989.0    4750234.0
9992.0    2630148.0
9998.0    4746185.0
Name: charge, Length: 2615, dtype: float64
plot_range (4677370.907348564, 4810269.144651435)
data in range event_id
12.0      4751464.0
19.0      4743364.0
101.0     4744647.0
105.0     4741188.0
1004.0    4747963.0
            ...    
9971.0    4728536.0
9981.0    4752035.0
9985.0    4754679.0
9989.0    4750234.0
9998.0    4746185.0
Name: charge, Length: 2521, dtype: float64
y [6.57394539e-16 1.73797305e-15 4.50651333e-15 1.14609062e-14
 2.85876155e-14 6.99387044e-14 1.67817756e-13 3.94947086e-13
 9.11634165e-13 2.06387290e-12 4.58274804e-12 9.98044002e-12
 2.13183738e-11 4.46620994e-11 9.17708747e-11 1.84948701e-10
 3.65576587e-10 7.08738687e-10 1.34764214e-09 2.51329635e-09
 4.59720102e-09 8.24753117e-09 1.45122621e-08 2.50453402e-08
 4.23935158e-08 7.03805427e-08 1.14600487e-07 1.83021029e-07
 2.86679208e-07 4.40425116e-07 6.63634009e-07 9.80767052e-07
 1.42162083e-06 2.02107469e-06 2.81813391e-06 3.85408744e-06
 5.16966234e-06 6.80116747e-06 8.77577411e-06 1.11062662e-05
 1.37857818e-05 1.67832241e-05 2.00401084e-05 2.34695853e-05
 2.69582341e-05 3.03709335e-05 3.35587301e-05 3.63691852e-05
 3.86582599e-05 4.03024740e-05 4.12099217e-05 4.13287764e-05
 4.06521933e-05 3.92189618e-05 3.71098228e-05 3.44399366e-05
 3.13484797e-05 2.79866747e-05 2.45056819e-05 2.10456799e-05
 1.77271861e-05 1.46452681e-05 1.18668519e-05 9.43092728e-06
 7.35112734e-06 5.61997226e-06 4.21400527e-06 3.09910758e-06
 2.23541884e-06 1.58147321e-06 1.09735070e-06 7.46809320e-07
 4.98487978e-07 3.26347526e-07 2.09549504e-07 1.31969516e-07
 8.15157052e-08 4.93843829e-08 2.93439550e-08 1.71012691e-08
 9.77504379e-09 5.48011608e-09 3.01329381e-09 1.62507676e-09
 8.59581289e-10 4.45944390e-10 2.26910782e-10 1.13242705e-10
 5.54301450e-11 2.66110782e-11 1.25302462e-11 5.78678586e-12
 2.62117427e-12 1.16448811e-12 5.07405178e-13 2.16847994e-13
 9.08942894e-14 3.73678804e-14 1.50674933e-14 5.95887432e-15]
amp 2615
max data 4777154.0
original y [  2.53366666   5.66196797  11.72676499  22.51033297  40.04778489
  66.03405439 100.91374182 142.93070629 187.62627345 228.27305401
 257.39999177 269.00186522 260.55231559 233.89851593 194.60449994
 150.06215325 107.24630853  71.03729475  43.60972612  24.81265216
  13.08446286   6.39486666   2.89667633]
A 0.00025998743374370967
