Defining Conda Paths
Sourcing Conda
Finished!
Num events after cut = 2615/9990
1.3 mm size, 2.4 pitch-------------------
Coverage = 28.865494349853595
Mean and std 4588364.283365201 299964.52844286297
Eres err 0.009399893655572972
  Fit was valid = True
 Emu       = 4632298.108524154 +-280.2438386716477 
 E sigma   = 13494.323625417877 +-185.27989585012972 
 chi2    = 4.192291862900406 
 Eres(FWHM)     (%) =0.6845772827395886
 Eres (FWHM) Qbb (%) =0.08841449533452932 
data event_id
12.0      4607776.0
19.0      4627971.0
101.0     4597859.0
105.0     4628795.0
1004.0    4627026.0
            ...    
9981.0    4623357.0
9985.0    4617262.0
9989.0    4647109.0
9992.0    2170814.0
9998.0    4660664.0
Name: charge, Length: 2615, dtype: float64
plot_range (4563013.041889285, 4712995.306110716)
data in range event_id
12.0      4607776.0
19.0      4627971.0
101.0     4597859.0
105.0     4628795.0
1004.0    4627026.0
            ...    
9971.0    4636686.0
9981.0    4623357.0
9985.0    4617262.0
9989.0    4647109.0
9998.0    4660664.0
Name: charge, Length: 2520, dtype: float64
y [5.57623134e-11 9.86147003e-11 1.72214099e-10 2.96976384e-10
 5.05709713e-10 8.50367869e-10 1.41201255e-09 2.31524225e-09
 3.74869831e-09 5.99364074e-09 9.46296194e-09 1.47533161e-08
 2.27132022e-08 3.45297359e-08 5.18363379e-08 7.68425089e-08
 1.12485082e-07 1.62597733e-07 2.32092023e-07 3.27138839e-07
 4.55334094e-07 6.25827150e-07 8.49385412e-07 1.13836455e-06
 1.50655189e-06 1.96885166e-06 2.54078586e-06 3.23779464e-06
 4.07433471e-06 5.06279421e-06 6.21226558e-06 7.52724272e-06
 9.00633288e-06 1.06410929e-05 1.24151121e-05 1.43034639e-05
 1.62726382e-05 1.82810392e-05 2.02800939e-05 2.22159663e-05
 2.40318179e-05 2.56704929e-05 2.70774622e-05 2.82038162e-05
 2.90090804e-05 2.94636276e-05 2.95504867e-05 2.92663948e-05
 2.86220004e-05 2.76412009e-05 2.63596719e-05 2.48227138e-05
 2.30825980e-05 2.11956277e-05 1.92191442e-05 1.72086965e-05
 1.52155647e-05 1.32847792e-05 1.14537256e-05 9.75136413e-06
 8.19804207e-06 6.80582972e-06 5.57928033e-06 4.51649418e-06
 3.61036321e-06 2.84987953e-06 2.22140772e-06 1.70984294e-06
 1.29960187e-06 9.75417643e-07 7.22931339e-07 5.29090136e-07
 3.82374081e-07 2.72881060e-07 1.92302314e-07 1.33820237e-07
 9.19570954e-08 6.23986027e-08 4.18110093e-08 2.76651230e-08
 1.80759332e-08 1.16625902e-08 7.43045613e-09 4.67478993e-09
 2.90425598e-09 1.78169702e-09 1.07934176e-09 6.45669507e-10
 3.81406192e-10 2.22480202e-10 1.28150755e-10 7.28915417e-11
 4.09410776e-11 2.27074084e-11 1.24366107e-11 6.72609005e-12
 3.59210880e-12 1.89435974e-12 9.86510233e-13 5.07302383e-13]
amp 2615
max data 4672558.0
original y [  2.22919279   4.25814392   7.74164818  13.39636318  22.06382391
  34.58717094  51.60475085  73.28324953  99.05129077 127.42538304
 156.02426446 181.83133517 201.69061919 212.93304199 213.96404788
 204.63454029 186.27623978 161.3899075  133.08701073 104.4564726
  78.03248351  55.48248318  37.54712935  24.18454801  14.82653268
   8.65130476   4.80467494   2.53972561]
A 0.00018575427299738988
