Defining Conda Paths
Sourcing Conda
Finished!
Num events after cut = 2771/10000
3.0 mm size, 5.5 pitch-------------------
Coverage = 29.28886475043297
Mean and std 5857033.071093468 487625.92111775203
Eres err 0.006680237132701024
  Fit was valid = True
 Emu       = 5952008.278158331 +-244.107446045956 
 E sigma   = 12269.590293620353 +-169.19087473846736 
 chi2    = 1.7131807910329058 
 Eres(FWHM)     (%) =0.48443375483559464
 Eres (FWHM) Qbb (%) =0.0625655671561234 
data event_id
3.0       5957675.0
6.0       5954553.0
7.0       5956315.0
8.0       4660988.0
18.0      5962617.0
            ...    
9979.0    5955111.0
9983.0    5924954.0
9989.0    5964247.0
9991.0    5962943.0
9996.0    5961761.0
Name: charge, Length: 2771, dtype: float64
plot_range (5834130.562220562, 6077943.522779439)
data in range event_id
3.0       5957675.0
6.0       5954553.0
7.0       5956315.0
18.0      5962617.0
106.0     5970706.0
            ...    
9979.0    5955111.0
9983.0    5924954.0
9989.0    5964247.0
9991.0    5962943.0
9996.0    5961761.0
Name: charge, Length: 2601, dtype: float64
y [2.94656325e-25 1.98633765e-24 1.28615475e-23 7.99900980e-23
 4.77839533e-22 2.74176845e-21 1.51106212e-20 7.99901865e-20
 4.06718520e-19 1.98634204e-18 9.31787691e-18 4.19838973e-17
 1.81698516e-16 7.55305864e-16 3.01576281e-15 1.15657647e-14
 4.26043920e-14 1.50743029e-13 5.12298345e-13 1.67228970e-12
 5.24327848e-12 1.57905472e-11 4.56766543e-11 1.26909531e-10
 3.38685838e-10 8.68165822e-10 2.13752488e-09 5.05501585e-09
 1.14825068e-08 2.50526544e-08 5.25017323e-08 1.05680866e-07
 2.04325206e-07 3.79446344e-07 6.76833190e-07 1.15962019e-06
 1.90832676e-06 3.01642518e-06 4.57968094e-06 6.67852775e-06
 9.35468343e-06 1.25857848e-05 1.62642619e-05 2.01879054e-05
 2.40686101e-05 2.75621828e-05 3.03164995e-05 3.20292926e-05
 3.25026287e-05 3.16805327e-05 2.96598746e-05 2.66715953e-05
 2.30372971e-05 1.91124738e-05 1.52301832e-05 1.16572524e-05
 8.57018351e-06 6.05183236e-06 4.10474805e-06 2.67416973e-06
 1.67337886e-06 1.00577871e-06 5.80648681e-07 3.21978814e-07
 1.71492052e-07 8.77331144e-08 4.31107861e-08 2.03475060e-08
 9.22442442e-09 4.01670758e-09 1.67997957e-09 6.74901876e-10
 2.60423467e-10 9.65211406e-11 3.43611446e-11 1.17493988e-11
 3.85892659e-12 1.21736339e-12 3.68872944e-13 1.07358446e-13
 3.00122446e-14 8.05867398e-15 2.07841153e-15 5.14875643e-16
 1.22511258e-16 2.79996432e-17 6.14655602e-18 1.29602697e-18
 2.62481730e-19 5.10607241e-20 9.54064434e-21 1.71226623e-21
 2.95166947e-22 4.88727754e-23 7.77265031e-24 1.18733728e-24
 1.74213548e-25 2.45523234e-26 3.32357981e-27 4.32138019e-28]
amp 2771
max data 5987427.0
original y [  3.89752516  12.10268566  32.09066697  72.65740737 140.47052763
 231.89676703 326.89504506 393.48315506 404.43442555 354.9557779
 266.01403305 170.23114047  93.02027805  43.40306722  17.2928818
   5.88326605]
A 0.00020429600456458083
