Defining Conda Paths
Sourcing Conda
Finished!
Num events after cut = 2771/10000
3.0 mm size, 5.5 pitch-------------------
Coverage = 29.28886475043297
Mean and std 5857049.332010104 487455.6087242893
Eres err 0.006680206971229582
  Fit was valid = True
 Emu       = 5951973.450984606 +-244.1523228063347 
 E sigma   = 12279.134793494828 +-169.18911276095147 
 chi2    = 1.5010254514641834 
 Eres(FWHM)     (%) =0.48481343208846717
 Eres (FWHM) Qbb (%) =0.06261460321611122 
data event_id
3.0       5957675.0
6.0       5954553.0
7.0       5956315.0
8.0       4660988.0
18.0      5962617.0
            ...    
9979.0    5955111.0
9983.0    5924954.0
9989.0    5964247.0
9991.0    5962943.0
9996.0    5961761.0
Name: charge, Length: 2771, dtype: float64
plot_range (5834252.565818928, 6077980.3701810725)
data in range event_id
3.0       5957675.0
6.0       5954553.0
7.0       5956315.0
18.0      5962617.0
106.0     5970706.0
            ...    
9979.0    5955111.0
9983.0    5924954.0
9989.0    5964247.0
9991.0    5962943.0
9996.0    5961761.0
Name: charge, Length: 2601, dtype: float64
y [3.57550850e-25 2.39546158e-24 1.54163954e-23 9.53056645e-23
 5.65974449e-22 3.22862180e-21 1.76921154e-20 9.31289257e-20
 4.70903220e-19 2.28728861e-18 1.06721646e-17 4.78328544e-17
 2.05940765e-16 8.51727334e-16 3.38377196e-15 1.29134959e-14
 4.73400606e-14 1.66707842e-13 5.63930375e-13 1.83247132e-12
 5.71993538e-12 1.71509152e-11 4.93998595e-11 1.36680440e-10
 3.63269772e-10 9.27458304e-10 2.27458288e-09 5.35860045e-09
 1.21267165e-08 2.63619368e-08 5.50495336e-08 1.10426221e-07
 2.12781084e-07 3.93854727e-07 7.00295519e-07 1.19610380e-06
 1.96245015e-06 3.09293388e-06 4.68257645e-06 6.80990976e-06
 9.51349460e-06 1.27667700e-05 1.64575140e-05 2.03793191e-05
 2.42413803e-05 2.76992021e-05 3.04032082e-05 3.20563305e-05
 3.24676188e-05 3.15885223e-05 2.95223157e-05 2.65041433e-05
 2.28570069e-05 1.89350819e-05 1.50680570e-05 1.15183311e-05
 8.45793036e-06 5.96596758e-06 4.04240584e-06 2.63112315e-06
 1.64507112e-06 9.88030651e-07 5.70030899e-07 3.15913814e-07
 1.68182605e-07 8.60073906e-08 4.22505832e-08 1.99375543e-08
 9.03760380e-09 3.93529190e-09 1.64604932e-09 6.61379877e-10
 2.55270922e-10 9.46441898e-11 3.37076757e-11 1.15320335e-11
 3.78987794e-12 1.19642861e-12 3.62819479e-13 1.05690667e-13
 2.95750117e-14 7.94978617e-15 2.05271289e-15 5.09147026e-16
 1.21311075e-16 2.77651441e-17 6.10438125e-18 1.28921577e-18
 2.61548242e-19 5.09706581e-20 9.54181332e-21 1.71586782e-21
 2.96400535e-22 4.91831540e-23 7.83963797e-24 1.20037759e-24
 1.76555800e-25 2.49452774e-26 3.38560997e-27 4.41395349e-28]
amp 2771
max data 5987427.0
original y [  4.05283184  12.50603471  32.96395167  74.21941075 142.74283882
 234.50372808 329.08172674 394.47217777 403.91276841 353.27864092
 263.9403413  168.4429199   91.82445145  42.7585056   17.00768831
   5.77865348]
A 0.0002041372064714973
