Defining Conda Paths
Sourcing Conda
Finished!
Num events after cut = 2771/10000
3.0 mm size, 5.5 pitch-------------------
Coverage = 29.28886475043297
Mean and std 5857072.700830026 487202.59512381465
Eres err 0.006770800898520719
  Fit was valid = True
 Emu       = 5951945.665945099 +-244.93761489966795 
 E sigma   = 12321.047120759362 +-171.48283504298476 
 chi2    = 1.307384325489378 
 Eres(FWHM)     (%) =0.4864705150023724
 Eres (FWHM) Qbb (%) =0.06282861871626642 
data event_id
3.0       5957675.0
6.0       5954553.0
7.0       5956315.0
8.0       4660988.0
18.0      5962617.0
            ...    
9979.0    5955111.0
9983.0    5924954.0
9989.0    5964247.0
9991.0    5962943.0
9996.0    5961761.0
Name: charge, Length: 2771, dtype: float64
plot_range (5834515.920219046, 6078117.217780954)
data in range event_id
3.0       5957675.0
6.0       5954553.0
7.0       5956315.0
18.0      5962617.0
106.0     5970706.0
            ...    
9979.0    5955111.0
9983.0    5924954.0
9989.0    5964247.0
9991.0    5962943.0
9996.0    5961761.0
Name: charge, Length: 2601, dtype: float64
y [6.10013304e-25 4.01152531e-24 2.53488680e-23 1.53916935e-22
 8.98034556e-22 5.03475676e-21 2.71233134e-20 1.40406041e-19
 6.98405502e-19 3.33816894e-18 1.53316105e-17 6.76621891e-17
 2.86934730e-16 1.16922742e-15 4.57818852e-15 1.72253143e-14
 6.22758184e-14 2.16346829e-13 7.22204899e-13 2.31658974e-12
 7.14030284e-12 2.11476902e-11 6.01849701e-11 1.64585649e-10
 4.32488618e-10 1.09203411e-09 2.64957691e-09 6.17725686e-09
 1.38386458e-08 2.97899882e-08 6.16205929e-08 1.22478601e-07
 2.33923238e-07 4.29304381e-07 7.57070070e-07 1.28287883e-06
 2.08888246e-06 3.26829441e-06 4.91368309e-06 7.09858716e-06
 9.85406674e-06 1.31443127e-05 1.68476399e-05 2.07500459e-05
 2.45571440e-05 2.79264323e-05 3.05162989e-05 3.20425497e-05
 3.23296556e-05 3.13439620e-05 2.92001788e-05 2.61394192e-05
 2.24845997e-05 1.85845988e-05 1.47604645e-05 1.12648564e-05
 8.26095209e-06 5.82121110e-06 3.94162586e-06 2.56458000e-06
 1.60337796e-06 9.63239691e-07 5.56047170e-07 3.08437876e-07
 1.64400289e-07 8.42008067e-08 4.14389490e-08 1.95965679e-08
 8.90492169e-09 3.88829311e-09 1.63142342e-09 6.57738391e-10
 2.54811189e-10 9.48555184e-11 3.39301292e-11 1.16623811e-11
 3.85183564e-12 1.22243864e-12 3.72790809e-13 1.09240109e-13
 3.07594001e-14 8.32247307e-15 2.16374332e-15 5.40552508e-16
 1.29762390e-16 2.99321966e-17 6.63448394e-18 1.41304017e-18
 2.89188270e-19 5.68703161e-20 1.07465587e-20 1.95133571e-21
 3.40465705e-22 5.70812607e-23 9.19586410e-24 1.42354217e-24
 2.11751713e-25 3.02665091e-26 4.15696661e-27 5.48617357e-28]
amp 2771
max data 5987427.0
original y [  4.43218382  13.45688396  34.94340596  77.60325588 147.39699657
 239.43702536 332.65033508 395.25612145 401.66429402 349.09355551
 259.48629127 164.96088918  89.68948732  41.70576356  16.58611204
   5.64140261]
A 0.00020344279589740855
