Defining Conda Paths
Sourcing Conda
Finished!
Num events after cut = 2615/9990
1.3 mm size, 2.4 pitch-------------------
Coverage = 28.865494349853595
Mean and std 4694278.8627151055 280919.59318959835
Eres err 0.005858294158167676
  Fit was valid = True
 Emu       = 4734935.645464347 +-163.36977030848502 
 E sigma   = 7945.992609761049 +-118.0350324296716 
 chi2    = 2.2034512125213004 
 Eres(FWHM)     (%) =0.3943682455499821
 Eres (FWHM) Qbb (%) =0.050933430432761016 
data event_id
12.0      4736396.0
19.0      4732614.0
101.0     4728615.0
105.0     4730789.0
1004.0    4736192.0
            ...    
9981.0    4739062.0
9985.0    4740586.0
9989.0    4741299.0
9992.0    2474296.0
9998.0    4739166.0
Name: charge, Length: 2615, dtype: float64
plot_range (4663345.361702601, 4803805.1582974)
data in range event_id
12.0      4736396.0
19.0      4732614.0
101.0     4728615.0
105.0     4730789.0
1004.0    4736192.0
            ...    
9971.0    4721081.0
9981.0    4739062.0
9985.0    4740586.0
9989.0    4741299.0
9998.0    4739166.0
Name: charge, Length: 2521, dtype: float64
y [1.18647471e-22 5.83424059e-22 2.77884465e-21 1.28203029e-20
 5.72909983e-20 2.47986807e-19 1.03974023e-18 4.22255394e-18
 1.66103830e-17 6.32904483e-17 2.33588136e-16 8.35059604e-16
 2.89160025e-15 9.69869086e-15 3.15095401e-14 9.91573921e-14
 3.02247148e-13 8.92387365e-13 2.55210594e-12 7.06965251e-12
 1.89693095e-11 4.93013782e-11 1.24113974e-10 3.02647012e-10
 7.14835615e-10 1.63542284e-09 3.62416547e-09 7.77929183e-09
 1.61743260e-08 3.25736486e-08 6.35419744e-08 1.20062972e-07
 2.19741232e-07 3.89554394e-07 6.68927027e-07 1.11261129e-06
 1.79251281e-06 2.79727496e-06 4.22826435e-06 6.19074891e-06
 8.77967284e-06 1.20605624e-05 1.60476289e-05 2.06827493e-05
 2.58202087e-05 3.12223302e-05 3.65700002e-05 4.14895473e-05
 4.55938761e-05 4.85320255e-05 5.00385140e-05 4.99728911e-05
 4.83413341e-05 4.52956892e-05 4.11101628e-05 3.61406206e-05
 3.07748610e-05 2.53834517e-05 2.02795979e-05 1.56935822e-05
 1.17635640e-05 8.54102189e-06 6.00668469e-06 4.09179549e-06
 2.69989633e-06 1.72557700e-06 1.06825684e-06 6.40576649e-07
 3.72066535e-07 2.09326495e-07 1.14072741e-07 6.02134675e-08
 3.07864407e-08 1.52468249e-08 7.31397422e-09 3.39845499e-09
 1.52955010e-09 6.66806727e-10 2.81572556e-10 1.15168778e-10
 4.56281940e-11 1.75099894e-11 6.50867480e-12 2.34343735e-12
 8.17274982e-13 2.76081399e-13 9.03358580e-14 2.86310506e-14
 8.78958723e-15 2.61368810e-15 7.52823427e-16 2.10032535e-16
 5.67589180e-17 1.48571574e-17 3.76696364e-18 9.25126698e-19
 2.20072150e-19 5.07087659e-20 1.13176193e-20 2.44670272e-21]
amp 2615
max data 4764354.0
original y [  6.52822079  16.63611754  37.41343632  74.25431398 130.05715633
 201.03204501 274.22989649 330.12831979 350.72702868 328.83206745
 272.08059125 198.67326771 128.02647259  72.80791552  36.54061795
  16.18421542   6.32595191]
A 0.00031545816837934103
