Defining Conda Paths
Sourcing Conda
Finished!
Num events after cut = 2771/10000
3.0 mm size, 5.5 pitch-------------------
Coverage = 29.28886475043297
Mean and std 5857079.996391195 487121.63753343344
Eres err 0.006769102566861888
  Fit was valid = True
 Emu       = 5951938.155260782 +-244.92644150824765 
 E sigma   = 12320.493035684833 +-171.4396040224415 
 chi2    = 1.3461645160198528 
 Eres(FWHM)     (%) =0.48644925196792116
 Eres (FWHM) Qbb (%) =0.06282587255376923 
data event_id
3.0       5957675.0
6.0       5954553.0
7.0       5956315.0
8.0       4660988.0
18.0      5962617.0
            ...    
9979.0    5955111.0
9983.0    5924954.0
9989.0    5964247.0
9991.0    5962943.0
9996.0    5961761.0
Name: charge, Length: 2771, dtype: float64
plot_range (5834624.401616641, 6078185.220383358)
data in range event_id
3.0       5957675.0
6.0       5954553.0
7.0       5956315.0
18.0      5962617.0
106.0     5970706.0
            ...    
9979.0    5955111.0
9983.0    5924954.0
9989.0    5964247.0
9991.0    5962943.0
9996.0    5961761.0
Name: charge, Length: 2601, dtype: float64
y [6.64562397e-25 4.36142718e-24 2.75045466e-23 1.66672272e-22
 9.70521643e-22 5.43037843e-21 2.91969825e-20 1.50844279e-19
 7.48863603e-19 3.57239608e-18 1.63756854e-17 7.21310695e-17
 3.05301023e-16 1.24170134e-15 4.85276255e-15 1.82240096e-14
 6.57630328e-14 2.28035642e-13 7.59812851e-13 2.43272792e-12
 7.48451125e-12 2.21266851e-11 6.28567997e-11 1.71581784e-10
 4.50062777e-10 1.13437857e-09 2.74742556e-09 6.39406222e-09
 1.42991685e-08 3.07275342e-08 6.34494178e-08 1.25895606e-07
 2.40036071e-07 4.39769845e-07 7.74207521e-07 1.30970151e-06
 2.12897358e-06 3.32545610e-06 4.99131717e-06 7.19883334e-06
 9.97681854e-06 1.32863298e-05 1.70020382e-05 2.09064334e-05
 2.47025571e-05 2.80470299e-05 3.05995364e-05 3.20793690e-05
 3.23161630e-05 3.12821623e-05 2.90975714e-05 2.60075668e-05
 2.23370442e-05 1.84346412e-05 1.46193033e-05 1.11404226e-05
 8.15754835e-06 5.73985142e-06 3.88083025e-06 2.52134135e-06
 1.57406132e-06 9.44266649e-07 5.44315444e-07 3.01501630e-07
 1.60476586e-07 8.20760956e-08 4.03371030e-08 1.90491553e-08
 8.64429823e-09 3.76935259e-09 1.57938056e-09 6.35901451e-10
 2.46023077e-10 9.14628811e-11 3.26735943e-11 1.12158437e-11
 3.69955925e-12 1.17260308e-12 3.57137186e-13 1.04520654e-13
 2.93935585e-14 7.94301199e-15 2.06253473e-15 5.14636194e-16
 1.23390688e-16 2.84280745e-17 6.29354740e-18 1.33883351e-18
 2.73678474e-19 5.37573324e-20 1.01465356e-20 1.84026708e-21
 3.20720657e-22 5.37101063e-23 8.64307126e-24 1.33648220e-24
 1.98582633e-25 2.83532177e-26 3.88997172e-27 5.12830135e-28]
amp 2771
max data 5987427.0
original y [  4.54113285  13.74135069  35.56354796  78.72110506 149.03481234
 241.32077459 334.20438103 395.85853147 401.03134812 347.47781159
 257.50536134 163.21343911  88.47814298  41.02291567  16.26775009
   5.5174563 ]
A 0.00020345194525664287
