Defining Conda Paths
Sourcing Conda
Finished!
Num events after cut = 2702/10000
1.3 mm size, 3.5 pitch-------------------
Coverage = 13.56793128395485
Mean and std 2197563.249444856 137940.6425122703
Eres err 0.006687799912771602
  Fit was valid = True
 Emu       = 2218137.767913551 +-88.67383721700352 
 E sigma   = 4409.697545695225 +-63.124009015070065 
 chi2    = 2.247620273989786 
 Eres(FWHM)     (%) =0.4671842020945047
 Eres (FWHM) Qbb (%) =0.060337753673551306 
data event_id
6.0       2220034.0
8.0       2217664.0
13.0      2222374.0
15.0      2218228.0
16.0      2222809.0
            ...    
9951.0    2217532.0
9956.0    2217551.0
9964.0    2227360.0
9979.0    2220753.0
9992.0    2213565.0
Name: charge, Length: 2702, dtype: float64
plot_range (2182897.497871932, 2251867.8191280677)
data in range event_id
6.0       2220034.0
8.0       2217664.0
13.0      2222374.0
15.0      2218228.0
16.0      2222809.0
            ...    
9951.0    2217532.0
9956.0    2217551.0
9964.0    2227360.0
9979.0    2220753.0
9992.0    2213565.0
Name: charge, Length: 2600, dtype: float64
y [1.22591038e-18 4.27914930e-18 1.45685513e-17 4.83766185e-17
 1.56680468e-16 4.94942129e-16 1.52494506e-15 4.58262354e-15
 1.34318050e-14 3.83985467e-14 1.07066944e-13 2.91176444e-13
 7.72355565e-13 1.99819806e-12 5.04219920e-12 1.24097112e-11
 2.97895240e-11 6.97470209e-11 1.59275132e-10 3.54756609e-10
 7.70678473e-10 1.63296235e-09 3.37473230e-09 6.80240830e-09
 1.33735367e-08 2.56442537e-08 4.79616445e-08 8.74899723e-08
 1.55662035e-07 2.70126591e-07 4.57206278e-07 7.54774543e-07
 1.21529724e-06 1.90856957e-06 2.92343665e-06 4.36756714e-06
 6.36422764e-06 9.04507207e-06 1.25382975e-05 1.69521708e-05
 2.23548767e-05 2.87527542e-05 3.60700575e-05 4.41341157e-05
 5.26698686e-05 6.13070265e-05 6.96014810e-05 7.70702772e-05
 8.32368377e-05 8.76807862e-05 9.00852129e-05 9.02740226e-05
 8.82332531e-05 8.41127825e-05 7.82081332e-05 7.09254419e-05
 6.27353597e-05 5.41231352e-05 4.55421691e-05 3.73770213e-05
 2.99196064e-05 2.33597007e-05 1.77884819e-05 1.32120652e-05
 9.57111954e-06 6.76262000e-06 4.66044558e-06 3.13256512e-06
 2.05368101e-06 1.31318549e-06 8.18991469e-07 4.98187574e-07
 2.95574263e-07 1.71041127e-07 9.65371998e-08 5.31433657e-08
 2.85340636e-08 1.49430210e-08 7.63261574e-09 3.80249457e-09
 1.84766834e-09 8.75668331e-10 4.04776677e-10 1.82495235e-10
 8.02505081e-11 3.44194766e-11 1.43986225e-11 5.87486431e-12
 2.33794853e-12 9.07469973e-13 3.43549873e-13 1.26854983e-13
 4.56862470e-14 1.60481009e-14 5.49821882e-15 1.83730225e-15
 5.98824282e-16 1.90361190e-16 5.90225040e-17 1.78491304e-17]
amp 2702
max data 2232165.0
original y [  5.82836672  13.45180292  28.15255491  53.42675846  91.93979454
 143.46696967 203.00372829 260.47125084 303.05347606 319.72929979
 305.87874243 265.35046195 208.73443115 148.89222845  96.3060698
  56.48576078  30.04194161  14.48840927   6.33602826]
A 0.0005684354195851793
