Defining Conda Paths
Sourcing Conda
Finished!
Num events after cut = 2770/10000
3.0 mm size, 5.5 pitch-------------------
Coverage = 29.28886475043297
Mean and std 5859069.7620938625 475818.1385481367
Eres err 0.006548867850022878
  Fit was valid = True
 Emu       = 5952038.823774671 +-241.49451057891488 
 E sigma   = 12183.658593092085 +-165.86450938432003 
 chi2    = 1.2917391346048763 
 Eres(FWHM)     (%) =0.4810384901960162
 Eres (FWHM) Qbb (%) =0.06212706208561597 
data event_id
3.0       5957675.0
6.0       5954553.0
7.0       5956315.0
8.0       4660988.0
18.0      5962617.0
            ...    
9979.0    5955111.0
9983.0    5924954.0
9989.0    5964247.0
9991.0    5962943.0
9996.0    5961761.0
Name: charge, Length: 2770, dtype: float64
plot_range (5829686.755362965, 6067595.824637033)
data in range event_id
3.0       5957675.0
6.0       5954553.0
7.0       5956315.0
18.0      5962617.0
106.0     5970706.0
            ...    
9979.0    5955111.0
9983.0    5924954.0
9989.0    5964247.0
9991.0    5962943.0
9996.0    5961761.0
Name: charge, Length: 2601, dtype: float64
y [4.13306691e-27 2.93803716e-26 2.00884425e-25 1.32111122e-24
 8.35673498e-24 5.08438011e-23 2.97538744e-22 1.67476229e-21
 9.06706971e-21 4.72155300e-20 2.36486806e-19 1.13928688e-18
 5.27914282e-18 2.35286960e-17 1.00864058e-16 4.15890646e-16
 1.64940004e-15 6.29183000e-15 2.30851177e-14 8.14688038e-14
 2.76537938e-13 9.02863783e-13 2.83526645e-12 8.56386196e-12
 2.48799539e-11 6.95238185e-11 1.86862346e-10 4.83074495e-10
 1.20118681e-09 2.87283797e-09 6.60869707e-09 1.46226030e-08
 3.11198625e-08 6.37022512e-08 1.25422665e-07 2.37520667e-07
 4.32644229e-07 7.57991891e-07 1.27732772e-06 2.07035228e-06
 3.22767868e-06 4.83994549e-06 6.98063260e-06 9.68396531e-06
 1.29215854e-05 1.65837412e-05 2.04716740e-05 2.43068305e-05
 2.77592318e-05 3.04923353e-05 3.22164782e-05 3.27393138e-05
 3.20011228e-05 3.00860375e-05 2.72062636e-05 2.36633891e-05
 1.97965322e-05 1.59296205e-05 1.23289438e-05 9.17805060e-06
 6.57172159e-06 4.52597341e-06 2.99811974e-06 1.91024944e-06
 1.17067225e-06 6.90056576e-07 3.91235457e-07 2.13351573e-07
 1.11907095e-07 5.64577454e-08 2.73964046e-08 1.27869729e-08
 5.74045152e-09 2.47872584e-09 1.02947325e-09 4.11249872e-10
 1.58015837e-10 5.83982173e-11 2.07588216e-11 7.09757412e-12
 2.33410995e-12 7.38306711e-13 2.24624155e-13 6.57325119e-14
 1.85015509e-14 5.00887478e-15 1.30429656e-15 3.26675567e-16
 7.86975283e-17 1.82351636e-17 4.06408114e-18 8.71202692e-19
 1.79630542e-19 3.56242136e-20 6.79539216e-21 1.24677446e-21
 2.20021642e-22 3.73462534e-23 6.09723327e-24 9.57464576e-25]
amp 2770
max data 5987427.0
original y [  2.33778546   7.5817865   21.11056676  50.46493045 103.57165335
 182.49609795 276.07539409 358.56117508 399.81609036 382.75310062
 314.58543468 221.98311847 134.48155722  69.94665564  31.23436085
  11.97456474   3.94137986]
A 0.00020573691026209593
