Defining Conda Paths
Sourcing Conda
Finished!
Num events after cut = 2615/9990
1.3 mm size, 2.4 pitch-------------------
Coverage = 28.865494349853595
Mean and std 4509318.942256214 301818.31221887993
Eres err 0.013570791479668687
  Fit was valid = True
 Emu       = 4553084.952420693 +-413.2959392087777 
 E sigma   = 19402.782417633884 +-262.89919395317344 
 chi2    = 5.13186628487782 
 Eres(FWHM)     (%) =1.001442739547343
 Eres (FWHM) Qbb (%) =0.12933828897911 
data event_id
12.0      4517236.0
19.0      4551219.0
101.0     4508282.0
105.0     4552448.0
1004.0    4546386.0
            ...    
9981.0    4537785.0
9985.0    4528846.0
9989.0    4572139.0
9992.0    2087852.0
9998.0    4594370.0
Name: charge, Length: 2615, dtype: float64
plot_range (4495105.66594528, 4646014.82205472)
data in range event_id
12.0      4517236.0
19.0      4551219.0
101.0     4508282.0
105.0     4552448.0
1004.0    4546386.0
            ...    
9971.0    4565082.0
9981.0    4537785.0
9985.0    4528846.0
9989.0    4572139.0
9998.0    4594370.0
Name: charge, Length: 2520, dtype: float64
y [2.36631138e-07 2.98323096e-07 3.73784557e-07 4.65452454e-07
 5.76034886e-07 7.08503075e-07 8.66072374e-07 1.05217051e-06
 1.27039143e-06 1.52443347e-06 1.81802098e-06 2.15480909e-06
 2.53827222e-06 2.97157769e-06 3.45744653e-06 3.99800514e-06
 4.59463182e-06 5.24780363e-06 5.95694964e-06 6.72031721e-06
 7.53485865e-06 8.39614516e-06 9.29831510e-06 1.02340627e-05
 1.11946721e-05 1.21701008e-05 1.31491132e-05 1.41194652e-05
 1.50681357e-05 1.59816012e-05 1.68461455e-05 1.76481952e-05
 1.83746697e-05 1.90133339e-05 1.95531397e-05 1.99845431e-05
 2.02997849e-05 2.04931226e-05 2.05610048e-05 2.05021791e-05
 2.03177309e-05 2.00110500e-05 1.95877270e-05 1.90553837e-05
 1.84234453e-05 1.77028623e-05 1.69057960e-05 1.60452781e-05
 1.51348586e-05 1.41882548e-05 1.32190146e-05 1.22402046e-05
 1.12641328e-05 1.03021138e-05 9.36428048e-06 8.45944706e-06
 7.59502193e-06 6.77697027e-06 6.00982216e-06 5.29672167e-06
 4.63951066e-06 4.03884042e-06 3.49430414e-06 3.00458299e-06
 2.56759900e-06 2.18066866e-06 1.84065189e-06 1.54409185e-06
 1.28734246e-06 1.06668097e-06 8.78404381e-07 7.18909018e-07
 5.84753544e-07 4.72706186e-07 3.79777473e-07 3.03240084e-07
 2.40637611e-07 1.89784133e-07 1.48756443e-07 1.15880713e-07
 8.97151997e-08 6.90303999e-08 5.27878826e-08 4.01187679e-08
 3.03026370e-08 2.27474518e-08 1.69708883e-08 1.25833388e-08
 9.27271037e-09 6.79105101e-09 4.94295644e-09 3.57565876e-09
 2.57066119e-09 1.83676294e-09 1.30431013e-09 9.20509167e-10
 6.45646590e-10 4.50071069e-10 3.11807692e-10 2.14690113e-10]
amp 2615
max data 4608631.0
original y [  2.09975961   3.26236304   4.94750607   7.3237198   10.58201669
  14.92438697  20.54546133  27.60747139  36.21001472  46.3577244
  57.93044362  70.66151368  84.12989674  97.77078733 110.90706343
 122.80064201 132.71909315 140.00950204 144.16935439 144.90378625
 142.16014262 136.13421919 127.24715941 116.09679345 103.39122732
  89.87491523  76.25786357  63.15709     51.05648662  40.28757045
  31.03005655  23.32842363  17.11904592  12.26210576   8.57317908
   5.85073018   3.89735156   2.53408065   1.60828355   0.99631379]
A 0.0001291891142557417
