Defining Conda Paths
Sourcing Conda
Finished!
Num events after cut = 2615/9990
1.3 mm size, 2.4 pitch-------------------
Coverage = 28.865494349853595
Mean and std 4705728.041300192 269080.9216425093
Eres err 0.00634411449981459
  Fit was valid = True
 Emu       = 4744738.248394438 +-194.3950937610373 
 E sigma   = 9545.373439176567 +-128.08675705787743 
 chi2    = 2.8856877259339475 
 Eres(FWHM)     (%) =0.472768494440247
 Eres (FWHM) Qbb (%) =0.06105897595480117 
data event_id
12.0      4750414.0
19.0      4742650.0
101.0     4743381.0
105.0     4740498.0
1004.0    4747198.0
            ...    
9981.0    4751084.0
9985.0    4753626.0
9989.0    4749703.0
9992.0    2605128.0
9998.0    4745771.0
Name: charge, Length: 2615, dtype: float64
plot_range (4678848.777089373, 4813389.237910627)
data in range event_id
12.0      4750414.0
19.0      4742650.0
101.0     4743381.0
105.0     4740498.0
1004.0    4747198.0
            ...    
9971.0    4728122.0
9981.0    4751084.0
9985.0    4753626.0
9989.0    4749703.0
9998.0    4745771.0
Name: charge, Length: 2521, dtype: float64
y [1.88126140e-15 4.97571241e-15 1.28960982e-14 3.27535461e-14
 8.15183270e-14 1.98814989e-13 4.75160057e-13 1.11282702e-12
 2.55394967e-12 5.74372901e-12 1.26582155e-11 2.73368181e-11
 5.78522661e-11 1.19974714e-10 2.43812522e-10 4.85533529e-10
 9.47500352e-10 1.81190936e-09 3.39539648e-09 6.23507173e-09
 1.12199094e-08 1.97849146e-08 3.41881771e-08 5.78914791e-08
 9.60617030e-08 1.56200656e-07 2.48892815e-07 3.88632218e-07
 5.94651034e-07 8.91625520e-07 1.31008580e-06 1.88631371e-06
 2.66149123e-06 3.67987522e-06 4.98583705e-06 6.61972586e-06
 8.61269095e-06 1.09808171e-05 1.37191558e-05 1.67964326e-05
 2.01513271e-05 2.36912070e-05 2.72940296e-05 3.08137861e-05
 3.40894037e-05 3.69564870e-05 3.92607772e-05 4.08718259e-05
 4.16952058e-05 4.16816727e-05 4.08320412e-05 3.91971038e-05
 3.68726034e-05 3.39899527e-05 3.07039503e-05 2.71790882e-05
 2.35761261e-05 2.00404258e-05 1.66931532e-05 1.36259487e-05
 1.08991356e-05 8.54307650e-06 6.56195837e-06 4.93912004e-06
 3.64302899e-06 2.63313187e-06 1.86500296e-06 1.29444433e-06
 8.80408373e-07 5.86788895e-07 3.83245041e-07 2.45283388e-07
 1.53835534e-07 9.45457754e-08 5.69409261e-08 3.36049969e-08
 1.94348024e-08 1.10142095e-08 6.11678862e-09 3.32882181e-09
 1.77522971e-09 9.27716974e-10 4.75087259e-10 2.38412048e-10
 1.17241118e-10 5.64974227e-11 2.66792894e-11 1.23457311e-11
 5.59830179e-12 2.48766980e-12 1.08324351e-12 4.62228153e-13
 1.93278536e-13 7.91968294e-14 3.18001302e-14 1.25125820e-14
 4.82460665e-15 1.82294607e-15 6.74967194e-16 2.44899808e-16]
amp 2615
max data 4776107.0
original y [  2.28647584   5.26119366  11.18125171  21.94749838  39.78946429
  66.62536839 103.03852182 147.17975679 194.17128608 236.59763452
 266.27123609 276.77481899 265.71578911 235.61156953 192.95868387
 145.9555148  101.96829437  65.79581421  39.21207651  21.5838981
  10.97307601   5.15246865   2.23455369]
A 0.00026260138386447824
