Defining Conda Paths
Sourcing Conda
Finished!
Num events after cut = 2703/10000
1.3 mm size, 3.5 pitch-------------------
Coverage = 13.56793128395485
Mean and std 2140374.210136885 149722.56656010612
Eres err 0.0106261249358214
  Fit was valid = True
 Emu       = 2162954.331506005 +-137.91872381531982 
 E sigma   = 6780.234819602752 +-97.79822473622272 
 chi2    = 2.608197109284992 
 Eres(FWHM)     (%) =0.736656876845494
 Eres (FWHM) Qbb (%) =0.09514067679891239 
data event_id
6.0       2152770.0
8.0       2163509.0
13.0      2169271.0
15.0      2163432.0
16.0      2158689.0
            ...    
9951.0    2165257.0
9956.0    2174487.0
9964.0    2166632.0
9979.0    2156527.0
9992.0    2167520.0
Name: charge, Length: 2703, dtype: float64
plot_range (2127764.0038599735, 2202625.2871400267)
data in range event_id
6.0       2152770.0
8.0       2163509.0
13.0      2169271.0
15.0      2163432.0
16.0      2158689.0
            ...    
9951.0    2165257.0
9956.0    2174487.0
9964.0    2166632.0
9979.0    2156527.0
9992.0    2167520.0
Name: charge, Length: 2598, dtype: float64
y [8.32268330e-11 1.47552974e-10 2.58363261e-10 4.46798538e-10
 7.63116638e-10 1.28726599e-09 2.14458796e-09 3.52872345e-09
 5.73442106e-09 9.20364223e-09 1.45890855e-08 2.28399215e-08
 3.53150104e-08 5.39289871e-08 8.13361071e-08 1.21155377e-07
 1.78237960e-07 2.58973843e-07 3.71629171e-07 5.26698262e-07
 7.37245563e-07 1.01920288e-06 1.39157723e-06 1.87651560e-06
 2.49916677e-06 3.28727842e-06 4.27047256e-06 5.47915486e-06
 6.94303588e-06 8.68927290e-06 1.07402814e-05 1.31113097e-05
 1.58079184e-05 1.88235481e-05 2.21373936e-05 2.57128181e-05
 2.94965392e-05 3.34187840e-05 3.73945591e-05 4.13260964e-05
 4.51064393e-05 4.86240244e-05 5.17680075e-05 5.44339930e-05
 5.65297585e-05 5.79805408e-05 5.87334601e-05 5.87607196e-05
 5.80613084e-05 5.66610640e-05 5.46110877e-05 5.19846496e-05
 4.88728437e-05 4.53793523e-05 4.16147384e-05 3.76907032e-05
 3.37147159e-05 2.97853675e-05 2.59887036e-05 2.23956907e-05
 1.90608605e-05 1.60220741e-05 1.33012717e-05 1.09060074e-05
 8.83154330e-06 7.06326683e-06 5.57921139e-06 4.35249434e-06
 3.35352699e-06 2.55189965e-06 1.91788946e-06 1.42357957e-06
 1.04360972e-06 7.55601263e-07 5.40313018e-07 3.81589469e-07
 2.66161677e-07 1.83355044e-07 1.24749379e-07 8.38266514e-08
 5.56319185e-08 3.64639868e-08 2.36049159e-08 1.50917276e-08
 9.52957766e-09 5.94301112e-09 3.66047652e-09 2.22672663e-09
 1.33780980e-09 7.93816347e-10 4.65204489e-10 2.69256347e-10
 1.53916861e-10 8.68969707e-11 4.84530669e-11 2.66830887e-11
 1.45127302e-11 7.79579372e-12 4.13589733e-12 2.16709202e-12]
amp 2703
max data 2183844.0
original y [  3.6294616    6.67783757  11.70178884  19.52951338  31.04226104
  46.99352586  67.75564354  93.04128028 121.68264481 151.56689825
 179.80544739 203.15339595 218.60902511 224.04478945 218.68770566
 203.29965795 179.999661   151.78522053 121.90177919  93.24238255
  67.9265316   47.12900562  31.14295894  19.59991686  11.74820037
   6.70673613   3.64648016]
A 0.0003696963809253234
