Defining Conda Paths
Sourcing Conda
Finished!
Num events after cut = 2703/10000
1.3 mm size, 3.5 pitch-------------------
Coverage = 13.56793128395485
Mean and std 2167392.8235294116 147854.8808359084
Eres err 0.006731722577372143
  Fit was valid = True
 Emu       = 2189553.906046804 +-86.00344345550528 
 E sigma   = 4314.817593267053 +-62.719882088385205 
 chi2    = 1.0583112382651594 
 Eres(FWHM)     (%) =0.4630998723609787
 Eres (FWHM) Qbb (%) =0.05981025449811215 
data event_id
6.0       2184194.0
8.0       2189749.0
13.0      2195175.0
15.0      2190328.0
16.0      2188553.0
            ...    
9951.0    2190441.0
9956.0    2196271.0
9964.0    2195608.0
9979.0    2186519.0
9992.0    2190936.0
Name: charge, Length: 2703, dtype: float64
plot_range (2152346.972791023, 2226274.413208977)
data in range event_id
6.0       2184194.0
8.0       2189749.0
13.0      2195175.0
15.0      2190328.0
16.0      2188553.0
            ...    
9951.0    2190441.0
9956.0    2196271.0
9964.0    2195608.0
9979.0    2186519.0
9992.0    2190936.0
Name: charge, Length: 2601, dtype: float64
y [6.59922153e-21 2.89138822e-20 1.22945436e-19 5.07353567e-19
 2.03189532e-18 7.89740200e-18 2.97892428e-17 1.09050331e-16
 3.87424263e-16 1.33579233e-15 4.46975154e-15 1.45151030e-14
 4.57455828e-14 1.39917009e-13 4.15321260e-13 1.19643778e-12
 3.34494035e-12 9.07567509e-12 2.38980138e-11 6.10712737e-11
 1.51462267e-10 3.64555984e-10 8.51562079e-10 1.93045952e-09
 4.24714796e-09 9.06831057e-09 1.87909044e-08 3.77886421e-08
 7.37508776e-08 1.39690028e-07 2.56776880e-07 4.58077263e-07
 7.93074266e-07 1.33254316e-06 2.17290637e-06 3.43869018e-06
 5.28125802e-06 7.87179958e-06 1.13868336e-05 1.59854263e-05
 2.17789921e-05 2.87967606e-05 3.69523274e-05 4.60184792e-05
 5.56179570e-05 6.52364178e-05 7.42604340e-05 8.20383968e-05
 8.79567452e-05 9.15194580e-05 9.24166097e-05 9.05688659e-05
 8.61390606e-05 7.95085139e-05 7.12228659e-05 6.19180910e-05
 5.22405782e-05 4.27750668e-05 3.39911393e-05 2.62139852e-05
 1.96197145e-05 1.42509763e-05 1.00459002e-05 6.87266863e-06
 4.56303976e-06 2.94019007e-06 1.83860680e-06 1.11582124e-06
 6.57192634e-07 3.75649708e-07 2.08384651e-07 1.12186527e-07
 5.86148940e-08 2.97212840e-08 1.46257941e-08 6.98495558e-09
 3.23742819e-09 1.45622655e-09 6.35696833e-10 2.69316806e-10
 1.10730986e-10 4.41842191e-11 1.71102952e-11 6.43043166e-12
 2.34538992e-12 8.30199153e-13 2.85194944e-13 9.50809825e-14
 3.07636459e-14 9.65993605e-15 2.94376409e-15 8.70610816e-16
 2.49883406e-16 6.96054235e-17 1.88165954e-17 4.93663842e-18
 1.25693811e-18 3.10590932e-19 7.44827933e-20 1.73346646e-20]
amp 2703
max data 2204481.0
original y [  4.29773926  11.20963551  25.99845542  53.61770629  98.32717098
 160.34059287 232.49737538 299.77627064 343.701224   350.4043859
 317.66006217 256.07095908 183.55349913 116.99562891  66.31033669
  33.41930841  14.97677522   5.96820584]
A 0.000580934934200325
