Defining Conda Paths
Sourcing Conda
Finished!
Num events after cut = 2771/10000
3.0 mm size, 5.5 pitch-------------------
Coverage = 29.28886475043297
Mean and std 5857062.529411765 487314.0256574361
Eres err 0.006753459649074852
  Fit was valid = True
 Emu       = 5951933.25383264 +-245.0781024031831 
 E sigma   = 12321.664241874938 +-171.04325325441064 
 chi2    = 1.4795609265494258 
 Eres(FWHM)     (%) =0.4864958952582418
 Eres (FWHM) Qbb (%) =0.06283189662596446 
data event_id
3.0       5957675.0
6.0       5954553.0
7.0       5956315.0
8.0       4660988.0
18.0      5962617.0
            ...    
9979.0    5955111.0
9983.0    5924954.0
9989.0    5964247.0
9991.0    5962943.0
9996.0    5961761.0
Name: charge, Length: 2771, dtype: float64
plot_range (5834385.70758564, 6078042.720414359)
data in range event_id
3.0       5957675.0
6.0       5954553.0
7.0       5956315.0
18.0      5962617.0
106.0     5970706.0
            ...    
9979.0    5955111.0
9983.0    5924954.0
9989.0    5964247.0
9991.0    5962943.0
9996.0    5961761.0
Name: charge, Length: 2601, dtype: float64
y [5.59374972e-25 3.68642801e-24 2.33443131e-23 1.42046016e-22
 8.30519111e-22 4.66597942e-21 2.51888664e-20 1.30661320e-19
 6.51265507e-19 3.11918927e-18 1.43548280e-17 6.34785321e-17
 2.69729454e-16 1.10129200e-15 4.32065125e-15 1.62880299e-14
 5.90011553e-14 2.05364367e-13 6.86850598e-13 2.20735450e-12
 6.81639120e-12 2.02259786e-11 5.76683062e-11 1.57992861e-10
 4.15920519e-10 1.05209715e-09 2.55725455e-09 5.97261731e-09
 1.34038029e-08 2.89044024e-08 5.98925178e-08 1.19248730e-07
 2.28143221e-07 4.19405375e-07 7.40854683e-07 1.25749042e-06
 2.05092110e-06 3.21414776e-06 4.84011118e-06 7.00353742e-06
 9.73760570e-06 1.30094678e-05 1.67008853e-05 2.06011788e-05
 2.44184034e-05 2.78109019e-05 3.04358544e-05 3.20057889e-05
 3.23403110e-05 3.14002035e-05 2.92949897e-05 2.62619428e-05
 2.26221026e-05 1.87245634e-05 1.48923436e-05 1.13811727e-05
 8.35763868e-06 5.89729409e-06 3.99847695e-06 2.60500777e-06
 1.63078258e-06 9.80969987e-07 5.67006441e-07 3.14914661e-07
 1.68062331e-07 8.61827806e-08 4.24661839e-08 2.01065976e-08
 9.14758706e-09 3.99896066e-09 1.67981064e-09 6.78025676e-10
 2.62969008e-10 9.80021515e-11 3.50945169e-11 1.20757897e-11
 3.99267933e-12 1.26848675e-12 3.87239862e-13 1.13591751e-13
 3.20174060e-14 8.67157751e-15 2.25674606e-15 5.64338774e-16
 1.35603127e-16 3.13092117e-17 6.94619829e-18 1.48079465e-18
 3.03329823e-19 5.97046288e-20 1.12920686e-20 2.05216195e-21
 3.58362344e-22 6.01320100e-23 9.69530977e-24 1.50207035e-24
 2.23610129e-25 3.19863944e-26 4.39654698e-27 5.80671838e-28]
amp 2771
max data 5987427.0
original y [  4.32481256  13.1744978   34.32184071  76.46748298 145.69771498
 237.40967201 330.83678914 394.27469844 401.84053289 350.2501224
 261.07937971 166.43189975  90.73404878  42.30324987  16.86735154
   5.75161466]
A 0.00020343260662080635
