Defining Conda Paths
Sourcing Conda
Finished!
Num events after cut = 2771/10000
3.0 mm size, 5.5 pitch-------------------
Coverage = 29.28886475043297
Mean and std 5857084.300974377 487073.49602809316
Eres err 0.006769238472030519
  Fit was valid = True
 Emu       = 5951973.485591442 +-244.9640845843425 
 E sigma   = 12322.40028021093 +-171.44406144822813 
 chi2    = 1.3478649926708024 
 Eres(FWHM)     (%) =0.48652166762161225
 Eres (FWHM) Qbb (%) =0.06283522517711337 
data event_id
3.0       5957675.0
6.0       5954553.0
7.0       5956315.0
8.0       4660988.0
18.0      5962617.0
            ...    
9979.0    5955111.0
9983.0    5924954.0
9989.0    5964247.0
9991.0    5962943.0
9996.0    5961761.0
Name: charge, Length: 2771, dtype: float64
plot_range (5834694.780992976, 6078231.529007022)
data in range event_id
3.0       5957675.0
6.0       5954553.0
7.0       5956315.0
18.0      5962617.0
106.0     5970706.0
            ...    
9979.0    5955111.0
9983.0    5924954.0
9989.0    5964247.0
9991.0    5962943.0
9996.0    5961761.0
Name: charge, Length: 2601, dtype: float64
y [6.92342685e-25 4.53768743e-24 2.85785263e-23 1.72956492e-22
 1.00583256e-21 5.62090563e-21 3.01841315e-20 1.55755309e-19
 7.72322728e-19 3.67998931e-18 1.68494638e-17 7.41339933e-17
 3.13429947e-16 1.27337221e-15 4.97120910e-15 1.86492116e-14
 6.72280801e-14 2.32880285e-13 7.75187076e-13 2.47954564e-12
 7.62130733e-12 2.25101623e-11 6.38880398e-11 1.74241774e-10
 4.56642982e-10 1.14998739e-09 2.78292274e-09 6.47144115e-09
 1.44608109e-08 3.10510344e-08 6.40694921e-08 1.27033503e-07
 2.42034376e-07 4.43126389e-07 7.79596643e-07 1.31796565e-06
 2.14106575e-06 3.34231750e-06 5.01368662e-06 7.22700661e-06
 1.00104016e-05 1.33240526e-05 1.70417016e-05 2.09450480e-05
 2.47366878e-05 2.80733034e-05 3.06152123e-05 3.20828407e-05
 3.23072609e-05 3.12621791e-05 2.90690032e-05 2.59736399e-05
 2.23011509e-05 1.83998177e-05 1.45878588e-05 1.11137689e-05
 8.13622520e-06 5.72369314e-06 3.86920293e-06 2.51338175e-06
 1.56887084e-06 9.41039187e-07 5.42400412e-07 3.00416718e-07
 1.59889509e-07 8.17725653e-08 4.01871364e-08 1.89783427e-08
 8.61234247e-09 3.75557191e-09 1.57370258e-09 6.33666893e-10
 2.45183455e-10 9.11618413e-11 3.25706781e-11 1.11823298e-11
 3.68917772e-12 1.16954959e-12 3.56286601e-13 1.04297074e-13
 2.93384077e-14 7.93035704e-15 2.05987433e-15 5.14138937e-16
 1.23313904e-16 2.84207403e-17 6.29434449e-18 1.33954533e-18
 2.73940412e-19 5.38327515e-20 1.01655021e-20 1.84460287e-21
 3.21639002e-22 5.38922501e-23 8.67712216e-24 1.34250803e-24
 1.99595090e-25 2.85150805e-26 3.91463372e-27 5.16415714e-28]
amp 2771
max data 5987427.0
original y [  4.57634316  13.82971354  35.74807474  79.03819261 149.474192
 241.79109326 334.54862865 395.93425724 400.80374967 347.04464116
 257.02997861 162.82724999  88.22979429  40.89293817  16.21161329
   5.49729478]
A 0.00020342045523845723
