Defining Conda Paths
Sourcing Conda
Finished!
Num events after cut = 2771/10000
3.0 mm size, 5.5 pitch-------------------
Coverage = 29.28886475043297
Mean and std 5856949.994586792 488453.8949925437
Eres err 0.006457069549603647
  Fit was valid = True
 Emu       = 5952079.624946143 +-242.09092965665658 
 E sigma   = 12165.490207511748 +-163.54051340687153 
 chi2    = 2.21299444053578 
 Eres(FWHM)     (%) =0.4803178685283682
 Eres (FWHM) Qbb (%) =0.0620339923874553 
data event_id
3.0       5957675.0
6.0       5954553.0
7.0       5956315.0
8.0       4660988.0
18.0      5962617.0
            ...    
9979.0    5955111.0
9983.0    5924954.0
9989.0    5964247.0
9991.0    5962943.0
9996.0    5961761.0
Name: charge, Length: 2771, dtype: float64
plot_range (5833796.249251863, 6078023.196748136)
data in range event_id
3.0       5957675.0
6.0       5954553.0
7.0       5956315.0
18.0      5962617.0
106.0     5970706.0
            ...    
9979.0    5955111.0
9983.0    5924954.0
9989.0    5964247.0
9991.0    5962943.0
9996.0    5961761.0
Name: charge, Length: 2601, dtype: float64
y [9.72692679e-26 6.84399160e-25 4.62152086e-24 2.99503564e-23
 1.86277629e-22 1.11188798e-21 6.36946561e-21 3.50176169e-20
 1.84761639e-19 9.35575098e-19 4.54660400e-18 2.12049491e-17
 9.49137135e-17 4.07720292e-16 1.68088234e-15 6.65049440e-15
 2.52529534e-14 9.20263191e-14 3.21850029e-13 1.08028086e-12
 3.47985736e-12 1.07579081e-11 3.19180128e-11 9.08835929e-11
 2.48357203e-10 6.51342864e-10 1.63939720e-09 3.96004704e-09
 9.18032656e-09 2.04247873e-08 4.36112550e-08 8.93678387e-08
 1.75754136e-07 3.31719865e-07 6.00867943e-07 1.04454756e-06
 1.74268555e-06 2.79030366e-06 4.28771131e-06 6.32326282e-06
 8.94949559e-06 1.21561909e-05 1.58466729e-05 1.98253244e-05
 2.38036820e-05 2.74289767e-05 3.03330933e-05 3.21932946e-05
 3.27910841e-05 3.20544075e-05 3.00719341e-05 2.70755070e-05
 2.33955609e-05 1.94013502e-05 1.54408810e-05 1.17938018e-05
 8.64524295e-06 6.08194107e-06 4.10628267e-06 2.66070732e-06
 1.65457705e-06 9.87457731e-07 5.65576898e-07 3.10889774e-07
 1.64007173e-07 8.30349395e-08 4.03460047e-08 1.88140296e-08
 8.41985748e-09 3.61634026e-09 1.49064923e-09 5.89689319e-10
 2.23878656e-10 8.15724959e-11 2.85243947e-11 9.57261854e-12
 3.08309351e-12 9.52981058e-13 2.82698477e-13 8.04830261e-14
 2.19900772e-14 5.76621510e-15 1.45109736e-15 3.50464388e-16
 8.12330695e-17 1.80702209e-17 3.85776429e-18 7.90404755e-19
 1.55419328e-19 2.93293298e-20 5.31178977e-21 9.23254104e-22
 1.54007987e-22 2.46551057e-23 3.78801876e-24 5.58546072e-25
 7.90401056e-26 1.07343969e-26 1.39910212e-27 1.75009978e-28]
amp 2771
max data 5987427.0
original y [  3.3861484   10.83685877  29.51813261  68.43249671 135.02802966
 226.76368996 324.12396263 394.30910353 408.27285666 359.7926199
 269.8621858  172.27404701  93.60212711  43.28521907  17.03654643
   5.70704822]
A 0.00020604416524730326
