Defining Conda Paths
Sourcing Conda
Finished!
Num events after cut = 2771/10000
3.0 mm size, 5.5 pitch-------------------
Coverage = 29.28886475043297
Mean and std 5856984.866474197 488112.2955715527
Eres err 0.006639421783382057
  Fit was valid = True
 Emu       = 5952010.069340347 +-243.70468335013922 
 E sigma   = 12249.072568898702 +-168.1571687908581 
 chi2    = 1.8090796994496638 
 Eres(FWHM)     (%) =0.48362351880399596
 Eres (FWHM) Qbb (%) =0.062460923587541954 
data event_id
3.0       5957675.0
6.0       5954553.0
7.0       5956315.0
8.0       4660988.0
18.0      5962617.0
            ...    
9979.0    5955111.0
9983.0    5924954.0
9989.0    5964247.0
9991.0    5962943.0
9996.0    5961761.0
Name: charge, Length: 2771, dtype: float64
plot_range (5833905.519107112, 6077961.666892889)
data in range event_id
3.0       5957675.0
6.0       5954553.0
7.0       5956315.0
18.0      5962617.0
106.0     5970706.0
            ...    
9979.0    5955111.0
9983.0    5924954.0
9989.0    5964247.0
9991.0    5962943.0
9996.0    5961761.0
Name: charge, Length: 2601, dtype: float64
y [2.11529510e-25 1.44319880e-24 9.45563065e-24 5.94927414e-23
 3.59456719e-22 2.08563532e-21 1.16208871e-20 6.21798018e-20
 3.19498283e-19 1.57651049e-18 7.47023637e-18 3.39923324e-17
 1.48537712e-16 6.23306472e-16 2.51174580e-15 9.71983465e-15
 3.61202886e-14 1.28899932e-13 4.41736521e-13 1.45372771e-12
 4.59422195e-12 1.39428007e-11 4.06347140e-11 1.13724370e-10
 3.05646209e-10 7.88848546e-10 1.95513787e-09 4.65339897e-09
 1.06358532e-08 2.33444432e-08 4.92043896e-08 9.95940332e-08
 1.93585103e-07 3.61343037e-07 6.47704015e-07 1.11491724e-06
 1.84296808e-06 2.92551373e-06 4.45959694e-06 6.52827168e-06
 9.17719529e-06 1.23888464e-05 1.60605683e-05 1.99940185e-05
 2.39027799e-05 2.74413756e-05 3.02532814e-05 3.20293583e-05
 3.25636540e-05 3.17926821e-05 2.98078290e-05 2.68375377e-05
 2.32040681e-05 1.92661411e-05 1.53615304e-05 1.17620596e-05
 8.64851233e-06 6.10672811e-06 4.14080618e-06 2.69631336e-06
 1.68602872e-06 1.01243864e-06 5.83823539e-07 3.23298457e-07
 1.71923326e-07 8.77960790e-08 4.30550976e-08 2.02760419e-08
 9.16961121e-09 3.98224346e-09 1.66078661e-09 6.65133782e-10
 2.55807527e-10 9.44771480e-11 3.35080668e-11 1.14125085e-11
 3.73269063e-12 1.17238977e-12 3.53615416e-13 1.02423473e-13
 2.84889834e-14 7.60963013e-15 1.95190774e-15 4.80799676e-16
 1.13730825e-16 2.58345770e-17 5.63551568e-18 1.18052479e-18
 2.37479270e-19 4.58759890e-20 8.51048514e-21 1.51611568e-21
 2.59369856e-22 4.26104191e-23 6.72235206e-24 1.01844093e-24
 1.48169760e-25 2.07010537e-26 2.77737466e-27 3.57837317e-28]
amp 2771
max data 5987427.0
original y [  3.70718854  11.62295482  31.09032256  70.95299105 138.15066839
 229.4943907  325.25798093 393.29701538 405.7421646  357.12186019
 268.17576649 171.81434794  93.91525199  43.79753115  17.42608926
   5.91543982]
A 0.00020463820918128236
